{"/Users/lm/Desktop/integra/integra-markets/app/App.desktop-integration.js": {"path":"/Users/lm/Desktop/integra/integra-markets/app/App.desktop-integration.js","statementMap":{"0":{"start":{"line":19,"column":36},"end":{"line":19,"column":50}},"1":{"start":{"line":20,"column":34},"end":{"line":20,"column":49}},"2":{"start":{"line":21,"column":46},"end":{"line":21,"column":61}},"3":{"start":{"line":22,"column":58},"end":{"line":22,"column":73}},"4":{"start":{"line":23,"column":34},"end":{"line":23,"column":48}},"5":{"start":{"line":24,"column":38},"end":{"line":24,"column":72}},"6":{"start":{"line":25,"column":34},"end":{"line":25,"column":46}},"7":{"start":{"line":28,"column":20},"end":{"line":28,"column":69}},"8":{"start":{"line":30,"column":2},"end":{"line":37,"column":9}},"9":{"start":{"line":31,"column":21},"end":{"line":33,"column":5}},"10":{"start":{"line":32,"column":6},"end":{"line":32,"column":35}},"11":{"start":{"line":35,"column":25},"end":{"line":35,"column":72}},"12":{"start":{"line":36,"column":4},"end":{"line":36,"column":40}},"13":{"start":{"line":36,"column":17},"end":{"line":36,"column":39}},"14":{"start":{"line":39,"column":2},"end":{"line":41,"column":9}},"15":{"start":{"line":40,"column":4},"end":{"line":40,"column":20}},"16":{"start":{"line":43,"column":24},"end":{"line":65,"column":3}},"17":{"start":{"line":44,"column":4},"end":{"line":64,"column":5}},"18":{"start":{"line":46,"column":31},"end":{"line":46,"column":69}},"19":{"start":{"line":47,"column":37},"end":{"line":47,"column":89}},"20":{"start":{"line":49,"column":6},"end":{"line":51,"column":7}},"21":{"start":{"line":50,"column":8},"end":{"line":50,"column":50}},"22":{"start":{"line":54,"column":6},"end":{"line":60,"column":15}},"23":{"start":{"line":55,"column":8},"end":{"line":55,"column":28}},"24":{"start":{"line":57,"column":8},"end":{"line":59,"column":9}},"25":{"start":{"line":58,"column":10},"end":{"line":58,"column":34}},"26":{"start":{"line":62,"column":6},"end":{"line":62,"column":54}},"27":{"start":{"line":63,"column":6},"end":{"line":63,"column":26}},"28":{"start":{"line":67,"column":23},"end":{"line":79,"column":3}},"29":{"start":{"line":70,"column":4},"end":{"line":70,"column":40}},"30":{"start":{"line":73,"column":25},"end":{"line":76,"column":5}},"31":{"start":{"line":74,"column":6},"end":{"line":75,"column":63}},"32":{"start":{"line":81,"column":32},"end":{"line":83,"column":3}},"33":{"start":{"line":82,"column":4},"end":{"line":82,"column":24}},"34":{"start":{"line":85,"column":29},"end":{"line":89,"column":3}},"35":{"start":{"line":86,"column":4},"end":{"line":86,"column":26}},"36":{"start":{"line":87,"column":4},"end":{"line":87,"column":23}},"37":{"start":{"line":88,"column":4},"end":{"line":88,"column":28}},"38":{"start":{"line":91,"column":25},"end":{"line":94,"column":3}},"39":{"start":{"line":92,"column":4},"end":{"line":92,"column":23}},"40":{"start":{"line":93,"column":4},"end":{"line":93,"column":28}},"41":{"start":{"line":96,"column":35},"end":{"line":104,"column":3}},"42":{"start":{"line":97,"column":24},"end":{"line":97,"column":52}},"43":{"start":{"line":98,"column":4},"end":{"line":98,"column":29}},"44":{"start":{"line":99,"column":4},"end":{"line":99,"column":29}},"45":{"start":{"line":100,"column":4},"end":{"line":100,"column":34}},"46":{"start":{"line":102,"column":4},"end":{"line":102,"column":66}},"47":{"start":{"line":103,"column":4},"end":{"line":103,"column":59}},"48":{"start":{"line":106,"column":31},"end":{"line":109,"column":3}},"49":{"start":{"line":107,"column":4},"end":{"line":107,"column":29}},"50":{"start":{"line":108,"column":4},"end":{"line":108,"column":59}},"51":{"start":{"line":111,"column":41},"end":{"line":117,"column":3}},"52":{"start":{"line":112,"column":28},"end":{"line":112,"column":72}},"53":{"start":{"line":113,"column":4},"end":{"line":113,"column":33}},"54":{"start":{"line":114,"column":4},"end":{"line":114,"column":35}},"55":{"start":{"line":116,"column":4},"end":{"line":116,"column":70}},"56":{"start":{"line":119,"column":37},"end":{"line":121,"column":3}},"57":{"start":{"line":120,"column":4},"end":{"line":120,"column":35}},"58":{"start":{"line":124,"column":2},"end":{"line":126,"column":3}},"59":{"start":{"line":125,"column":4},"end":{"line":125,"column":76}},"60":{"start":{"line":129,"column":2},"end":{"line":136,"column":3}},"61":{"start":{"line":130,"column":4},"end":{"line":135,"column":6}},"62":{"start":{"line":139,"column":2},"end":{"line":148,"column":3}},"63":{"start":{"line":140,"column":4},"end":{"line":147,"column":6}},"64":{"start":{"line":151,"column":2},"end":{"line":159,"column":3}},"65":{"start":{"line":152,"column":4},"end":{"line":158,"column":6}},"66":{"start":{"line":162,"column":2},"end":{"line":179,"column":3}},"67":{"start":{"line":163,"column":4},"end":{"line":169,"column":6}},"68":{"start":{"line":172,"column":4},"end":{"line":178,"column":6}},"69":{"start":{"line":176,"column":38},"end":{"line":176,"column":67}}},"fnMap":{"0":{"name":"App","decl":{"start":{"line":18,"column":24},"end":{"line":18,"column":27}},"loc":{"start":{"line":18,"column":30},"end":{"line":180,"column":1}},"line":18},"1":{"name":"(anonymous_1)","decl":{"start":{"line":30,"column":12},"end":{"line":30,"column":13}},"loc":{"start":{"line":30,"column":18},"end":{"line":37,"column":3}},"line":30},"2":{"name":"(anonymous_2)","decl":{"start":{"line":31,"column":21},"end":{"line":31,"column":22}},"loc":{"start":{"line":31,"column":33},"end":{"line":33,"column":5}},"line":31},"3":{"name":"(anonymous_3)","decl":{"start":{"line":36,"column":11},"end":{"line":36,"column":12}},"loc":{"start":{"line":36,"column":17},"end":{"line":36,"column":39}},"line":36},"4":{"name":"(anonymous_4)","decl":{"start":{"line":39,"column":12},"end":{"line":39,"column":13}},"loc":{"start":{"line":39,"column":18},"end":{"line":41,"column":3}},"line":39},"5":{"name":"(anonymous_5)","decl":{"start":{"line":43,"column":24},"end":{"line":43,"column":25}},"loc":{"start":{"line":43,"column":36},"end":{"line":65,"column":3}},"line":43},"6":{"name":"(anonymous_6)","decl":{"start":{"line":54,"column":17},"end":{"line":54,"column":18}},"loc":{"start":{"line":54,"column":23},"end":{"line":60,"column":7}},"line":54},"7":{"name":"(anonymous_7)","decl":{"start":{"line":67,"column":23},"end":{"line":67,"column":24}},"loc":{"start":{"line":67,"column":34},"end":{"line":79,"column":3}},"line":67},"8":{"name":"(anonymous_8)","decl":{"start":{"line":73,"column":41},"end":{"line":73,"column":42}},"loc":{"start":{"line":74,"column":6},"end":{"line":75,"column":63}},"line":74},"9":{"name":"(anonymous_9)","decl":{"start":{"line":81,"column":32},"end":{"line":81,"column":33}},"loc":{"start":{"line":81,"column":38},"end":{"line":83,"column":3}},"line":81},"10":{"name":"(anonymous_10)","decl":{"start":{"line":85,"column":29},"end":{"line":85,"column":30}},"loc":{"start":{"line":85,"column":43},"end":{"line":89,"column":3}},"line":85},"11":{"name":"(anonymous_11)","decl":{"start":{"line":91,"column":25},"end":{"line":91,"column":26}},"loc":{"start":{"line":91,"column":31},"end":{"line":94,"column":3}},"line":91},"12":{"name":"(anonymous_12)","decl":{"start":{"line":96,"column":35},"end":{"line":96,"column":36}},"loc":{"start":{"line":96,"column":49},"end":{"line":104,"column":3}},"line":96},"13":{"name":"(anonymous_13)","decl":{"start":{"line":106,"column":31},"end":{"line":106,"column":32}},"loc":{"start":{"line":106,"column":37},"end":{"line":109,"column":3}},"line":106},"14":{"name":"(anonymous_14)","decl":{"start":{"line":111,"column":41},"end":{"line":111,"column":42}},"loc":{"start":{"line":111,"column":56},"end":{"line":117,"column":3}},"line":111},"15":{"name":"(anonymous_15)","decl":{"start":{"line":119,"column":37},"end":{"line":119,"column":38}},"loc":{"start":{"line":119,"column":43},"end":{"line":121,"column":3}},"line":119},"16":{"name":"(anonymous_16)","decl":{"start":{"line":176,"column":32},"end":{"line":176,"column":33}},"loc":{"start":{"line":176,"column":38},"end":{"line":176,"column":67}},"line":176}},"branchMap":{"0":{"loc":{"start":{"line":28,"column":20},"end":{"line":28,"column":69}},"type":"binary-expr","locations":[{"start":{"line":28,"column":20},"end":{"line":28,"column":41}},{"start":{"line":28,"column":45},"end":{"line":28,"column":69}}],"line":28},"1":{"loc":{"start":{"line":49,"column":6},"end":{"line":51,"column":7}},"type":"if","locations":[{"start":{"line":49,"column":6},"end":{"line":51,"column":7}},{"start":{},"end":{}}],"line":49},"2":{"loc":{"start":{"line":57,"column":8},"end":{"line":59,"column":9}},"type":"if","locations":[{"start":{"line":57,"column":8},"end":{"line":59,"column":9}},{"start":{},"end":{}}],"line":57},"3":{"loc":{"start":{"line":74,"column":6},"end":{"line":75,"column":63}},"type":"binary-expr","locations":[{"start":{"line":74,"column":6},"end":{"line":74,"column":60}},{"start":{"line":75,"column":6},"end":{"line":75,"column":63}}],"line":74},"4":{"loc":{"start":{"line":124,"column":2},"end":{"line":126,"column":3}},"type":"if","locations":[{"start":{"line":124,"column":2},"end":{"line":126,"column":3}},{"start":{},"end":{}}],"line":124},"5":{"loc":{"start":{"line":129,"column":2},"end":{"line":136,"column":3}},"type":"if","locations":[{"start":{"line":129,"column":2},"end":{"line":136,"column":3}},{"start":{},"end":{}}],"line":129},"6":{"loc":{"start":{"line":139,"column":2},"end":{"line":148,"column":3}},"type":"if","locations":[{"start":{"line":139,"column":2},"end":{"line":148,"column":3}},{"start":{},"end":{}}],"line":139},"7":{"loc":{"start":{"line":151,"column":2},"end":{"line":159,"column":3}},"type":"if","locations":[{"start":{"line":151,"column":2},"end":{"line":159,"column":3}},{"start":{},"end":{}}],"line":151},"8":{"loc":{"start":{"line":162,"column":2},"end":{"line":179,"column":3}},"type":"if","locations":[{"start":{"line":162,"column":2},"end":{"line":179,"column":3}},{"start":{"line":170,"column":9},"end":{"line":179,"column":3}}],"line":162},"9":{"loc":{"start":{"line":167,"column":25},"end":{"line":167,"column":57}},"type":"binary-expr","locations":[{"start":{"line":167,"column":25},"end":{"line":167,"column":51}},{"start":{"line":167,"column":55},"end":{"line":167,"column":57}}],"line":167}},"s":{"0":0,"1":0,"2":0,"3":0,"4":0,"5":0,"6":0,"7":0,"8":0,"9":0,"10":0,"11":0,"12":0,"13":0,"14":0,"15":0,"16":0,"17":0,"18":0,"19":0,"20":0,"21":0,"22":0,"23":0,"24":0,"25":0,"26":0,"27":0,"28":0,"29":0,"30":0,"31":0,"32":0,"33":0,"34":0,"35":0,"36":0,"37":0,"38":0,"39":0,"40":0,"41":0,"42":0,"43":0,"44":0,"45":0,"46":0,"47":0,"48":0,"49":0,"50":0,"51":0,"52":0,"53":0,"54":0,"55":0,"56":0,"57":0,"58":0,"59":0,"60":0,"61":0,"62":0,"63":0,"64":0,"65":0,"66":0,"67":0,"68":0,"69":0},"f":{"0":0,"1":0,"2":0,"3":0,"4":0,"5":0,"6":0,"7":0,"8":0,"9":0,"10":0,"11":0,"12":0,"13":0,"14":0,"15":0,"16":0},"b":{"0":[0,0],"1":[0,0],"2":[0,0],"3":[0,0],"4":[0,0],"5":[0,0],"6":[0,0],"7":[0,0],"8":[0,0],"9":[0,0]}}
,"/Users/lm/Desktop/integra/integra-markets/app/App.js": {"path":"/Users/lm/Desktop/integra/integra-markets/app/App.js","statementMap":{},"fnMap":{},"branchMap":{},"s":{},"f":{},"b":{}}
,"/Users/lm/Desktop/integra/integra-markets/app/SafeAppWrapper.js": {"path":"/Users/lm/Desktop/integra/integra-markets/app/SafeAppWrapper.js","statementMap":{"0":{"start":{"line":6,"column":2},"end":{"line":11,"column":4}},"1":{"start":{"line":16,"column":15},"end":{"line":52,"column":2}}},"fnMap":{"0":{"name":"SafeAppWrapper","decl":{"start":{"line":5,"column":9},"end":{"line":5,"column":23}},"loc":{"start":{"line":5,"column":26},"end":{"line":12,"column":1}},"line":5}},"branchMap":{},"s":{"0":0,"1":0},"f":{"0":0},"b":{}}
,"/Users/lm/Desktop/integra/integra-markets/app/debug_notifications.js": {"path":"/Users/lm/Desktop/integra/integra-markets/app/debug_notifications.js","statementMap":{"0":{"start":{"line":6,"column":2},"end":{"line":6,"column":50}},"1":{"start":{"line":7,"column":2},"end":{"line":7,"column":40}},"2":{"start":{"line":9,"column":2},"end":{"line":37,"column":3}},"3":{"start":{"line":11,"column":24},"end":{"line":11,"column":65}},"4":{"start":{"line":12,"column":4},"end":{"line":12,"column":78}},"5":{"start":{"line":15,"column":4},"end":{"line":23,"column":5}},"6":{"start":{"line":16,"column":6},"end":{"line":22,"column":7}},"7":{"start":{"line":17,"column":22},"end":{"line":17,"column":65}},"8":{"start":{"line":18,"column":8},"end":{"line":18,"column":60}},"9":{"start":{"line":19,"column":8},"end":{"line":19,"column":77}},"10":{"start":{"line":21,"column":8},"end":{"line":21,"column":63}},"11":{"start":{"line":26,"column":4},"end":{"line":33,"column":5}},"12":{"start":{"line":27,"column":6},"end":{"line":32,"column":7}},"13":{"start":{"line":28,"column":28},"end":{"line":28,"column":73}},"14":{"start":{"line":29,"column":8},"end":{"line":29,"column":73}},"15":{"start":{"line":31,"column":8},"end":{"line":31,"column":66}},"16":{"start":{"line":36,"column":4},"end":{"line":36,"column":56}},"17":{"start":{"line":39,"column":2},"end":{"line":39,"column":48}},"18":{"start":{"line":44,"column":2},"end":{"line":44,"column":52}},"19":{"start":{"line":46,"column":2},"end":{"line":65,"column":3}},"20":{"start":{"line":47,"column":19},"end":{"line":58,"column":6}},"21":{"start":{"line":60,"column":4},"end":{"line":60,"column":79}},"22":{"start":{"line":61,"column":4},"end":{"line":61,"column":18}},"23":{"start":{"line":63,"column":4},"end":{"line":63,"column":58}},"24":{"start":{"line":64,"column":4},"end":{"line":64,"column":16}}},"fnMap":{"0":{"name":"debugNotificationPermissions","decl":{"start":{"line":5,"column":22},"end":{"line":5,"column":50}},"loc":{"start":{"line":5,"column":53},"end":{"line":40,"column":1}},"line":5},"1":{"name":"testRequestPermissions","decl":{"start":{"line":43,"column":22},"end":{"line":43,"column":44}},"loc":{"start":{"line":43,"column":47},"end":{"line":66,"column":1}},"line":43}},"branchMap":{"0":{"loc":{"start":{"line":15,"column":4},"end":{"line":23,"column":5}},"type":"if","locations":[{"start":{"line":15,"column":4},"end":{"line":23,"column":5}},{"start":{},"end":{}}],"line":15},"1":{"loc":{"start":{"line":26,"column":4},"end":{"line":33,"column":5}},"type":"if","locations":[{"start":{"line":26,"column":4},"end":{"line":33,"column":5}},{"start":{},"end":{}}],"line":26}},"s":{"0":0,"1":0,"2":0,"3":0,"4":0,"5":0,"6":0,"7":0,"8":0,"9":0,"10":0,"11":0,"12":0,"13":0,"14":0,"15":0,"16":0,"17":0,"18":0,"19":0,"20":0,"21":0,"22":0,"23":0,"24":0},"f":{"0":0,"1":0},"b":{"0":[0,0],"1":[0,0]}}
,"/Users/lm/Desktop/integra/integra-markets/app/layout.tsx": {"path":"/Users/lm/Desktop/integra/integra-markets/app/layout.tsx","statementMap":{"0":{"start":{"line":7,"column":34},"end":{"line":11,"column":1}},"1":{"start":{"line":18,"column":2},"end":{"line":34,"column":3}}},"fnMap":{"0":{"name":"RootLayout","decl":{"start":{"line":13,"column":24},"end":{"line":13,"column":34}},"loc":{"start":{"line":17,"column":4},"end":{"line":35,"column":1}},"line":17}},"branchMap":{},"s":{"0":0,"1":0},"f":{"0":0},"b":{}}
,"/Users/lm/Desktop/integra/integra-markets/app/page.tsx": {"path":"/Users/lm/Desktop/integra/integra-markets/app/page.tsx","statementMap":{"0":{"start":{"line":6,"column":2},"end":{"line":6,"column":31}}},"fnMap":{"0":{"name":"Page","decl":{"start":{"line":5,"column":24},"end":{"line":5,"column":28}},"loc":{"start":{"line":5,"column":31},"end":{"line":7,"column":1}},"line":5}},"branchMap":{},"s":{"0":0},"f":{"0":0},"b":{}}
,"/Users/lm/Desktop/integra/integra-markets/app/(tabs)/alerts.js": {"path":"/Users/lm/Desktop/integra/integra-markets/app/(tabs)/alerts.js","statementMap":{"0":{"start":{"line":21,"column":15},"end":{"line":30,"column":1}},"1":{"start":{"line":33,"column":40},"end":{"line":33,"column":55}},"2":{"start":{"line":34,"column":42},"end":{"line":34,"column":57}},"3":{"start":{"line":35,"column":40},"end":{"line":35,"column":54}},"4":{"start":{"line":36,"column":38},"end":{"line":36,"column":52}},"5":{"start":{"line":39,"column":50},"end":{"line":47,"column":4}},"6":{"start":{"line":48,"column":52},"end":{"line":48,"column":67}},"7":{"start":{"line":51,"column":2},"end":{"line":80,"column":9}},"8":{"start":{"line":52,"column":42},"end":{"line":77,"column":5}},"9":{"start":{"line":53,"column":6},"end":{"line":76,"column":7}},"10":{"start":{"line":55,"column":27},"end":{"line":55,"column":68}},"11":{"start":{"line":56,"column":8},"end":{"line":56,"column":45}},"12":{"start":{"line":59,"column":34},"end":{"line":59,"column":81}},"13":{"start":{"line":60,"column":8},"end":{"line":71,"column":9}},"14":{"start":{"line":61,"column":30},"end":{"line":61,"column":59}},"15":{"start":{"line":62,"column":10},"end":{"line":70,"column":13}},"16":{"start":{"line":72,"column":8},"end":{"line":72,"column":35}},"17":{"start":{"line":74,"column":8},"end":{"line":74,"column":59}},"18":{"start":{"line":75,"column":8},"end":{"line":75,"column":35}},"19":{"start":{"line":79,"column":4},"end":{"line":79,"column":36}},"20":{"start":{"line":82,"column":17},"end":{"line":107,"column":3}},"21":{"start":{"line":109,"column":27},"end":{"line":116,"column":3}},"22":{"start":{"line":110,"column":4},"end":{"line":115,"column":5}},"23":{"start":{"line":111,"column":19},"end":{"line":111,"column":48}},"24":{"start":{"line":112,"column":21},"end":{"line":112,"column":38}},"25":{"start":{"line":113,"column":18},"end":{"line":113,"column":47}},"26":{"start":{"line":114,"column":15},"end":{"line":114,"column":43}},"27":{"start":{"line":118,"column":22},"end":{"line":125,"column":3}},"28":{"start":{"line":119,"column":4},"end":{"line":124,"column":5}},"29":{"start":{"line":120,"column":20},"end":{"line":120,"column":41}},"30":{"start":{"line":121,"column":19},"end":{"line":121,"column":36}},"31":{"start":{"line":122,"column":19},"end":{"line":122,"column":38}},"32":{"start":{"line":123,"column":15},"end":{"line":123,"column":38}},"33":{"start":{"line":127,"column":25},"end":{"line":133,"column":3}},"34":{"start":{"line":128,"column":4},"end":{"line":132,"column":7}},"35":{"start":{"line":135,"column":30},"end":{"line":141,"column":3}},"36":{"start":{"line":136,"column":4},"end":{"line":140,"column":7}},"37":{"start":{"line":143,"column":2},"end":{"line":434,"column":4}},"38":{"start":{"line":150,"column":25},"end":{"line":150,"column":97}},"39":{"start":{"line":170,"column":18},"end":{"line":198,"column":19}},"40":{"start":{"line":172,"column":39},"end":{"line":172,"column":84}},"41":{"start":{"line":173,"column":20},"end":{"line":186,"column":21}},"42":{"start":{"line":174,"column":22},"end":{"line":174,"column":43}},"43":{"start":{"line":175,"column":22},"end":{"line":175,"column":70}},"44":{"start":{"line":178,"column":22},"end":{"line":185,"column":24}},"45":{"start":{"line":183,"column":66},"end":{"line":183,"column":88}},"46":{"start":{"line":187,"column":25},"end":{"line":198,"column":19}},"47":{"start":{"line":189,"column":20},"end":{"line":189,"column":42}},"48":{"start":{"line":190,"column":20},"end":{"line":197,"column":22}},"49":{"start":{"line":195,"column":64},"end":{"line":195,"column":86}},"50":{"start":{"line":213,"column":18},"end":{"line":213,"column":41}},"51":{"start":{"line":214,"column":18},"end":{"line":214,"column":61}},"52":{"start":{"line":229,"column":18},"end":{"line":229,"column":40}},"53":{"start":{"line":230,"column":18},"end":{"line":230,"column":61}},"54":{"start":{"line":245,"column":18},"end":{"line":245,"column":39}},"55":{"start":{"line":246,"column":18},"end":{"line":246,"column":60}},"56":{"start":{"line":361,"column":27},"end":{"line":361,"column":123}},"57":{"start":{"line":374,"column":12},"end":{"line":397,"column":31}},"58":{"start":{"line":377,"column":29},"end":{"line":377,"column":50}},"59":{"start":{"line":407,"column":27},"end":{"line":407,"column":108}},"60":{"start":{"line":416,"column":27},"end":{"line":416,"column":100}},"61":{"start":{"line":425,"column":27},"end":{"line":425,"column":102}},"62":{"start":{"line":437,"column":15},"end":{"line":578,"column":2}}},"fnMap":{"0":{"name":"AlertsScreen","decl":{"start":{"line":32,"column":24},"end":{"line":32,"column":36}},"loc":{"start":{"line":32,"column":39},"end":{"line":435,"column":1}},"line":32},"1":{"name":"(anonymous_1)","decl":{"start":{"line":51,"column":12},"end":{"line":51,"column":13}},"loc":{"start":{"line":51,"column":18},"end":{"line":80,"column":3}},"line":51},"2":{"name":"(anonymous_2)","decl":{"start":{"line":52,"column":42},"end":{"line":52,"column":43}},"loc":{"start":{"line":52,"column":54},"end":{"line":77,"column":5}},"line":52},"3":{"name":"(anonymous_3)","decl":{"start":{"line":109,"column":27},"end":{"line":109,"column":28}},"loc":{"start":{"line":109,"column":41},"end":{"line":116,"column":3}},"line":109},"4":{"name":"(anonymous_4)","decl":{"start":{"line":118,"column":22},"end":{"line":118,"column":23}},"loc":{"start":{"line":118,"column":32},"end":{"line":125,"column":3}},"line":118},"5":{"name":"(anonymous_5)","decl":{"start":{"line":127,"column":25},"end":{"line":127,"column":26}},"loc":{"start":{"line":127,"column":36},"end":{"line":133,"column":3}},"line":127},"6":{"name":"(anonymous_6)","decl":{"start":{"line":135,"column":30},"end":{"line":135,"column":31}},"loc":{"start":{"line":135,"column":50},"end":{"line":141,"column":3}},"line":135},"7":{"name":"(anonymous_7)","decl":{"start":{"line":150,"column":19},"end":{"line":150,"column":20}},"loc":{"start":{"line":150,"column":25},"end":{"line":150,"column":97}},"line":150},"8":{"name":"(anonymous_8)","decl":{"start":{"line":169,"column":31},"end":{"line":169,"column":32}},"loc":{"start":{"line":169,"column":48},"end":{"line":199,"column":17}},"line":169},"9":{"name":"(anonymous_9)","decl":{"start":{"line":183,"column":60},"end":{"line":183,"column":61}},"loc":{"start":{"line":183,"column":66},"end":{"line":183,"column":88}},"line":183},"10":{"name":"(anonymous_10)","decl":{"start":{"line":195,"column":58},"end":{"line":195,"column":59}},"loc":{"start":{"line":195,"column":64},"end":{"line":195,"column":86}},"line":195},"11":{"name":"(anonymous_11)","decl":{"start":{"line":212,"column":31},"end":{"line":212,"column":32}},"loc":{"start":{"line":212,"column":42},"end":{"line":215,"column":17}},"line":212},"12":{"name":"(anonymous_12)","decl":{"start":{"line":228,"column":31},"end":{"line":228,"column":32}},"loc":{"start":{"line":228,"column":42},"end":{"line":231,"column":17}},"line":228},"13":{"name":"(anonymous_13)","decl":{"start":{"line":244,"column":31},"end":{"line":244,"column":32}},"loc":{"start":{"line":244,"column":42},"end":{"line":247,"column":17}},"line":244},"14":{"name":"(anonymous_14)","decl":{"start":{"line":361,"column":21},"end":{"line":361,"column":22}},"loc":{"start":{"line":361,"column":27},"end":{"line":361,"column":123}},"line":361},"15":{"name":"(anonymous_15)","decl":{"start":{"line":373,"column":22},"end":{"line":373,"column":23}},"loc":{"start":{"line":374,"column":12},"end":{"line":397,"column":31}},"line":374},"16":{"name":"(anonymous_16)","decl":{"start":{"line":377,"column":23},"end":{"line":377,"column":24}},"loc":{"start":{"line":377,"column":29},"end":{"line":377,"column":50}},"line":377},"17":{"name":"(anonymous_17)","decl":{"start":{"line":407,"column":21},"end":{"line":407,"column":22}},"loc":{"start":{"line":407,"column":27},"end":{"line":407,"column":108}},"line":407},"18":{"name":"(anonymous_18)","decl":{"start":{"line":416,"column":21},"end":{"line":416,"column":22}},"loc":{"start":{"line":416,"column":27},"end":{"line":416,"column":100}},"line":416},"19":{"name":"(anonymous_19)","decl":{"start":{"line":425,"column":21},"end":{"line":425,"column":22}},"loc":{"start":{"line":425,"column":27},"end":{"line":425,"column":102}},"line":425}},"branchMap":{"0":{"loc":{"start":{"line":60,"column":8},"end":{"line":71,"column":9}},"type":"if","locations":[{"start":{"line":60,"column":8},"end":{"line":71,"column":9}},{"start":{},"end":{}}],"line":60},"1":{"loc":{"start":{"line":63,"column":25},"end":{"line":63,"column":54}},"type":"binary-expr","locations":[{"start":{"line":63,"column":25},"end":{"line":63,"column":48}},{"start":{"line":63,"column":52},"end":{"line":63,"column":54}}],"line":63},"2":{"loc":{"start":{"line":64,"column":21},"end":{"line":64,"column":46}},"type":"binary-expr","locations":[{"start":{"line":64,"column":21},"end":{"line":64,"column":40}},{"start":{"line":64,"column":44},"end":{"line":64,"column":46}}],"line":64},"3":{"loc":{"start":{"line":65,"column":24},"end":{"line":65,"column":52}},"type":"binary-expr","locations":[{"start":{"line":65,"column":24},"end":{"line":65,"column":46}},{"start":{"line":65,"column":50},"end":{"line":65,"column":52}}],"line":65},"4":{"loc":{"start":{"line":66,"column":22},"end":{"line":66,"column":48}},"type":"binary-expr","locations":[{"start":{"line":66,"column":22},"end":{"line":66,"column":42}},{"start":{"line":66,"column":46},"end":{"line":66,"column":48}}],"line":66},"5":{"loc":{"start":{"line":67,"column":25},"end":{"line":67,"column":54}},"type":"binary-expr","locations":[{"start":{"line":67,"column":25},"end":{"line":67,"column":48}},{"start":{"line":67,"column":52},"end":{"line":67,"column":54}}],"line":67},"6":{"loc":{"start":{"line":68,"column":28},"end":{"line":68,"column":65}},"type":"binary-expr","locations":[{"start":{"line":68,"column":28},"end":{"line":68,"column":54}},{"start":{"line":68,"column":58},"end":{"line":68,"column":65}}],"line":68},"7":{"loc":{"start":{"line":69,"column":28},"end":{"line":69,"column":66}},"type":"binary-expr","locations":[{"start":{"line":69,"column":28},"end":{"line":69,"column":54}},{"start":{"line":69,"column":58},"end":{"line":69,"column":66}}],"line":69},"8":{"loc":{"start":{"line":110,"column":4},"end":{"line":115,"column":5}},"type":"switch","locations":[{"start":{"line":111,"column":6},"end":{"line":111,"column":48}},{"start":{"line":112,"column":6},"end":{"line":112,"column":38}},{"start":{"line":113,"column":6},"end":{"line":113,"column":47}},{"start":{"line":114,"column":6},"end":{"line":114,"column":43}}],"line":110},"9":{"loc":{"start":{"line":119,"column":4},"end":{"line":124,"column":5}},"type":"switch","locations":[{"start":{"line":120,"column":6},"end":{"line":120,"column":41}},{"start":{"line":121,"column":6},"end":{"line":121,"column":36}},{"start":{"line":122,"column":6},"end":{"line":122,"column":38}},{"start":{"line":123,"column":6},"end":{"line":123,"column":38}}],"line":119},"10":{"loc":{"start":{"line":139,"column":27},"end":{"line":139,"column":57}},"type":"cond-expr","locations":[{"start":{"line":139,"column":35},"end":{"line":139,"column":44}},{"start":{"line":139,"column":47},"end":{"line":139,"column":57}}],"line":139},"11":{"loc":{"start":{"line":170,"column":18},"end":{"line":198,"column":19}},"type":"if","locations":[{"start":{"line":170,"column":18},"end":{"line":198,"column":19}},{"start":{"line":187,"column":25},"end":{"line":198,"column":19}}],"line":170},"12":{"loc":{"start":{"line":170,"column":22},"end":{"line":170,"column":43}},"type":"binary-expr","locations":[{"start":{"line":170,"column":22},"end":{"line":170,"column":27}},{"start":{"line":170,"column":31},"end":{"line":170,"column":43}}],"line":170},"13":{"loc":{"start":{"line":173,"column":20},"end":{"line":186,"column":21}},"type":"if","locations":[{"start":{"line":173,"column":20},"end":{"line":186,"column":21}},{"start":{"line":176,"column":27},"end":{"line":186,"column":21}}],"line":173},"14":{"loc":{"start":{"line":187,"column":25},"end":{"line":198,"column":19}},"type":"if","locations":[{"start":{"line":187,"column":25},"end":{"line":198,"column":19}},{"start":{},"end":{}}],"line":187},"15":{"loc":{"start":{"line":259,"column":11},"end":{"line":357,"column":11}},"type":"cond-expr","locations":[{"start":{"line":260,"column":12},"end":{"line":262,"column":19}},{"start":{"line":264,"column":12},"end":{"line":356,"column":19}}],"line":259},"16":{"loc":{"start":{"line":270,"column":21},"end":{"line":272,"column":49}},"type":"cond-expr","locations":[{"start":{"line":271,"column":24},"end":{"line":271,"column":63}},{"start":{"line":272,"column":24},"end":{"line":272,"column":49}}],"line":270},"17":{"loc":{"start":{"line":284,"column":21},"end":{"line":286,"column":45}},"type":"cond-expr","locations":[{"start":{"line":285,"column":24},"end":{"line":285,"column":59}},{"start":{"line":286,"column":24},"end":{"line":286,"column":45}}],"line":284},"18":{"loc":{"start":{"line":298,"column":21},"end":{"line":300,"column":48}},"type":"cond-expr","locations":[{"start":{"line":299,"column":24},"end":{"line":299,"column":62}},{"start":{"line":300,"column":24},"end":{"line":300,"column":48}}],"line":298},"19":{"loc":{"start":{"line":312,"column":21},"end":{"line":314,"column":43}},"type":"cond-expr","locations":[{"start":{"line":313,"column":24},"end":{"line":313,"column":60}},{"start":{"line":314,"column":24},"end":{"line":314,"column":43}}],"line":312},"20":{"loc":{"start":{"line":326,"column":21},"end":{"line":328,"column":50}},"type":"cond-expr","locations":[{"start":{"line":327,"column":24},"end":{"line":327,"column":63}},{"start":{"line":328,"column":24},"end":{"line":328,"column":50}}],"line":326}},"s":{"0":0,"1":0,"2":0,"3":0,"4":0,"5":0,"6":0,"7":0,"8":0,"9":0,"10":0,"11":0,"12":0,"13":0,"14":0,"15":0,"16":0,"17":0,"18":0,"19":0,"20":0,"21":0,"22":0,"23":0,"24":0,"25":0,"26":0,"27":0,"28":0,"29":0,"30":0,"31":0,"32":0,"33":0,"34":0,"35":0,"36":0,"37":0,"38":0,"39":0,"40":0,"41":0,"42":0,"43":0,"44":0,"45":0,"46":0,"47":0,"48":0,"49":0,"50":0,"51":0,"52":0,"53":0,"54":0,"55":0,"56":0,"57":0,"58":0,"59":0,"60":0,"61":0,"62":0},"f":{"0":0,"1":0,"2":0,"3":0,"4":0,"5":0,"6":0,"7":0,"8":0,"9":0,"10":0,"11":0,"12":0,"13":0,"14":0,"15":0,"16":0,"17":0,"18":0,"19":0},"b":{"0":[0,0],"1":[0,0],"2":[0,0],"3":[0,0],"4":[0,0],"5":[0,0],"6":[0,0],"7":[0,0],"8":[0,0,0,0],"9":[0,0,0,0],"10":[0,0],"11":[0,0],"12":[0,0],"13":[0,0],"14":[0,0],"15":[0,0],"16":[0,0],"17":[0,0],"18":[0,0],"19":[0,0],"20":[0,0]}}
,"/Users/lm/Desktop/integra/integra-markets/app/ai-analysis-preview/page.tsx": {"path":"/Users/lm/Desktop/integra/integra-markets/app/ai-analysis-preview/page.tsx","statementMap":{"0":{"start":{"line":7,"column":17},"end":{"line":17,"column":1}},"1":{"start":{"line":20,"column":19},"end":{"line":44,"column":1}},"2":{"start":{"line":47,"column":2},"end":{"line":81,"column":3}},"3":{"start":{"line":85,"column":2},"end":{"line":85,"column":26}},"4":{"start":{"line":85,"column":15},"end":{"line":85,"column":26}},"5":{"start":{"line":87,"column":2},"end":{"line":214,"column":3}},"6":{"start":{"line":168,"column":16},"end":{"line":170,"column":23}},"7":{"start":{"line":197,"column":16},"end":{"line":199,"column":20}},"8":{"start":{"line":218,"column":44},"end":{"line":218,"column":59}},"9":{"start":{"line":220,"column":2},"end":{"line":298,"column":3}},"10":{"start":{"line":264,"column":37},"end":{"line":264,"column":59}},"11":{"start":{"line":286,"column":65},"end":{"line":286,"column":88}}},"fnMap":{"0":{"name":"NewsCard","decl":{"start":{"line":46,"column":9},"end":{"line":46,"column":17}},"loc":{"start":{"line":46,"column":60},"end":{"line":82,"column":1}},"line":46},"1":{"name":"AIAnalysisOverlay","decl":{"start":{"line":84,"column":9},"end":{"line":84,"column":26}},"loc":{"start":{"line":84,"column":90},"end":{"line":215,"column":1}},"line":84},"2":{"name":"(anonymous_2)","decl":{"start":{"line":167,"column":41},"end":{"line":167,"column":42}},"loc":{"start":{"line":168,"column":16},"end":{"line":170,"column":23}},"line":168},"3":{"name":"(anonymous_3)","decl":{"start":{"line":196,"column":41},"end":{"line":196,"column":42}},"loc":{"start":{"line":197,"column":16},"end":{"line":199,"column":20}},"line":197},"4":{"name":"AIAnalysisPreview","decl":{"start":{"line":217,"column":24},"end":{"line":217,"column":41}},"loc":{"start":{"line":217,"column":44},"end":{"line":299,"column":1}},"line":217},"5":{"name":"(anonymous_5)","decl":{"start":{"line":264,"column":31},"end":{"line":264,"column":32}},"loc":{"start":{"line":264,"column":37},"end":{"line":264,"column":59}},"line":264},"6":{"name":"(anonymous_6)","decl":{"start":{"line":286,"column":59},"end":{"line":286,"column":60}},"loc":{"start":{"line":286,"column":65},"end":{"line":286,"column":88}},"line":286}},"branchMap":{"0":{"loc":{"start":{"line":85,"column":2},"end":{"line":85,"column":26}},"type":"if","locations":[{"start":{"line":85,"column":2},"end":{"line":85,"column":26}},{"start":{},"end":{}}],"line":85}},"s":{"0":0,"1":0,"2":0,"3":0,"4":0,"5":0,"6":0,"7":0,"8":0,"9":0,"10":0,"11":0},"f":{"0":0,"1":0,"2":0,"3":0,"4":0,"5":0,"6":0},"b":{"0":[0,0]}}
,"/Users/lm/Desktop/integra/integra-markets/app/auth/callback/route.ts": {"path":"/Users/lm/Desktop/integra/integra-markets/app/auth/callback/route.ts","statementMap":{"0":{"start":{"line":5,"column":35},"end":{"line":5,"column":55}},"1":{"start":{"line":6,"column":15},"end":{"line":6,"column":39}},"2":{"start":{"line":8,"column":13},"end":{"line":8,"column":44}},"3":{"start":{"line":10,"column":2},"end":{"line":13,"column":3}},"4":{"start":{"line":12,"column":4},"end":{"line":12,"column":14}},"5":{"start":{"line":15,"column":2},"end":{"line":30,"column":3}},"6":{"start":{"line":16,"column":21},"end":{"line":16,"column":41}},"7":{"start":{"line":17,"column":22},"end":{"line":17,"column":70}},"8":{"start":{"line":18,"column":4},"end":{"line":29,"column":5}},"9":{"start":{"line":19,"column":28},"end":{"line":19,"column":67}},"10":{"start":{"line":20,"column":25},"end":{"line":20,"column":63}},"11":{"start":{"line":21,"column":6},"end":{"line":28,"column":7}},"12":{"start":{"line":23,"column":8},"end":{"line":23,"column":56}},"13":{"start":{"line":24,"column":13},"end":{"line":28,"column":7}},"14":{"start":{"line":25,"column":8},"end":{"line":25,"column":71}},"15":{"start":{"line":27,"column":8},"end":{"line":27,"column":56}},"16":{"start":{"line":33,"column":2},"end":{"line":33,"column":64}}},"fnMap":{"0":{"name":"GET","decl":{"start":{"line":4,"column":22},"end":{"line":4,"column":25}},"loc":{"start":{"line":4,"column":44},"end":{"line":34,"column":1}},"line":4}},"branchMap":{"0":{"loc":{"start":{"line":8,"column":13},"end":{"line":8,"column":44}},"type":"binary-expr","locations":[{"start":{"line":8,"column":13},"end":{"line":8,"column":37}},{"start":{"line":8,"column":41},"end":{"line":8,"column":44}}],"line":8},"1":{"loc":{"start":{"line":10,"column":2},"end":{"line":13,"column":3}},"type":"if","locations":[{"start":{"line":10,"column":2},"end":{"line":13,"column":3}},{"start":{},"end":{}}],"line":10},"2":{"loc":{"start":{"line":15,"column":2},"end":{"line":30,"column":3}},"type":"if","locations":[{"start":{"line":15,"column":2},"end":{"line":30,"column":3}},{"start":{},"end":{}}],"line":15},"3":{"loc":{"start":{"line":18,"column":4},"end":{"line":29,"column":5}},"type":"if","locations":[{"start":{"line":18,"column":4},"end":{"line":29,"column":5}},{"start":{},"end":{}}],"line":18},"4":{"loc":{"start":{"line":21,"column":6},"end":{"line":28,"column":7}},"type":"if","locations":[{"start":{"line":21,"column":6},"end":{"line":28,"column":7}},{"start":{"line":24,"column":13},"end":{"line":28,"column":7}}],"line":21},"5":{"loc":{"start":{"line":24,"column":13},"end":{"line":28,"column":7}},"type":"if","locations":[{"start":{"line":24,"column":13},"end":{"line":28,"column":7}},{"start":{"line":26,"column":13},"end":{"line":28,"column":7}}],"line":24}},"s":{"0":0,"1":0,"2":0,"3":0,"4":0,"5":0,"6":0,"7":0,"8":0,"9":0,"10":0,"11":0,"12":0,"13":0,"14":0,"15":0,"16":0},"f":{"0":0},"b":{"0":[0,0],"1":[0,0],"2":[0,0],"3":[0,0],"4":[0,0],"5":[0,0]}}
,"/Users/lm/Desktop/integra/integra-markets/app/components/AIAnalysisOverlay.tsx": {"path":"/Users/lm/Desktop/integra/integra-markets/app/components/AIAnalysisOverlay.tsx","statementMap":{"0":{"start":{"line":23,"column":60},"end":{"line":366,"column":1}},"1":{"start":{"line":24,"column":36},"end":{"line":24,"column":51}},"2":{"start":{"line":25,"column":38},"end":{"line":25,"column":53}},"3":{"start":{"line":26,"column":44},"end":{"line":26,"column":63}},"4":{"start":{"line":27,"column":69},"end":{"line":27,"column":83}},"5":{"start":{"line":29,"column":34},"end":{"line":29,"column":81}},"6":{"start":{"line":32,"column":4},"end":{"line":36,"column":30}},"7":{"start":{"line":33,"column":8},"end":{"line":35,"column":9}},"8":{"start":{"line":34,"column":12},"end":{"line":34,"column":28}},"9":{"start":{"line":38,"column":26},"end":{"line":58,"column":5}},"10":{"start":{"line":39,"column":8},"end":{"line":39,"column":30}},"11":{"start":{"line":39,"column":23},"end":{"line":39,"column":30}},"12":{"start":{"line":41,"column":8},"end":{"line":41,"column":27}},"13":{"start":{"line":42,"column":8},"end":{"line":57,"column":9}},"14":{"start":{"line":43,"column":29},"end":{"line":43,"column":79}},"15":{"start":{"line":44,"column":12},"end":{"line":44,"column":38}},"16":{"start":{"line":46,"column":12},"end":{"line":46,"column":61}},"17":{"start":{"line":48,"column":12},"end":{"line":54,"column":15}},"18":{"start":{"line":56,"column":12},"end":{"line":56,"column":32}},"19":{"start":{"line":60,"column":33},"end":{"line":92,"column":5}},"20":{"start":{"line":61,"column":8},"end":{"line":61,"column":30}},"21":{"start":{"line":61,"column":23},"end":{"line":61,"column":30}},"22":{"start":{"line":63,"column":8},"end":{"line":91,"column":9}},"23":{"start":{"line":64,"column":12},"end":{"line":87,"column":13}},"24":{"start":{"line":66,"column":41},"end":{"line":66,"column":95}},"25":{"start":{"line":66,"column":68},"end":{"line":66,"column":94}},"26":{"start":{"line":67,"column":16},"end":{"line":70,"column":17}},"27":{"start":{"line":68,"column":20},"end":{"line":68,"column":62}},"28":{"start":{"line":69,"column":20},"end":{"line":69,"column":78}},"29":{"start":{"line":73,"column":16},"end":{"line":85,"column":19}},"30":{"start":{"line":86,"column":16},"end":{"line":86,"column":71}},"31":{"start":{"line":89,"column":12},"end":{"line":89,"column":61}},"32":{"start":{"line":90,"column":12},"end":{"line":90,"column":81}},"33":{"start":{"line":94,"column":4},"end":{"line":94,"column":31}},"34":{"start":{"line":94,"column":19},"end":{"line":94,"column":31}},"35":{"start":{"line":96,"column":28},"end":{"line":99,"column":5}},"36":{"start":{"line":97,"column":8},"end":{"line":97,"column":34}},"37":{"start":{"line":98,"column":8},"end":{"line":98,"column":69}},"38":{"start":{"line":101,"column":34},"end":{"line":109,"column":5}},"39":{"start":{"line":102,"column":8},"end":{"line":102,"column":37}},"40":{"start":{"line":102,"column":27},"end":{"line":102,"column":37}},"41":{"start":{"line":104,"column":26},"end":{"line":104,"column":182}},"42":{"start":{"line":105,"column":24},"end":{"line":105,"column":103}},"43":{"start":{"line":105,"column":58},"end":{"line":105,"column":82}},"44":{"start":{"line":106,"column":25},"end":{"line":106,"column":117}},"45":{"start":{"line":106,"column":74},"end":{"line":106,"column":96}},"46":{"start":{"line":108,"column":8},"end":{"line":108,"column":329}},"47":{"start":{"line":112,"column":4},"end":{"line":130,"column":5}},"48":{"start":{"line":113,"column":8},"end":{"line":129,"column":10}},"49":{"start":{"line":132,"column":30},"end":{"line":138,"column":5}},"50":{"start":{"line":133,"column":8},"end":{"line":137,"column":15}},"51":{"start":{"line":140,"column":29},"end":{"line":144,"column":5}},"52":{"start":{"line":141,"column":8},"end":{"line":143,"column":15}},"53":{"start":{"line":146,"column":4},"end":{"line":365,"column":6}},"54":{"start":{"line":163,"column":51},"end":{"line":163,"column":108}},"55":{"start":{"line":193,"column":51},"end":{"line":193,"column":99}},"56":{"start":{"line":208,"column":51},"end":{"line":211,"column":37}},"57":{"start":{"line":255,"column":51},"end":{"line":258,"column":37}},"58":{"start":{"line":256,"column":73},"end":{"line":256,"column":97}},"59":{"start":{"line":275,"column":51},"end":{"line":278,"column":37}},"60":{"start":{"line":300,"column":51},"end":{"line":303,"column":37}},"61":{"start":{"line":301,"column":88},"end":{"line":301,"column":110}},"62":{"start":{"line":309,"column":32},"end":{"line":312,"column":39}},"63":{"start":{"line":319,"column":43},"end":{"line":319,"column":60}},"64":{"start":{"line":333,"column":50},"end":{"line":333,"column":68}},"65":{"start":{"line":341,"column":59},"end":{"line":341,"column":77}},"66":{"start":{"line":368,"column":15},"end":{"line":616,"column":2}}},"fnMap":{"0":{"name":"(anonymous_0)","decl":{"start":{"line":23,"column":60},"end":{"line":23,"column":61}},"loc":{"start":{"line":23,"column":98},"end":{"line":366,"column":1}},"line":23},"1":{"name":"(anonymous_1)","decl":{"start":{"line":32,"column":14},"end":{"line":32,"column":15}},"loc":{"start":{"line":32,"column":20},"end":{"line":36,"column":5}},"line":32},"2":{"name":"(anonymous_2)","decl":{"start":{"line":38,"column":26},"end":{"line":38,"column":27}},"loc":{"start":{"line":38,"column":38},"end":{"line":58,"column":5}},"line":38},"3":{"name":"(anonymous_3)","decl":{"start":{"line":60,"column":33},"end":{"line":60,"column":34}},"loc":{"start":{"line":60,"column":45},"end":{"line":92,"column":5}},"line":60},"4":{"name":"(anonymous_4)","decl":{"start":{"line":66,"column":56},"end":{"line":66,"column":57}},"loc":{"start":{"line":66,"column":68},"end":{"line":66,"column":94}},"line":66},"5":{"name":"(anonymous_5)","decl":{"start":{"line":96,"column":28},"end":{"line":96,"column":29}},"loc":{"start":{"line":96,"column":67},"end":{"line":99,"column":5}},"line":96},"6":{"name":"(anonymous_6)","decl":{"start":{"line":101,"column":34},"end":{"line":101,"column":35}},"loc":{"start":{"line":101,"column":40},"end":{"line":109,"column":5}},"line":101},"7":{"name":"(anonymous_7)","decl":{"start":{"line":105,"column":53},"end":{"line":105,"column":54}},"loc":{"start":{"line":105,"column":58},"end":{"line":105,"column":82}},"line":105},"8":{"name":"(anonymous_8)","decl":{"start":{"line":106,"column":58},"end":{"line":106,"column":59}},"loc":{"start":{"line":106,"column":74},"end":{"line":106,"column":96}},"line":106},"9":{"name":"(anonymous_9)","decl":{"start":{"line":132,"column":30},"end":{"line":132,"column":31}},"loc":{"start":{"line":133,"column":8},"end":{"line":137,"column":15}},"line":133},"10":{"name":"(anonymous_10)","decl":{"start":{"line":140,"column":29},"end":{"line":140,"column":30}},"loc":{"start":{"line":141,"column":8},"end":{"line":143,"column":15}},"line":141},"11":{"name":"(anonymous_11)","decl":{"start":{"line":163,"column":45},"end":{"line":163,"column":46}},"loc":{"start":{"line":163,"column":51},"end":{"line":163,"column":108}},"line":163},"12":{"name":"(anonymous_12)","decl":{"start":{"line":193,"column":45},"end":{"line":193,"column":46}},"loc":{"start":{"line":193,"column":51},"end":{"line":193,"column":99}},"line":193},"13":{"name":"(anonymous_13)","decl":{"start":{"line":208,"column":45},"end":{"line":208,"column":46}},"loc":{"start":{"line":208,"column":51},"end":{"line":211,"column":37}},"line":208},"14":{"name":"(anonymous_14)","decl":{"start":{"line":255,"column":45},"end":{"line":255,"column":46}},"loc":{"start":{"line":255,"column":51},"end":{"line":258,"column":37}},"line":255},"15":{"name":"(anonymous_15)","decl":{"start":{"line":256,"column":68},"end":{"line":256,"column":69}},"loc":{"start":{"line":256,"column":73},"end":{"line":256,"column":97}},"line":256},"16":{"name":"(anonymous_16)","decl":{"start":{"line":275,"column":45},"end":{"line":275,"column":46}},"loc":{"start":{"line":275,"column":51},"end":{"line":278,"column":37}},"line":275},"17":{"name":"(anonymous_17)","decl":{"start":{"line":300,"column":45},"end":{"line":300,"column":46}},"loc":{"start":{"line":300,"column":51},"end":{"line":303,"column":37}},"line":300},"18":{"name":"(anonymous_18)","decl":{"start":{"line":301,"column":72},"end":{"line":301,"column":73}},"loc":{"start":{"line":301,"column":88},"end":{"line":301,"column":110}},"line":301},"19":{"name":"(anonymous_19)","decl":{"start":{"line":308,"column":61},"end":{"line":308,"column":62}},"loc":{"start":{"line":309,"column":32},"end":{"line":312,"column":39}},"line":309},"20":{"name":"(anonymous_20)","decl":{"start":{"line":319,"column":37},"end":{"line":319,"column":38}},"loc":{"start":{"line":319,"column":43},"end":{"line":319,"column":60}},"line":319},"21":{"name":"(anonymous_21)","decl":{"start":{"line":333,"column":44},"end":{"line":333,"column":45}},"loc":{"start":{"line":333,"column":50},"end":{"line":333,"column":68}},"line":333},"22":{"name":"(anonymous_22)","decl":{"start":{"line":341,"column":53},"end":{"line":341,"column":54}},"loc":{"start":{"line":341,"column":59},"end":{"line":341,"column":77}},"line":341}},"branchMap":{"0":{"loc":{"start":{"line":29,"column":34},"end":{"line":29,"column":81}},"type":"cond-expr","locations":[{"start":{"line":29,"column":45},"end":{"line":29,"column":73}},{"start":{"line":29,"column":76},"end":{"line":29,"column":81}}],"line":29},"1":{"loc":{"start":{"line":33,"column":8},"end":{"line":35,"column":9}},"type":"if","locations":[{"start":{"line":33,"column":8},"end":{"line":35,"column":9}},{"start":{},"end":{}}],"line":33},"2":{"loc":{"start":{"line":33,"column":12},"end":{"line":33,"column":33}},"type":"binary-expr","locations":[{"start":{"line":33,"column":12},"end":{"line":33,"column":20}},{"start":{"line":33,"column":24},"end":{"line":33,"column":33}}],"line":33},"3":{"loc":{"start":{"line":39,"column":8},"end":{"line":39,"column":30}},"type":"if","locations":[{"start":{"line":39,"column":8},"end":{"line":39,"column":30}},{"start":{},"end":{}}],"line":39},"4":{"loc":{"start":{"line":49,"column":25},"end":{"line":49,"column":59}},"type":"binary-expr","locations":[{"start":{"line":49,"column":25},"end":{"line":49,"column":41}},{"start":{"line":49,"column":45},"end":{"line":49,"column":59}}],"line":49},"5":{"loc":{"start":{"line":61,"column":8},"end":{"line":61,"column":30}},"type":"if","locations":[{"start":{"line":61,"column":8},"end":{"line":61,"column":30}},{"start":{},"end":{}}],"line":61},"6":{"loc":{"start":{"line":64,"column":12},"end":{"line":87,"column":13}},"type":"if","locations":[{"start":{"line":64,"column":12},"end":{"line":87,"column":13}},{"start":{"line":71,"column":19},"end":{"line":87,"column":13}}],"line":64},"7":{"loc":{"start":{"line":67,"column":16},"end":{"line":70,"column":17}},"type":"if","locations":[{"start":{"line":67,"column":16},"end":{"line":70,"column":17}},{"start":{},"end":{}}],"line":67},"8":{"loc":{"start":{"line":77,"column":31},"end":{"line":79,"column":129}},"type":"cond-expr","locations":[{"start":{"line":78,"column":27},"end":{"line":78,"column":128}},{"start":{"line":79,"column":27},"end":{"line":79,"column":128}}],"line":77},"9":{"loc":{"start":{"line":78,"column":27},"end":{"line":78,"column":128}},"type":"cond-expr","locations":[{"start":{"line":78,"column":107},"end":{"line":78,"column":116}},{"start":{"line":78,"column":119},"end":{"line":78,"column":128}}],"line":78},"10":{"loc":{"start":{"line":79,"column":27},"end":{"line":79,"column":128}},"type":"cond-expr","locations":[{"start":{"line":79,"column":107},"end":{"line":79,"column":116}},{"start":{"line":79,"column":119},"end":{"line":79,"column":128}}],"line":79},"11":{"loc":{"start":{"line":94,"column":4},"end":{"line":94,"column":31}},"type":"if","locations":[{"start":{"line":94,"column":4},"end":{"line":94,"column":31}},{"start":{},"end":{}}],"line":94},"12":{"loc":{"start":{"line":102,"column":8},"end":{"line":102,"column":37}},"type":"if","locations":[{"start":{"line":102,"column":8},"end":{"line":102,"column":37}},{"start":{},"end":{}}],"line":102},"13":{"loc":{"start":{"line":105,"column":24},"end":{"line":105,"column":103}},"type":"binary-expr","locations":[{"start":{"line":105,"column":24},"end":{"line":105,"column":94}},{"start":{"line":105,"column":98},"end":{"line":105,"column":103}}],"line":105},"14":{"loc":{"start":{"line":106,"column":25},"end":{"line":106,"column":117}},"type":"binary-expr","locations":[{"start":{"line":106,"column":25},"end":{"line":106,"column":108}},{"start":{"line":106,"column":112},"end":{"line":106,"column":117}}],"line":106},"15":{"loc":{"start":{"line":112,"column":4},"end":{"line":130,"column":5}},"type":"if","locations":[{"start":{"line":112,"column":4},"end":{"line":130,"column":5}},{"start":{},"end":{}}],"line":112},"16":{"loc":{"start":{"line":112,"column":8},"end":{"line":112,"column":34}},"type":"binary-expr","locations":[{"start":{"line":112,"column":8},"end":{"line":112,"column":17}},{"start":{"line":112,"column":21},"end":{"line":112,"column":34}}],"line":112},"17":{"loc":{"start":{"line":169,"column":46},"end":{"line":169,"column":100}},"type":"cond-expr","locations":[{"start":{"line":169,"column":70},"end":{"line":169,"column":80}},{"start":{"line":169,"column":83},"end":{"line":169,"column":100}}],"line":169},"18":{"loc":{"start":{"line":171,"column":47},"end":{"line":171,"column":92}},"type":"cond-expr","locations":[{"start":{"line":171,"column":71},"end":{"line":171,"column":80}},{"start":{"line":171,"column":83},"end":{"line":171,"column":92}}],"line":171},"19":{"loc":{"start":{"line":328,"column":21},"end":{"line":361,"column":21}},"type":"binary-expr","locations":[{"start":{"line":328,"column":21},"end":{"line":328,"column":29}},{"start":{"line":329,"column":24},"end":{"line":360,"column":32}}],"line":328},"20":{"loc":{"start":{"line":349,"column":53},"end":{"line":349,"column":93}},"type":"binary-expr","locations":[{"start":{"line":349,"column":53},"end":{"line":349,"column":73}},{"start":{"line":349,"column":77},"end":{"line":349,"column":93}}],"line":349},"21":{"loc":{"start":{"line":373,"column":12},"end":{"line":376,"column":9}},"type":"binary-expr","locations":[{"start":{"line":373,"column":12},"end":{"line":373,"column":33}},{"start":{"line":373,"column":37},"end":{"line":376,"column":9}}],"line":373},"22":{"loc":{"start":{"line":379,"column":12},"end":{"line":386,"column":9}},"type":"cond-expr","locations":[{"start":{"line":379,"column":36},"end":{"line":384,"column":9}},{"start":{"line":384,"column":12},"end":{"line":386,"column":9}}],"line":379},"23":{"loc":{"start":{"line":395,"column":12},"end":{"line":401,"column":9}},"type":"binary-expr","locations":[{"start":{"line":395,"column":12},"end":{"line":395,"column":33}},{"start":{"line":395,"column":37},"end":{"line":401,"column":9}}],"line":395},"24":{"loc":{"start":{"line":576,"column":20},"end":{"line":576,"column":51}},"type":"cond-expr","locations":[{"start":{"line":576,"column":44},"end":{"line":576,"column":46}},{"start":{"line":576,"column":49},"end":{"line":576,"column":51}}],"line":576},"25":{"loc":{"start":{"line":584,"column":12},"end":{"line":588,"column":9}},"type":"binary-expr","locations":[{"start":{"line":584,"column":12},"end":{"line":584,"column":33}},{"start":{"line":584,"column":37},"end":{"line":588,"column":9}}],"line":584}},"s":{"0":0,"1":0,"2":0,"3":0,"4":0,"5":0,"6":0,"7":0,"8":0,"9":0,"10":0,"11":0,"12":0,"13":0,"14":0,"15":0,"16":0,"17":0,"18":0,"19":0,"20":0,"21":0,"22":0,"23":0,"24":0,"25":0,"26":0,"27":0,"28":0,"29":0,"30":0,"31":0,"32":0,"33":0,"34":0,"35":0,"36":0,"37":0,"38":0,"39":0,"40":0,"41":0,"42":0,"43":0,"44":0,"45":0,"46":0,"47":0,"48":0,"49":0,"50":0,"51":0,"52":0,"53":0,"54":0,"55":0,"56":0,"57":0,"58":0,"59":0,"60":0,"61":0,"62":0,"63":0,"64":0,"65":0,"66":0},"f":{"0":0,"1":0,"2":0,"3":0,"4":0,"5":0,"6":0,"7":0,"8":0,"9":0,"10":0,"11":0,"12":0,"13":0,"14":0,"15":0,"16":0,"17":0,"18":0,"19":0,"20":0,"21":0,"22":0},"b":{"0":[0,0],"1":[0,0],"2":[0,0],"3":[0,0],"4":[0,0],"5":[0,0],"6":[0,0],"7":[0,0],"8":[0,0],"9":[0,0],"10":[0,0],"11":[0,0],"12":[0,0],"13":[0,0],"14":[0,0],"15":[0,0],"16":[0,0],"17":[0,0],"18":[0,0],"19":[0,0],"20":[0,0],"21":[0,0],"22":[0,0],"23":[0,0],"24":[0,0],"25":[0,0]}}
,"/Users/lm/Desktop/integra/integra-markets/app/components/AIChatInterface.backup.js": {"path":"/Users/lm/Desktop/integra/integra-markets/app/components/AIChatInterface.backup.js","statementMap":{"0":{"start":{"line":20,"column":27},"end":{"line":64,"column":1}},"1":{"start":{"line":21,"column":2},"end":{"line":63,"column":4}},"2":{"start":{"line":33,"column":12},"end":{"line":54,"column":31}},"3":{"start":{"line":36,"column":29},"end":{"line":36,"column":50}},"4":{"start":{"line":67,"column":22},"end":{"line":138,"column":1}},"5":{"start":{"line":68,"column":34},"end":{"line":68,"column":49}},"6":{"start":{"line":70,"column":24},"end":{"line":125,"column":3}},"7":{"start":{"line":71,"column":4},"end":{"line":73,"column":5}},"8":{"start":{"line":72,"column":6},"end":{"line":72,"column":71}},"9":{"start":{"line":75,"column":4},"end":{"line":99,"column":5}},"10":{"start":{"line":76,"column":6},"end":{"line":98,"column":8}},"11":{"start":{"line":89,"column":20},"end":{"line":91,"column":27}},"12":{"start":{"line":101,"column":4},"end":{"line":122,"column":5}},"13":{"start":{"line":102,"column":6},"end":{"line":121,"column":8}},"14":{"start":{"line":103,"column":41},"end":{"line":103,"column":63}},"15":{"start":{"line":124,"column":4},"end":{"line":124,"column":69}},"16":{"start":{"line":127,"column":2},"end":{"line":137,"column":4}},"17":{"start":{"line":141,"column":34},"end":{"line":141,"column":46}},"18":{"start":{"line":142,"column":36},"end":{"line":142,"column":48}},"19":{"start":{"line":143,"column":32},"end":{"line":143,"column":47}},"20":{"start":{"line":144,"column":36},"end":{"line":144,"column":51}},"21":{"start":{"line":145,"column":44},"end":{"line":145,"column":101}},"22":{"start":{"line":146,"column":42},"end":{"line":146,"column":63}},"23":{"start":{"line":147,"column":24},"end":{"line":147,"column":32}},"24":{"start":{"line":148,"column":19},"end":{"line":148,"column":56}},"25":{"start":{"line":150,"column":25},"end":{"line":181,"column":3}},"26":{"start":{"line":183,"column":2},"end":{"line":198,"column":18}},"27":{"start":{"line":185,"column":4},"end":{"line":191,"column":8}},"28":{"start":{"line":193,"column":4},"end":{"line":197,"column":15}},"29":{"start":{"line":200,"column":22},"end":{"line":328,"column":3}},"30":{"start":{"line":201,"column":4},"end":{"line":201,"column":34}},"31":{"start":{"line":201,"column":27},"end":{"line":201,"column":34}},"32":{"start":{"line":203,"column":24},"end":{"line":209,"column":5}},"33":{"start":{"line":211,"column":4},"end":{"line":211,"column":48}},"34":{"start":{"line":211,"column":24},"end":{"line":211,"column":46}},"35":{"start":{"line":212,"column":4},"end":{"line":212,"column":21}},"36":{"start":{"line":213,"column":4},"end":{"line":213,"column":21}},"37":{"start":{"line":215,"column":4},"end":{"line":327,"column":5}},"38":{"start":{"line":218,"column":6},"end":{"line":313,"column":7}},"39":{"start":{"line":220,"column":8},"end":{"line":225,"column":11}},"40":{"start":{"line":228,"column":8},"end":{"line":236,"column":9}},"41":{"start":{"line":229,"column":10},"end":{"line":235,"column":14}},"42":{"start":{"line":229,"column":30},"end":{"line":235,"column":12}},"43":{"start":{"line":239,"column":32},"end":{"line":246,"column":9}},"44":{"start":{"line":248,"column":8},"end":{"line":248,"column":56}},"45":{"start":{"line":248,"column":28},"end":{"line":248,"column":54}},"46":{"start":{"line":251,"column":8},"end":{"line":257,"column":9}},"47":{"start":{"line":252,"column":10},"end":{"line":256,"column":13}},"48":{"start":{"line":259,"column":13},"end":{"line":313,"column":7}},"49":{"start":{"line":261,"column":29},"end":{"line":266,"column":13}},"50":{"start":{"line":262,"column":23},"end":{"line":262,"column":40}},"51":{"start":{"line":263,"column":21},"end":{"line":266,"column":11}},"52":{"start":{"line":268,"column":8},"end":{"line":268,"column":64}},"53":{"start":{"line":270,"column":8},"end":{"line":273,"column":11}},"54":{"start":{"line":276,"column":8},"end":{"line":287,"column":9}},"55":{"start":{"line":277,"column":10},"end":{"line":286,"column":13}},"56":{"start":{"line":278,"column":12},"end":{"line":285,"column":16}},"57":{"start":{"line":278,"column":32},"end":{"line":285,"column":14}},"58":{"start":{"line":290,"column":8},"end":{"line":296,"column":12}},"59":{"start":{"line":290,"column":28},"end":{"line":296,"column":10}},"60":{"start":{"line":300,"column":8},"end":{"line":304,"column":11}},"61":{"start":{"line":306,"column":8},"end":{"line":312,"column":12}},"62":{"start":{"line":306,"column":28},"end":{"line":312,"column":10}},"63":{"start":{"line":316,"column":6},"end":{"line":316,"column":45}},"64":{"start":{"line":317,"column":6},"end":{"line":323,"column":10}},"65":{"start":{"line":317,"column":26},"end":{"line":323,"column":8}},"66":{"start":{"line":325,"column":6},"end":{"line":325,"column":24}},"67":{"start":{"line":326,"column":6},"end":{"line":326,"column":61}},"68":{"start":{"line":330,"column":21},"end":{"line":336,"column":3}},"69":{"start":{"line":331,"column":4},"end":{"line":335,"column":6}},"70":{"start":{"line":332,"column":6},"end":{"line":334,"column":27}},"71":{"start":{"line":333,"column":28},"end":{"line":333,"column":41}},"72":{"start":{"line":338,"column":27},"end":{"line":343,"column":3}},"73":{"start":{"line":345,"column":2},"end":{"line":449,"column":4}},"74":{"start":{"line":352,"column":27},"end":{"line":352,"column":45}},"75":{"start":{"line":363,"column":28},"end":{"line":363,"column":58}},"76":{"start":{"line":364,"column":35},"end":{"line":364,"column":62}},"77":{"start":{"line":365,"column":14},"end":{"line":365,"column":72}},"78":{"start":{"line":385,"column":10},"end":{"line":389,"column":12}},"79":{"start":{"line":407,"column":12},"end":{"line":413,"column":31}},"80":{"start":{"line":410,"column":29},"end":{"line":410,"column":48}},"81":{"start":{"line":443,"column":23},"end":{"line":443,"column":42}},"82":{"start":{"line":452,"column":15},"end":{"line":697,"column":2}}},"fnMap":{"0":{"name":"(anonymous_0)","decl":{"start":{"line":20,"column":27},"end":{"line":20,"column":28}},"loc":{"start":{"line":20,"column":89},"end":{"line":64,"column":1}},"line":20},"1":{"name":"(anonymous_1)","decl":{"start":{"line":32,"column":21},"end":{"line":32,"column":22}},"loc":{"start":{"line":33,"column":12},"end":{"line":54,"column":31}},"line":33},"2":{"name":"(anonymous_2)","decl":{"start":{"line":36,"column":23},"end":{"line":36,"column":24}},"loc":{"start":{"line":36,"column":29},"end":{"line":36,"column":50}},"line":36},"3":{"name":"(anonymous_3)","decl":{"start":{"line":67,"column":22},"end":{"line":67,"column":23}},"loc":{"start":{"line":67,"column":47},"end":{"line":138,"column":1}},"line":67},"4":{"name":"(anonymous_4)","decl":{"start":{"line":70,"column":24},"end":{"line":70,"column":25}},"loc":{"start":{"line":70,"column":30},"end":{"line":125,"column":3}},"line":70},"5":{"name":"(anonymous_5)","decl":{"start":{"line":88,"column":64},"end":{"line":88,"column":65}},"loc":{"start":{"line":89,"column":20},"end":{"line":91,"column":27}},"line":89},"6":{"name":"(anonymous_6)","decl":{"start":{"line":103,"column":35},"end":{"line":103,"column":36}},"loc":{"start":{"line":103,"column":41},"end":{"line":103,"column":63}},"line":103},"7":{"name":"AIChatInterface","decl":{"start":{"line":140,"column":24},"end":{"line":140,"column":39}},"loc":{"start":{"line":140,"column":82},"end":{"line":450,"column":1}},"line":140},"8":{"name":"(anonymous_8)","decl":{"start":{"line":183,"column":12},"end":{"line":183,"column":13}},"loc":{"start":{"line":183,"column":18},"end":{"line":198,"column":3}},"line":183},"9":{"name":"(anonymous_9)","decl":{"start":{"line":200,"column":22},"end":{"line":200,"column":23}},"loc":{"start":{"line":200,"column":34},"end":{"line":328,"column":3}},"line":200},"10":{"name":"(anonymous_10)","decl":{"start":{"line":211,"column":16},"end":{"line":211,"column":17}},"loc":{"start":{"line":211,"column":24},"end":{"line":211,"column":46}},"line":211},"11":{"name":"(anonymous_11)","decl":{"start":{"line":229,"column":22},"end":{"line":229,"column":23}},"loc":{"start":{"line":229,"column":30},"end":{"line":235,"column":12}},"line":229},"12":{"name":"(anonymous_12)","decl":{"start":{"line":248,"column":20},"end":{"line":248,"column":21}},"loc":{"start":{"line":248,"column":28},"end":{"line":248,"column":54}},"line":248},"13":{"name":"(anonymous_13)","decl":{"start":{"line":262,"column":18},"end":{"line":262,"column":19}},"loc":{"start":{"line":262,"column":23},"end":{"line":262,"column":40}},"line":262},"14":{"name":"(anonymous_14)","decl":{"start":{"line":263,"column":15},"end":{"line":263,"column":16}},"loc":{"start":{"line":263,"column":21},"end":{"line":266,"column":11}},"line":263},"15":{"name":"(anonymous_15)","decl":{"start":{"line":277,"column":40},"end":{"line":277,"column":41}},"loc":{"start":{"line":277,"column":50},"end":{"line":286,"column":11}},"line":277},"16":{"name":"(anonymous_16)","decl":{"start":{"line":278,"column":24},"end":{"line":278,"column":25}},"loc":{"start":{"line":278,"column":32},"end":{"line":285,"column":14}},"line":278},"17":{"name":"(anonymous_17)","decl":{"start":{"line":290,"column":20},"end":{"line":290,"column":21}},"loc":{"start":{"line":290,"column":28},"end":{"line":296,"column":10}},"line":290},"18":{"name":"(anonymous_18)","decl":{"start":{"line":306,"column":20},"end":{"line":306,"column":21}},"loc":{"start":{"line":306,"column":28},"end":{"line":312,"column":10}},"line":306},"19":{"name":"(anonymous_19)","decl":{"start":{"line":317,"column":18},"end":{"line":317,"column":19}},"loc":{"start":{"line":317,"column":26},"end":{"line":323,"column":8}},"line":317},"20":{"name":"(anonymous_20)","decl":{"start":{"line":330,"column":21},"end":{"line":330,"column":22}},"loc":{"start":{"line":330,"column":33},"end":{"line":336,"column":3}},"line":330},"21":{"name":"(anonymous_21)","decl":{"start":{"line":331,"column":21},"end":{"line":331,"column":22}},"loc":{"start":{"line":332,"column":6},"end":{"line":334,"column":27}},"line":332},"22":{"name":"(anonymous_22)","decl":{"start":{"line":333,"column":22},"end":{"line":333,"column":23}},"loc":{"start":{"line":333,"column":28},"end":{"line":333,"column":41}},"line":333},"23":{"name":"(anonymous_23)","decl":{"start":{"line":352,"column":21},"end":{"line":352,"column":22}},"loc":{"start":{"line":352,"column":27},"end":{"line":352,"column":45}},"line":352},"24":{"name":"(anonymous_24)","decl":{"start":{"line":362,"column":21},"end":{"line":362,"column":22}},"loc":{"start":{"line":362,"column":27},"end":{"line":366,"column":13}},"line":362},"25":{"name":"(anonymous_25)","decl":{"start":{"line":384,"column":22},"end":{"line":384,"column":23}},"loc":{"start":{"line":385,"column":10},"end":{"line":389,"column":12}},"line":385},"26":{"name":"(anonymous_26)","decl":{"start":{"line":406,"column":32},"end":{"line":406,"column":33}},"loc":{"start":{"line":407,"column":12},"end":{"line":413,"column":31}},"line":407},"27":{"name":"(anonymous_27)","decl":{"start":{"line":410,"column":23},"end":{"line":410,"column":24}},"loc":{"start":{"line":410,"column":29},"end":{"line":410,"column":48}},"line":410},"28":{"name":"(anonymous_28)","decl":{"start":{"line":443,"column":17},"end":{"line":443,"column":18}},"loc":{"start":{"line":443,"column":23},"end":{"line":443,"column":42}},"line":443}},"branchMap":{"0":{"loc":{"start":{"line":42,"column":25},"end":{"line":42,"column":77}},"type":"cond-expr","locations":[{"start":{"line":42,"column":59},"end":{"line":42,"column":68}},{"start":{"line":42,"column":71},"end":{"line":42,"column":77}}],"line":42},"1":{"loc":{"start":{"line":50,"column":22},"end":{"line":50,"column":85}},"type":"cond-expr","locations":[{"start":{"line":50,"column":56},"end":{"line":50,"column":66}},{"start":{"line":50,"column":69},"end":{"line":50,"column":85}}],"line":50},"2":{"loc":{"start":{"line":52,"column":23},"end":{"line":52,"column":75}},"type":"cond-expr","locations":[{"start":{"line":52,"column":57},"end":{"line":52,"column":66}},{"start":{"line":52,"column":69},"end":{"line":52,"column":75}}],"line":52},"3":{"loc":{"start":{"line":71,"column":4},"end":{"line":73,"column":5}},"type":"if","locations":[{"start":{"line":71,"column":4},"end":{"line":73,"column":5}},{"start":{},"end":{}}],"line":71},"4":{"loc":{"start":{"line":75,"column":4},"end":{"line":99,"column":5}},"type":"if","locations":[{"start":{"line":75,"column":4},"end":{"line":99,"column":5}},{"start":{},"end":{}}],"line":75},"5":{"loc":{"start":{"line":79,"column":11},"end":{"line":96,"column":11}},"type":"binary-expr","locations":[{"start":{"line":79,"column":11},"end":{"line":79,"column":23}},{"start":{"line":80,"column":12},"end":{"line":95,"column":19}}],"line":79},"6":{"loc":{"start":{"line":85,"column":15},"end":{"line":94,"column":15}},"type":"binary-expr","locations":[{"start":{"line":85,"column":15},"end":{"line":85,"column":39}},{"start":{"line":86,"column":16},"end":{"line":93,"column":23}}],"line":85},"7":{"loc":{"start":{"line":101,"column":4},"end":{"line":122,"column":5}},"type":"if","locations":[{"start":{"line":101,"column":4},"end":{"line":122,"column":5}},{"start":{},"end":{}}],"line":101},"8":{"loc":{"start":{"line":108,"column":20},"end":{"line":108,"column":60}},"type":"cond-expr","locations":[{"start":{"line":108,"column":31},"end":{"line":108,"column":43}},{"start":{"line":108,"column":46},"end":{"line":108,"column":60}}],"line":108},"9":{"loc":{"start":{"line":113,"column":11},"end":{"line":119,"column":11}},"type":"binary-expr","locations":[{"start":{"line":113,"column":11},"end":{"line":113,"column":19}},{"start":{"line":114,"column":12},"end":{"line":118,"column":19}}],"line":113},"10":{"loc":{"start":{"line":130,"column":6},"end":{"line":130,"column":52}},"type":"cond-expr","locations":[{"start":{"line":130,"column":15},"end":{"line":130,"column":33}},{"start":{"line":130,"column":36},"end":{"line":130,"column":52}}],"line":130},"11":{"loc":{"start":{"line":140,"column":42},"end":{"line":140,"column":58}},"type":"default-arg","locations":[{"start":{"line":140,"column":54},"end":{"line":140,"column":58}}],"line":140},"12":{"loc":{"start":{"line":188,"column":97},"end":{"line":188,"column":121}},"type":"binary-expr","locations":[{"start":{"line":188,"column":97},"end":{"line":188,"column":106}},{"start":{"line":188,"column":110},"end":{"line":188,"column":121}}],"line":188},"13":{"loc":{"start":{"line":201,"column":4},"end":{"line":201,"column":34}},"type":"if","locations":[{"start":{"line":201,"column":4},"end":{"line":201,"column":34}},{"start":{},"end":{}}],"line":201},"14":{"loc":{"start":{"line":218,"column":6},"end":{"line":313,"column":7}},"type":"if","locations":[{"start":{"line":218,"column":6},"end":{"line":313,"column":7}},{"start":{"line":259,"column":13},"end":{"line":313,"column":7}}],"line":218},"15":{"loc":{"start":{"line":228,"column":8},"end":{"line":236,"column":9}},"type":"if","locations":[{"start":{"line":228,"column":8},"end":{"line":236,"column":9}},{"start":{},"end":{}}],"line":228},"16":{"loc":{"start":{"line":242,"column":19},"end":{"line":242,"column":67}},"type":"binary-expr","locations":[{"start":{"line":242,"column":19},"end":{"line":242,"column":44}},{"start":{"line":242,"column":48},"end":{"line":242,"column":67}}],"line":242},"17":{"loc":{"start":{"line":251,"column":8},"end":{"line":257,"column":9}},"type":"if","locations":[{"start":{"line":251,"column":8},"end":{"line":257,"column":9}},{"start":{},"end":{}}],"line":251},"18":{"loc":{"start":{"line":251,"column":12},"end":{"line":251,"column":51}},"type":"binary-expr","locations":[{"start":{"line":251,"column":12},"end":{"line":251,"column":30}},{"start":{"line":251,"column":34},"end":{"line":251,"column":51}}],"line":251},"19":{"loc":{"start":{"line":259,"column":13},"end":{"line":313,"column":7}},"type":"if","locations":[{"start":{"line":259,"column":13},"end":{"line":313,"column":7}},{"start":{"line":298,"column":13},"end":{"line":313,"column":7}}],"line":259},"20":{"loc":{"start":{"line":264,"column":18},"end":{"line":264,"column":49}},"type":"cond-expr","locations":[{"start":{"line":264,"column":29},"end":{"line":264,"column":35}},{"start":{"line":264,"column":38},"end":{"line":264,"column":49}}],"line":264},"21":{"loc":{"start":{"line":276,"column":8},"end":{"line":287,"column":9}},"type":"if","locations":[{"start":{"line":276,"column":8},"end":{"line":287,"column":9}},{"start":{},"end":{}}],"line":276},"22":{"loc":{"start":{"line":276,"column":12},"end":{"line":276,"column":69}},"type":"binary-expr","locations":[{"start":{"line":276,"column":12},"end":{"line":276,"column":33}},{"start":{"line":276,"column":37},"end":{"line":276,"column":69}}],"line":276},"23":{"loc":{"start":{"line":309,"column":19},"end":{"line":309,"column":56}},"type":"binary-expr","locations":[{"start":{"line":309,"column":19},"end":{"line":309,"column":36}},{"start":{"line":309,"column":40},"end":{"line":309,"column":56}}],"line":309},"24":{"loc":{"start":{"line":332,"column":6},"end":{"line":334,"column":27}},"type":"cond-expr","locations":[{"start":{"line":333,"column":10},"end":{"line":333,"column":42}},{"start":{"line":334,"column":10},"end":{"line":334,"column":27}}],"line":332},"25":{"loc":{"start":{"line":339,"column":30},"end":{"line":339,"column":48}},"type":"binary-expr","locations":[{"start":{"line":339,"column":30},"end":{"line":339,"column":39}},{"start":{"line":339,"column":43},"end":{"line":339,"column":48}}],"line":339},"26":{"loc":{"start":{"line":340,"column":22},"end":{"line":340,"column":41}},"type":"binary-expr","locations":[{"start":{"line":340,"column":22},"end":{"line":340,"column":31}},{"start":{"line":340,"column":35},"end":{"line":340,"column":41}}],"line":340},"27":{"loc":{"start":{"line":341,"column":31},"end":{"line":341,"column":51}},"type":"binary-expr","locations":[{"start":{"line":341,"column":31},"end":{"line":341,"column":40}},{"start":{"line":341,"column":44},"end":{"line":341,"column":51}}],"line":341},"28":{"loc":{"start":{"line":342,"column":41},"end":{"line":342,"column":67}},"type":"binary-expr","locations":[{"start":{"line":342,"column":41},"end":{"line":342,"column":50}},{"start":{"line":342,"column":54},"end":{"line":342,"column":67}}],"line":342},"29":{"loc":{"start":{"line":369,"column":20},"end":{"line":369,"column":113}},"type":"cond-expr","locations":[{"start":{"line":369,"column":51},"end":{"line":369,"column":57}},{"start":{"line":369,"column":60},"end":{"line":369,"column":113}}],"line":369},"30":{"loc":{"start":{"line":369,"column":60},"end":{"line":369,"column":113}},"type":"cond-expr","locations":[{"start":{"line":369,"column":87},"end":{"line":369,"column":98}},{"start":{"line":369,"column":101},"end":{"line":369,"column":113}}],"line":369},"31":{"loc":{"start":{"line":392,"column":9},"end":{"line":397,"column":9}},"type":"binary-expr","locations":[{"start":{"line":392,"column":9},"end":{"line":392,"column":16}},{"start":{"line":393,"column":10},"end":{"line":396,"column":17}}],"line":392},"32":{"loc":{"start":{"line":400,"column":7},"end":{"line":416,"column":7}},"type":"binary-expr","locations":[{"start":{"line":400,"column":7},"end":{"line":400,"column":28}},{"start":{"line":401,"column":8},"end":{"line":415,"column":21}}],"line":400},"33":{"loc":{"start":{"line":419,"column":18},"end":{"line":419,"column":62}},"type":"cond-expr","locations":[{"start":{"line":419,"column":42},"end":{"line":419,"column":51}},{"start":{"line":419,"column":54},"end":{"line":419,"column":62}}],"line":419},"34":{"loc":{"start":{"line":433,"column":37},"end":{"line":433,"column":73}},"type":"binary-expr","locations":[{"start":{"line":433,"column":37},"end":{"line":433,"column":44}},{"start":{"line":433,"column":48},"end":{"line":433,"column":73}}],"line":433},"35":{"loc":{"start":{"line":575,"column":16},"end":{"line":575,"column":61}},"type":"cond-expr","locations":[{"start":{"line":575,"column":40},"end":{"line":575,"column":47}},{"start":{"line":575,"column":50},"end":{"line":575,"column":61}}],"line":575}},"s":{"0":0,"1":0,"2":0,"3":0,"4":0,"5":0,"6":0,"7":0,"8":0,"9":0,"10":0,"11":0,"12":0,"13":0,"14":0,"15":0,"16":0,"17":0,"18":0,"19":0,"20":0,"21":0,"22":0,"23":0,"24":0,"25":0,"26":0,"27":0,"28":0,"29":0,"30":0,"31":0,"32":0,"33":0,"34":0,"35":0,"36":0,"37":0,"38":0,"39":0,"40":0,"41":0,"42":0,"43":0,"44":0,"45":0,"46":0,"47":0,"48":0,"49":0,"50":0,"51":0,"52":0,"53":0,"54":0,"55":0,"56":0,"57":0,"58":0,"59":0,"60":0,"61":0,"62":0,"63":0,"64":0,"65":0,"66":0,"67":0,"68":0,"69":0,"70":0,"71":0,"72":0,"73":0,"74":0,"75":0,"76":0,"77":0,"78":0,"79":0,"80":0,"81":0,"82":0},"f":{"0":0,"1":0,"2":0,"3":0,"4":0,"5":0,"6":0,"7":0,"8":0,"9":0,"10":0,"11":0,"12":0,"13":0,"14":0,"15":0,"16":0,"17":0,"18":0,"19":0,"20":0,"21":0,"22":0,"23":0,"24":0,"25":0,"26":0,"27":0,"28":0},"b":{"0":[0,0],"1":[0,0],"2":[0,0],"3":[0,0],"4":[0,0],"5":[0,0],"6":[0,0],"7":[0,0],"8":[0,0],"9":[0,0],"10":[0,0],"11":[0],"12":[0,0],"13":[0,0],"14":[0,0],"15":[0,0],"16":[0,0],"17":[0,0],"18":[0,0],"19":[0,0],"20":[0,0],"21":[0,0],"22":[0,0],"23":[0,0],"24":[0,0],"25":[0,0],"26":[0,0],"27":[0,0],"28":[0,0],"29":[0,0],"30":[0,0],"31":[0,0],"32":[0,0],"33":[0,0],"34":[0,0],"35":[0,0]}}
,"/Users/lm/Desktop/integra/integra-markets/app/components/AIChatInterface.js": {"path":"/Users/lm/Desktop/integra/integra-markets/app/components/AIChatInterface.js","statementMap":{"0":{"start":{"line":25,"column":27},"end":{"line":69,"column":1}},"1":{"start":{"line":26,"column":2},"end":{"line":68,"column":4}},"2":{"start":{"line":38,"column":12},"end":{"line":59,"column":31}},"3":{"start":{"line":41,"column":29},"end":{"line":41,"column":50}},"4":{"start":{"line":72,"column":22},"end":{"line":161,"column":1}},"5":{"start":{"line":73,"column":34},"end":{"line":73,"column":49}},"6":{"start":{"line":74,"column":34},"end":{"line":74,"column":49}},"7":{"start":{"line":76,"column":22},"end":{"line":84,"column":3}},"8":{"start":{"line":77,"column":4},"end":{"line":83,"column":5}},"9":{"start":{"line":78,"column":6},"end":{"line":78,"column":54}},"10":{"start":{"line":79,"column":6},"end":{"line":79,"column":24}},"11":{"start":{"line":80,"column":6},"end":{"line":80,"column":49}},"12":{"start":{"line":80,"column":23},"end":{"line":80,"column":41}},"13":{"start":{"line":82,"column":6},"end":{"line":82,"column":44}},"14":{"start":{"line":86,"column":24},"end":{"line":148,"column":3}},"15":{"start":{"line":87,"column":4},"end":{"line":110,"column":5}},"16":{"start":{"line":89,"column":6},"end":{"line":92,"column":7}},"17":{"start":{"line":90,"column":31},"end":{"line":90,"column":63}},"18":{"start":{"line":91,"column":8},"end":{"line":91,"column":99}},"19":{"start":{"line":94,"column":6},"end":{"line":109,"column":8}},"20":{"start":{"line":112,"column":4},"end":{"line":122,"column":5}},"21":{"start":{"line":114,"column":6},"end":{"line":121,"column":8}},"22":{"start":{"line":119,"column":28},"end":{"line":119,"column":64}},"23":{"start":{"line":124,"column":4},"end":{"line":145,"column":5}},"24":{"start":{"line":125,"column":6},"end":{"line":144,"column":8}},"25":{"start":{"line":126,"column":41},"end":{"line":126,"column":63}},"26":{"start":{"line":147,"column":4},"end":{"line":147,"column":69}},"27":{"start":{"line":150,"column":2},"end":{"line":160,"column":4}},"28":{"start":{"line":164,"column":34},"end":{"line":164,"column":46}},"29":{"start":{"line":165,"column":36},"end":{"line":165,"column":48}},"30":{"start":{"line":166,"column":32},"end":{"line":166,"column":47}},"31":{"start":{"line":167,"column":36},"end":{"line":167,"column":51}},"32":{"start":{"line":168,"column":44},"end":{"line":168,"column":101}},"33":{"start":{"line":169,"column":42},"end":{"line":169,"column":63}},"34":{"start":{"line":170,"column":36},"end":{"line":170,"column":56}},"35":{"start":{"line":171,"column":24},"end":{"line":171,"column":32}},"36":{"start":{"line":172,"column":19},"end":{"line":172,"column":56}},"37":{"start":{"line":173,"column":26},"end":{"line":173,"column":38}},"38":{"start":{"line":175,"column":25},"end":{"line":206,"column":3}},"39":{"start":{"line":208,"column":2},"end":{"line":223,"column":18}},"40":{"start":{"line":210,"column":4},"end":{"line":216,"column":8}},"41":{"start":{"line":218,"column":4},"end":{"line":222,"column":15}},"42":{"start":{"line":225,"column":22},"end":{"line":362,"column":3}},"43":{"start":{"line":226,"column":4},"end":{"line":226,"column":75}},"44":{"start":{"line":226,"column":68},"end":{"line":226,"column":75}},"45":{"start":{"line":228,"column":4},"end":{"line":233,"column":5}},"46":{"start":{"line":229,"column":6},"end":{"line":229,"column":38}},"47":{"start":{"line":230,"column":6},"end":{"line":230,"column":37}},"48":{"start":{"line":231,"column":6},"end":{"line":231,"column":24}},"49":{"start":{"line":232,"column":6},"end":{"line":232,"column":13}},"50":{"start":{"line":235,"column":24},"end":{"line":241,"column":5}},"51":{"start":{"line":243,"column":4},"end":{"line":243,"column":48}},"52":{"start":{"line":243,"column":24},"end":{"line":243,"column":46}},"53":{"start":{"line":244,"column":4},"end":{"line":244,"column":21}},"54":{"start":{"line":245,"column":4},"end":{"line":245,"column":21}},"55":{"start":{"line":247,"column":4},"end":{"line":247,"column":52}},"56":{"start":{"line":249,"column":4},"end":{"line":361,"column":5}},"57":{"start":{"line":252,"column":6},"end":{"line":347,"column":7}},"58":{"start":{"line":254,"column":8},"end":{"line":259,"column":11}},"59":{"start":{"line":262,"column":8},"end":{"line":270,"column":9}},"60":{"start":{"line":263,"column":10},"end":{"line":269,"column":14}},"61":{"start":{"line":263,"column":30},"end":{"line":269,"column":12}},"62":{"start":{"line":273,"column":32},"end":{"line":280,"column":9}},"63":{"start":{"line":282,"column":8},"end":{"line":282,"column":56}},"64":{"start":{"line":282,"column":28},"end":{"line":282,"column":54}},"65":{"start":{"line":285,"column":8},"end":{"line":291,"column":9}},"66":{"start":{"line":286,"column":10},"end":{"line":290,"column":13}},"67":{"start":{"line":293,"column":13},"end":{"line":347,"column":7}},"68":{"start":{"line":295,"column":29},"end":{"line":300,"column":13}},"69":{"start":{"line":296,"column":23},"end":{"line":296,"column":40}},"70":{"start":{"line":297,"column":21},"end":{"line":300,"column":11}},"71":{"start":{"line":302,"column":8},"end":{"line":302,"column":64}},"72":{"start":{"line":304,"column":8},"end":{"line":307,"column":11}},"73":{"start":{"line":310,"column":8},"end":{"line":321,"column":9}},"74":{"start":{"line":311,"column":10},"end":{"line":320,"column":13}},"75":{"start":{"line":312,"column":12},"end":{"line":319,"column":16}},"76":{"start":{"line":312,"column":32},"end":{"line":319,"column":14}},"77":{"start":{"line":324,"column":8},"end":{"line":330,"column":12}},"78":{"start":{"line":324,"column":28},"end":{"line":330,"column":10}},"79":{"start":{"line":334,"column":8},"end":{"line":338,"column":11}},"80":{"start":{"line":340,"column":8},"end":{"line":346,"column":12}},"81":{"start":{"line":340,"column":28},"end":{"line":346,"column":10}},"82":{"start":{"line":350,"column":6},"end":{"line":350,"column":45}},"83":{"start":{"line":351,"column":6},"end":{"line":357,"column":10}},"84":{"start":{"line":351,"column":26},"end":{"line":357,"column":8}},"85":{"start":{"line":359,"column":6},"end":{"line":359,"column":24}},"86":{"start":{"line":360,"column":6},"end":{"line":360,"column":61}},"87":{"start":{"line":364,"column":21},"end":{"line":370,"column":3}},"88":{"start":{"line":365,"column":4},"end":{"line":369,"column":6}},"89":{"start":{"line":366,"column":6},"end":{"line":368,"column":27}},"90":{"start":{"line":367,"column":28},"end":{"line":367,"column":41}},"91":{"start":{"line":372,"column":27},"end":{"line":377,"column":3}},"92":{"start":{"line":379,"column":2},"end":{"line":529,"column":4}},"93":{"start":{"line":386,"column":27},"end":{"line":386,"column":45}},"94":{"start":{"line":397,"column":28},"end":{"line":397,"column":58}},"95":{"start":{"line":398,"column":35},"end":{"line":398,"column":62}},"96":{"start":{"line":399,"column":14},"
[...]
e":229,"column":8},"end":{"line":229,"column":60}},"type":"binary-expr","locations":[{"start":{"line":229,"column":8},"end":{"line":229,"column":21}},{"start":{"line":229,"column":25},"end":{"line":229,"column":60}}],"line":229},"31":{"loc":{"start":{"line":232,"column":4},"end":{"line":234,"column":5}},"type":"if","locations":[{"start":{"line":232,"column":4},"end":{"line":234,"column":5}},{"start":{},"end":{}}],"line":232},"32":{"loc":{"start":{"line":235,"column":4},"end":{"line":243,"column":5}},"type":"if","locations":[{"start":{"line":235,"column":4},"end":{"line":243,"column":5}},{"start":{},"end":{}}],"line":235},"33":{"loc":{"start":{"line":244,"column":4},"end":{"line":247,"column":5}},"type":"if","locations":[{"start":{"line":244,"column":4},"end":{"line":247,"column":5}},{"start":{},"end":{}}],"line":244},"34":{"loc":{"start":{"line":248,"column":4},"end":{"line":259,"column":5}},"type":"if","locations":[{"start":{"line":248,"column":4},"end":{"line":259,"column":5}},{"start":{},"end":{}}],"line":248},"35":{"loc":{"start":{"line":252,"column":8},"end":{"line":256,"column":9}},"type":"if","locations":[{"start":{"line":252,"column":8},"end":{"line":256,"column":9}},{"start":{"line":254,"column":15},"end":{"line":256,"column":9}}],"line":252},"36":{"loc":{"start":{"line":260,"column":4},"end":{"line":289,"column":5}},"type":"if","locations":[{"start":{"line":260,"column":4},"end":{"line":289,"column":5}},{"start":{},"end":{}}],"line":260},"37":{"loc":{"start":{"line":262,"column":6},"end":{"line":264,"column":7}},"type":"if","locations":[{"start":{"line":262,"column":6},"end":{"line":264,"column":7}},{"start":{},"end":{}}],"line":262},"38":{"loc":{"start":{"line":262,"column":10},"end":{"line":262,"column":55}},"type":"binary-expr","locations":[{"start":{"line":262,"column":10},"end":{"line":262,"column":25}},{"start":{"line":262,"column":29},"end":{"line":262,"column":55}}],"line":262},"39":{"loc":{"start":{"line":267,"column":6},"end":{"line":287,"column":7}},"type":"if","locations":[{"start":{"line":267,"column":6},"end":{"line":287,"column":7}},{"start":{"line":278,"column":13},"end":{"line":287,"column":7}}],"line":267},"40":{"loc":{"start":{"line":270,"column":10},"end":{"line":276,"column":11}},"type":"if","locations":[{"start":{"line":270,"column":10},"end":{"line":276,"column":11}},{"start":{"line":272,"column":17},"end":{"line":276,"column":11}}],"line":270},"41":{"loc":{"start":{"line":272,"column":17},"end":{"line":276,"column":11}},"type":"if","locations":[{"start":{"line":272,"column":17},"end":{"line":276,"column":11}},{"start":{"line":274,"column":17},"end":{"line":276,"column":11}}],"line":272},"42":{"loc":{"start":{"line":278,"column":13},"end":{"line":287,"column":7}},"type":"if","locations":[{"start":{"line":278,"column":13},"end":{"line":287,"column":7}},{"start":{"line":280,"column":13},"end":{"line":287,"column":7}}],"line":278},"43":{"loc":{"start":{"line":280,"column":13},"end":{"line":287,"column":7}},"type":"if","locations":[{"start":{"line":280,"column":13},"end":{"line":287,"column":7}},{"start":{"line":285,"column":13},"end":{"line":287,"column":7}}],"line":280},"44":{"loc":{"start":{"line":290,"column":4},"end":{"line":292,"column":5}},"type":"if","locations":[{"start":{"line":290,"column":4},"end":{"line":292,"column":5}},{"start":{},"end":{}}],"line":290},"45":{"loc":{"start":{"line":293,"column":4},"end":{"line":295,"column":5}},"type":"if","locations":[{"start":{"line":293,"column":4},"end":{"line":295,"column":5}},{"start":{},"end":{}}],"line":293},"46":{"loc":{"start":{"line":300,"column":16},"end":{"line":300,"column":120}},"type":"cond-expr","locations":[{"start":{"line":300,"column":37},"end":{"line":300,"column":115}},{"start":{"line":300,"column":118},"end":{"line":300,"column":120}}],"line":300},"47":{"loc":{"start":{"line":302,"column":17},"end":{"line":302,"column":59}},"type":"cond-expr","locations":[{"start":{"line":302,"column":25},"end":{"line":302,"column":54}},{"start":{"line":302,"column":57},"end":{"line":302,"column":59}}],"line":302},"48":{"loc":{"start":{"line":324,"column":16},"end":{"line":324,"column":76}},"type":"binary-expr","locations":[{"start":{"line":324,"column":16},"end":{"line":324,"column":58}},{"start":{"line":324,"column":62},"end":{"line":324,"column":76}}],"line":324},"49":{"loc":{"start":{"line":359,"column":4},"end":{"line":361,"column":5}},"type":"if","locations":[{"start":{"line":359,"column":4},"end":{"line":361,"column":5}},{"start":{},"end":{}}],"line":359},"50":{"loc":{"start":{"line":402,"column":4},"end":{"line":404,"column":5}},"type":"if","locations":[{"start":{"line":402,"column":4},"end":{"line":404,"column":5}},{"start":{},"end":{}}],"line":402},"51":{"loc":{"start":{"line":438,"column":4},"end":{"line":440,"column":5}},"type":"if","locations":[{"start":{"line":438,"column":4},"end":{"line":440,"column":5}},{"start":{},"end":{}}],"line":438},"52":{"loc":{"start":{"line":449,"column":2},"end":{"line":452,"column":3}},"type":"if","locations":[{"start":{"line":449,"column":2},"end":{"line":452,"column":3}},{"start":{},"end":{}}],"line":449},"53":{"loc":{"start":{"line":449,"column":6},"end":{"line":450,"column":46}},"type":"binary-expr","locations":[{"start":{"line":449,"column":6},"end":{"line":449,"column":31}},{"start":{"line":450,"column":4},"end":{"line":450,"column":46}}],"line":449},"54":{"loc":{"start":{"line":475,"column":2},"end":{"line":477,"column":3}},"type":"if","locations":[{"start":{"line":475,"column":2},"end":{"line":477,"column":3}},{"start":{},"end":{}}],"line":475},"55":{"loc":{"start":{"line":484,"column":2},"end":{"line":486,"column":3}},"type":"if","locations":[{"start":{"line":484,"column":2},"end":{"line":486,"column":3}},{"start":{},"end":{}}],"line":484},"56":{"loc":{"start":{"line":487,"column":2},"end":{"line":489,"column":3}},"type":"if","locations":[{"start":{"line":487,"column":2},"end":{"line":489,"column":3}},{"start":{},"end":{}}],"line":487},"57":{"loc":{"start":{"line":490,"column":2},"end":{"line":492,"column":3}},"type":"if","locations":[{"start":{"line":490,"column":2},"end":{"line":492,"column":3}},{"start":{},"end":{}}],"line":490},"58":{"loc":{"start":{"line":493,"column":2},"end":{"line":495,"column":3}},"type":"if","locations":[{"start":{"line":493,"column":2},"end":{"line":495,"column":3}},{"start":{},"end":{}}],"line":493},"59":{"loc":{"start":{"line":496,"column":2},"end":{"line":498,"column":3}},"type":"if","locations":[{"start":{"line":496,"column":2},"end":{"line":498,"column":3}},{"start":{},"end":{}}],"line":496},"60":{"loc":{"start":{"line":499,"column":2},"end":{"line":513,"column":3}},"type":"if","locations":[{"start":{"line":499,"column":2},"end":{"line":513,"column":3}},{"start":{},"end":{}}],"line":499},"61":{"loc":{"start":{"line":504,"column":8},"end":{"line":509,"column":9}},"type":"if","locations":[{"start":{"line":504,"column":8},"end":{"line":509,"column":9}},{"start":{"line":506,"column":15},"end":{"line":509,"column":9}}],"line":504},"62":{"loc":{"start":{"line":514,"column":2},"end":{"line":516,"column":3}},"type":"if","locations":[{"start":{"line":514,"column":2},"end":{"line":516,"column":3}},{"start":{},"end":{}}],"line":514},"63":{"loc":{"start":{"line":517,"column":2},"end":{"line":519,"column":3}},"type":"if","locations":[{"start":{"line":517,"column":2},"end":{"line":519,"column":3}},{"start":{},"end":{}}],"line":517},"64":{"loc":{"start":{"line":520,"column":2},"end":{"line":522,"column":3}},"type":"if","locations":[{"start":{"line":520,"column":2},"end":{"line":522,"column":3}},{"start":{},"end":{}}],"line":520},"65":{"loc":{"start":{"line":523,"column":2},"end":{"line":527,"column":3}},"type":"if","locations":[{"start":{"line":523,"column":2},"end":{"line":527,"column":3}},{"start":{},"end":{}}],"line":523},"66":{"loc":{"start":{"line":528,"column":2},"end":{"line":532,"column":3}},"type":"if","locations":[{"start":{"line":528,"column":2},"end":{"line":532,"column":3}},{"start":{},"end":{}}],"line":528},"67":{"loc":{"start":{"line":546,"column":22},"end":{"line":546,"column":41}},"type":"binary-expr","locations":[{"start":{"line":546,"column":22},"end":{"line":546,"column":36}},{"start":{"line":546,"column":40},"end":{"line":546,"column":41}}],"line":546},"68":{"loc":{"start":{"line":598,"column":4},"end":{"line":612,"column":5}},"type":"if","locations":[{"start":{"line":598,"column":4},"end":{"line":612,"column":5}},{"start":{},"end":{}}],"line":598},"69":{"loc":{"start":{"line":601,"column":6},"end":{"line":606,"column":7}},"type":"if","locations":[{"start":{"line":601,"column":6},"end":{"line":606,"column":7}},{"start":{},"end":{}}],"line":601},"70":{"loc":{"start":{"line":601,"column":10},"end":{"line":601,"column":48}},"type":"binary-expr","locations":[{"start":{"line":601,"column":10},"end":{"line":601,"column":22}},{"start":{"line":601,"column":26},"end":{"line":601,"column":48}}],"line":601},"71":{"loc":{"start":{"line":632,"column":4},"end":{"line":645,"column":5}},"type":"if","locations":[{"start":{"line":632,"column":4},"end":{"line":645,"column":5}},{"start":{"line":634,"column":11},"end":{"line":645,"column":5}}],"line":632},"72":{"loc":{"start":{"line":636,"column":8},"end":{"line":638,"column":9}},"type":"if","locations":[{"start":{"line":636,"column":8},"end":{"line":638,"column":9}},{"start":{},"end":{}}],"line":636},"73":{"loc":{"start":{"line":654,"column":4},"end":{"line":656,"column":5}},"type":"if","locations":[{"start":{"line":654,"column":4},"end":{"line":656,"column":5}},{"start":{},"end":{}}],"line":654},"74":{"loc":{"start":{"line":661,"column":4},"end":{"line":663,"column":5}},"type":"if","locations":[{"start":{"line":661,"column":4},"end":{"line":663,"column":5}},{"start":{},"end":{}}],"line":661}},"s":{"0":0,"1":0,"2":0,"3":0,"4":0,"5":0,"6":0,"7":0,"8":0,"9":0,"10":0,"11":0,"12":0,"13":0,"14":0,"15":0,"16":0,"17":0,"18":0,"19":0,"20":0,"21":0,"22":0,"23":0,"24":0,"25":0,"26":0,"27":0,"28":0,"29":0,"30":0,"31":0,"32":0,"33":0,"34":0,"35":0,"36":0,"37":0,"38":0,"39":0,"40":0,"41":0,"42":0,"43":0,"44":0,"45":0,"46":0,"47":0,"48":0,"49":0,"50":0,"51":0,"52":0,"53":0,"54":0,"55":0,"56":0,"57":0,"58":0,"59":0,"60":0,"61":0,"62":0,"63":0,"64":0,"65":0,"66":0,"67":0,"68":0,"69":0,"70":0,"71":0,"72":0,"73":0,"74":0,"75":0,"76":0,"77":0,"78":0,"79":0,"80":0,"81":0,"82":0,"83":0,"84":0,"85":0,"86":0,"87":0,"88":0,"89":0,"90":0,"91":0,"92":0,"93":0,"94":0,"95":0,"96":0,"97":0,"98":0,"99":0,"100":0,"101":0,"102":0,"103":0,"104":0,"105":0,"106":0,"107":0,"108":0,"109":0,"110":0,"111":0,"112":0,"113":0,"114":0,"115":0,"116":0,"117":0,"118":0,"119":0,"120":0,"121":0,"122":0,"123":0,"124":0,"125":0,"126":0,"127":0,"128":0,"129":0,"130":0,"131":0,"132":0,"133":0,"134":0,"135":0,"136":0,"137":0,"138":0,"139":0,"140":0,"141":0,"142":0,"143":0,"144":0,"145":0,"146":0,"147":0,"148":0,"149":0,"150":0,"151":0,"152":0,"153":0,"154":0,"155":0,"156":0,"157":0,"158":0,"159":0,"160":0,"161":0,"162":0,"163":0,"164":0,"165":0,"166":0,"167":0,"168":0,"169":0,"170":0,"171":0,"172":0,"173":0,"174":0,"175":0,"176":0,"177":0,"178":0,"179":0,"180":0,"181":0,"182":0,"183":0,"184":0,"185":0,"186":0,"187":0,"188":0,"189":0,"190":0,"191":0,"192":0,"193":0,"194":0,"195":0,"196":0,"197":0,"198":0,"199":0,"200":0,"201":0,"202":0,"203":0,"204":0,"205":0,"206":0,"207":0,"208":0,"209":0,"210":0,"211":0,"212":0,"213":0,"214":0,"215":0,"216":0,"217":0,"218":0,"219":0,"220":0,"221":0,"222":0,"223":0,"224":0,"225":0,"226":0,"227":0,"228":0,"229":0,"230":0,"231":0,"232":0,"233":0,"234":0,"235":0,"236":0,"237":0,"238":0,"239":0,"240":0,"241":0,"242":0,"243":0,"244":0,"245":0,"246":0,"247":0,"248":0,"249":0,"250":0,"251":0,"252":0,"253":0,"254":0,"255":0,"256":0,"257":0,"258":0,"259":0,"260":0,"261":0,"262":0,"263":0,"264":0,"265":0,"266":0,"267":0,"268":0,"269":0,"270":0,"271":0,"272":0,"273":0,"274":0,"275":0,"276":0,"277":0,"278":0,"279":0,"280":0,"281":0,"282":0,"283":0},"f":{"0":0,"1":0,"2":0,"3":0,"4":0,"5":0,"6":0,"7":0,"8":0,"9":0,"10":0,"11":0,"12":0,"13":0,"14":0,"15":0,"16":0,"17":0,"18":0,"19":0,"20":0,"21":0,"22":0,"23":0,"24":0,"25":0,"26":0,"27":0,"28":0,"29":0,"30":0,"31":0,"32":0,"33":0,"34":0,"35":0,"36":0,"37":0,"38":0,"39":0,"40":0,"41":0,"42":0,"43":0,"44":0,"45":0,"46":0,"47":0,"48":0,"49":0,"50":0,"51":0,"52":0,"53":0,"54":0,"55":0,"56":0,"57":0,"58":0,"59":0,"60":0,"61":0,"62":0,"63":0,"64":0},"b":{"0":[0,0],"1":[0,0],"2":[0,0],"3":[0,0],"4":[0,0],"5":[0,0],"6":[0,0],"7":[0,0],"8":[0,0],"9":[0,0],"10":[0,0],"11":[0,0],"12":[0,0],"13":[0,0],"14":[0,0],"15":[0,0],"16":[0,0],"17":[0,0],"18":[0,0],"19":[0,0],"20":[0,0],"21":[0,0],"22":[0,0],"23":[0,0],"24":[0,0],"25":[0,0],"26":[0,0],"27":[0,0],"28":[0,0],"29":[0,0],"30":[0,0],"31":[0,0],"32":[0,0],"33":[0,0],"34":[0,0],"35":[0,0],"36":[0,0],"37":[0,0],"38":[0,0],"39":[0,0],"40":[0,0],"41":[0,0],"42":[0,0],"43":[0,0],"44":[0,0],"45":[0,0],"46":[0,0],"47":[0,0],"48":[0,0],"49":[0,0],"50":[0,0],"51":[0,0],"52":[0,0],"53":[0,0],"54":[0,0],"55":[0,0],"56":[0,0],"57":[0,0],"58":[0,0],"59":[0,0],"60":[0,0],"61":[0,0],"62":[0,0],"63":[0,0],"64":[0,0],"65":[0,0],"66":[0,0],"67":[0,0],"68":[0,0],"69":[0,0],"70":[0,0],"71":[0,0],"72":[0,0],"73":[0,0],"74":[0,0]}}
,"/Users/lm/Desktop/integra/integra-markets/app/venv/lib/python3.13/site-packages/urllib3/contrib/emscripten/emscripten_fetch_worker.js": {"path":"/Users/lm/Desktop/integra/integra-markets/app/venv/lib/python3.13/site-packages/urllib3/contrib/emscripten/emscripten_fetch_worker.js","statementMap":{"0":{"start":{"line":1,"column":13},"end":{"line":6,"column":1}},"1":{"start":{"line":8,"column":18},"end":{"line":8,"column":20}},"2":{"start":{"line":9,"column":23},"end":{"line":9,"column":24}},"3":{"start":{"line":10,"column":16},"end":{"line":10,"column":33}},"4":{"start":{"line":12,"column":0},"end":{"line":109,"column":3}},"5":{"start":{"line":13,"column":2},"end":{"line":108,"column":3}},"6":{"start":{"line":14,"column":23},"end":{"line":14,"column":39}},"7":{"start":{"line":15,"column":4},"end":{"line":15,"column":37}},"8":{"start":{"line":16,"column":4},"end":{"line":16,"column":11}},"9":{"start":{"line":17,"column":9},"end":{"line":108,"column":3}},"10":{"start":{"line":18,"column":23},"end":{"line":18,"column":41}},"11":{"start":{"line":20,"column":6},"end":{"line":20,"column":31}},"12":{"start":{"line":22,"column":4},"end":{"line":48,"column":5}},"13":{"start":{"line":24,"column":6},"end":{"line":47,"column":7}},"14":{"start":{"line":25,"column":27},"end":{"line":25,"column":46}},"15":{"start":{"line":27,"column":8},"end":{"line":35,"column":9}},"16":{"start":{"line":29,"column":10},"end":{"line":29,"column":43}},"17":{"start":{"line":30,"column":10},"end":{"line":30,"column":58}},"18":{"start":{"line":31,"column":10},"end":{"line":31,"column":39}},"19":{"start":{"line":34,"column":10},"end":{"line":34,"column":17}},"20":{"start":{"line":36,"column":8},"end":{"line":36,"column":22}},"21":{"start":{"line":37,"column":8},"end":{"line":37,"column":61}},"22":{"start":{"line":38,"column":8},"end":{"line":38,"column":35}},"23":{"start":{"line":40,"column":8},"end":{"line":40,"column":49}},"24":{"start":{"line":41,"column":25},"end":{"line":41,"column":54}},"25":{"start":{"line":42,"column":22},"end":{"line":42,"column":39}},"26":{"start":{"line":43,"column":8},"end":{"line":43,"column":35}},"27":{"start":{"line":44,"column":8},"end":{"line":44,"column":31}},"28":{"start":{"line":45,"column":8},"end":{"line":45,"column":60}},"29":{"start":{"line":46,"column":8},"end":{"line":46,"column":37}},"30":{"start":{"line":51,"column":17},"end":{"line":51,"column":41}},"31":{"start":{"line":52,"column":4},"end":{"line":54,"column":5}},"32":{"start":{"line":53,"column":6},"end":{"line":53,"column":33}},"33":{"start":{"line":55,"column":4},"end":{"line":55,"column":69}},"34":{"start":{"line":57,"column":4},"end":{"line":57,"column":40}},"35":{"start":{"line":58,"column":4},"end":{"line":58,"column":33}},"36":{"start":{"line":59,"column":4},"end":{"line":59,"column":24}},"37":{"start":{"line":60,"column":4},"end":{"line":60,"column":52}},"38":{"start":{"line":62,"column":4},"end":{"line":62,"column":11}},"39":{"start":{"line":65,"column":23},"end":{"line":65,"column":39}},"40":{"start":{"line":66,"column":4},"end":{"line":66,"column":26}},"41":{"start":{"line":67,"column":22},"end":{"line":67,"column":55}},"42":{"start":{"line":68,"column":23},"end":{"line":68,"column":59}},"43":{"start":{"line":69,"column":4},"end":{"line":107,"column":5}},"44":{"start":{"line":70,"column":23},"end":{"line":70,"column":74}},"45":{"start":{"line":72,"column":20},"end":{"line":72,"column":22}},"46":{"start":{"line":73,"column":6},"end":{"line":75,"column":7}},"47":{"start":{"line":74,"column":8},"end":{"line":74,"column":41}},"48":{"start":{"line":76,"column":22},"end":{"line":80,"column":7}},"49":{"start":{"line":81,"column":25},"end":{"line":81,"column":50}},"50":{"start":{"line":82,"column":24},"end":{"line":82,"column":50}},"51":{"start":{"line":83,"column":20},"end":{"line":83,"column":38}},"52":{"start":{"line":84,"column":6},"end":{"line":84,"column":34}},"53":{"start":{"line":85,"column":6},"end":{"line":85,"column":29}},"54":{"start":{"line":87,"column":6},"end":{"line":93,"column":8}},"55":{"start":{"line":95,"column":6},"end":{"line":95,"column":57}},"56":{"start":{"line":96,"column":6},"end":{"line":96,"column":35}},"57":{"start":{"line":100,"column":6},"end":{"line":100,"column":47}},"58":{"start":{"line":101,"column":23},"end":{"line":101,"column":52}},"59":{"start":{"line":102,"column":20},"end":{"line":102,"column":37}},"60":{"start":{"line":103,"column":6},"end":{"line":103,"column":33}},"61":{"start":{"line":104,"column":6},"end":{"line":104,"column":29}},"62":{"start":{"line":105,"column":6},"end":{"line":105,"column":58}},"63":{"start":{"line":106,"column":6},"end":{"line":106,"column":35}},"64":{"start":{"line":110,"column":0},"end":{"line":110,"column":35}}},"fnMap":{"0":{"name":"(anonymous_0)","decl":{"start":{"line":12,"column":33},"end":{"line":12,"column":34}},"loc":{"start":{"line":12,"column":56},"end":{"line":109,"column":1}},"line":12}},"branchMap":{"0":{"loc":{"start":{"line":13,"column":2},"end":{"line":108,"column":3}},"type":"if","locations":[{"start":{"line":13,"column":2},"end":{"line":108,"column":3}},{"start":{"line":17,"column":9},"end":{"line":108,"column":3}}],"line":13},"1":{"loc":{"start":{"line":17,"column":9},"end":{"line":108,"column":3}},"type":"if","locations":[{"start":{"line":17,"column":9},"end":{"line":108,"column":3}},{"start":{"line":63,"column":9},"end":{"line":108,"column":3}}],"line":17},"2":{"loc":{"start":{"line":22,"column":4},"end":{"line":48,"column":5}},"type":"if","locations":[{"start":{"line":22,"column":4},"end":{"line":48,"column":5}},{"start":{},"end":{}}],"line":22},"3":{"loc":{"start":{"line":22,"column":8},"end":{"line":22,"column":43}},"type":"binary-expr","locations":[{"start":{"line":22,"column":8},"end":{"line":22,"column":14}},{"start":{"line":22,"column":18},"end":{"line":22,"column":43}}],"line":22},"4":{"loc":{"start":{"line":27,"column":8},"end":{"line":35,"column":9}},"type":"if","locations":[{"start":{"line":27,"column":8},"end":{"line":35,"column":9}},{"start":{},"end":{}}],"line":27},"5":{"loc":{"start":{"line":52,"column":4},"end":{"line":54,"column":5}},"type":"if","locations":[{"start":{"line":52,"column":4},"end":{"line":54,"column":5}},{"start":{},"end":{}}],"line":52}},"s":{"0":0,"1":0,"2":0,"3":0,"4":0,"5":0,"6":0,"7":0,"8":0,"9":0,"10":0,"11":0,"12":0,"13":0,"14":0,"15":0,"16":0,"17":0,"18":0,"19":0,"20":0,"21":0,"22":0,"23":0,"24":0,"25":0,"26":0,"27":0,"28":0,"29":0,"30":0,"31":0,"32":0,"33":0,"34":0,"35":0,"36":0,"37":0,"38":0,"39":0,"40":0,"41":0,"42":0,"43":0,"44":0,"45":0,"46":0,"47":0,"48":0,"49":0,"50":0,"51":0,"52":0,"53":0,"54":0,"55":0,"56":0,"57":0,"58":0,"59":0,"60":0,"61":0,"62":0,"63":0,"64":0},"f":{"0":0},"b":{"0":[0,0],"1":[0,0],"2":[0,0],"3":[0,0],"4":[0,0],"5":[0,0]}}
}
