TN:
SF:app/App.desktop-integration.js
FN:18,App
FN:30,(anonymous_1)
FN:31,(anonymous_2)
FN:36,(anonymous_3)
FN:39,(anonymous_4)
FN:43,(anonymous_5)
FN:54,(anonymous_6)
FN:67,(anonymous_7)
FN:73,(anonymous_8)
FN:81,(anonymous_9)
FN:85,(anonymous_10)
FN:91,(anonymous_11)
FN:96,(anonymous_12)
FN:106,(anonymous_13)
FN:111,(anonymous_14)
FN:119,(anonymous_15)
FN:176,(anonymous_16)
FNF:17
FNH:0
FNDA:0,App
FNDA:0,(anonymous_1)
FNDA:0,(anonymous_2)
FNDA:0,(anonymous_3)
FNDA:0,(anonymous_4)
FNDA:0,(anonymous_5)
FNDA:0,(anonymous_6)
FNDA:0,(anonymous_7)
FNDA:0,(anonymous_8)
FNDA:0,(anonymous_9)
FNDA:0,(anonymous_10)
FNDA:0,(anonymous_11)
FNDA:0,(anonymous_12)
FNDA:0,(anonymous_13)
FNDA:0,(anonymous_14)
FNDA:0,(anonymous_15)
FNDA:0,(anonymous_16)
DA:19,0
DA:20,0
DA:21,0
DA:22,0
DA:23,0
DA:24,0
DA:25,0
DA:28,0
DA:30,0
DA:31,0
DA:32,0
DA:35,0
DA:36,0
DA:39,0
DA:40,0
DA:43,0
DA:44,0
DA:46,0
DA:47,0
DA:49,0
DA:50,0
DA:54,0
DA:55,0
DA:57,0
DA:58,0
DA:62,0
DA:63,0
DA:67,0
DA:70,0
DA:73,0
DA:74,0
DA:81,0
DA:82,0
DA:85,0
DA:86,0
DA:87,0
DA:88,0
DA:91,0
DA:92,0
DA:93,0
DA:96,0
DA:97,0
DA:98,0
DA:99,0
DA:100,0
DA:102,0
DA:103,0
DA:106,0
DA:107,0
DA:108,0
DA:111,0
DA:112,0
DA:113,0
DA:114,0
DA:116,0
DA:119,0
DA:120,0
DA:124,0
DA:125,0
DA:129,0
DA:130,0
DA:139,0
DA:140,0
DA:151,0
DA:152,0
DA:162,0
DA:163,0
DA:172,0
DA:176,0
LF:69
LH:0
BRDA:28,0,0,0
BRDA:28,0,1,0
BRDA:49,1,0,0
BRDA:49,1,1,0
BRDA:57,2,0,0
BRDA:57,2,1,0
BRDA:74,3,0,0
BRDA:74,3,1,0
BRDA:124,4,0,0
BRDA:124,4,1,0
BRDA:129,5,0,0
BRDA:129,5,1,0
BRDA:139,6,0,0
BRDA:139,6,1,0
BRDA:151,7,0,0
BRDA:151,7,1,0
BRDA:162,8,0,0
BRDA:162,8,1,0
BRDA:167,9,0,0
BRDA:167,9,1,0
BRF:20
BRH:0
end_of_record
TN:
SF:app/App.js
FNF:0
FNH:0
LF:0
LH:0
BRF:0
BRH:0
end_of_record
TN:
SF:app/SafeAppWrapper.js
FN:5,SafeAppWrapper
FNF:1
FNH:0
FNDA:0,SafeAppWrapper
DA:6,0
DA:16,0
LF:2
LH:0
BRF:0
BRH:0
end_of_record
TN:
SF:app/debug_notifications.js
FN:5,debugNotificationPermissions
FN:43,testRequestPermissions
FNF:2
FNH:0
FNDA:0,debugNotificationPermissions
FNDA:0,testRequestPermissions
DA:6,0
DA:7,0
DA:9,0
DA:11,0
DA:12,0
DA:15,0
DA:16,0
DA:17,0
DA:18,0
DA:19,0
DA:21,0
DA:26,0
DA:27,0
DA:28,0
DA:29,0
DA:31,0
DA:36,0
DA:39,0
DA:44,0
DA:46,0
DA:47,0
DA:60,0
DA:61,0
DA:63,0
DA:64,0
LF:25
LH:0
BRDA:15,0,0,0
BRDA:15,0,1,0
BRDA:26,1,0,0
BRDA:26,1,1,0
BRF:4
BRH:0
end_of_record
TN:
SF:app/layout.tsx
FN:13,RootLayout
FNF:1
FNH:0
FNDA:0,RootLayout
DA:7,0
DA:18,0
LF:2
LH:0
BRF:0
BRH:0
end_of_record
TN:
SF:app/page.tsx
FN:5,Page
FNF:1
FNH:0
FNDA:0,Page
DA:6,0
LF:1
LH:0
BRF:0
BRH:0
end_of_record
TN:
SF:app/(tabs)/alerts.js
FN:32,AlertsScreen
FN:51,(anonymous_1)
FN:52,(anonymous_2)
FN:109,(anonymous_3)
FN:118,(anonymous_4)
FN:127,(anonymous_5)
FN:135,(anonymous_6)
FN:150,(anonymous_7)
FN:169,(anonymous_8)
FN:183,(anonymous_9)
FN:195,(anonymous_10)
FN:212,(anonymous_11)
FN:228,(anonymous_12)
FN:244,(anonymous_13)
FN:361,(anonymous_14)
FN:373,(anonymous_15)
FN:377,(anonymous_16)
FN:407,(anonymous_17)
FN:416,(anonymous_18)
FN:425,(anonymous_19)
FNF:20
FNH:0
FNDA:0,AlertsScreen
FNDA:0,(anonymous_1)
FNDA:0,(anonymous_2)
FNDA:0,(anonymous_3)
FNDA:0,(anonymous_4)
FNDA:0,(anonymous_5)
FNDA:0,(anonymous_6)
FNDA:0,(anonymous_7)
FNDA:0,(anonymous_8)
FNDA:0,(anonymous_9)
FNDA:0,(anonymous_10)
FNDA:0,(anonymous_11)
FNDA:0,(anonymous_12)
FNDA:0,(anonymous_13)
FNDA:0,(anonymous_14)
FNDA:0,(anonymous_15)
FNDA:0,(anonymous_16)
FNDA:0,(anonymous_17)
FNDA:0,(anonymous_18)
FNDA:0,(anonymous_19)
DA:21,0
DA:33,0
DA:34,0
DA:35,0
DA:36,0
DA:39,0
DA:48,0
DA:51,0
DA:52,0
DA:53,0
DA:55,0
DA:56,0
DA:59,0
DA:60,0
DA:61,0
DA:62,0
DA:72,0
DA:74,0
DA:75,0
DA:79,0
DA:82,0
DA:109,0
DA:110,0
DA:111,0
DA:112,0
DA:113,0
DA:114,0
DA:118,0
DA:119,0
DA:120,0
DA:121,0
DA:122,0
DA:123,0
DA:127,0
DA:128,0
DA:135,0
DA:136,0
DA:143,0
DA:150,0
DA:170,0
DA:172,0
DA:173,0
DA:174,0
DA:175,0
DA:178,0
DA:183,0
DA:187,0
DA:189,0
DA:190,0
DA:195,0
DA:213,0
DA:214,0
DA:229,0
DA:230,0
DA:245,0
DA:246,0
DA:361,0
DA:374,0
DA:377,0
DA:407,0
DA:416,0
DA:425,0
DA:437,0
LF:63
LH:0
BRDA:60,0,0,0
BRDA:60,0,1,0
BRDA:63,1,0,0
BRDA:63,1,1,0
BRDA:64,2,0,0
BRDA:64,2,1,0
BRDA:65,3,0,0
BRDA:65,3,1,0
BRDA:66,4,0,0
BRDA:66,4,1,0
BRDA:67,5,0,0
BRDA:67,5,1,0
BRDA:68,6,0,0
BRDA:68,6,1,0
BRDA:69,7,0,0
BRDA:69,7,1,0
BRDA:110,8,0,0
BRDA:110,8,1,0
BRDA:110,8,2,0
BRDA:110,8,3,0
BRDA:119,9,0,0
BRDA:119,9,1,0
BRDA:119,9,2,0
BRDA:119,9,3,0
BRDA:139,10,0,0
BRDA:139,10,1,0
BRDA:170,11,0,0
BRDA:170,11,1,0
BRDA:170,12,0,0
BRDA:170,12,1,0
BRDA:173,13,0,0
BRDA:173,13,1,0
BRDA:187,14,0,0
BRDA:187,14,1,0
BRDA:259,15,0,0
BRDA:259,15,1,0
BRDA:270,16,0,0
BRDA:270,16,1,0
BRDA:284,17,0,0
BRDA:284,17,1,0
BRDA:298,18,0,0
BRDA:298,18,1,0
BRDA:312,19,0,0
BRDA:312,19,1,0
BRDA:326,20,0,0
BRDA:326,20,1,0
BRF:46
BRH:0
end_of_record
TN:
SF:app/ai-analysis-preview/page.tsx
FN:46,NewsCard
FN:84,AIAnalysisOverlay
FN:167,(anonymous_2)
FN:196,(anonymous_3)
FN:217,AIAnalysisPreview
FN:264,(anonymous_5)
FN:286,(anonymous_6)
FNF:7
FNH:0
FNDA:0,NewsCard
FNDA:0,AIAnalysisOverlay
FNDA:0,(anonymous_2)
FNDA:0,(anonymous_3)
FNDA:0,AIAnalysisPreview
FNDA:0,(anonymous_5)
FNDA:0,(anonymous_6)
DA:7,0
DA:20,0
DA:47,0
DA:85,0
DA:87,0
DA:168,0
DA:197,0
DA:218,0
DA:220,0
DA:264,0
DA:286,0
LF:11
LH:0
BRDA:85,0,0,0
BRDA:85,0,1,0
BRF:2
BRH:0
end_of_record
TN:
SF:app/auth/callback/route.ts
FN:4,GET
FNF:1
FNH:0
FNDA:0,GET
DA:5,0
DA:6,0
DA:8,0
DA:10,0
DA:12,0
DA:15,0
DA:16,0
DA:17,0
DA:18,0
DA:19,0
DA:20,0
DA:21,0
DA:23,0
DA:24,0
DA:25,0
DA:27,0
DA:33,0
LF:17
LH:0
BRDA:8,0,0,0
BRDA:8,0,1,0
BRDA:10,1,0,0
BRDA:10,1,1,0
BRDA:15,2,0,0
BRDA:15,2,1,0
BRDA:18,3,0,0
BRDA:18,3,1,0
BRDA:21,4,0,0
BRDA:21,4,1,0
BRDA:24,5,0,0
BRDA:24,5,1,0
BRF:12
BRH:0
end_of_record
TN:
SF:app/components/AIAnalysisOverlay.tsx
FN:23,(anonymous_0)
FN:32,(anonymous_1)
FN:38,(anonymous_2)
FN:60,(anonymous_3)
FN:66,(anonymous_4)
FN:96,(anonymous_5)
FN:101,(anonymous_6)
FN:105,(anonymous_7)
FN:106,(anonymous_8)
FN:132,(anonymous_9)
FN:140,(anonymous_10)
FN:163,(anonymous_11)
FN:193,(anonymous_12)
FN:208,(anonymous_13)
FN:255,(anonymous_14)
FN:256,(anonymous_15)
FN:275,(anonymous_16)
FN:300,(anonymous_17)
FN:301,(anonymous_18)
FN:308,(anonymous_19)
FN:319,(anonymous_20)
FN:333,(anonymous_21)
FN:341,(anonymous_22)
FNF:23
FNH:0
FNDA:0,(anonymous_0)
FNDA:0,(anonymous_1)
FNDA:0,(anonymous_2)
FNDA:0,(anonymous_3)
FNDA:0,(anonymous_4)
FNDA:0,(anonymous_5)
FNDA:0,(anonymous_6)
FNDA:0,(anonymous_7)
FNDA:0,(anonymous_8)
FNDA:0,(anonymous_9)
FNDA:0,(anonymous_10)
FNDA:0,(anonymous_11)
FNDA:0,(anonymous_12)
FNDA:0,(anonymous_13)
FNDA:0,(anonymous_14)
FNDA:0,(anonymous_15)
FNDA:0,(anonymous_16)
FNDA:0,(anonymous_17)
FNDA:0,(anonymous_18)
FNDA:0,(anonymous_19)
FNDA:0,(anonymous_20)
FNDA:0,(anonymous_21)
FNDA:0,(anonymous_22)
DA:23,0
DA:24,0
DA:25,0
DA:26,0
DA:27,0
DA:29,0
DA:32,0
DA:33,0
DA:34,0
DA:38,0
DA:39,0
DA:41,0
DA:42,0
DA:43,0
DA:44,0
DA:46,0
DA:48,0
DA:56,0
DA:60,0
DA:61,0
DA:63,0
DA:64,0
DA:66,0
DA:67,0
DA:68,0
DA:69,0
DA:73,0
DA:86,0
DA:89,0
DA:90,0
DA:94,0
DA:96,0
DA:97,0
DA:98,0
DA:101,0
DA:102,0
DA:104,0
DA:105,0
DA:106,0
DA:108,0
DA:112,0
DA:113,0
DA:132,0
DA:133,0
DA:140,0
DA:141,0
DA:146,0
DA:163,0
DA:193,0
DA:208,0
DA:255,0
DA:256,0
DA:275,0
DA:300,0
DA:301,0
DA:309,0
DA:319,0
DA:333,0
DA:341,0
DA:368,0
LF:60
LH:0
BRDA:29,0,0,0
BRDA:29,0,1,0
BRDA:33,1,0,0
BRDA:33,1,1,0
BRDA:33,2,0,0
BRDA:33,2,1,0
BRDA:39,3,0,0
BRDA:39,3,1,0
BRDA:49,4,0,0
BRDA:49,4,1,0
BRDA:61,5,0,0
BRDA:61,5,1,0
BRDA:64,6,0,0
BRDA:64,6,1,0
BRDA:67,7,0,0
BRDA:67,7,1,0
BRDA:77,8,0,0
BRDA:77,8,1,0
BRDA:78,9,0,0
BRDA:78,9,1,0
BRDA:79,10,0,0
BRDA:79,10,1,0
BRDA:94,11,0,0
BRDA:94,11,1,0
BRDA:102,12,0,0
BRDA:102,12,1,0
BRDA:105,13,0,0
BRDA:105,13,1,0
BRDA:106,14,0,0
BRDA:106,14,1,0
BRDA:112,15,0,0
BRDA:112,15,1,0
BRDA:112,16,0,0
BRDA:112,16,1,0
BRDA:169,17,0,0
BRDA:169,17,1,0
BRDA:171,18,0,0
BRDA:171,18,1,0
BRDA:328,19,0,0
BRDA:328,19,1,0
BRDA:349,20,0,0
BRDA:349,20,1,0
BRDA:373,21,0,0
BRDA:373,21,1,0
BRDA:379,22,0,0
BRDA:379,22,1,0
BRDA:395,23,0,0
BRDA:395,23,1,0
BRDA:576,24,0,0
BRDA:576,24,1,0
BRDA:584,25,0,0
BRDA:584,25,1,0
BRF:52
BRH:0
end_of_record
TN:
SF:app/components/AIChatInterface.backup.js
FN:20,(anonymous_0)
FN:32,(anonymous_1)
FN:36,(anonymous_2)
FN:67,(anonymous_3)
FN:70,(anonymous_4)
FN:88,(anonymous_5)
FN:103,(anonymous_6)
FN:140,AIChatInterface
FN:183,(anonymous_8)
FN:200,(anonymous_9)
FN:211,(anonymous_10)
FN:229,(anonymous_11)
FN:248,(anonymous_12)
FN:262,(anonymous_13)
FN:263,(anonymous_14)
FN:277,(anonymous_15)
FN:278,(anonymous_16)
FN:290,(anonymous_17)
FN:306,(anonymous_18)
FN:317,(anonymous_19)
FN:330,(anonymous_20)
FN:331,(anonymous_21)
FN:333,(anonymous_22)
FN:352,(anonymous_23)
FN:362,(anonymous_24)
FN:384,(anonymous_25)
FN:406,(anonymous_26)
FN:410,(anonymous_27)
FN:443,(anonymous_28)
FNF:29
FNH:0
FNDA:0,(anonymous_0)
FNDA:0,(anonymous_1)
FNDA:0,(anonymous_2)
FNDA:0,(anonymous_3)
FNDA:0,(anonymous_4)
FNDA:0,(anonymous_5)
FNDA:0,(anonymous_6)
FNDA:0,AIChatInterface
FNDA:0,(anonymous_8)
FNDA:0,(anonymous_9)
FNDA:0,(anonymous_10)
FNDA:0,(anonymous_11)
FNDA:0,(anonymous_12)
FNDA:0,(anonymous_13)
FNDA:0,(anonymous_14)
FNDA:0,(anonymous_15)
FNDA:0,(anonymous_16)
FNDA:0,(anonymous_17)
FNDA:0,(anonymous_18)
FNDA:0,(anonymous_19)
FNDA:0,(anonymous_20)
FNDA:0,(anonymous_21)
FNDA:0,(anonymous_22)
FNDA:0,(anonymous_23)
FNDA:0,(anonymous_24)
FNDA:0,(anonymous_25)
FNDA:0,(anonymous_26)
FNDA:0,(anonymous_27)
FNDA:0,(anonymous_28)
DA:20,0
DA:21,0
DA:33,0
DA:36,0
DA:67,0
DA:68,0
DA:70,0
DA:71,0
DA:72,0
DA:75,0
DA:76,0
DA:89,0
DA:101,0
DA:102,0
DA:103,0
DA:124,0
DA:127,0
DA:141,0
DA:142,0
DA:143,0
DA:144,0
DA:145,0
DA:146,0
DA:147,0
DA:148,0
DA:150,0
DA:183,0
DA:185,0
DA:193,0
DA:200,0
DA:201,0
DA:203,0
DA:211,0
DA:212,0
DA:213,0
DA:215,0
DA:218,0
DA:220,0
DA:228,0
DA:229,0
DA:239,0
DA:248,0
DA:251,0
DA:252,0
DA:259,0
DA:261,0
DA:262,0
DA:263,0
DA:268,0
DA:270,0
DA:276,0
DA:277,0
DA:278,0
DA:290,0
DA:300,0
DA:306,0
DA:316,0
DA:317,0
DA:325,0
DA:326,0
DA:330,0
DA:331,0
DA:332,0
DA:333,0
DA:338,0
DA:345,0
DA:352,0
DA:363,0
DA:364,0
DA:365,0
DA:385,0
DA:407,0
DA:410,0
DA:443,0
DA:452,0
LF:75
LH:0
BRDA:42,0,0,0
BRDA:42,0,1,0
BRDA:50,1,0,0
BRDA:50,1,1,0
BRDA:52,2,0,0
BRDA:52,2,1,0
BRDA:71,3,0,0
BRDA:71,3,1,0
BRDA:75,4,0,0
BRDA:75,4,1,0
BRDA:79,5,0,0
BRDA:79,5,1,0
BRDA:85,6,0,0
BRDA:85,6,1,0
BRDA:101,7,0,0
BRDA:101,7,1,0
BRDA:108,8,0,0
BRDA:108,8,1,0
BRDA:113,9,0,0
BRDA:113,9,1,0
BRDA:130,10,0,0
BRDA:130,10,1,0
BRDA:140,11,0,0
BRDA:188,12,0,0
BRDA:188,12,1,0
BRDA:201,13,0,0
BRDA:201,13,1,0
BRDA:218,14,0,0
BRDA:218,14,1,0
BRDA:228,15,0,0
BRDA:228,15,1,0
BRDA:242,16,0,0
BRDA:242,16,1,0
BRDA:251,17,0,0
BRDA:251,17,1,0
BRDA:251,18,0,0
BRDA:251,18,1,0
BRDA:259,19,0,0
BRDA:259,19,1,0
BRDA:264,20,0,0
BRDA:264,20,1,0
BRDA:276,21,0,0
BRDA:276,21,1,0
BRDA:276,22,0,0
BRDA:276,22,1,0
BRDA:309,23,0,0
BRDA:309,23,1,0
BRDA:332,24,0,0
BRDA:332,24,1,0
BRDA:339,25,0,0
BRDA:339,25,1,0
BRDA:340,26,0,0
BRDA:340,26,1,0
BRDA:341,27,0,0
BRDA:341,27,1,0
BRDA:342,28,0,0
BRDA:342,28,1,0
BRDA:369,29,0,0
BRDA:369,29,1,0
BRDA:369,30,0,0
BRDA:369,30,1,0
BRDA:392,31,0,0
BRDA:392,31,1,0
BRDA:400,32,0,0
BRDA:400,32,1,0
BRDA:419,33,0,0
BRDA:419,33,1,0
BRDA:433,34,0,0
BRDA:433,34,1,0
BRDA:575,35,0,0
BRDA:575,35,1,0
BRF:71
BRH:0
end_of_record
TN:
SF:app/components/AIChatInterface.js
FN:25,(anonymous_0)
FN:37,(anonymous_1)
FN:41,(anonymous_2)
FN:72,(anonymous_3)
FN:76,(anonymous_4)
FN:80,(anonymous_5)
FN:86,(anonymous_6)
FN:119,(anonymous_7)
FN:126,(anonymous_8)
FN:163,AIChatInterface
FN:208,(anonymous_10)
FN:225,(anonymous_11)
FN:243,(anonymous_12)
FN:263,(anonymous_13)
FN:282,(anonymous_14)
FN:296,(anonymous_15)
FN:297,(anonymous_16)
FN:311,(anonymous_17)
FN:312,(anonymous_18)
FN:324,(anonymous_19)
FN:340,(anonymous_20)
FN:351,(anonymous_21)
FN:364,(anonymous_22)
FN:365,(anonymous_23)
FN:367,(anonymous_24)
FN:386,(anonymous_25)
FN:396,(anonymous_26)
FN:412,(anonymous_27)
FN:429,(anonymous_28)
FN:465,(anonymous_29)
FN:469,(anonymous_30)
FN:523,(anonymous_31)
FNF:32
FNH:0
FNDA:0,(anonymous_0)
FNDA:0,(anonymous_1)
FNDA:0,(anonymous_2)
FNDA:0,(anonymous_3)
FNDA:0,(anonymous_4)
FNDA:0,(anonymous_5)
FNDA:0,(anonymous_6)
FNDA:0,(anonymous_7)
FNDA:0,(anonymous_8)
FNDA:0,AIChatInterface
FNDA:0,(anonymous_10)
FNDA:0,(anonymous_11)
FNDA:0,(anonymous_12)
FNDA:0,(anonymous_13)
FNDA:0,(anonymous_14)
FNDA:0,(anonymous_15)
FNDA:0,(anonymous_16)
FNDA:0,(anonymous_17)
FNDA:0,(anonymous_18)
FNDA:0,(anonymous_19)
FNDA:0,(anonymous_20)
FNDA:0,(anonymous_21)
FNDA:0,(anonymous_22)
FNDA:0,(anonymous_23)
FNDA:0,(anonymous_24)
FNDA:0,(anonymous_25)
FNDA:0,(anonymous_26)
FNDA:0,(anonymous_27)
FNDA:0,(anonymous_28)
FNDA:0,(anonymous_29)
FNDA:0,(anonymous_30)
FNDA:0,(anonymous_31)
DA:25,0
DA:26,0
DA:38,0
DA:41,0
DA:72,0
DA:73,0
DA:74,0
DA:76,0
DA:77,0
DA:78,0
DA:79,0
DA:80,0
DA:82,0
DA:86,0
DA:87,0
DA:89,0
DA:90,0
DA:91,0
DA:94,0
DA:112,0
DA:114,0
DA:119,0
DA:124,0
DA:125,0
DA:126,0
DA:147,0
DA:150,0
DA:164,0
DA:165,0
DA:166,0
DA:167,0
DA:168,0
DA:169,0
DA:170,0
DA:171,0
DA:172,0
DA:173,0
DA:175,0
DA:208,0
DA:210,0
DA:218,0
DA:225,0
DA:226,0
DA:228,0
DA:229,0
DA:230,0
DA:231,0
DA:232,0
DA:235,0
DA:243,0
DA:244,0
DA:245,0
DA:247,0
DA:249,0
DA:252,0
DA:254,0
DA:262,0
DA:263,0
DA:273,0
DA:282,0
DA:285,0
DA:286,0
DA:293,0
DA:295,0
DA:296,0
DA:297,0
DA:302,0
DA:304,0
DA:310,0
DA:311,0
DA:312,0
DA:324,0
DA:334,0
DA:340,0
DA:350,0
DA:351,0
DA:359,0
DA:360,0
DA:364,0
DA:365,0
DA:366,0
DA:367,0
DA:372,0
DA:379,0
DA:386,0
DA:397,0
DA:398,0
DA:399,0
DA:412,0
DA:430,0
DA:466,0
DA:469,0
DA:523,0
DA:532,0
LF:94
LH:0
BRDA:47,0,0,0
BRDA:47,0,1,0
BRDA:55,1,0,0
BRDA:55,1,1,0
BRDA:57,2,0,0
BRDA:57,2,1,0
BRDA:87,3,0,0
BRDA:87,3,1,0
BRDA:89,4,0,0
BRDA:89,4,1,0
BRDA:89,5,0,0
BRDA:89,5,1,0
BRDA:97,6,0,0
BRDA:97,6,1,0
BRDA:101,7,0,0
BRDA:101,7,1,0
BRDA:103,8,0,0
BRDA:103,8,1,0
BRDA:112,9,0,0
BRDA:112,9,1,0
BRDA:124,10,0,0
BRDA:124,10,1,0
BRDA:131,11,0,0
BRDA:131,11,1,0
BRDA:136,12,0,0
BRDA:136,12,1,0
BRDA:153,13,0,0
BRDA:153,13,1,0
BRDA:163,14,0,0
BRDA:163,15,0,0
BRDA:213,16,0,0
BRDA:213,16,1,0
BRDA:226,17,0,0
BRDA:226,17,1,0
BRDA:226,18,0,0
BRDA:226,18,1,0
BRDA:226,18,2,0
BRDA:228,19,0,0
BRDA:228,19,1,0
BRDA:228,20,0,0
BRDA:228,20,1,0
BRDA:252,21,0,0
BRDA:252,21,1,0
BRDA:262,22,0,0
BRDA:262,22,1,0
BRDA:276,23,0,0
BRDA:276,23,1,0
BRDA:285,24,0,0
BRDA:285,24,1,0
BRDA:285,25,0,0
BRDA:285,25,1,0
BRDA:293,26,0,0
BRDA:293,26,1,0
BRDA:298,27,0,0
BRDA:298,27,1,0
BRDA:310,28,0,0
BRDA:310,28,1,0
BRDA:310,29,0,0
BRDA:310,29,1,0
BRDA:343,30,0,0
BRDA:343,30,1,0
BRDA:366,31,0,0
BRDA:366,31,1,0
BRDA:380,32,0,0
BRDA:380,32,1,0
BRDA:381,33,0,0
BRDA:381,33,1,0
BRDA:382,34,0,0
BRDA:382,34,1,0
BRDA:403,35,0,0
BRDA:403,35,1,0
BRDA:403,36,0,0
BRDA:403,36,1,0
BRDA:405,37,0,0
BRDA:405,37,1,0
BRDA:407,38,0,0
BRDA:407,38,1,0
BRDA:415,39,0,0
BRDA:415,39,1,0
BRDA:417,40,0,0
BRDA:417,40,1,0
BRDA:437,41,0,0
BRDA:437,41,1,0
BRDA:448,42,0,0
BRDA:448,42,1,0
BRDA:451,43,0,0
BRDA:451,43,1,0
BRDA:459,44,0,0
BRDA:459,44,1,0
BRDA:478,45,0,0
BRDA:478,45,1,0
BRDA:483,46,0,0
BRDA:483,46,1,0
BRDA:493,47,0,0
BRDA:493,47,1,0
BRDA:502,48,0,0
BRDA:502,48,1,0
BRDA:503,49,0,0
BRDA:503,49,1,0
BRDA:503,49,2,0
BRDA:506,50,0,0
BRDA:506,50,1,0
BRDA:509,51,0,0
BRDA:509,51,1,0
BRDA:668,52,0,0
BRDA:668,52,1,0
BRF:106
BRH:0
end_of_record
TN:
SF:app/components/AILoadingText.js
FN:12,(anonymous_0)
FN:22,(anonymous_1)
FN:23,(anonymous_2)
FN:24,(anonymous_3)
FN:27,(anonymous_4)
FN:30,(anonymous_5)
FNF:6
FNH:0
FNDA:0,(anonymous_0)
FNDA:0,(anonymous_1)
FNDA:0,(anonymous_2)
FNDA:0,(anonymous_3)
FNDA:0,(anonymous_4)
FNDA:0,(anonymous_5)
DA:4,0
DA:12,0
DA:18,0
DA:19,0
DA:20,0
DA:22,0
DA:23,0
DA:24,0
DA:27,0
DA:30,0
DA:31,0
DA:32,0
DA:34,0
DA:48,0
LF:14
LH:0
BRDA:13,0,0,0
BRDA:14,1,0,0
BRF:2
BRH:0
end_of_record
TN:
SF:app/components/AIResponseFormatter.tsx
FN:11,(anonymous_0)
FN:32,(anonymous_1)
FN:43,(anonymous_2)
FN:107,(anonymous_3)
FN:114,(anonymous_4)
FN:128,(anonymous_5)
FN:219,(anonymous_6)
FN:251,(anonymous_7)
FN:271,(anonymous_8)
FN:281,(anonymous_9)
FN:297,(anonymous_10)
FN:308,(anonymous_11)
FN:330,(anonymous_12)
FN:365,(anonymous_13)
FN:379,(anonymous_14)
FN:400,(anonymous_15)
FN:411,(anonymous_16)
FN:422,(anonymous_17)
FN:464,(anonymous_18)
FN:486,(anonymous_19)
FNF:20
FNH:0
FNDA:0,(anonymous_0)
FNDA:0,(anonymous_1)
FNDA:0,(anonymous_2)
FNDA:0,(anonymous_3)
FNDA:0,(anonymous_4)
FNDA:0,(anonymous_5)
FNDA:0,(anonymous_6)
FNDA:0,(anonymous_7)
FNDA:0,(anonymous_8)
FNDA:0,(anonymous_9)
FNDA:0,(anonymous_10)
FNDA:0,(anonymous_11)
FNDA:0,(anonymous_12)
FNDA:0,(anonymous_13)
FNDA:0,(anonymous_14)
FNDA:0,(anonymous_15)
FNDA:0,(anonymous_16)
FNDA:0,(anonymous_17)
FNDA:0,(anonymous_18)
FNDA:0,(anonymous_19)
DA:11,0
DA:17,0
DA:20,0
DA:21,0
DA:25,0
DA:27,0
DA:29,0
DA:32,0
DA:33,0
DA:34,0
DA:37,0
DA:43,0
DA:45,0
DA:46,0
DA:49,0
DA:50,0
DA:54,0
DA:57,0
DA:58,0
DA:61,0
DA:67,0
DA:68,0
DA:74,0
DA:75,0
DA:79,0
DA:81,0
DA:82,0
DA:84,0
DA:89,0
DA:90,0
DA:93,0
DA:96,0
DA:97,0
DA:105,0
DA:108,0
DA:115,0
DA:129,0
DA:149,0
DA:219,0
DA:220,0
DA:231,0
DA:252,0
DA:272,0
DA:282,0
DA:298,0
DA:309,0
DA:330,0
DA:331,0
DA:345,0
DA:366,0
DA:380,0
DA:401,0
DA:412,0
DA:423,0
DA:465,0
DA:487,0
LF:56
LH:0
BRDA:13,0,0,0
BRDA:14,1,0,0
BRDA:17,2,0,0
BRDA:17,2,1,0
BRDA:17,2,2,0
BRDA:20,3,0,0
BRDA:20,3,1,0
BRDA:25,4,0,0
BRDA:25,4,1,0
BRDA:27,5,0,0
BRDA:27,5,1,0
BRDA:49,6,0,0
BRDA:49,6,1,0
BRDA:49,7,0,0
BRDA:49,7,1,0
BRDA:54,8,0,0
BRDA:54,8,1,0
BRDA:54,9,0,0
BRDA:54,9,1,0
BRDA:57,10,0,0
BRDA:57,10,1,0
BRDA:57,11,0,0
BRDA:57,11,1,0
BRDA:67,12,0,0
BRDA:67,12,1,0
BRDA:67,13,0,0
BRDA:67,13,1,0
BRDA:74,14,0,0
BRDA:74,14,1,0
BRDA:79,15,0,0
BRDA:79,15,1,0
BRDA:79,16,0,0
BRDA:79,16,1,0
BRDA:81,17,0,0
BRDA:81,17,1,0
BRDA:81,18,0,0
BRDA:81,18,1,0
BRDA:89,19,0,0
BRDA:89,19,1,0
BRDA:89,20,0,0
BRDA:89,20,1,0
BRDA:98,21,0,0
BRDA:98,21,1,0
BRDA:99,22,0,0
BRDA:99,22,1,0
BRDA:100,23,0,0
BRDA:100,23,1,0
BRDA:101,24,0,0
BRDA:101,24,1,0
BRDA:102,25,0,0
BRDA:102,25,1,0
BRDA:109,26,0,0
BRDA:109,26,1,0
BRDA:126,27,0,0
BRDA:126,27,1,0
BRDA:221,28,0,0
BRDA:221,28,1,0
BRDA:222,29,0,0
BRDA:222,29,1,0
BRDA:223,30,0,0
BRDA:223,30,1,0
BRDA:224,31,0,0
BRDA:224,31,1,0
BRDA:225,32,0,0
BRDA:225,32,1,0
BRDA:234,33,0,0
BRDA:234,33,1,0
BRDA:246,34,0,0
BRDA:246,34,1,0
BRDA:246,34,2,0
BRDA:263,35,0,0
BRDA:263,35,1,0
BRDA:268,36,0,0
BRDA:268,36,1,0
BRDA:278,37,0,0
BRDA:278,37,1,0
BRDA:292,38,0,0
BRDA:292,38,1,0
BRDA:292,38,2,0
BRDA:306,39,0,0
BRDA:306,39,1,0
BRDA:332,40,0,0
BRDA:332,40,1,0
BRDA:333,41,0,0
BRDA:333,41,1,0
BRDA:334,42,0,0
BRDA:334,42,1,0
BRDA:335,43,0,0
BRDA:335,43,1,0
BRDA:336,44,0,0
BRDA:336,44,1,0
BRDA:337,45,0,0
BRDA:337,45,1,0
BRDA:338,46,0,0
BRDA:338,46,1,0
BRDA:342,47,0,0
BRDA:342,47,1,0
BRDA:348,48,0,0
BRDA:348,48,1,0
BRDA:360,49,0,0
BRDA:360,49,1,0
BRDA:360,49,2,0
BRDA:377,50,0,0
BRDA:377,50,1,0
BRDA:377,50,2,0
BRDA:391,51,0,0
BRDA:391,51,1,0
BRDA:397,52,0,0
BRDA:397,52,1,0
BRDA:408,53,0,0
BRDA:408,53,1,0
BRDA:419,54,0,0
BRDA:419,54,1,0
BRDA:433,55,0,0
BRDA:433,55,1,0
BRDA:442,56,0,0
BRDA:442,56,1,0
BRDA:443,57,0,0
BRDA:443,57,1,0
BRDA:449,58,0,0
BRDA:449,58,1,0
BRDA:459,59,0,0
BRDA:459,59,1,0
BRDA:459,59,2,0
BRDA:473,60,0,0
BRDA:473,60,1,0
BRDA:484,61,0,0
BRDA:484,61,1,0
BRF:128
BRH:0
end_of_record
TN:
SF:app/components/AlertPreferencesForm.js
FN:28,(anonymous_0)
FN:46,(anonymous_1)
FN:52,(anonymous_2)
FN:97,(anonymous_3)
FN:98,(anonymous_4)
FN:98,(anonymous_5)
FN:101,(anonymous_6)
FN:103,(anonymous_7)
FN:107,(anonymous_8)
FN:109,(anonymous_9)
FN:115,(anonymous_10)
FN:116,(anonymous_11)
FN:116,(anonymous_12)
FN:119,(anonymous_13)
FN:121,(anonymous_14)
FN:125,(anonymous_15)
FN:127,(anonymous_16)
FN:133,(anonymous_17)
FN:134,(anonymous_18)
FN:134,(anonymous_19)
FN:137,(anonymous_20)
FN:139,(anonymous_21)
FN:143,(anonymous_22)
FN:145,(anonymous_23)
FN:151,(anonymous_24)
FN:152,(anonymous_25)
FN:152,(anonymous_26)
FN:155,(anonymous_27)
FN:157,(anonymous_28)
FN:161,(anonymous_29)
FN:163,(anonymous_30)
FN:169,(anonymous_31)
FN:170,(anonymous_32)
FN:170,(anonymous_33)
FN:173,(anonymous_34)
FN:178,(anonymous_35)
FN:186,(anonymous_36)
FN:227,(anonymous_37)
FN:233,(anonymous_38)
FN:246,(anonymous_39)
FN:256,(anonymous_40)
FN:262,(anonymous_41)
FN:265,(anonymous_42)
FN:292,(anonymous_43)
FN:299,(anonymous_44)
FN:319,(anonymous_45)
FN:325,(anonymous_46)
FN:328,(anonymous_47)
FN:355,(anonymous_48)
FN:362,(anonymous_49)
FN:382,(anonymous_50)
FN:388,(anonymous_51)
FN:391,(anonymous_52)
FN:418,(anonymous_53)
FN:425,(anonymous_54)
FN:445,(anonymous_55)
FN:451,(anonymous_56)
FN:454,(anonymous_57)
FN:484,(anonymous_58)
FN:491,(anonymous_59)
FN:494,(anonymous_60)
FN:501,(anonymous_61)
FN:501,(anonymous_62)
FN:516,(anonymous_63)
FN:522,(anonymous_64)
FN:525,(anonymous_65)
FN:555,(anonymous_66)
FN:604,(anonymous_67)
FN:608,(anonymous_68)
FN:645,(anonymous_69)
FN:649,(anonymous_70)
FN:665,(anonymous_71)
FN:675,(anonymous_72)
FN:684,(anonymous_73)
FN:688,(anonymous_74)
FNF:75
FNH:0
FNDA:0,(anonymous_0)
FNDA:0,(anonymous_1)
FNDA:0,(anonymous_2)
FNDA:0,(anonymous_3)
FNDA:0,(anonymous_4)
FNDA:0,(anonymous_5)
FNDA:0,(anonymous_6)
FNDA:0,(anonymous_7)
FNDA:0,(anonymous_8)
FNDA:0,(anonymous_9)
FNDA:0,(anonymous_10)
FNDA:0,(anonymous_11)
FNDA:0,(anonymous_12)
FNDA:0,(anonymous_13)
FNDA:0,(anonymous_14)
FNDA:0,(anonymous_15)
FNDA:0,(anonymous_16)
FNDA:0,(anonymous_17)
FNDA:0,(anonymous_18)
FNDA:0,(anonymous_19)
FNDA:0,(anonymous_20)
FNDA:0,(anonymous_21)
FNDA:0,(anonymous_22)
FNDA:0,(anonymous_23)
FNDA:0,(anonymous_24)
FNDA:0,(anonymous_25)
FNDA:0,(anonymous_26)
FNDA:0,(anonymous_27)
FNDA:0,(anonymous_28)
FNDA:0,(anonymous_29)
FNDA:0,(anonymous_30)
FNDA:0,(anonymous_31)
FNDA:0,(anonymous_32)
FNDA:0,(anonymous_33)
FNDA:0,(anonymous_34)
FNDA:0,(anonymous_35)
FNDA:0,(anonymous_36)
FNDA:0,(anonymous_37)
FNDA:0,(anonymous_38)
FNDA:0,(anonymous_39)
FNDA:0,(anonymous_40)
FNDA:0,(anonymous_41)
FNDA:0,(anonymous_42)
FNDA:0,(anonymous_43)
FNDA:0,(anonymous_44)
FNDA:0,(anonymous_45)
FNDA:0,(anonymous_46)
FNDA:0,(anonymous_47)
FNDA:0,(anonymous_48)
FNDA:0,(anonymous_49)
FNDA:0,(anonymous_50)
FNDA:0,(anonymous_51)
FNDA:0,(anonymous_52)
FNDA:0,(anonymous_53)
FNDA:0,(anonymous_54)
FNDA:0,(anonymous_55)
FNDA:0,(anonymous_56)
FNDA:0,(anonymous_57)
FNDA:0,(anonymous_58)
FNDA:0,(anonymous_59)
FNDA:0,(anonymous_60)
FNDA:0,(anonymous_61)
FNDA:0,(anonymous_62)
FNDA:0,(anonymous_63)
FNDA:0,(anonymous_64)
FNDA:0,(anonymous_65)
FNDA:0,(anonymous_66)
FNDA:0,(anonymous_67)
FNDA:0,(anonymous_68)
FNDA:0,(anonymous_69)
FNDA:0,(anonymous_70)
FNDA:0,(anonymous_71)
FNDA:0,(anonymous_72)
FNDA:0,(anonymous_73)
FNDA:0,(anonymous_74)
DA:18,0
DA:28,0
DA:29,0
DA:30,0
DA:31,0
DA:32,0
DA:33,0
DA:34,0
DA:35,0
DA:36,0
DA:37,0
DA:38,0
DA:39,0
DA:40,0
DA:41,0
DA:42,0
DA:43,0
DA:46,0
DA:47,0
DA:48,0
DA:52,0
DA:53,0
DA:54,0
DA:55,0
DA:56,0
DA:57,0
DA:60,0
DA:61,0
DA:62,0
DA:63,0
DA:64,0
DA:65,0
DA:66,0
DA:67,0
DA:68,0
DA:71,0
DA:75,0
DA:76,0
DA:77,0
DA:79,0
DA:84,0
DA:89,0
DA:94,0
DA:97,0
DA:98,0
DA:101,0
DA:102,0
DA:103,0
DA:107,0
DA:108,0
DA:109,0
DA:110,0
DA:115,0
DA:116,0
DA:119,0
DA:120,0
DA:121,0
DA:125,0
DA:126,0
DA:127,0
DA:128,0
DA:133,0
DA:134,0
DA:137,0
DA:138,0
DA:139,0
DA:143,0
DA:144,0
DA:145,0
DA:146,0
DA:151,0
DA:152,0
DA:155,0
DA:156,0
DA:157,0
DA:161,0
DA:162,0
DA:163,0
DA:164,0
DA:169,0
DA:170,0
DA:173,0
DA:174,0
DA:176,0
DA:177,0
DA:178,0
DA:179,0
DA:181,0
DA:186,0
DA:187,0
DA:201,0
DA:212,0
DA:213,0
DA:214,0
DA:216,0
DA:219,0
DA:221,0
DA:227,0
DA:233,0
DA:234,0
DA:236,0
DA:239,0
DA:247,0
DA:248,0
DA:256,0
DA:257,0
DA:263,0
DA:265,0
DA:293,0
DA:300,0
DA:301,0
DA:303,0
DA:319,0
DA:320,0
DA:326,0
DA:328,0
DA:356,0
DA:363,0
DA:364,0
DA:366,0
DA:382,0
DA:383,0
DA:389,0
DA:391,0
DA:419,0
DA:426,0
DA:427,0
DA:429,0
DA:445,0
DA:446,0
DA:452,0
DA:454,0
DA:485,0
DA:492,0
DA:493,0
DA:494,0
DA:495,0
DA:496,0
DA:497,0
DA:500,0
DA:501,0
DA:516,0
DA:517,0
DA:523,0
DA:525,0
DA:555,0
DA:556,0
DA:566,0
DA:605,0
DA:609,0
DA:616,0
DA:646,0
DA:649,0
DA:665,0
DA:675,0
DA:685,0
DA:688,0
DA:718,0
LF:158
LH:0
BRDA:28,0,0,0
BRDA:28,1,0,0
BRDA:47,2,0,0
BRDA:47,2,1,0
BRDA:55,3,0,0
BRDA:55,3,1,0
BRDA:60,4,0,0
BRDA:60,4,1,0
BRDA:61,5,0,0
BRDA:61,5,1,0
BRDA:62,6,0,0
BRDA:62,6,1,0
BRDA:63,7,0,0
BRDA:63,7,1,0
BRDA:64,8,0,0
BRDA:64,8,1,0
BRDA:65,9,0,0
BRDA:65,9,1,0
BRDA:66,10,0,0
BRDA:66,10,1,0
BRDA:67,11,0,0
BRDA:67,11,1,0
BRDA:68,12,0,0
BRDA:68,12,1,0
BRDA:102,13,0,0
BRDA:102,13,1,0
BRDA:108,14,0,0
BRDA:108,14,1,0
BRDA:108,15,0,0
BRDA:108,15,1,0
BRDA:120,16,0,0
BRDA:120,16,1,0
BRDA:126,17,0,0
BRDA:126,17,1,0
BRDA:126,18,0,0
BRDA:126,18,1,0
BRDA:138,19,0,0
BRDA:138,19,1,0
BRDA:144,20,0,0
BRDA:144,20,1,0
BRDA:144,21,0,0
BRDA:144,21,1,0
BRDA:156,22,0,0
BRDA:156,22,1,0
BRDA:162,23,0,0
BRDA:162,23,1,0
BRDA:162,24,0,0
BRDA:162,24,1,0
BRDA:174,25,0,0
BRDA:174,25,1,0
BRDA:174,26,0,0
BRDA:174,26,1,0
BRDA:177,27,0,0
BRDA:177,27,1,0
BRDA:234,28,0,0
BRDA:234,28,1,0
BRDA:236,29,0,0
BRDA:236,29,1,0
BRDA:248,30,0,0
BRDA:248,30,1,0
BRDA:260,31,0,0
BRDA:260,31,1,0
BRDA:297,32,0,0
BRDA:297,32,1,0
BRDA:300,33,0,0
BRDA:300,33,1,0
BRDA:309,34,0,0
BRDA:309,34,1,0
BRDA:323,35,0,0
BRDA:323,35,1,0
BRDA:360,36,0,0
BRDA:360,36,1,0
BRDA:363,37,0,0
BRDA:363,37,1,0
BRDA:372,38,0,0
BRDA:372,38,1,0
BRDA:386,39,0,0
BRDA:386,39,1,0
BRDA:423,40,0,0
BRDA:423,40,1,0
BRDA:426,41,0,0
BRDA:426,41,1,0
BRDA:435,42,0,0
BRDA:435,42,1,0
BRDA:449,43,0,0
BRDA:449,43,1,0
BRDA:489,44,0,0
BRDA:489,44,1,0
BRDA:492,45,0,0
BRDA:492,45,1,0
BRDA:507,46,0,0
BRDA:507,46,1,0
BRDA:520,47,0,0
BRDA:520,47,1,0
BRDA:572,48,0,0
BRDA:572,48,1,0
BRDA:575,49,0,0
BRDA:575,49,1,0
BRDA:576,50,0,0
BRDA:576,50,1,0
BRDA:576,50,2,0
BRDA:607,51,0,0
BRDA:607,51,1,0
BRDA:619,52,0,0
BRDA:619,52,1,0
BRDA:628,53,0,0
BRDA:628,53,1,0
BRDA:630,54,0,0
BRDA:630,54,1,0
BRDA:632,55,0,0
BRDA:632,55,1,0
BRDA:634,56,0,0
BRDA:634,56,1,0
BRDA:636,57,0,0
BRDA:636,57,1,0
BRDA:638,58,0,0
BRDA:638,58,1,0
BRDA:648,59,0,0
BRDA:648,59,1,0
BRDA:651,60,0,0
BRDA:651,60,1,0
BRDA:664,61,0,0
BRDA:664,61,1,0
BRDA:667,62,0,0
BRDA:667,62,1,0
BRDA:674,63,0,0
BRDA:674,63,1,0
BRDA:677,64,0,0
BRDA:677,64,1,0
BRDA:687,65,0,0
BRDA:687,65,1,0
BRDA:690,66,0,0
BRDA:690,66,1,0
BRDA:704,67,0,0
BRDA:704,67,1,0
BRDA:707,68,0,0
BRDA:707,68,1,0
BRDA:707,68,2,0
BRF:138
BRH:0
end_of_record
TN:
SF:app/components/AlertSettings.js
FN:14,(anonymous_0)
FN:22,(anonymous_1)
FN:28,(anonymous_2)
FN:43,(anonymous_3)
FN:49,(anonymous_4)
FN:94,(anonymous_5)
FNF:6
FNH:0
FNDA:0,(anonymous_0)
FNDA:0,(anonymous_1)
FNDA:0,(anonymous_2)
FNDA:0,(anonymous_3)
FNDA:0,(anonymous_4)
FNDA:0,(anonymous_5)
DA:12,0
DA:14,0
DA:19,0
DA:22,0
DA:23,0
DA:28,0
DA:43,0
DA:44,0
DA:49,0
DA:63,0
DA:95,0
DA:103,0
LF:12
LH:0
BRDA:26,0,0,0
BRDA:26,0,1,0
BRDA:32,1,0,0
BRDA:32,1,1,0
BRDA:36,2,0,0
BRDA:36,2,1,0
BRDA:47,3,0,0
BRDA:47,3,1,0
BRDA:53,4,0,0
BRDA:53,4,1,0
BRDA:57,5,0,0
BRDA:57,5,1,0
BRF:12
BRH:0
end_of_record
TN:
SF:app/components/AlertsScreen.js
FN:43,(anonymous_0)
FN:65,(anonymous_1)
FN:75,(anonymous_2)
FN:79,(anonymous_3)
FN:86,(anonymous_4)
FN:88,(anonymous_5)
FN:93,(anonymous_6)
FN:97,(anonymous_7)
FN:111,(anonymous_8)
FN:122,(anonymous_9)
FN:135,(anonymous_10)
FN:140,(anonymous_11)
FN:149,(anonymous_12)
FN:162,(anonymous_13)
FN:175,(anonymous_14)
FN:184,(anonymous_15)
FN:193,(anonymous_16)
FN:202,(anonymous_17)
FN:216,(anonymous_18)
FN:225,(anonymous_19)
FN:242,(anonymous_20)
FN:377,(anonymous_21)
FN:387,(anonymous_22)
FN:397,(anonymous_23)
FN:407,(anonymous_24)
FN:441,(anonymous_25)
FN:445,(anonymous_26)
FN:464,(anonymous_27)
FNF:28
FNH:0
FNDA:0,(anonymous_0)
FNDA:0,(anonymous_1)
FNDA:0,(anonymous_2)
FNDA:0,(anonymous_3)
FNDA:0,(anonymous_4)
FNDA:0,(anonymous_5)
FNDA:0,(anonymous_6)
FNDA:0,(anonymous_7)
FNDA:0,(anonymous_8)
FNDA:0,(anonymous_9)
FNDA:0,(anonymous_10)
FNDA:0,(anonymous_11)
FNDA:0,(anonymous_12)
FNDA:0,(anonymous_13)
FNDA:0,(anonymous_14)
FNDA:0,(anonymous_15)
FNDA:0,(anonymous_16)
FNDA:0,(anonymous_17)
FNDA:0,(anonymous_18)
FNDA:0,(anonymous_19)
FNDA:0,(anonymous_20)
FNDA:0,(anonymous_21)
FNDA:0,(anonymous_22)
FNDA:0,(anonymous_23)
FNDA:0,(anonymous_24)
FNDA:0,(anonymous_25)
FNDA:0,(anonymous_26)
FNDA:0,(anonymous_27)
DA:29,0
DA:43,0
DA:44,0
DA:55,0
DA:56,0
DA:57,0
DA:58,0
DA:59,0
DA:60,0
DA:61,0
DA:62,0
DA:63,0
DA:65,0
DA:66,0
DA:67,0
DA:68,0
DA:69,0
DA:72,0
DA:75,0
DA:76,0
DA:79,0
DA:80,0
DA:86,0
DA:87,0
DA:88,0
DA:89,0
DA:90,0
DA:93,0
DA:97,0
DA:98,0
DA:99,0
DA:100,0
DA:101,0
DA:102,0
DA:105,0
DA:107,0
DA:111,0
DA:112,0
DA:113,0
DA:114,0
DA:116,0
DA:118,0
DA:122,0
DA:123,0
DA:124,0
DA:125,0
DA:127,0
DA:128,0
DA:129,0
DA:130,0
DA:132,0
DA:135,0
DA:136,0
DA:137,0
DA:140,0
DA:141,0
DA:142,0
DA:144,0
DA:146,0
DA:149,0
DA:150,0
DA:152,0
DA:154,0
DA:156,0
DA:158,0
DA:162,0
DA:163,0
DA:165,0
DA:167,0
DA:169,0
DA:171,0
DA:175,0
DA:176,0
DA:177,0
DA:178,0
DA:180,0
DA:184,0
DA:185,0
DA:194,0
DA:195,0
DA:202,0
DA:203,0
DA:204,0
DA:205,0
DA:208,0
DA:217,0
DA:218,0
DA:225,0
DA:226,0
DA:228,0
DA:229,0
DA:231,0
DA:232,0
DA:234,0
DA:235,0
DA:237,0
DA:238,0
DA:242,0
DA:243,0
DA:244,0
DA:252,0
DA:262,0
DA:377,0
DA:387,0
DA:397,0
DA:407,0
DA:442,0
DA:445,0
DA:464,0
DA:507,0
LF:110
LH:0
BRDA:87,0,0,0
BRDA:87,0,1,0
BRDA:87,1,0,0
BRDA:87,1,1,0
BRDA:100,2,0,0
BRDA:100,2,1,0
BRDA:128,3,0,0
BRDA:128,3,1,0
BRDA:128,4,0,0
BRDA:128,4,1,0
BRDA:141,5,0,0
BRDA:141,5,1,0
BRDA:150,6,0,0
BRDA:150,6,1,0
BRDA:150,6,2,0
BRDA:150,6,3,0
BRDA:163,7,0,0
BRDA:163,7,1,0
BRDA:163,7,2,0
BRDA:163,7,3,0
BRDA:203,8,0,0
BRDA:203,8,1,0
BRDA:226,9,0,0
BRDA:226,9,1,0
BRDA:226,9,2,0
BRDA:226,9,3,0
BRDA:243,10,0,0
BRDA:243,10,1,0
BRDA:256,11,0,0
BRDA:256,11,1,0
BRDA:256,12,0,0
BRDA:256,12,1,0
BRDA:322,13,0,0
BRDA:322,13,1,0
BRDA:329,14,0,0
BRDA:329,14,1,0
BRDA:351,15,0,0
BRDA:351,15,1,0
BRDA:354,16,0,0
BRDA:354,16,1,0
BRDA:360,17,0,0
BRDA:360,17,1,0
BRDA:366,18,0,0
BRDA:366,18,1,0
BRDA:368,19,0,0
BRDA:368,19,1,0
BRDA:379,20,0,0
BRDA:379,20,1,0
BRDA:389,21,0,0
BRDA:389,21,1,0
BRDA:399,22,0,0
BRDA:399,22,1,0
BRDA:409,23,0,0
BRDA:409,23,1,0
BRDA:418,24,0,0
BRDA:418,24,1,0
BRDA:428,25,0,0
BRDA:428,25,1,0
BRDA:432,26,0,0
BRDA:432,26,1,0
BRDA:444,27,0,0
BRDA:444,27,1,0
BRDA:461,28,0,0
BRDA:461,28,1,0
BRF:64
BRH:0
end_of_record
TN:
SF:app/components/AuthLoadingScreen.js
FN:37,(anonymous_0)
FN:40,(anonymous_1)
FN:74,(anonymous_2)
FN:84,(anonymous_3)
FN:86,(anonymous_4)
FN:87,(anonymous_5)
FN:90,(anonymous_6)
FN:96,(anonymous_7)
FN:100,(anonymous_8)
FN:108,(anonymous_9)
FN:191,(anonymous_10)
FN:199,(anonymous_11)
FN:305,(anonymous_12)
FN:314,(anonymous_13)
FN:358,(anonymous_14)
FN:442,(anonymous_15)
FN:455,(anonymous_16)
FNF:17
FNH:0
FNDA:0,(anonymous_0)
FNDA:0,(anonymous_1)
FNDA:0,(anonymous_2)
FNDA:0,(anonymous_3)
FNDA:0,(anonymous_4)
FNDA:0,(anonymous_5)
FNDA:0,(anonymous_6)
FNDA:0,(anonymous_7)
FNDA:0,(anonymous_8)
FNDA:0,(anonymous_9)
FNDA:0,(anonymous_10)
FNDA:0,(anonymous_11)
FNDA:0,(anonymous_12)
FNDA:0,(anonymous_13)
FNDA:0,(anonymous_14)
FNDA:0,(anonymous_15)
FNDA:0,(anonymous_16)
DA:23,0
DA:37,0
DA:38,0
DA:40,0
DA:41,0
DA:42,0
DA:52,0
DA:53,0
DA:56,0
DA:74,0
DA:75,0
DA:76,0
DA:77,0
DA:78,0
DA:79,0
DA:80,0
DA:81,0
DA:82,0
DA:84,0
DA:85,0
DA:86,0
DA:87,0
DA:88,0
DA:89,0
DA:90,0
DA:91,0
DA:93,0
DA:96,0
DA:100,0
DA:101,0
DA:108,0
DA:109,0
DA:110,0
DA:111,0
DA:114,0
DA:115,0
DA:116,0
DA:119,0
DA:120,0
DA:121,0
DA:122,0
DA:124,0
DA:125,0
DA:126,0
DA:128,0
DA:129,0
DA:130,0
DA:134,0
DA:136,0
DA:139,0
DA:140,0
DA:142,0
DA:145,0
DA:147,0
DA:149,0
DA:150,0
DA:155,0
DA:159,0
DA:167,0
DA:170,0
DA:177,0
DA:178,0
DA:179,0
DA:191,0
DA:192,0
DA:200,0
DA:207,0
DA:214,0
DA:215,0
DA:267,0
DA:268,0
DA:305,0
DA:314,0
DA:345,0
DA:346,0
DA:348,0
DA:358,0
DA:442,0
DA:455,0
DA:471,0
DA:474,0
LF:81
LH:0
BRDA:37,0,0,0
BRDA:37,1,0,0
BRDA:37,2,0,0
BRDA:41,3,0,0
BRDA:41,3,1,0
BRDA:52,4,0,0
BRDA:52,4,1,0
BRDA:85,5,0,0
BRDA:85,5,1,0
BRDA:88,6,0,0
BRDA:88,6,1,0
BRDA:109,7,0,0
BRDA:109,7,1,0
BRDA:114,8,0,0
BRDA:114,8,1,0
BRDA:119,9,0,0
BRDA:119,9,1,0
BRDA:120,10,0,0
BRDA:120,10,1,0
BRDA:124,11,0,0
BRDA:124,11,1,0
BRDA:128,12,0,0
BRDA:128,12,1,0
BRDA:139,13,0,0
BRDA:139,13,1,0
BRDA:147,14,0,0
BRDA:147,14,1,0
BRDA:149,15,0,0
BRDA:149,15,1,0
BRDA:152,16,0,0
BRDA:152,16,1,0
BRDA:160,17,0,0
BRDA:160,17,1,0
BRDA:161,18,0,0
BRDA:161,18,1,0
BRDA:162,19,0,0
BRDA:162,19,1,0
BRDA:162,20,0,0
BRDA:162,20,1,0
BRDA:172,21,0,0
BRDA:172,21,1,0
BRDA:172,22,0,0
BRDA:172,22,1,0
BRDA:214,23,0,0
BRDA:214,23,1,0
BRDA:244,24,0,0
BRDA:244,24,1,0
BRDA:267,25,0,0
BRDA:267,25,1,0
BRDA:334,26,0,0
BRDA:334,26,1,0
BRDA:345,27,0,0
BRDA:345,27,1,0
BRDA:345,28,0,0
BRDA:345,28,1,0
BRDA:351,29,0,0
BRDA:351,29,1,0
BRDA:365,30,0,0
BRDA:365,30,1,0
BRDA:368,31,0,0
BRDA:368,31,1,0
BRDA:376,32,0,0
BRDA:376,32,1,0
BRDA:422,33,0,0
BRDA:422,33,1,0
BRDA:441,34,0,0
BRDA:441,34,1,0
BRDA:446,35,0,0
BRDA:446,35,1,0
BRDA:447,36,0,0
BRDA:447,36,1,0
BRDA:448,37,0,0
BRDA:448,37,1,0
BRDA:455,38,0,0
BRDA:455,38,1,0
BRDA:459,39,0,0
BRDA:459,39,1,0
BRF:77
BRH:0
end_of_record
TN:
SF:app/components/BookmarksScreen.js
FN:32,BookmarksScreen
FN:48,(anonymous_1)
FN:65,(anonymous_2)
FN:74,(anonymous_3)
FN:83,(anonymous_4)
FN:89,(anonymous_5)
FN:101,(anonymous_6)
FN:104,(anonymous_7)
FN:137,(anonymous_8)
FN:148,(anonymous_9)
FN:159,(anonymous_10)
FN:162,(anonymous_11)
FN:199,(anonymous_12)
FN:207,(anonymous_13)
FN:218,(anonymous_14)
FN:224,(anonymous_15)
FN:272,(anonymous_16)
FN:282,(anonymous_17)
FN:290,(anonymous_18)
FN:298,(anonymous_19)
FN:311,(anonymous_20)
FN:319,(anonymous_21)
FN:336,(anonymous_22)
FNF:23
FNH:0
FNDA:0,BookmarksScreen
FNDA:0,(anonymous_1)
FNDA:0,(anonymous_2)
FNDA:0,(anonymous_3)
FNDA:0,(anonymous_4)
FNDA:0,(anonymous_5)
FNDA:0,(anonymous_6)
FNDA:0,(anonymous_7)
FNDA:0,(anonymous_8)
FNDA:0,(anonymous_9)
FNDA:0,(anonymous_10)
FNDA:0,(anonymous_11)
FNDA:0,(anonymous_12)
FNDA:0,(anonymous_13)
FNDA:0,(anonymous_14)
FNDA:0,(anonymous_15)
FNDA:0,(anonymous_16)
FNDA:0,(anonymous_17)
FNDA:0,(anonymous_18)
FNDA:0,(anonymous_19)
FNDA:0,(anonymous_20)
FNDA:0,(anonymous_21)
FNDA:0,(anonymous_22)
DA:18,0
DA:41,0
DA:43,0
DA:44,0
DA:45,0
DA:48,0
DA:49,0
DA:51,0
DA:52,0
DA:53,0
DA:54,0
DA:55,0
DA:56,0
DA:60,0
DA:61,0
DA:65,0
DA:66,0
DA:67,0
DA:69,0
DA:74,0
DA:75,0
DA:83,0
DA:89,0
DA:90,0
DA:91,0
DA:92,0
DA:93,0
DA:95,0
DA:96,0
DA:97,0
DA:98,0
DA:101,0
DA:102,0
DA:104,0
DA:138,0
DA:149,0
DA:150,0
DA:159,0
DA:160,0
DA:162,0
DA:200,0
DA:208,0
DA:209,0
DA:218,0
DA:219,0
DA:224,0
DA:225,0
DA:238,0
DA:272,0
DA:282,0
DA:290,0
DA:298,0
DA:311,0
DA:319,0
DA:336,0
DA:349,0
LF:56
LH:0
BRDA:51,0,0,0
BRDA:51,0,1,0
BRDA:53,1,0,0
BRDA:53,1,1,0
BRDA:55,2,0,0
BRDA:55,2,1,0
BRDA:60,3,0,0
BRDA:60,3,1,0
BRDA:66,4,0,0
BRDA:66,4,1,0
BRDA:95,5,0,0
BRDA:95,5,1,0
BRDA:96,6,0,0
BRDA:96,6,1,0
BRDA:97,7,0,0
BRDA:97,7,1,0
BRDA:120,8,0,0
BRDA:120,8,1,0
BRDA:124,9,0,0
BRDA:124,9,1,0
BRDA:127,10,0,0
BRDA:127,10,1,0
BRDA:128,11,0,0
BRDA:128,11,1,0
BRDA:129,12,0,0
BRDA:129,12,1,0
BRDA:135,13,0,0
BRDA:135,13,1,0
BRDA:135,13,2,0
BRDA:140,14,0,0
BRDA:140,14,1,0
BRDA:188,15,0,0
BRDA:188,15,1,0
BRDA:188,15,2,0
BRDA:192,16,0,0
BRDA:192,16,1,0
BRDA:197,17,0,0
BRDA:197,17,1,0
BRDA:197,17,2,0
BRDA:219,18,0,0
BRDA:219,18,1,0
BRDA:229,19,0,0
BRDA:229,19,1,0
BRDA:231,20,0,0
BRDA:231,20,1,0
BRDA:256,21,0,0
BRDA:256,21,1,0
BRDA:271,22,0,0
BRDA:271,22,1,0
BRDA:281,23,0,0
BRDA:281,23,1,0
BRDA:284,24,0,0
BRDA:284,24,1,0
BRDA:289,25,0,0
BRDA:289,25,1,0
BRDA:292,26,0,0
BRDA:292,26,1,0
BRDA:297,27,0,0
BRDA:297,27,1,0
BRDA:300,28,0,0
BRDA:300,28,1,0
BRDA:310,29,0,0
BRDA:310,29,1,0
BRDA:313,30,0,0
BRDA:313,30,1,0
BRDA:318,31,0,0
BRDA:318,31,1,0
BRDA:321,32,0,0
BRDA:321,32,1,0
BRDA:328,33,0,0
BRDA:328,33,1,0
BRDA:339,34,0,0
BRDA:339,34,1,0
BRF:73
BRH:0
end_of_record
TN:
SF:app/components/BreakingNewsIndicator.js
FN:9,(anonymous_0)
FN:13,(anonymous_1)
FN:31,(anonymous_2)
FNF:3
FNH:0
FNDA:0,(anonymous_0)
FNDA:0,(anonymous_1)
FNDA:0,(anonymous_2)
DA:9,0
DA:11,0
DA:13,0
DA:15,0
DA:29,0
DA:31,0
DA:34,0
DA:48,0
LF:8
LH:0
BRF:0
BRH:0
end_of_record
TN:
SF:app/components/ChatComponent.backup.js
FN:5,(anonymous_0)
FN:10,(anonymous_1)
FN:14,(anonymous_2)
FN:26,(anonymous_3)
FN:37,(anonymous_4)
FNF:5
FNH:0
FNDA:0,(anonymous_0)
FNDA:0,(anonymous_1)
FNDA:0,(anonymous_2)
FNDA:0,(anonymous_3)
FNDA:0,(anonymous_4)
DA:5,0
DA:6,0
DA:7,0
DA:8,0
DA:10,0
DA:11,0
DA:13,0
DA:14,0
DA:15,0
DA:16,0
DA:18,0
DA:19,0
DA:24,0
DA:25,0
DA:26,0
DA:28,0
DA:30,0
DA:34,0
DA:38,0
DA:59,0
LF:20
LH:0
BRDA:11,0,0,0
BRDA:11,0,1,0
BRDA:11,1,0,0
BRDA:11,1,1,0
BRDA:38,2,0,0
BRDA:38,2,1,0
BRDA:52,3,0,0
BRDA:52,3,1,0
BRF:8
BRH:0
end_of_record
TN:
SF:app/components/ChatComponent.js
FN:7,(anonymous_0)
FN:12,(anonymous_1)
FN:16,(anonymous_2)
FN:28,(anonymous_3)
FN:39,(anonymous_4)
FNF:5
FNH:0
FNDA:0,(anonymous_0)
FNDA:0,(anonymous_1)
FNDA:0,(anonymous_2)
FNDA:0,(anonymous_3)
FNDA:0,(anonymous_4)
DA:7,0
DA:8,0
DA:9,0
DA:10,0
DA:12,0
DA:13,0
DA:15,0
DA:16,0
DA:17,0
DA:18,0
DA:20,0
DA:21,0
DA:26,0
DA:27,0
DA:28,0
DA:30,0
DA:32,0
DA:36,0
DA:40,0
DA:41,0
DA:44,0
DA:45,0
DA:46,0
DA:58,0
DA:81,0
LF:25
LH:0
BRDA:13,0,0,0
BRDA:13,0,1,0
BRDA:13,1,0,0
BRDA:13,1,1,0
BRDA:44,2,0,0
BRDA:44,2,1,0
BRDA:44,3,0,0
BRDA:44,3,1,0
BRDA:59,4,0,0
BRDA:59,4,1,0
BRDA:74,5,0,0
BRDA:74,5,1,0
BRF:12
BRH:0
end_of_record
TN:
SF:app/components/ChatInterface.tsx
FN:61,(anonymous_0)
FN:81,(anonymous_1)
FN:88,(anonymous_2)
FN:93,(anonymous_3)
FN:100,(anonymous_4)
FN:118,(anonymous_5)
FN:129,(anonymous_6)
FN:142,(anonymous_7)
FN:146,(anonymous_8)
FN:165,(anonymous_9)
FN:196,(anonymous_10)
FN:217,(anonymous_11)
FN:218,(anonymous_12)
FN:232,(anonymous_13)
FN:233,(anonymous_14)
FN:241,(anonymous_15)
FN:252,(anonymous_16)
FN:253,(anonymous_17)
FN:263,(anonymous_18)
FN:264,(anonymous_19)
FN:276,(anonymous_20)
FN:287,(anonymous_21)
FN:308,(anonymous_22)
FN:312,(anonymous_23)
FN:316,(anonymous_24)
FN:322,(anonymous_25)
FN:324,(anonymous_26)
FN:328,(anonymous_27)
FN:332,(anonymous_28)
FN:346,(anonymous_29)
FN:348,(anonymous_30)
FN:370,(anonymous_31)
FN:382,(anonymous_32)
FN:384,(anonymous_33)
FN:409,(anonymous_34)
FN:413,(anonymous_35)
FN:422,(anonymous_36)
FN:448,(anonymous_37)
FN:458,(anonymous_38)
FN:519,(anonymous_39)
FN:540,(anonymous_40)
FNF:41
FNH:0
FNDA:0,(anonymous_0)
FNDA:0,(anonymous_1)
FNDA:0,(anonymous_2)
FNDA:0,(anonymous_3)
FNDA:0,(anonymous_4)
FNDA:0,(anonymous_5)
FNDA:0,(anonymous_6)
FNDA:0,(anonymous_7)
FNDA:0,(anonymous_8)
FNDA:0,(anonymous_9)
FNDA:0,(anonymous_10)
FNDA:0,(anonymous_11)
FNDA:0,(anonymous_12)
FNDA:0,(anonymous_13)
FNDA:0,(anonymous_14)
FNDA:0,(anonymous_15)
FNDA:0,(anonymous_16)
FNDA:0,(anonymous_17)
FNDA:0,(anonymous_18)
FNDA:0,(anonymous_19)
FNDA:0,(anonymous_20)
FNDA:0,(anonymous_21)
FNDA:0,(anonymous_22)
FNDA:0,(anonymous_23)
FNDA:0,(anonymous_24)
FNDA:0,(anonymous_25)
FNDA:0,(anonymous_26)
FNDA:0,(anonymous_27)
FNDA:0,(anonymous_28)
FNDA:0,(anonymous_29)
FNDA:0,(anonymous_30)
FNDA:0,(anonymous_31)
FNDA:0,(anonymous_32)
FNDA:0,(anonymous_33)
FNDA:0,(anonymous_34)
FNDA:0,(anonymous_35)
FNDA:0,(anonymous_36)
FNDA:0,(anonymous_37)
FNDA:0,(anonymous_38)
FNDA:0,(anonymous_39)
FNDA:0,(anonymous_40)
DA:27,0
DA:61,0
DA:62,0
DA:63,0
DA:64,0
DA:65,0
DA:66,0
DA:67,0
DA:68,0
DA:71,0
DA:74,0
DA:81,0
DA:83,0
DA:88,0
DA:89,0
DA:90,0
DA:93,0
DA:94,0
DA:95,0
DA:96,0
DA:100,0
DA:101,0
DA:102,0
DA:105,0
DA:108,0
DA:114,0
DA:118,0
DA:119,0
DA:120,0
DA:122,0
DA:129,0
DA:130,0
DA:131,0
DA:132,0
DA:135,0
DA:136,0
DA:142,0
DA:144,0
DA:146,0
DA:152,0
DA:158,0
DA:159,0
DA:160,0
DA:161,0
DA:162,0
DA:164,0
DA:165,0
DA:167,0
DA:168,0
DA:173,0
DA:185,0
DA:188,0
DA:194,0
DA:195,0
DA:196,0
DA:197,0
DA:198,0
DA:202,0
DA:203,0
DA:204,0
DA:206,0
DA:207,0
DA:209,0
DA:211,0
DA:212,0
DA:214,0
DA:215,0
DA:217,0
DA:218,0
DA:219,0
DA:224,0
DA:228,0
DA:229,0
DA:232,0
DA:233,0
DA:234,0
DA:241,0
DA:244,0
DA:245,0
DA:246,0
DA:248,0
DA:250,0
DA:252,0
DA:253,0
DA:254,0
DA:261,0
DA:263,0
DA:264,0
DA:265,0
DA:271,0
DA:276,0
DA:277,0
DA:280,0
DA:281,0
DA:282,0
DA:285,0
DA:286,0
DA:287,0
DA:288,0
DA:289,0
DA:290,0
DA:294,0
DA:298,0
DA:308,0
DA:309,0
DA:312,0
DA:313,0
DA:316,0
DA:317,0
DA:322,0
DA:323,0
DA:324,0
DA:325,0
DA:328,0
DA:329,0
DA:332,0
DA:333,0
DA:336,0
DA:338,0
DA:341,0
DA:342,0
DA:343,0
DA:345,0
DA:346,0
DA:347,0
DA:348,0
DA:349,0
DA:355,0
DA:364,0
DA:365,0
DA:370,0
DA:371,0
DA:372,0
DA:373,0
DA:375,0
DA:376,0
DA:382,0
DA:384,0
DA:385,0
DA:389,0
DA:410,0
DA:413,0
DA:423,0
DA:448,0
DA:458,0
DA:519,0
DA:540,0
DA:554,0
LF:148
LH:0
BRDA:105,0,0,0
BRDA:105,0,1,0
BRDA:105,1,0,0
BRDA:105,1,1,0
BRDA:105,1,2,0
BRDA:105,1,3,0
BRDA:119,2,0,0
BRDA:119,2,1,0
BRDA:120,3,0,0
BRDA:120,3,1,0
BRDA:120,4,0,0
BRDA:120,4,1,0
BRDA:159,5,0,0
BRDA:159,5,1,0
BRDA:161,6,0,0
BRDA:161,6,1,0
BRDA:164,7,0,0
BRDA:164,7,1,0
BRDA:164,8,0,0
BRDA:164,8,1,0
BRDA:167,9,0,0
BRDA:167,9,1,0
BRDA:180,10,0,0
BRDA:180,10,1,0
BRDA:188,11,0,0
BRDA:188,11,1,0
BRDA:214,12,0,0
BRDA:214,12,1,0
BRDA:219,13,0,0
BRDA:219,13,1,0
BRDA:234,14,0,0
BRDA:234,14,1,0
BRDA:250,15,0,0
BRDA:250,15,1,0
BRDA:254,16,0,0
BRDA:254,16,1,0
BRDA:255,17,0,0
BRDA:255,17,1,0
BRDA:265,18,0,0
BRDA:265,18,1,0
BRDA:277,19,0,0
BRDA:277,19,1,0
BRDA:286,20,0,0
BRDA:286,20,1,0
BRDA:289,21,0,0
BRDA:289,21,1,0
BRDA:309,22,0,0
BRDA:309,22,1,0
BRDA:313,23,0,0
BRDA:313,23,1,0
BRDA:317,24,0,0
BRDA:317,24,1,0
BRDA:325,25,0,0
BRDA:325,25,1,0
BRDA:325,26,0,0
BRDA:325,26,1,0
BRDA:329,27,0,0
BRDA:329,27,1,0
BRDA:333,28,0,0
BRDA:333,28,1,0
BRDA:336,29,0,0
BRDA:336,29,1,0
BRDA:345,30,0,0
BRDA:345,30,1,0
BRDA:348,31,0,0
BRDA:348,31,1,0
BRDA:356,32,0,0
BRDA:356,32,1,0
BRDA:359,33,0,0
BRDA:359,33,1,0
BRDA:360,34,0,0
BRDA:360,34,1,0
BRDA:392,35,0,0
BRDA:392,35,1,0
BRDA:393,36,0,0
BRDA:393,36,1,0
BRDA:400,37,0,0
BRDA:400,37,1,0
BRDA:405,38,0,0
BRDA:405,38,1,0
BRDA:427,39,0,0
BRDA:427,39,1,0
BRDA:433,40,0,0
BRDA:433,40,1,0
BRDA:436,41,0,0
BRDA:436,41,1,0
BRDA:438,42,0,0
BRDA:438,42,1,0
BRDA:442,43,0,0
BRDA:442,43,1,0
BRDA:444,44,0,0
BRDA:444,44,1,0
BRDA:444,44,2,0
BRDA:461,45,0,0
BRDA:461,45,1,0
BRDA:463,46,0,0
BRDA:463,46,1,0
BRDA:470,47,0,0
BRDA:470,47,1,0
BRDA:473,48,0,0
BRDA:473,48,1,0
BRDA:473,49,0,0
BRDA:473,49,1,0
BRDA:473,49,2,0
BRDA:477,50,0,0
BRDA:477,50,1,0
BRDA:492,51,0,0
BRDA:492,51,1,0
BRDA:522,52,0,0
BRDA:522,52,1,0
BRDA:538,53,0,0
BRDA:538,53,1,0
BRDA:538,53,2,0
BRDA:541,54,0,0
BRDA:541,54,1,0
BRDA:661,55,0,0
BRDA:661,55,1,0
BRF:117
BRH:0
end_of_record
TN:
SF:app/components/CustomStarIcon.tsx
FN:11,(anonymous_0)
FN:45,(anonymous_1)
FNF:2
FNH:0
FNDA:0,(anonymous_0)
FNDA:0,(anonymous_1)
DA:11,0
DA:16,0
DA:45,0
DA:50,0
DA:52,0
LF:5
LH:0
BRDA:12,0,0,0
BRDA:13,1,0,0
BRDA:46,2,0,0
BRDA:47,3,0,0
BRF:4
BRH:0
end_of_record
TN:
SF:app/components/DesktopLayout.tsx
FN:17,(anonymous_0)
FN:26,(anonymous_1)
FN:27,(anonymous_2)
FN:32,(anonymous_3)
FN:42,(anonymous_4)
FN:50,(anonymous_5)
FN:73,(anonymous_6)
FN:97,(anonymous_7)
FN:132,(anonymous_8)
FNF:9
FNH:0
FNDA:0,(anonymous_0)
FNDA:0,(anonymous_1)
FNDA:0,(anonymous_2)
FNDA:0,(anonymous_3)
FNDA:0,(anonymous_4)
FNDA:0,(anonymous_5)
FNDA:0,(anonymous_6)
FNDA:0,(anonymous_7)
FNDA:0,(anonymous_8)
DA:17,0
DA:22,0
DA:23,0
DA:24,0
DA:26,0
DA:27,0
DA:28,0
DA:31,0
DA:32,0
DA:35,0
DA:37,0
DA:39,0
DA:42,0
DA:43,0
DA:44,0
DA:47,0
DA:50,0
DA:52,0
DA:67,0
DA:73,0
DA:99,0
DA:132,0
DA:140,0
LF:23
LH:0
BRDA:37,0,0,0
BRDA:37,0,1,0
BRDA:86,1,0,0
BRDA:86,1,1,0
BRDA:114,2,0,0
BRDA:114,2,1,0
BRF:6
BRH:0
end_of_record
TN:
SF:app/components/DesktopUserProfile.tsx
FN:26,(anonymous_0)
FN:37,(anonymous_1)
FN:48,(anonymous_2)
FN:53,(anonymous_3)
FN:63,(anonymous_4)
FN:81,(anonymous_5)
FN:88,(anonymous_6)
FN:150,(anonymous_7)
FN:205,(anonymous_8)
FN:266,(anonymous_9)
FN:270,(anonymous_10)
FNF:11
FNH:0
FNDA:0,(anonymous_0)
FNDA:0,(anonymous_1)
FNDA:0,(anonymous_2)
FNDA:0,(anonymous_3)
FNDA:0,(anonymous_4)
FNDA:0,(anonymous_5)
FNDA:0,(anonymous_6)
FNDA:0,(anonymous_7)
FNDA:0,(anonymous_8)
FNDA:0,(anonymous_9)
FNDA:0,(anonymous_10)
DA:26,0
DA:33,0
DA:34,0
DA:35,0
DA:37,0
DA:38,0
DA:45,0
DA:48,0
DA:49,0
DA:50,0
DA:53,0
DA:54,0
DA:55,0
DA:56,0
DA:57,0
DA:59,0
DA:63,0
DA:64,0
DA:81,0
DA:88,0
DA:150,0
DA:151,0
DA:205,0
DA:206,0
DA:245,0
DA:247,0
DA:267,0
DA:270,0
DA:291,0
LF:29
LH:0
BRDA:39,0,0,0
BRDA:39,0,1,0
BRDA:40,1,0,0
BRDA:40,1,1,0
BRDA:41,2,0,0
BRDA:41,2,1,0
BRDA:42,3,0,0
BRDA:42,3,1,0
BRDA:43,4,0,0
BRDA:43,4,1,0
BRDA:67,5,0,0
BRDA:67,5,1,0
BRDA:76,6,0,0
BRDA:76,6,1,0
BRDA:95,7,0,0
BRDA:95,7,1,0
BRDA:96,8,0,0
BRDA:96,8,1,0
BRDA:97,9,0,0
BRDA:97,9,1,0
BRDA:103,10,0,0
BRDA:103,10,1,0
BRDA:106,11,0,0
BRDA:106,11,1,0
BRDA:116,12,0,0
BRDA:116,12,1,0
BRDA:120,13,0,0
BRDA:120,13,1,0
BRDA:124,14,0,0
BRDA:124,14,1,0
BRDA:245,15,0,0
BRDA:245,15,1,0
BRDA:245,16,0,0
BRDA:245,16,1,0
BRDA:269,17,0,0
BRDA:269,17,1,0
BRDA:272,18,0,0
BRDA:272,18,1,0
BRDA:281,19,0,0
BRDA:281,19,1,0
BRDA:282,20,0,0
BRDA:282,20,1,0
BRDA:283,21,0,0
BRDA:283,21,1,0
BRF:44
BRH:0
end_of_record
TN:
SF:app/components/DevMenuTrigger.js
FN:5,DevMenuTrigger
FN:6,(anonymous_1)
FN:16,(anonymous_2)
FNF:3
FNH:0
FNDA:0,DevMenuTrigger
FNDA:0,(anonymous_1)
FNDA:0,(anonymous_2)
DA:6,0
DA:7,0
DA:9,0
DA:16,0
DA:17,0
DA:19,0
DA:20,0
DA:24,0
DA:28,0
DA:30,0
DA:42,0
LF:11
LH:0
BRDA:7,0,0,0
BRDA:7,0,1,0
BRDA:17,1,0,0
BRDA:17,1,1,0
BRDA:19,2,0,0
BRDA:19,2,1,0
BRDA:24,3,0,0
BRDA:24,3,1,0
BRDA:28,4,0,0
BRDA:28,4,1,0
BRF:10
BRH:0
end_of_record
TN:
SF:app/components/DevTestScreen.js
FN:30,(anonymous_0)
FN:35,(anonymous_1)
FN:55,(anonymous_2)
FN:71,(anonymous_3)
FN:75,(anonymous_4)
FN:79,(anonymous_5)
FN:80,(anonymous_6)
FN:81,(anonymous_7)
FN:174,(anonymous_8)
FNF:9
FNH:0
FNDA:0,(anonymous_0)
FNDA:0,(anonymous_1)
FNDA:0,(anonymous_2)
FNDA:0,(anonymous_3)
FNDA:0,(anonymous_4)
FNDA:0,(anonymous_5)
FNDA:0,(anonymous_6)
FNDA:0,(anonymous_7)
FNDA:0,(anonymous_8)
DA:16,0
DA:30,0
DA:31,0
DA:32,0
DA:33,0
DA:35,0
DA:36,0
DA:37,0
DA:38,0
DA:40,0
DA:42,0
DA:45,0
DA:46,0
DA:48,0
DA:49,0
DA:51,0
DA:55,0
DA:56,0
DA:57,0
DA:59,0
DA:60,0
DA:61,0
DA:62,0
DA:64,0
DA:65,0
DA:67,0
DA:71,0
DA:72,0
DA:75,0
DA:76,0
DA:79,0
DA:80,0
DA:81,0
DA:82,0
DA:83,0
DA:85,0
DA:88,0
DA:90,0
DA:175,0
DA:202,0
LF:40
LH:0
BRDA:72,0,0,0
BRDA:72,0,1,0
BRDA:76,1,0,0
BRDA:76,1,1,0
BRDA:83,2,0,0
BRDA:83,2,1,0
BRDA:114,3,0,0
BRDA:114,3,1,0
BRDA:142,4,0,0
BRDA:142,4,1,0
BRDA:144,5,0,0
BRDA:144,5,1,0
BRDA:190,6,0,0
BRDA:190,6,1,0
BRF:14
BRH:0
end_of_record
TN:
SF:app/components/EnhancedNewsExample.js
FN:19,(anonymous_0)
FN:25,(anonymous_1)
FN:40,(anonymous_2)
FN:41,(anonymous_3)
FN:59,(anonymous_4)
FN:63,(anonymous_5)
FN:104,(anonymous_6)
FN:163,(anonymous_7)
FNF:8
FNH:0
FNDA:0,(anonymous_0)
FNDA:0,(anonymous_1)
FNDA:0,(anonymous_2)
FNDA:0,(anonymous_3)
FNDA:0,(anonymous_4)
FNDA:0,(anonymous_5)
FNDA:0,(anonymous_6)
FNDA:0,(anonymous_7)
DA:19,0
DA:20,0
DA:21,0
DA:22,0
DA:23,0
DA:25,0
DA:26,0
DA:27,0
DA:29,0
DA:37,0
DA:40,0
DA:41,0
DA:42,0
DA:43,0
DA:46,0
DA:53,0
DA:55,0
DA:59,0
DA:60,0
DA:63,0
DA:64,0
DA:70,0
DA:105,0
DA:115,0
DA:163,0
DA:177,0
LF:26
LH:0
BRDA:42,0,0,0
BRDA:42,0,1,0
BRDA:64,1,0,0
BRDA:64,1,1,0
BRDA:72,2,0,0
BRDA:72,2,1,0
BRDA:95,3,0,0
BRDA:95,3,1,0
BRDA:102,4,0,0
BRDA:102,4,1,0
BRDA:102,4,2,0
BRDA:126,5,0,0
BRDA:126,5,1,0
BRDA:131,6,0,0
BRDA:131,6,1,0
BRDA:136,7,0,0
BRDA:136,7,1,0
BRDA:142,8,0,0
BRDA:142,8,1,0
BRDA:145,9,0,0
BRDA:145,9,1,0
BRDA:150,10,0,0
BRDA:150,10,1,0
BRDA:154,11,0,0
BRDA:154,11,1,0
BRDA:163,12,0,0
BRDA:163,12,1,0
BRF:27
BRH:0
end_of_record
TN:
SF:app/components/ErrorBoundary.js
FN:6,(anonymous_0)
FN:11,(anonymous_1)
FN:16,(anonymous_2)
FN:31,(anonymous_3)
FN:35,(anonymous_4)
FNF:5
FNH:0
FNDA:0,(anonymous_0)
FNDA:0,(anonymous_1)
FNDA:0,(anonymous_2)
FNDA:0,(anonymous_3)
FNDA:0,(anonymous_4)
DA:7,0
DA:8,0
DA:13,0
DA:18,0
DA:20,0
DA:26,0
DA:31,0
DA:32,0
DA:36,0
DA:37,0
DA:65,0
DA:69,0
LF:12
LH:0
BRDA:26,0,0,0
BRDA:26,0,1,0
BRDA:36,1,0,0
BRDA:36,1,1,0
BRDA:46,2,0,0
BRDA:46,2,1,0
BRDA:46,2,2,0
BRDA:50,3,0,0
BRDA:50,3,1,0
BRF:9
BRH:0
end_of_record
TN:
SF:app/components/FastRefreshTest.js
FN:4,FastRefreshTest
FNF:1
FNH:0
FNDA:0,FastRefreshTest
DA:5,0
DA:17,0
LF:2
LH:0
BRF:0
BRH:0
end_of_record
TN:
SF:app/components/FeaturedAIAnalysis.tsx
FN:20,(anonymous_0)
FN:21,(anonymous_1)
FN:27,(anonymous_2)
FN:42,(anonymous_3)
FN:63,(anonymous_4)
FN:67,(anonymous_5)
FN:88,(anonymous_6)
FN:116,(anonymous_7)
FN:126,(anonymous_8)
FN:130,(anonymous_9)
FNF:10
FNH:0
FNDA:0,(anonymous_0)
FNDA:0,(anonymous_1)
FNDA:0,(anonymous_2)
FNDA:0,(anonymous_3)
FNDA:0,(anonymous_4)
FNDA:0,(anonymous_5)
FNDA:0,(anonymous_6)
FNDA:0,(anonymous_7)
FNDA:0,(anonymous_8)
FNDA:0,(anonymous_9)
DA:20,0
DA:21,0
DA:22,0
DA:23,0
DA:24,0
DA:27,0
DA:28,0
DA:29,0
DA:30,0
DA:33,0
DA:42,0
DA:46,0
DA:48,0
DA:49,0
DA:64,0
DA:67,0
DA:79,0
DA:88,0
DA:117,0
DA:127,0
DA:130,0
DA:161,0
LF:22
LH:0
BRDA:22,0,0,0
BRDA:22,0,1,0
BRDA:23,1,0,0
BRDA:23,1,1,0
BRDA:28,2,0,0
BRDA:28,2,1,0
BRDA:29,3,0,0
BRDA:29,3,1,0
BRDA:48,4,0,0
BRDA:48,4,1,0
BRDA:92,5,0,0
BRDA:92,5,1,0
BRDA:99,6,0,0
BRDA:99,6,1,0
BRF:14
BRH:0
end_of_record
TN:
SF:app/components/HollowCircularIcon.js
FN:5,(anonymous_0)
FNF:1
FNH:0
FNDA:0,(anonymous_0)
DA:5,0
DA:6,0
DA:7,0
DA:9,0
LF:4
LH:0
BRDA:5,0,0,0
BRDA:6,1,0,0
BRDA:6,1,1,0
BRF:3
BRH:0
end_of_record
TN:
SF:app/components/IntegraIcon.js
FN:4,(anonymous_0)
FN:7,(anonymous_1)
FN:26,(anonymous_2)
FNF:3
FNH:0
FNDA:0,(anonymous_0)
FNDA:0,(anonymous_1)
FNDA:0,(anonymous_2)
DA:4,0
DA:5,0
DA:7,0
DA:8,0
DA:9,0
DA:22,0
DA:26,0
DA:27,0
DA:29,0
DA:31,0
DA:33,0
DA:36,0
DA:40,0
DA:41,0
DA:42,0
DA:43,0
DA:45,0
DA:132,0
LF:18
LH:0
BRDA:4,0,0,0
BRDA:4,1,0,0
BRDA:4,2,0,0
BRDA:8,3,0,0
BRDA:8,3,1,0
BRDA:27,4,0,0
BRDA:27,4,1,0
BRDA:27,4,2,0
BRDA:27,4,3,0
BRDA:27,4,4,0
BRF:10
BRH:0
end_of_record
TN:
SF:app/components/IntegraLoadingPage.js
FN:10,(anonymous_0)
FNF:1
FNH:0
FNDA:0,(anonymous_0)
DA:4,0
DA:10,0
DA:11,0
DA:19,0
LF:4
LH:0
BRF:0
BRH:0
end_of_record
TN:
SF:app/components/MarkdownMessage.js
FN:8,(anonymous_0)
FN:144,(anonymous_1)
FN:182,(anonymous_2)
FN:190,(anonymous_3)
FN:200,(anonymous_4)
FNF:5
FNH:0
FNDA:0,(anonymous_0)
FNDA:0,(anonymous_1)
FNDA:0,(anonymous_2)
FNDA:0,(anonymous_3)
FNDA:0,(anonymous_4)
DA:8,0
DA:10,0
DA:11,0
DA:12,0
DA:13,0
DA:16,0
DA:143,0
DA:145,0
DA:146,0
DA:169,0
DA:183,0
DA:191,0
DA:200,0
DA:201,0
DA:204,0
DA:207,0
DA:208,0
DA:209,0
DA:211,0
DA:214,0
DA:216,0
DA:229,0
LF:22
LH:0
BRDA:8,0,0,0
BRDA:8,1,0,0
BRDA:10,2,0,0
BRDA:10,2,1,0
BRDA:10,3,0,0
BRDA:10,3,1,0
BRDA:11,4,0,0
BRDA:11,4,1,0
BRDA:12,5,0,0
BRDA:12,5,1,0
BRDA:13,6,0,0
BRDA:13,6,1,0
BRDA:62,7,0,0
BRDA:62,7,1,0
BRDA:76,8,0,0
BRDA:76,8,1,0
BRDA:91,9,0,0
BRDA:91,9,1,0
BRDA:97,10,0,0
BRDA:97,10,1,0
BRDA:101,11,0,0
BRDA:101,11,1,0
BRDA:106,12,0,0
BRDA:106,12,1,0
BRDA:113,13,0,0
BRDA:113,13,1,0
BRDA:119,14,0,0
BRDA:119,14,1,0
BRDA:145,15,0,0
BRDA:145,15,1,0
BRDA:146,16,0,0
BRDA:146,16,1,0
BRDA:172,17,0,0
BRDA:172,17,1,0
BRDA:201,18,0,0
BRDA:201,18,1,0
BRF:36
BRH:0
end_of_record
TN:
SF:app/components/NewsCard.tsx
FN:27,NewsCard
FN:31,(anonymous_1)
FN:35,(anonymous_2)
FN:58,(anonymous_3)
FN:94,(anonymous_4)
FN:116,(anonymous_5)
FN:144,(anonymous_6)
FN:162,(anonymous_7)
FN:182,(anonymous_8)
FN:199,(anonymous_9)
FN:222,(anonymous_10)
FN:262,(anonymous_11)
FN:301,(anonymous_12)
FNF:13
FNH:0
FNDA:0,NewsCard
FNDA:0,(anonymous_1)
FNDA:0,(anonymous_2)
FNDA:0,(anonymous_3)
FNDA:0,(anonymous_4)
FNDA:0,(anonymous_5)
FNDA:0,(anonymous_6)
FNDA:0,(anonymous_7)
FNDA:0,(anonymous_8)
FNDA:0,(anonymous_9)
FNDA:0,(anonymous_10)
FNDA:0,(anonymous_11)
FNDA:0,(anonymous_12)
DA:28,0
DA:29,0
DA:31,0
DA:32,0
DA:33,0
DA:35,0
DA:36,0
DA:37,0
DA:41,0
DA:54,0
DA:58,0
DA:60,0
DA:61,0
DA:63,0
DA:64,0
DA:65,0
DA:68,0
DA:69,0
DA:70,0
DA:73,0
DA:76,0
DA:78,0
DA:86,0
DA:94,0
DA:95,0
DA:96,0
DA:97,0
DA:99,0
DA:101,0
DA:109,0
DA:117,0
DA:118,0
DA:120,0
DA:121,0
DA:123,0
DA:124,0
DA:126,0
DA:127,0
DA:129,0
DA:130,0
DA:133,0
DA:134,0
DA:140,0
DA:144,0
DA:145,0
DA:146,0
DA:147,0
DA:149,0
DA:150,0
DA:151,0
DA:152,0
DA:154,0
DA:157,0
DA:158,0
DA:162,0
DA:163,0
DA:164,0
DA:166,0
DA:168,0
DA:169,0
DA:171,0
DA:172,0
DA:174,0
DA:177,0
DA:178,0
DA:182,0
DA:183,0
DA:184,0
DA:186,0
DA:187,0
DA:190,0
DA:191,0
DA:194,0
DA:195,0
DA:199,0
DA:200,0
DA:201,0
DA:207,0
DA:208,0
DA:211,0
DA:213,0
DA:214,0
DA:217,0
DA:218,0
DA:222,0
DA:223,0
DA:224,0
DA:226,0
DA:228,0
DA:230,0
DA:232,0
DA:236,0
DA:262,0
DA:301,0
DA:302,0
DA:303,0
DA:304,0
DA:305,0
DA:306,0
DA:310,0
LF:100
LH:0
BRDA:33,0,0,0
BRDA:33,0,1,0
BRDA:36,1,0,0
BRDA:36,1,1,0
BRDA:43,2,0,0
BRDA:43,2,1,0
BRDA:43,2,2,0
BRDA:44,3,0,0
BRDA:44,3,1,0
BRDA:46,4,0,0
BRDA:46,4,1,0
BRDA:47,5,0,0
BRDA:47,5,1,0
BRDA:48,6,0,0
BRDA:48,6,1,0
BRDA:50,7,0,0
BRDA:50,7,1,0
BRDA:50,8,0,0
BRDA:50,8,1,0
BRDA:60,9,0,0
BRDA:60,9,1,0
BRDA:60,10,0,0
BRDA:60,10,1,0
BRDA:64,11,0,0
BRDA:64,11,1,0
BRDA:64,12,0,0
BRDA:64,12,1,0
BRDA:69,13,0,0
BRDA:69,13,1,0
BRDA:80,14,0,0
BRDA:80,14,1,0
BRDA:88,15,0,0
BRDA:88,15,1,0
BRDA:95,16,0,0
BRDA:95,16,1,0
BRDA:95,16,2,0
BRDA:95,17,0,0
BRDA:95,17,1,0
BRDA:96,18,0,0
BRDA:96,18,1,0
BRDA:96,19,0,0
BRDA:96,19,1,0
BRDA:97,20,0,0
BRDA:97,20,1,0
BRDA:99,21,0,0
BRDA:99,21,1,0
BRDA:118,22,0,0
BRDA:118,22,1,0
BRDA:118,22,2,0
BRDA:118,22,3,0
BRDA:126,23,0,0
BRDA:126,23,1,0
BRDA:146,24,0,0
BRDA:146,24,1,0
BRDA:151,25,0,0
BRDA:151,25,1,0
BRDA:163,26,0,0
BRDA:163,26,1,0
BRDA:171,27,0,0
BRDA:171,27,1,0
BRDA:184,28,0,0
BRDA:184,28,1,0
BRDA:184,29,0,0
BRDA:184,29,1,0
BRDA:207,30,0,0
BRDA:207,30,1,0
BRDA:207,31,0,0
BRDA:207,31,1,0
BRDA:213,32,0,0
BRDA:213,32,1,0
BRDA:224,33,0,0
BRDA:224,33,1,0
BRDA:224,33,2,0
BRDA:224,33,3,0
BRDA:240,34,0,0
BRDA:240,34,1,0
BRDA:249,35,0,0
BRDA:249,35,1,0
BRDA:256,36,0,0
BRDA:256,36,1,0
BRDA:258,37,0,0
BRDA:258,37,1,0
BRDA:259,38,0,0
BRDA:259,38,1,0
BRDA:272,39,0,0
BRDA:272,39,1,0
BRDA:272,39,2,0
BRDA:274,40,0,0
BRDA:274,40,1,0
BRDA:281,41,0,0
BRDA:281,41,1,0
BRDA:283,42,0,0
BRDA:283,42,1,0
BRDA:283,43,0,0
BRDA:283,43,1,0
BRDA:286,44,0,0
BRDA:286,44,1,0
BRDA:286,44,2,0
BRDA:291,45,0,0
BRDA:291,45,1,0
BRDA:291,45,2,0
BRDA:302,46,0,0
BRDA:302,46,1,0
BRDA:302,46,2,0
BRDA:302,46,3,0
BRF:105
BRH:0
end_of_record
TN:
SF:app/components/NewsFeed.js
FN:34,(anonymous_0)
FN:68,(anonymous_1)
FN:74,(anonymous_2)
FN:80,(anonymous_3)
FN:89,(anonymous_4)
FN:96,(anonymous_5)
FN:101,(anonymous_6)
FN:120,(anonymous_7)
FN:132,(anonymous_8)
FN:179,(anonymous_9)
FN:184,(anonymous_10)
FN:279,(anonymous_11)
FN:283,(anonymous_12)
FN:306,(anonymous_13)
FN:311,(anonymous_14)
FN:318,(anonymous_15)
FN:324,(anonymous_16)
FN:327,(anonymous_17)
FN:330,(anonymous_18)
FN:338,(anonymous_19)
FN:354,(anonymous_20)
FN:359,(anonymous_21)
FN:364,(anonymous_22)
FN:368,(anonymous_23)
FN:375,(anonymous_24)
FN:386,(anonymous_25)
FN:421,(anonymous_26)
FN:424,(anonymous_27)
FN:443,(anonymous_28)
FN:446,(anonymous_29)
FN:453,(anonymous_30)
FN:474,(anonymous_31)
FNF:32
FNH:0
FNDA:0,(anonymous_0)
FNDA:0,(anonymous_1)
FNDA:0,(anonymous_2)
FNDA:0,(anonymous_3)
FNDA:0,(anonymous_4)
FNDA:0,(anonymous_5)
FNDA:0,(anonymous_6)
FNDA:0,(anonymous_7)
FNDA:0,(anonymous_8)
FNDA:0,(anonymous_9)
FNDA:0,(anonymous_10)
FNDA:0,(anonymous_11)
FNDA:0,(anonymous_12)
FNDA:0,(anonymous_13)
FNDA:0,(anonymous_14)
FNDA:0,(anonymous_15)
FNDA:0,(anonymous_16)
FNDA:0,(anonymous_17)
FNDA:0,(anonymous_18)
FNDA:0,(anonymous_19)
FNDA:0,(anonymous_20)
FNDA:0,(anonymous_21)
FNDA:0,(anonymous_22)
FNDA:0,(anonymous_23)
FNDA:0,(anonymous_24)
FNDA:0,(anonymous_25)
FNDA:0,(anonymous_26)
FNDA:0,(anonymous_27)
FNDA:0,(anonymous_28)
FNDA:0,(anonymous_29)
FNDA:0,(anonymous_30)
FNDA:0,(anonymous_31)
DA:21,0
DA:24,0
DA:34,0
DA:40,0
DA:41,0
DA:42,0
DA:43,0
DA:44,0
DA:45,0
DA:46,0
DA:47,0
DA:48,0
DA:49,0
DA:50,0
DA:51,0
DA:54,0
DA:57,0
DA:58,0
DA:59,0
DA:62,0
DA:63,0
DA:64,0
DA:65,0
DA:68,0
DA:69,0
DA:70,0
DA:71,0
DA:74,0
DA:75,0
DA:76,0
DA:80,0
DA:81,0
DA:82,0
DA:83,0
DA:89,0
DA:90,0
DA:91,0
DA:96,0
DA:97,0
DA:101,0
DA:102,0
DA:103,0
DA:104,0
DA:105,0
DA:106,0
DA:109,0
DA:110,0
DA:111,0
DA:115,0
DA:120,0
DA:121,0
DA:122,0
DA:127,0
DA:132,0
DA:133,0
DA:135,0
DA:136,0
DA:137,0
DA:138,0
DA:141,0
DA:143,0
DA:145,0
DA:146,0
DA:149,0
DA:151,0
DA:152,0
DA:154,0
DA:155,0
DA:156,0
DA:157,0
DA:160,0
DA:161,0
DA:166,0
DA:167,0
DA:168,0
DA:171,0
DA:172,0
DA:173,0
DA:179,0
DA:180,0
DA:181,0
DA:183,0
DA:186,0
DA:187,0
DA:190,0
DA:191,0
DA:199,0
DA:200,0
DA:201,0
DA:202,0
DA:203,0
DA:204,0
DA:210,0
DA:211,0
DA:215,0
DA:218,0
DA:219,0
DA:223,0
DA:225,0
DA:226,0
DA:229,0
DA:231,0
DA:232,0
DA:233,0
DA:235,0
DA:237,0
DA:242,0
DA:243,0
DA:244,0
DA:246,0
DA:247,0
DA:249,0
DA:250,0
DA:251,0
DA:252,0
DA:253,0
DA:254,0
DA:255,0
DA:256,0
DA:259,0
DA:279,0
DA:283,0
DA:284,0
DA:285,0
DA:287,0
DA:289,0
DA:290,0
DA:291,0
DA:293,0
DA:294,0
DA:295,0
DA:296,0
DA:299,0
DA:306,0
DA:307,0
DA:308,0
DA:310,0
DA:311,0
DA:313,0
DA:318,0
DA:319,0
DA:320,0
DA:324,0
DA:325,0
DA:326,0
DA:327,0
DA:330,0
DA:331,0
DA:332,0
DA:338,0
DA:339,0
DA:340,0
DA:341,0
DA:342,0
DA:345,0
DA:346,0
DA:349,0
DA:350,0
DA:354,0
DA:355,0
DA:359,0
DA:360,0
DA:364,0
DA:365,0
DA:368,0
DA:375,0
DA:376,0
DA:378,0
DA:386,0
DA:387,0
DA:389,0
DA:421,0
DA:422,0
DA:424,0
DA:426,0
DA:427,0
DA:439,0
DA:443,0
DA:446,0
DA:453,0
DA:454,0
DA:470,0
DA:471,0
DA:475,0
DA:483,0
DA:543,0
LF:186
LH:0
BRDA:35,0,0,0
BRDA:37,1,0,0
BRDA:75,2,0,0
BRDA:75,2,1,0
BRDA:82,3,0,0
BRDA:82,3,1,0
BRDA:90,4,0,0
BRDA:90,4,1,0
BRDA:104,5,0,0
BRDA:104,5,1,0
BRDA:109,6,0,0
BRDA:109,6,1,0
BRDA:109,7,0,0
BRDA:109,7,1,0
BRDA:132,8,0,0
BRDA:132,9,0,0
BRDA:133,10,0,0
BRDA:133,10,1,0
BRDA:135,11,0,0
BRDA:135,11,1,0
BRDA:135,12,0,0
BRDA:135,12,1,0
BRDA:137,13,0,0
BRDA:137,13,1,0
BRDA:146,14,0,0
BRDA:146,14,1,0
BRDA:151,15,0,0
BRDA:151,15,1,0
BRDA:151,16,0,0
BRDA:151,16,1,0
BRDA:154,17,0,0
BRDA:154,17,1,0
BRDA:160,18,0,0
BRDA:160,18,1,0
BRDA:167,19,0,0
BRDA:167,19,1,0
BRDA:171,20,0,0
BRDA:171,20,1,0
BRDA:186,21,0,0
BRDA:186,21,1,0
BRDA:200,22,0,0
BRDA:200,22,1,0
BRDA:202,23,0,0
BRDA:202,23,1,0
BRDA:210,24,0,0
BRDA:210,24,1,0
BRDA:215,25,0,0
BRDA:215,25,1,0
BRDA:215,25,2,0
BRDA:215,25,3,0
BRDA:218,26,0,0
BRDA:218,26,1,0
BRDA:218,27,0,0
BRDA:218,27,1,0
BRDA:223,28,0,0
BRDA:223,28,1,0
BRDA:223,29,0,0
BRDA:223,29,1,0
BRDA:225,30,0,0
BRDA:225,30,1,0
BRDA:225,30,2,0
BRDA:226,31,0,0
BRDA:226,31,1,0
BRDA:229,32,0,0
BRDA:229,32,1,0
BRDA:233,33,0,0
BRDA:233,33,1,0
BRDA:249,34,0,0
BRDA:249,34,1,0
BRDA:251,35,0,0
BRDA:251,35,1,0
BRDA:253,36,0,0
BRDA:253,36,1,0
BRDA:255,37,0,0
BRDA:255,37,1,0
BRDA:260,38,0,0
BRDA:260,38,1,0
BRDA:261,39,0,0
BRDA:261,39,1,0
BRDA:261,39,2,0
BRDA:263,40,0,0
BRDA:263,40,1,0
BRDA:264,41,0,0
BRDA:264,41,1,0
BRDA:265,42,0,0
BRDA:265,42,1,0
BRDA:265,42,2,0
BRDA:268,43,0,0
BRDA:268,43,1,0
BRDA:269,44,0,0
BRDA:269,44,1,0
BRDA:270,45,0,0
BRDA:270,45,1,0
BRDA:270,45,2,0
BRDA:271,46,0,0
BRDA:271,46,1,0
BRDA:271,46,2,0
BRDA:272,47,0,0
BRDA:272,47,1,0
BRDA:272,47,2,0
BRDA:287,48,0,0
BRDA:287,48,1,0
BRDA:293,49,0,0
BRDA:293,49,1,0
BRDA:294,50,0,0
BRDA:294,50,1,0
BRDA:295,51,0,0
BRDA:295,51,1,0
BRDA:296,52,0,0
BRDA:296,52,1,0
BRDA:307,53,0,0
BRDA:307,53,1,0
BRDA:325,54,0,0
BRDA:325,54,1,0
BRDA:325,55,0,0
BRDA:325,55,1,0
BRDA:325,55,2,0
BRDA:345,56,0,0
BRDA:345,56,1,0
BRDA:376,57,0,0
BRDA:376,57,1,0
BRDA:387,58,0,0
BRDA:387,58,1,0
BRDA:399,59,0,0
BRDA:399,59,1,0
BRDA:422,60,0,0
BRDA:422,60,1,0
BRDA:426,61,0,0
BRDA:426,61,1,0
BRDA:470,62,0,0
BRDA:470,62,1,0
BRDA:470,63,0,0
BRDA:470,63,1,0
BRDA:512,64,0,0
BRDA:512,64,1,0
BRDA:516,65,0,0
BRDA:516,65,1,0
BRDA:518,66,0,0
BRDA:518,66,1,0
BRDA:528,67,0,0
BRDA:528,67,1,0
BRDA:528,67,2,0
BRF:142
BRH:0
end_of_record
TN:
SF:app/components/NotificationSettings.js
FN:45,(anonymous_0)
FN:56,(anonymous_1)
FN:63,(anonymous_2)
FN:74,(anonymous_3)
FN:83,(anonymous_4)
FN:92,(anonymous_5)
FN:116,(anonymous_6)
FN:174,(anonymous_7)
FN:180,(anonymous_8)
FN:188,(anonymous_9)
FN:205,(anonymous_10)
FN:213,(anonymous_11)
FN:225,(anonymous_12)
FN:234,(anonymous_13)
FN:319,(anonymous_14)
FN:349,(anonymous_15)
FN:364,(anonymous_16)
FN:406,(anonymous_17)
FN:421,(anonymous_18)
FN:437,(anonymous_19)
FN:453,(anonymous_20)
FN:469,(anonymous_21)
FN:493,(anonymous_22)
FN:508,(anonymous_23)
FN:531,(anonymous_24)
FNF:25
FNH:0
FNDA:0,(anonymous_0)
FNDA:0,(anonymous_1)
FNDA:0,(anonymous_2)
FNDA:0,(anonymous_3)
FNDA:0,(anonymous_4)
FNDA:0,(anonymous_5)
FNDA:0,(anonymous_6)
FNDA:0,(anonymous_7)
FNDA:0,(anonymous_8)
FNDA:0,(anonymous_9)
FNDA:0,(anonymous_10)
FNDA:0,(anonymous_11)
FNDA:0,(anonymous_12)
FNDA:0,(anonymous_13)
FNDA:0,(anonymous_14)
FNDA:0,(anonymous_15)
FNDA:0,(anonymous_16)
FNDA:0,(anonymous_17)
FNDA:0,(anonymous_18)
FNDA:0,(anonymous_19)
FNDA:0,(anonymous_20)
FNDA:0,(anonymous_21)
FNDA:0,(anonymous_22)
FNDA:0,(anonymous_23)
FNDA:0,(anonymous_24)
DA:31,0
DA:45,0
DA:46,0
DA:47,0
DA:48,0
DA:49,0
DA:50,0
DA:51,0
DA:52,0
DA:53,0
DA:54,0
DA:56,0
DA:57,0
DA:58,0
DA:59,0
DA:60,0
DA:63,0
DA:64,0
DA:65,0
DA:66,0
DA:68,0
DA:70,0
DA:74,0
DA:75,0
DA:76,0
DA:77,0
DA:79,0
DA:83,0
DA:84,0
DA:85,0
DA:86,0
DA:88,0
DA:92,0
DA:93,0
DA:94,0
DA:95,0
DA:96,0
DA:99,0
DA:100,0
DA:103,0
DA:104,0
DA:107,0
DA:108,0
DA:109,0
DA:112,0
DA:116,0
DA:117,0
DA:118,0
DA:119,0
DA:120,0
DA:121,0
DA:123,0
DA:125,0
DA:126,0
DA:130,0
DA:131,0
DA:132,0
DA:135,0
DA:136,0
DA:139,0
DA:140,0
DA:141,0
DA:143,0
DA:144,0
DA:145,0
DA:149,0
DA:156,0
DA:163,0
DA:164,0
DA:170,0
DA:174,0
DA:175,0
DA:176,0
DA:177,0
DA:180,0
DA:181,0
DA:189,0
DA:190,0
DA:191,0
DA:192,0
DA:193,0
DA:196,0
DA:197,0
DA:205,0
DA:206,0
DA:214,0
DA:225,0
DA:226,0
DA:235,0
DA:236,0
DA:237,0
DA:238,0
DA:246,0
DA:247,0
DA:257,0
DA:319,0
DA:350,0
DA:364,0
DA:406,0
DA:421,0
DA:437,0
DA:453,0
DA:469,0
DA:493,0
DA:508,0
DA:531,0
DA:570,0
LF:107
LH:0
BRDA:99,0,0,0
BRDA:99,0,1,0
BRDA:99,1,0,0
BRDA:99,1,1,0
BRDA:107,2,0,0
BRDA:107,2,1,0
BRDA:123,3,0,0
BRDA:123,3,1,0
BRDA:125,4,0,0
BRDA:125,4,1,0
BRDA:125,5,0,0
BRDA:125,5,1,0
BRDA:139,6,0,0
BRDA:139,6,1,0
BRDA:144,7,0,0
BRDA:144,7,1,0
BRDA:151,8,0,0
BRDA:151,8,1,0
BRDA:190,9,0,0
BRDA:190,9,1,0
BRDA:236,10,0,0
BRDA:236,10,1,0
BRDA:246,11,0,0
BRDA:246,11,1,0
BRDA:277,12,0,0
BRDA:277,12,1,0
BRDA:284,13,0,0
BRDA:284,13,1,0
BRDA:286,14,0,0
BRDA:286,14,1,0
BRDA:287,15,0,0
BRDA:287,15,1,0
BRDA:294,16,0,0
BRDA:294,16,1,0
BRDA:296,17,0,0
BRDA:296,17,1,0
BRDA:300,18,0,0
BRDA:300,18,1,0
BRDA:303,19,0,0
BRDA:303,19,1,0
BRDA:304,20,0,0
BRDA:304,20,1,0
BRDA:307,21,0,0
BRDA:307,21,1,0
BRDA:314,22,0,0
BRDA:314,22,1,0
BRDA:314,22,2,0
BRDA:332,23,0,0
BRDA:332,23,1,0
BRDA:335,24,0,0
BRDA:335,24,1,0
BRDA:338,25,0,0
BRDA:338,25,1,0
BRDA:344,26,0,0
BRDA:344,26,1,0
BRDA:346,27,0,0
BRDA:346,27,1,0
BRDA:361,28,0,0
BRDA:361,28,1,0
BRDA:361,28,2,0
BRDA:370,29,0,0
BRDA:370,29,1,0
BRDA:379,30,0,0
BRDA:379,30,1,0
BRDA:382,31,0,0
BRDA:382,31,1,0
BRDA:405,32,0,0
BRDA:405,32,1,0
BRDA:420,33,0,0
BRDA:420,33,1,0
BRDA:436,34,0,0
BRDA:436,34,1,0
BRDA:452,35,0,0
BRDA:452,35,1,0
BRDA:468,36,0,0
BRDA:468,36,1,0
BRDA:492,37,0,0
BRDA:492,37,1,0
BRDA:507,38,0,0
BRDA:507,38,1,0
BRDA:530,39,0,0
BRDA:530,39,1,0
BRDA:553,40,0,0
BRDA:553,40,1,0
BRDA:553,40,2,0
BRF:85
BRH:0
end_of_record
TN:
SF:app/components/OnboardingForm.js
FN:20,(anonymous_0)
FN:24,(anonymous_1)
FNF:2
FNH:0
FNDA:0,(anonymous_0)
FNDA:0,(anonymous_1)
DA:11,0
DA:20,0
DA:21,0
DA:22,0
DA:24,0
DA:25,0
DA:26,0
DA:30,0
DA:68,0
LF:9
LH:0
BRDA:25,0,0,0
BRDA:25,0,1,0
BRDA:25,1,0,0
BRDA:25,1,1,0
BRDA:56,2,0,0
BRDA:56,2,1,0
BRDA:56,2,2,0
BRDA:58,3,0,0
BRDA:58,3,1,0
BRF:9
BRH:0
end_of_record
TN:
SF:app/components/PasswordResetScreen.tsx
FN:31,PasswordResetScreen
FN:36,(anonymous_1)
FNF:2
FNH:0
FNDA:0,PasswordResetScreen
FNDA:0,(anonymous_1)
DA:16,0
DA:32,0
DA:33,0
DA:34,0
DA:36,0
DA:37,0
DA:38,0
DA:39,0
DA:42,0
DA:43,0
DA:44,0
DA:46,0
DA:47,0
DA:48,0
DA:54,0
DA:57,0
DA:59,0
DA:63,0
DA:124,0
LF:19
LH:0
BRDA:37,0,0,0
BRDA:37,0,1,0
BRDA:46,1,0,0
BRDA:46,1,1,0
BRDA:54,2,0,0
BRDA:54,2,1,0
BRDA:65,3,0,0
BRDA:65,3,1,0
BRDA:98,4,0,0
BRDA:98,4,1,0
BRDA:105,5,0,0
BRDA:105,5,1,0
BRDA:105,5,2,0
BRDA:108,6,0,0
BRDA:108,6,1,0
BRDA:110,7,0,0
BRDA:110,7,1,0
BRDA:114,8,0,0
BRDA:114,8,1,0
BRF:19
BRH:0
end_of_record
TN:
SF:app/components/PrivacyPolicyModal.js
FN:22,(anonymous_0)
FNF:1
FNH:0
FNDA:0,(anonymous_0)
DA:13,0
DA:22,0
DA:23,0
DA:76,0
LF:4
LH:0
BRF:0
BRH:0
end_of_record
TN:
SF:app/components/ProfileScreen.js
FN:36,(anonymous_0)
FN:45,(anonymous_1)
FN:59,ProfileScreen
FN:69,(anonymous_3)
FN:107,(anonymous_4)
FN:130,(anonymous_5)
FN:132,(anonymous_6)
FN:151,(anonymous_7)
FN:154,(anonymous_8)
FN:163,(anonymous_9)
FN:172,(anonymous_10)
FN:187,(anonymous_11)
FN:196,(anonymous_12)
FN:210,(anonymous_13)
FN:214,(anonymous_14)
FN:243,(anonymous_15)
FN:247,(anonymous_16)
FN:270,(anonymous_17)
FN:324,(anonymous_18)
FN:335,(anonymous_19)
FN:346,(anonymous_20)
FN:368,(anonymous_21)
FN:377,(anonymous_22)
FN:390,(anonymous_23)
FN:403,(anonymous_24)
FN:426,(anonymous_25)
FN:441,(anonymous_26)
FN:448,(anonymous_27)
FN:465,(anonymous_28)
FN:484,(anonymous_29)
FN:500,(anonymous_30)
FN:504,(anonymous_31)
FN:525,(anonymous_32)
FN:537,(anonymous_33)
FN:544,(anonymous_34)
FN:563,(anonymous_35)
FN:567,(anonymous_36)
FN:571,(anonymous_37)
FN:575,(anonymous_38)
FNF:39
FNH:0
FNDA:0,(anonymous_0)
FNDA:0,(anonymous_1)
FNDA:0,ProfileScreen
FNDA:0,(anonymous_3)
FNDA:0,(anonymous_4)
FNDA:0,(anonymous_5)
FNDA:0,(anonymous_6)
FNDA:0,(anonymous_7)
FNDA:0,(anonymous_8)
FNDA:0,(anonymous_9)
FNDA:0,(anonymous_10)
FNDA:0,(anonymous_11)
FNDA:0,(anonymous_12)
FNDA:0,(anonymous_13)
FNDA:0,(anonymous_14)
FNDA:0,(anonymous_15)
FNDA:0,(anonymous_16)
FNDA:0,(anonymous_17)
FNDA:0,(anonymous_18)
FNDA:0,(anonymous_19)
FNDA:0,(anonymous_20)
FNDA:0,(anonymous_21)
FNDA:0,(anonymous_22)
FNDA:0,(anonymous_23)
FNDA:0,(anonymous_24)
FNDA:0,(anonymous_25)
FNDA:0,(anonymous_26)
FNDA:0,(anonymous_27)
FNDA:0,(anonymous_28)
FNDA:0,(anonymous_29)
FNDA:0,(anonymous_30)
FNDA:0,(anonymous_31)
FNDA:0,(anonymous_32)
FNDA:0,(anonymous_33)
FNDA:0,(anonymous_34)
FNDA:0,(anonymous_35)
FNDA:0,(anonymous_36)
FNDA:0,(anonymous_37)
FNDA:0,(anonymous_38)
DA:20,0
DA:36,0
DA:37,0
DA:38,0
DA:39,0
DA:40,0
DA:41,0
DA:45,0
DA:46,0
DA:56,0
DA:60,0
DA:61,0
DA:62,0
DA:63,0
DA:64,0
DA:65,0
DA:66,0
DA:67,0
DA:69,0
DA:70,0
DA:71,0
DA:72,0
DA:73,0
DA:74,0
DA:77,0
DA:84,0
DA:85,0
DA:86,0
DA:88,0
DA:89,0
DA:96,0
DA:104,0
DA:106,0
DA:107,0
DA:111,0
DA:113,0
DA:116,0
DA:117,0
DA:119,0
DA:123,0
DA:124,0
DA:128,0
DA:130,0
DA:131,0
DA:132,0
DA:133,0
DA:134,0
DA:135,0
DA:136,0
DA:137,0
DA:138,0
DA:139,0
DA:141,0
DA:145,0
DA:147,0
DA:150,0
DA:151,0
DA:154,0
DA:155,0
DA:165,0
DA:172,0
DA:173,0
DA:177,0
DA:179,0
DA:185,0
DA:187,0
DA:188,0
DA:197,0
DA:198,0
DA:199,0
DA:201,0
DA:202,0
DA:210,0
DA:211,0
DA:214,0
DA:215,0
DA:216,0
DA:218,0
DA:222,0
DA:244,0
DA:245,0
DA:247,0
DA:248,0
DA:249,0
DA:250,0
DA:270,0
DA:324,0
DA:335,0
DA:346,0
DA:368,0
DA:377,0
DA:390,0
DA:403,0
DA:426,0
DA:442,0
DA:448,0
DA:465,0
DA:484,0
DA:501,0
DA:504,0
DA:526,0
DA:527,0
DA:537,0
DA:544,0
DA:563,0
DA:567,0
DA:571,0
DA:575,0
DA:597,0
LF:109
LH:0
BRDA:37,0,0,0
BRDA:37,0,1,0
BRDA:37,0,2,0
BRDA:37,0,3,0
BRDA:56,1,0,0
BRDA:56,1,1,0
BRDA:66,2,0,0
BRDA:66,2,1,0
BRDA:72,3,0,0
BRDA:72,3,1,0
BRDA:84,4,0,0
BRDA:84,4,1,0
BRDA:84,5,0,0
BRDA:84,5,1,0
BRDA:84,5,2,0
BRDA:106,6,0,0
BRDA:106,6,1,0
BRDA:137,7,0,0
BRDA:137,7,1,0
BRDA:138,8,0,0
BRDA:138,8,1,0
BRDA:145,9,0,0
BRDA:145,9,1,0
BRDA:147,10,0,0
BRDA:147,10,1,0
BRDA:177,11,0,0
BRDA:177,11,1,0
BRDA:179,12,0,0
BRDA:179,12,1,0
BRDA:185,13,0,0
BRDA:185,13,1,0
BRDA:215,14,0,0
BRDA:215,14,1,0
BRDA:235,15,0,0
BRDA:235,15,1,0
BRDA:240,16,0,0
BRDA:240,16,1,0
BRDA:249,17,0,0
BRDA:249,17,1,0
BRDA:278,18,0,0
BRDA:278,18,1,0
BRDA:280,19,0,0
BRDA:280,19,1,0
BRDA:288,20,0,0
BRDA:288,20,1,0
BRDA:301,21,0,0
BRDA:301,21,1,0
BRDA:301,21,2,0
BRDA:303,22,0,0
BRDA:303,22,1,0
BRDA:308,23,0,0
BRDA:308,23,1,0
BRDA:317,24,0,0
BRDA:317,24,1,0
BRDA:328,25,0,0
BRDA:328,25,1,0
BRDA:339,26,0,0
BRDA:339,26,1,0
BRDA:409,27,0,0
BRDA:409,27,1,0
BRDA:432,28,0,0
BRDA:432,28,1,0
BRDA:446,29,0,0
BRDA:446,29,1,0
BRDA:454,30,0,0
BRDA:454,30,1,0
BRDA:457,31,0,0
BRDA:457,31,1,0
BRDA:484,32,0,0
BRDA:484,32,1,0
BRDA:491,33,0,0
BRDA:491,33,1,0
BRDA:500,34,0,0
BRDA:500,34,1,0
BRDA:504,35,0,0
BRDA:504,35,1,0
BRDA:511,36,0,0
BRDA:511,36,1,0
BRDA:513,37,0,0
BRDA:513,37,1,0
BRDA:513,37,2,0
BRDA:515,38,0,0
BRDA:515,38,1,0
BRDA:516,39,0,0
BRDA:516,39,1,0
BRDA:534,40,0,0
BRDA:534,40,1,0
BRDA:534,40,2,0
BRDA:537,41,0,0
BRDA:537,41,1,0
BRDA:543,42,0,0
BRDA:543,42,1,0
BRDA:543,42,2,0
BRF:93
BRH:0
end_of_record
TN:
SF:app/components/RightSidebar.tsx
FN:30,(anonymous_0)
FN:39,(anonymous_1)
FN:44,(anonymous_2)
FN:49,(anonymous_3)
FN:52,(anonymous_4)
FN:58,(anonymous_5)
FN:68,(anonymous_6)
FN:83,(anonymous_7)
FN:92,(anonymous_8)
FN:133,(anonymous_9)
FN:220,(anonymous_10)
FN:233,(anonymous_11)
FNF:12
FNH:0
FNDA:0,(anonymous_0)
FNDA:0,(anonymous_1)
FNDA:0,(anonymous_2)
FNDA:0,(anonymous_3)
FNDA:0,(anonymous_4)
FNDA:0,(anonymous_5)
FNDA:0,(anonymous_6)
FNDA:0,(anonymous_7)
FNDA:0,(anonymous_8)
FNDA:0,(anonymous_9)
FNDA:0,(anonymous_10)
FNDA:0,(anonymous_11)
DA:30,0
DA:34,0
DA:35,0
DA:36,0
DA:37,0
DA:39,0
DA:40,0
DA:41,0
DA:44,0
DA:45,0
DA:46,0
DA:49,0
DA:52,0
DA:53,0
DA:54,0
DA:56,0
DA:57,0
DA:60,0
DA:62,0
DA:68,0
DA:74,0
DA:77,0
DA:79,0
DA:83,0
DA:84,0
DA:85,0
DA:86,0
DA:88,0
DA:92,0
DA:93,0
DA:133,0
DA:134,0
DA:153,0
DA:220,0
DA:233,0
DA:267,0
LF:36
LH:0
BRDA:56,0,0,0
BRDA:56,0,1,0
BRDA:56,1,0,0
BRDA:56,1,1,0
BRDA:68,2,0,0
BRDA:68,2,1,0
BRDA:105,3,0,0
BRDA:105,3,1,0
BRDA:107,4,0,0
BRDA:107,4,1,0
BRDA:118,5,0,0
BRDA:118,5,1,0
BRDA:124,6,0,0
BRDA:124,6,1,0
BRDA:145,7,0,0
BRDA:145,7,1,0
BRDA:147,8,0,0
BRDA:147,8,1,0
BRDA:167,9,0,0
BRDA:167,9,1,0
BRDA:170,10,0,0
BRDA:170,10,1,0
BRDA:195,11,0,0
BRDA:195,11,1,0
BRDA:218,12,0,0
BRDA:218,12,1,0
BRDA:225,13,0,0
BRDA:225,13,1,0
BRDA:231,14,0,0
BRDA:231,14,1,0
BRDA:238,15,0,0
BRDA:238,15,1,0
BRDA:245,16,0,0
BRDA:245,16,1,0
BRF:34
BRH:0
end_of_record
TN:
SF:app/components/SearchHeader.tsx
FN:17,(anonymous_0)
FN:38,(anonymous_1)
FN:43,(anonymous_2)
FN:52,(anonymous_3)
FN:60,(anonymous_4)
FN:66,(anonymous_5)
FN:72,(anonymous_6)
FN:81,(anonymous_7)
FN:114,(anonymous_8)
FN:115,(anonymous_9)
FN:115,(anonymous_10)
FN:133,(anonymous_11)
FN:137,(anonymous_12)
FNF:13
FNH:0
FNDA:0,(anonymous_0)
FNDA:0,(anonymous_1)
FNDA:0,(anonymous_2)
FNDA:0,(anonymous_3)
FNDA:0,(anonymous_4)
FNDA:0,(anonymous_5)
FNDA:0,(anonymous_6)
FNDA:0,(anonymous_7)
FNDA:0,(anonymous_8)
FNDA:0,(anonymous_9)
FNDA:0,(anonymous_10)
FNDA:0,(anonymous_11)
FNDA:0,(anonymous_12)
DA:17,0
DA:22,0
DA:23,0
DA:24,0
DA:27,0
DA:38,0
DA:39,0
DA:40,0
DA:41,0
DA:43,0
DA:44,0
DA:46,0
DA:48,0
DA:52,0
DA:53,0
DA:54,0
DA:55,0
DA:56,0
DA:60,0
DA:61,0
DA:62,0
DA:63,0
DA:66,0
DA:67,0
DA:68,0
DA:69,0
DA:72,0
DA:73,0
DA:74,0
DA:75,0
DA:76,0
DA:77,0
DA:81,0
DA:82,0
DA:83,0
DA:84,0
DA:85,0
DA:86,0
DA:90,0
DA:114,0
DA:115,0
DA:134,0
DA:137,0
DA:176,0
LF:44
LH:0
BRDA:39,0,0,0
BRDA:39,0,1,0
BRDA:39,1,0,0
BRDA:39,1,1,0
BRDA:41,2,0,0
BRDA:41,2,1,0
BRDA:53,3,0,0
BRDA:53,3,1,0
BRDA:73,4,0,0
BRDA:73,4,1,0
BRDA:73,4,2,0
BRDA:73,4,3,0
BRDA:82,5,0,0
BRDA:82,5,1,0
BRDA:82,5,2,0
BRDA:82,5,3,0
BRDA:104,6,0,0
BRDA:104,6,1,0
BRDA:119,7,0,0
BRDA:119,7,1,0
BRDA:127,8,0,0
BRDA:127,8,1,0
BRDA:127,8,2,0
BRF:23
BRH:0
end_of_record
TN:
SF:app/components/SourceTag.js
FN:10,(anonymous_0)
FNF:1
FNH:0
FNDA:0,(anonymous_0)
DA:10,0
DA:11,0
DA:13,0
DA:28,0
LF:4
LH:0
BRDA:10,0,0,0
BRDA:11,1,0,0
BRDA:11,1,1,0
BRDA:16,2,0,0
BRDA:16,2,1,0
BRDA:20,3,0,0
BRDA:20,3,1,0
BRF:7
BRH:0
end_of_record
TN:
SF:app/components/StreamingPriceTicker.tsx
FN:22,(anonymous_0)
FN:32,(anonymous_1)
FN:40,(anonymous_2)
FN:44,(anonymous_3)
FN:50,(anonymous_4)
FN:57,(anonymous_5)
FN:61,(anonymous_6)
FN:76,(anonymous_7)
FN:93,(anonymous_8)
FN:105,(anonymous_9)
FN:169,(anonymous_10)
FN:170,(anonymous_11)
FNF:12
FNH:0
FNDA:0,(anonymous_0)
FNDA:0,(anonymous_1)
FNDA:0,(anonymous_2)
FNDA:0,(anonymous_3)
FNDA:0,(anonymous_4)
FNDA:0,(anonymous_5)
FNDA:0,(anonymous_6)
FNDA:0,(anonymous_7)
FNDA:0,(anonymous_8)
FNDA:0,(anonymous_9)
FNDA:0,(anonymous_10)
FNDA:0,(anonymous_11)
DA:22,0
DA:27,0
DA:28,0
DA:29,0
DA:30,0
DA:32,0
DA:34,0
DA:37,0
DA:40,0
DA:41,0
DA:44,0
DA:45,0
DA:46,0
DA:50,0
DA:52,0
DA:53,0
DA:57,0
DA:58,0
DA:60,0
DA:61,0
DA:70,0
DA:73,0
DA:75,0
DA:76,0
DA:86,0
DA:89,0
DA:93,0
DA:94,0
DA:102,0
DA:105,0
DA:106,0
DA:107,0
DA:109,0
DA:145,0
DA:170,0
DA:171,0
DA:195,0
LF:37
LH:0
BRDA:24,0,0,0
BRDA:25,1,0,0
BRDA:52,2,0,0
BRDA:52,2,1,0
BRDA:60,3,0,0
BRDA:60,3,1,0
BRDA:75,4,0,0
BRDA:75,4,1,0
BRDA:75,5,0,0
BRDA:75,5,1,0
BRDA:106,6,0,0
BRDA:106,6,1,0
BRDA:107,7,0,0
BRDA:107,7,1,0
BRDA:117,8,0,0
BRDA:117,8,1,0
BRDA:151,9,0,0
BRDA:151,9,1,0
BRDA:154,10,0,0
BRDA:154,10,1,0
BRF:20
BRH:0
end_of_record
TN:
SF:app/components/StructuredAnalysis.js
FN:20,(anonymous_0)
FN:42,(anonymous_1)
FN:55,(anonymous_2)
FN:66,(anonymous_3)
FN:74,(anonymous_4)
FN:80,(anonymous_5)
FN:93,(anonymous_6)
FN:101,(anonymous_7)
FN:166,(anonymous_8)
FN:202,(anonymous_9)
FN:255,(anonymous_10)
FNF:11
FNH:0
FNDA:0,(anonymous_0)
FNDA:0,(anonymous_1)
FNDA:0,(anonymous_2)
FNDA:0,(anonymous_3)
FNDA:0,(anonymous_4)
FNDA:0,(anonymous_5)
FNDA:0,(anonymous_6)
FNDA:0,(anonymous_7)
FNDA:0,(anonymous_8)
FNDA:0,(anonymous_9)
FNDA:0,(anonymous_10)
DA:20,0
DA:39,0
DA:42,0
DA:43,0
DA:44,0
DA:46,0
DA:56,0
DA:66,0
DA:67,0
DA:69,0
DA:74,0
DA:80,0
DA:81,0
DA:82,0
DA:83,0
DA:88,0
DA:93,0
DA:94,0
DA:95,0
DA:96,0
DA:99,0
DA:100,0
DA:101,0
DA:102,0
DA:103,0
DA:105,0
DA:108,0
DA:111,0
DA:167,0
DA:203,0
DA:256,0
DA:265,0
LF:32
LH:0
BRDA:22,0,0,0
BRDA:24,1,0,0
BRDA:30,2,0,0
BRDA:31,3,0,0
BRDA:32,4,0,0
BRDA:33,5,0,0
BRDA:34,6,0,0
BRDA:35,7,0,0
BRDA:36,8,0,0
BRDA:39,9,0,0
BRDA:39,9,1,0
BRDA:43,10,0,0
BRDA:43,10,1,0
BRDA:44,11,0,0
BRDA:44,11,1,0
BRDA:48,12,0,0
BRDA:48,12,1,0
BRDA:50,13,0,0
BRDA:50,13,1,0
BRDA:53,14,0,0
BRDA:53,14,1,0
BRDA:53,14,2,0
BRDA:67,15,0,0
BRDA:67,15,1,0
BRDA:67,16,0,0
BRDA:67,16,1,0
BRDA:71,17,0,0
BRDA:71,17,1,0
BRDA:82,18,0,0
BRDA:82,18,1,0
BRDA:95,19,0,0
BRDA:95,19,1,0
BRDA:96,20,0,0
BRDA:96,20,1,0
BRDA:99,21,0,0
BRDA:99,21,1,0
BRDA:102,22,0,0
BRDA:102,22,1,0
BRDA:112,23,0,0
BRDA:112,23,1,0
BRDA:114,24,0,0
BRDA:114,24,1,0
BRDA:114,24,2,0
BRDA:116,25,0,0
BRDA:116,25,1,0
BRDA:117,26,0,0
BRDA:117,26,1,0
BRDA:121,27,0,0
BRDA:121,27,1,0
BRDA:121,27,2,0
BRDA:132,28,0,0
BRDA:132,28,1,0
BRDA:134,29,0,0
BRDA:134,29,1,0
BRDA:142,30,0,0
BRDA:142,30,1,0
BRDA:143,31,0,0
BRDA:143,31,1,0
BRDA:147,32,0,0
BRDA:147,32,1,0
BRDA:160,33,0,0
BRDA:160,33,1,0
BRDA:162,34,0,0
BRDA:162,34,1,0
BRDA:167,35,0,0
BRDA:167,35,1,0
BRDA:168,36,0,0
BRDA:168,36,1,0
BRDA:171,37,0,0
BRDA:171,37,1,0
BRDA:174,38,0,0
BRDA:174,38,1,0
BRDA:177,39,0,0
BRDA:177,39,1,0
BRDA:178,40,0,0
BRDA:178,40,1,0
BRDA:196,41,0,0
BRDA:196,41,1,0
BRDA:196,41,2,0
BRDA:198,42,0,0
BRDA:198,42,1,0
BRDA:203,43,0,0
BRDA:203,43,1,0
BRDA:204,44,0,0
BRDA:204,44,1,0
BRDA:207,45,0,0
BRDA:207,45,1,0
BRDA:208,46,0,0
BRDA:208,46,1,0
BRDA:208,47,0,0
BRDA:208,47,1,0
BRDA:210,48,0,0
BRDA:210,48,1,0
BRDA:211,49,0,0
BRDA:211,49,1,0
BRDA:222,50,0,0
BRDA:222,50,1,0
BRDA:223,51,0,0
BRDA:223,51,1,0
BRDA:225,52,0,0
BRDA:225,52,1,0
BRDA:229,53,0,0
BRDA:229,53,1,0
BRDA:232,54,0,0
BRDA:232,54,1,0
BRDA:234,55,0,0
BRDA:234,55,1,0
BRDA:240,56,0,0
BRDA:240,56,1,0
BRDA:241,57,0,0
BRDA:241,57,1,0
BRDA:249,58,0,0
BRDA:249,58,1,0
BRDA:249,58,2,0
BRDA:251,59,0,0
BRDA:251,59,1,0
BRF:116
BRH:0
end_of_record
TN:
SF:app/components/TermsOfServiceModal.js
FN:22,(anonymous_0)
FNF:1
FNH:0
FNDA:0,(anonymous_0)
DA:13,0
DA:22,0
DA:23,0
DA:93,0
LF:4
LH:0
BRF:0
BRH:0
end_of_record
TN:
SF:app/components/TodayDashboard.js
FN:8,(anonymous_0)
FN:25,(anonymous_1)
FN:29,(anonymous_2)
FN:36,(anonymous_3)
FN:63,(anonymous_4)
FN:86,(anonymous_5)
FN:104,(anonymous_6)
FN:106,(anonymous_7)
FN:107,(anonymous_8)
FN:109,(anonymous_9)
FN:111,(anonymous_10)
FN:117,(anonymous_11)
FN:130,(anonymous_12)
FN:136,(anonymous_13)
FN:145,(anonymous_14)
FN:154,(anonymous_15)
FN:159,(anonymous_16)
FN:245,(anonymous_17)
FN:251,(anonymous_18)
FN:256,(anonymous_19)
FN:262,(anonymous_20)
FN:342,(anonymous_21)
FN:409,(anonymous_22)
FN:411,(anonymous_23)
FN:416,(anonymous_24)
FN:455,(anonymous_25)
FN:461,(anonymous_26)
FN:485,(anonymous_27)
FN:497,(anonymous_28)
FN:564,(anonymous_29)
FN:578,(anonymous_30)
FN:645,(anonymous_31)
FNF:32
FNH:0
FNDA:0,(anonymous_0)
FNDA:0,(anonymous_1)
FNDA:0,(anonymous_2)
FNDA:0,(anonymous_3)
FNDA:0,(anonymous_4)
FNDA:0,(anonymous_5)
FNDA:0,(anonymous_6)
FNDA:0,(anonymous_7)
FNDA:0,(anonymous_8)
FNDA:0,(anonymous_9)
FNDA:0,(anonymous_10)
FNDA:0,(anonymous_11)
FNDA:0,(anonymous_12)
FNDA:0,(anonymous_13)
FNDA:0,(anonymous_14)
FNDA:0,(anonymous_15)
FNDA:0,(anonymous_16)
FNDA:0,(anonymous_17)
FNDA:0,(anonymous_18)
FNDA:0,(anonymous_19)
FNDA:0,(anonymous_20)
FNDA:0,(anonymous_21)
FNDA:0,(anonymous_22)
FNDA:0,(anonymous_23)
FNDA:0,(anonymous_24)
FNDA:0,(anonymous_25)
FNDA:0,(anonymous_26)
FNDA:0,(anonymous_27)
FNDA:0,(anonymous_28)
FNDA:0,(anonymous_29)
FNDA:0,(anonymous_30)
FNDA:0,(anonymous_31)
DA:8,0
DA:9,0
DA:10,0
DA:11,0
DA:12,0
DA:13,0
DA:14,0
DA:15,0
DA:16,0
DA:17,0
DA:18,0
DA:19,0
DA:21,0
DA:23,0
DA:25,0
DA:26,0
DA:29,0
DA:30,0
DA:31,0
DA:33,0
DA:35,0
DA:36,0
DA:49,0
DA:51,0
DA:54,0
DA:55,0
DA:57,0
DA:58,0
DA:59,0
DA:63,0
DA:64,0
DA:66,0
DA:67,0
DA:68,0
DA:69,0
DA:70,0
DA:72,0
DA:73,0
DA:74,0
DA:75,0
DA:76,0
DA:78,0
DA:79,0
DA:82,0
DA:86,0
DA:88,0
DA:101,0
DA:104,0
DA:105,0
DA:106,0
DA:107,0
DA:108,0
DA:109,0
DA:110,0
DA:111,0
DA:112,0
DA:116,0
DA:117,0
DA:118,0
DA:119,0
DA:120,0
DA:121,0
DA:122,0
DA:123,0
DA:127,0
DA:130,0
DA:131,0
DA:132,0
DA:133,0
DA:136,0
DA:137,0
DA:138,0
DA:139,0
DA:140,0
DA:141,0
DA:145,0
DA:146,0
DA:147,0
DA:148,0
DA:149,0
DA:150,0
DA:154,0
DA:155,0
DA:156,0
DA:159,0
DA:160,0
DA:161,0
DA:164,0
DA:165,0
DA:167,0
DA:183,0
DA:184,0
DA:187,0
DA:189,0
DA:190,0
DA:191,0
DA:192,0
DA:194,0
DA:196,0
DA:212,0
DA:213,0
DA:217,0
DA:218,0
DA:220,0
DA:221,0
DA:223,0
DA:241,0
DA:245,0
DA:246,0
DA:247,0
DA:248,0
DA:251,0
DA:252,0
DA:256,0
DA:262,0
DA:343,0
DA:409,0
DA:411,0
DA:412,0
DA:413,0
DA:416,0
DA:417,0
DA:418,0
DA:423,0
DA:425,0
DA:427,0
DA:428,0
DA:430,0
DA:433,0
DA:434,0
DA:438,0
DA:455,0
DA:461,0
DA:485,0
DA:486,0
DA:487,0
DA:497,0
DA:511,0
DA:564,0
DA:565,0
DA:578,0
DA:579,0
DA:603,0
DA:645,0
DA:652,0
LF:145
LH:0
BRDA:35,0,0,0
BRDA:35,0,1,0
BRDA:35,1,0,0
BRDA:35,1,1,0
BRDA:41,2,0,0
BRDA:41,2,1,0
BRDA:41,2,2,0
BRDA:43,3,0,0
BRDA:43,3,1,0
BRDA:44,4,0,0
BRDA:44,4,1,0
BRDA:64,5,0,0
BRDA:64,5,1,0
BRDA:72,6,0,0
BRDA:72,6,1,0
BRDA:73,7,0,0
BRDA:73,7,1,0
BRDA:74,8,0,0
BRDA:74,8,1,0
BRDA:76,9,0,0
BRDA:76,9,1,0
BRDA:79,10,0,0
BRDA:79,10,1,0
BRDA:101,11,0,0
BRDA:101,11,1,0
BRDA:105,12,0,0
BRDA:105,12,1,0
BRDA:105,13,0,0
BRDA:105,13,1,0
BRDA:107,14,0,0
BRDA:107,14,1,0
BRDA:107,15,0,0
BRDA:107,15,1,0
BRDA:107,15,2,0
BRDA:109,16,0,0
BRDA:109,16,1,0
BRDA:109,17,0,0
BRDA:109,17,1,0
BRDA:109,17,2,0
BRDA:111,18,0,0
BRDA:111,18,1,0
BRDA:111,19,0,0
BRDA:111,19,1,0
BRDA:111,19,2,0
BRDA:116,20,0,0
BRDA:116,20,1,0
BRDA:116,21,0,0
BRDA:116,21,1,0
BRDA:118,22,0,0
BRDA:118,22,1,0
BRDA:118,23,0,0
BRDA:118,23,1,0
BRDA:118,23,2,0
BRDA:120,24,0,0
BRDA:120,24,1,0
BRDA:120,25,0,0
BRDA:120,25,1,0
BRDA:120,25,2,0
BRDA:122,26,0,0
BRDA:122,26,1,0
BRDA:122,27,0,0
BRDA:122,27,1,0
BRDA:122,27,2,0
BRDA:137,28,0,0
BRDA:137,28,1,0
BRDA:137,28,2,0
BRDA:137,28,3,0
BRDA:146,29,0,0
BRDA:146,29,1,0
BRDA:146,29,2,0
BRDA:146,29,3,0
BRDA:155,30,0,0
BRDA:155,30,1,0
BRDA:164,31,0,0
BRDA:164,31,1,0
BRDA:164,32,0,0
BRDA:164,32,1,0
BRDA:173,33,0,0
BRDA:173,33,1,0
BRDA:174,34,0,0
BRDA:174,34,1,0
BRDA:175,35,0,0
BRDA:175,35,1,0
BRDA:177,36,0,0
BRDA:177,36,1,0
BRDA:178,37,0,0
BRDA:178,37,1,0
BRDA:179,38,0,0
BRDA:179,38,1,0
BRDA:183,39,0,0
BRDA:183,39,1,0
BRDA:190,40,0,0
BRDA:190,40,1,0
BRDA:191,41,0,0
BRDA:191,41,1,0
BRDA:192,42,0,0
BRDA:192,42,1,0
BRDA:202,43,0,0
BRDA:202,43,1,0
BRDA:203,44,0,0
BRDA:203,44,1,0
BRDA:204,45,0,0
BRDA:204,45,1,0
BRDA:206,46,0,0
BRDA:206,46,1,0
BRDA:207,47,0,0
BRDA:207,47,1,0
BRDA:208,48,0,0
BRDA:208,48,1,0
BRDA:212,49,0,0
BRDA:212,49,1,0
BRDA:229,50,0,0
BRDA:229,50,1,0
BRDA:230,51,0,0
BRDA:230,51,1,0
BRDA:231,52,0,0
BRDA:231,52,1,0
BRDA:266,53,0,0
BRDA:266,53,1,0
BRDA:271,54,0,0
BRDA:271,54,1,0
BRDA:348,55,0,0
BRDA:348,55,1,0
BRDA:350,56,0,0
BRDA:350,56,1,0
BRDA:360,57,0,0
BRDA:360,57,1,0
BRDA:362,58,0,0
BRDA:362,58,1,0
BRDA:381,59,0,0
BRDA:381,59,1,0
BRDA:383,60,0,0
BRDA:383,60,1,0
BRDA:425,61,0,0
BRDA:425,61,1,0
BRDA:428,62,0,0
BRDA:428,62,1,0
BRDA:492,63,0,0
BRDA:492,63,1,0
BRDA:493,64,0,0
BRDA:493,64,1,0
BRDA:493,64,2,0
BRDA:494,65,0,0
BRDA:494,65,1,0
BRDA:494,65,2,0
BRDA:495,66,0,0
BRDA:495,66,1,0
BRDA:495,66,2,0
BRDA:501,67,0,0
BRDA:501,67,1,0
BRDA:502,68,0,0
BRDA:502,68,1,0
BRDA:502,68,2,0
BRDA:502,68,3,0
BRDA:503,69,0,0
BRDA:503,69,1,0
BRDA:503,69,2,0
BRDA:589,70,0,0
BRDA:589,70,1,0
BRDA:611,71,0,0
BRDA:611,71,1,0
BRF:161
BRH:0
end_of_record
TN:
SF:app/components/WebHeader.tsx
FN:22,(anonymous_0)
FN:31,(anonymous_1)
FN:37,(anonymous_2)
FN:114,(anonymous_3)
FN:115,(anonymous_4)
FN:120,(anonymous_5)
FNF:6
FNH:0
FNDA:0,(anonymous_0)
FNDA:0,(anonymous_1)
FNDA:0,(anonymous_2)
FNDA:0,(anonymous_3)
FNDA:0,(anonymous_4)
FNDA:0,(anonymous_5)
DA:22,0
DA:29,0
DA:31,0
DA:32,0
DA:33,0
DA:37,0
DA:38,0
DA:39,0
DA:70,0
DA:91,0
DA:114,0
DA:115,0
DA:120,0
DA:137,0
LF:14
LH:0
BRDA:32,0,0,0
BRDA:32,0,1,0
BRDA:32,1,0,0
BRDA:32,1,1,0
BRDA:38,2,0,0
BRDA:38,2,1,0
BRDA:47,3,0,0
BRDA:47,3,1,0
[...]
DA:162,0
DA:163,0
DA:166,0
DA:168,0
DA:169,0
DA:177,0
DA:179,0
DA:180,0
DA:183,0
DA:188,0
DA:189,0
DA:193,0
DA:196,0
DA:198,0
DA:206,0
DA:207,0
DA:212,0
DA:214,0
DA:216,0
DA:217,0
DA:225,0
DA:226,0
DA:235,0
DA:237,0
DA:244,0
DA:245,0
DA:253,0
DA:260,0
DA:261,0
DA:262,0
DA:264,0
DA:265,0
DA:267,0
DA:268,0
DA:274,0
LF:88
LH:0
BRDA:20,0,0,0
BRDA:20,0,1,0
BRDA:30,1,0,0
BRDA:30,1,1,0
BRDA:33,2,0,0
BRDA:33,2,1,0
BRDA:40,3,0,0
BRDA:40,3,1,0
BRDA:43,4,0,0
BRDA:43,4,1,0
BRDA:46,5,0,0
BRDA:46,5,1,0
BRDA:51,6,0,0
BRDA:51,6,1,0
BRDA:52,7,0,0
BRDA:52,7,1,0
BRDA:53,8,0,0
BRDA:53,8,1,0
BRDA:57,9,0,0
BRDA:57,9,1,0
BRDA:61,10,0,0
BRDA:61,10,1,0
BRDA:70,11,0,0
BRDA:70,11,1,0
BRDA:71,12,0,0
BRDA:71,12,1,0
BRDA:72,13,0,0
BRDA:72,13,1,0
BRDA:87,14,0,0
BRDA:87,14,1,0
BRDA:90,15,0,0
BRDA:90,15,1,0
BRDA:93,16,0,0
BRDA:93,16,1,0
BRDA:98,17,0,0
BRDA:98,17,1,0
BRDA:109,18,0,0
BRDA:113,19,0,0
BRDA:113,19,1,0
BRDA:118,20,0,0
BRDA:118,20,1,0
BRDA:132,21,0,0
BRDA:132,21,1,0
BRDA:148,22,0,0
BRDA:148,22,1,0
BRDA:156,23,0,0
BRDA:156,23,1,0
BRDA:160,24,0,0
BRDA:160,24,1,0
BRDA:177,25,0,0
BRDA:177,25,1,0
BRDA:177,26,0,0
BRDA:177,26,1,0
BRDA:212,27,0,0
BRDA:212,27,1,0
BRDA:230,28,0,0
BRDA:230,28,1,0
BRDA:235,29,0,0
BRDA:235,29,1,0
BRDA:241,30,0,0
BRDA:241,30,1,0
BRDA:262,31,0,0
BRDA:262,31,1,0
BRF:63
BRH:0
end_of_record
TN:
SF:app/services/yahooFinanceService.js
FN:33,(anonymous_0)
FN:62,(anonymous_1)
FN:78,(anonymous_2)
FN:91,(anonymous_3)
FN:119,(anonymous_4)
FN:149,(anonymous_5)
FN:158,(anonymous_6)
FN:165,(anonymous_7)
FN:187,(anonymous_8)
FN:196,(anonymous_9)
FN:199,(anonymous_10)
FN:200,(anonymous_11)
FN:204,(anonymous_12)
FN:205,(anonymous_13)
FN:218,(anonymous_14)
FN:231,(anonymous_15)
FN:242,(anonymous_16)
FN:256,(anonymous_17)
FNF:18
FNH:0
FNDA:0,(anonymous_0)
FNDA:0,(anonymous_1)
FNDA:0,(anonymous_2)
FNDA:0,(anonymous_3)
FNDA:0,(anonymous_4)
FNDA:0,(anonymous_5)
FNDA:0,(anonymous_6)
FNDA:0,(anonymous_7)
FNDA:0,(anonymous_8)
FNDA:0,(anonymous_9)
FNDA:0,(anonymous_10)
FNDA:0,(anonymous_11)
FNDA:0,(anonymous_12)
FNDA:0,(anonymous_13)
FNDA:0,(anonymous_14)
FNDA:0,(anonymous_15)
FNDA:0,(anonymous_16)
FNDA:0,(anonymous_17)
DA:8,0
DA:9,0
DA:12,0
DA:17,0
DA:34,0
DA:35,0
DA:36,0
DA:40,0
DA:41,0
DA:44,0
DA:48,0
DA:49,0
DA:52,0
DA:54,0
DA:55,0
DA:63,0
DA:64,0
DA:65,0
DA:66,0
DA:70,0
DA:71,0
DA:73,0
DA:77,0
DA:78,0
DA:81,0
DA:83,0
DA:84,0
DA:92,0
DA:93,0
DA:94,0
DA:98,0
DA:99,0
DA:101,0
DA:105,0
DA:106,0
DA:109,0
DA:111,0
DA:112,0
DA:120,0
DA:126,0
DA:150,0
DA:151,0
DA:152,0
DA:154,0
DA:155,0
DA:158,0
DA:165,0
DA:167,0
DA:188,0
DA:189,0
DA:190,0
DA:192,0
DA:193,0
DA:196,0
DA:198,0
DA:199,0
DA:200,0
DA:203,0
DA:204,0
DA:205,0
DA:208,0
DA:210,0
DA:211,0
DA:219,0
DA:220,0
DA:221,0
DA:222,0
DA:225,0
DA:232,0
DA:243,0
DA:245,0
DA:257,0
DA:259,0
DA:260,0
LF:74
LH:0
BRDA:12,0,0,0
BRDA:12,0,1,0
BRDA:36,1,0,0
BRDA:36,1,1,0
BRDA:44,2,0,0
BRDA:44,2,1,0
BRDA:48,3,0,0
BRDA:48,3,1,0
BRDA:66,4,0,0
BRDA:66,4,1,0
BRDA:73,5,0,0
BRDA:73,5,1,0
BRDA:77,6,0,0
BRDA:77,6,1,0
BRDA:91,7,0,0
BRDA:91,8,0,0
BRDA:94,9,0,0
BRDA:94,9,1,0
BRDA:101,10,0,0
BRDA:101,10,1,0
BRDA:105,11,0,0
BRDA:105,11,1,0
BRDA:120,12,0,0
BRDA:120,12,1,0
BRDA:121,13,0,0
BRDA:121,13,1,0
BRDA:131,14,0,0
BRDA:131,14,1,0
BRDA:132,15,0,0
BRDA:132,15,1,0
BRDA:133,16,0,0
BRDA:133,16,1,0
BRDA:134,17,0,0
BRDA:134,17,1,0
BRDA:135,18,0,0
BRDA:135,18,1,0
BRDA:136,19,0,0
BRDA:136,19,1,0
BRDA:137,20,0,0
BRDA:137,20,1,0
BRDA:138,21,0,0
BRDA:138,21,1,0
BRDA:139,22,0,0
BRDA:139,22,1,0
BRDA:140,23,0,0
BRDA:140,23,1,0
BRDA:151,24,0,0
BRDA:151,24,1,0
BRDA:154,25,0,0
BRDA:154,25,1,0
BRDA:165,26,0,0
BRDA:165,26,1,0
BRDA:192,27,0,0
BRDA:192,27,1,0
BRDA:192,28,0,0
BRDA:192,28,1,0
BRDA:196,29,0,0
BRDA:196,29,1,0
BRDA:225,30,0,0
BRDA:225,30,1,0
BRDA:225,30,2,0
BRDA:225,30,3,0
BRDA:232,31,0,0
BRDA:232,31,1,0
BRDA:242,32,0,0
BRDA:243,33,0,0
BRDA:243,33,1,0
BRDA:243,34,0,0
BRDA:243,34,1,0
BRDA:257,35,0,0
BRDA:257,35,1,0
BRDA:257,36,0,0
BRDA:257,36,1,0
BRDA:259,37,0,0
BRDA:259,37,1,0
BRF:75
BRH:0
end_of_record
TN:
SF:app/test-supabase/page.tsx
FN:5,TestSupabasePage
FNF:1
FNH:0
FNDA:0,TestSupabasePage
DA:6,0
LF:1
LH:0
BRF:0
BRH:0
end_of_record
TN:
SF:app/tests/notificationTestSprite.js
FN:19,(anonymous_0)
FN:25,(anonymous_1)
FN:56,(anonymous_2)
FN:89,(anonymous_3)
FN:108,(anonymous_4)
FN:135,(anonymous_5)
FN:143,(anonymous_6)
FN:156,(anonymous_7)
FN:173,(anonymous_8)
FN:199,(anonymous_9)
FN:238,(anonymous_10)
FN:248,(anonymous_11)
FN:273,(anonymous_12)
FN:305,(anonymous_13)
FN:314,(anonymous_14)
FN:323,(anonymous_15)
FN:328,(anonymous_16)
FN:329,(anonymous_17)
FN:339,(anonymous_18)
FN:339,(anonymous_19)
FN:348,(anonymous_20)
FNF:21
FNH:0
FNDA:0,(anonymous_0)
FNDA:0,(anonymous_1)
FNDA:0,(anonymous_2)
FNDA:0,(anonymous_3)
FNDA:0,(anonymous_4)
FNDA:0,(anonymous_5)
FNDA:0,(anonymous_6)
FNDA:0,(anonymous_7)
FNDA:0,(anonymous_8)
FNDA:0,(anonymous_9)
FNDA:0,(anonymous_10)
FNDA:0,(anonymous_11)
FNDA:0,(anonymous_12)
FNDA:0,(anonymous_13)
FNDA:0,(anonymous_14)
FNDA:0,(anonymous_15)
FNDA:0,(anonymous_16)
FNDA:0,(anonymous_17)
FNDA:0,(anonymous_18)
FNDA:0,(anonymous_19)
FNDA:0,(anonymous_20)
DA:20,0
DA:21,0
DA:26,0
DA:27,0
DA:28,0
DA:31,0
DA:32,0
DA:33,0
DA:35,0
DA:37,0
DA:38,0
DA:39,0
DA:40,0
DA:41,0
DA:42,0
DA:43,0
DA:44,0
DA:47,0
DA:49,0
DA:51,0
DA:57,0
DA:58,0
DA:60,0
DA:62,0
DA:64,0
DA:65,0
DA:69,0
DA:78,0
DA:79,0
DA:81,0
DA:84,0
DA:90,0
DA:91,0
DA:93,0
DA:95,0
DA:97,0
DA:98,0
DA:100,0
DA:103,0
DA:109,0
DA:110,0
DA:112,0
DA:114,0
DA:115,0
DA:118,0
DA:121,0
DA:122,0
DA:124,0
DA:125,0
DA:127,0
DA:130,0
DA:136,0
DA:137,0
DA:139,0
DA:140,0
DA:143,0
DA:144,0
DA:145,0
DA:150,0
DA:153,0
DA:156,0
DA:159,0
DA:160,0
DA:162,0
DA:163,0
DA:165,0
DA:168,0
DA:174,0
DA:175,0
DA:177,0
DA:179,0
DA:180,0
DA:183,0
DA:186,0
DA:188,0
DA:189,0
DA:191,0
DA:194,0
DA:200,0
DA:201,0
DA:203,0
DA:205,0
DA:211,0
DA:214,0
DA:216,0
DA:217,0
DA:219,0
DA:223,0
DA:227,0
DA:229,0
DA:230,0
DA:233,0
DA:239,0
DA:240,0
DA:242,0
DA:244,0
DA:245,0
DA:248,0
DA:250,0
DA:251,0
DA:255,0
DA:257,0
DA:259,0
DA:262,0
DA:263,0
DA:265,0
DA:268,0
DA:274,0
DA:275,0
DA:277,0
DA:279,0
DA:286,0
DA:288,0
DA:289,0
DA:291,0
DA:292,0
DA:294,0
DA:297,0
DA:300,0
DA:306,0
DA:311,0
DA:315,0
DA:320,0
DA:324,0
DA:325,0
DA:326,0
DA:328,0
DA:329,0
DA:330,0
DA:332,0
DA:333,0
DA:334,0
DA:335,0
DA:337,0
DA:338,0
DA:339,0
DA:340,0
DA:344,0
DA:349,0
DA:350,0
DA:352,0
DA:355,0
DA:357,0
DA:359,0
DA:365,0
LF:145
LH:0
BRDA:26,0,0,0
BRDA:26,0,1,0
BRDA:64,1,0,0
BRDA:64,1,1,0
BRDA:78,2,0,0
BRDA:78,2,1,0
BRDA:97,3,0,0
BRDA:97,3,1,0
BRDA:97,4,0,0
BRDA:97,4,1,0
BRDA:124,5,0,0
BRDA:124,5,1,0
BRDA:144,6,0,0
BRDA:144,6,1,0
BRDA:162,7,0,0
BRDA:162,7,1,0
BRDA:188,8,0,0
BRDA:188,8,1,0
BRDA:216,9,0,0
BRDA:216,9,1,0
BRDA:216,10,0,0
BRDA:216,10,1,0
BRDA:229,11,0,0
BRDA:229,11,1,0
BRDA:250,12,0,0
BRDA:250,12,1,0
BRDA:257,13,0,0
BRDA:257,13,1,0
BRDA:286,14,0,0
BRDA:286,14,1,0
BRDA:291,15,0,0
BRDA:291,15,1,0
BRDA:291,16,0,0
BRDA:291,16,1,0
BRDA:337,17,0,0
BRDA:337,17,1,0
BRF:36
BRH:0
end_of_record
TN:
SF:app/tests/testNotification.js
FN:3,testNotification
FNF:1
FNH:0
FNDA:0,testNotification
DA:1,0
DA:4,0
DA:6,0
DA:7,0
DA:8,0
DA:9,0
DA:13,0
DA:19,0
DA:20,0
DA:21,0
DA:23,0
DA:26,0
DA:30,0
LF:13
LH:0
BRDA:7,0,0,0
BRDA:7,0,1,0
BRDA:19,1,0,0
BRDA:19,1,1,0
BRF:4
BRH:0
end_of_record
TN:
SF:app/utils/markdownUtils.js
FN:10,(anonymous_0)
FN:37,(anonymous_1)
FN:50,(anonymous_2)
FN:67,(anonymous_3)
FN:75,(anonymous_4)
FN:98,(anonymous_5)
FN:132,(anonymous_6)
FN:157,(anonymous_7)
FNF:8
FNH:0
FNDA:0,(anonymous_0)
FNDA:0,(anonymous_1)
FNDA:0,(anonymous_2)
FNDA:0,(anonymous_3)
FNDA:0,(anonymous_4)
FNDA:0,(anonymous_5)
FNDA:0,(anonymous_6)
FNDA:0,(anonymous_7)
DA:10,0
DA:11,0
DA:13,0
DA:16,0
DA:19,0
DA:20,0
DA:21,0
DA:24,0
DA:25,0
DA:28,0
DA:31,0
DA:34,0
DA:37,0
DA:40,0
DA:42,0
DA:50,0
DA:51,0
DA:53,0
DA:67,0
DA:75,0
DA:76,0
DA:78,0
DA:79,0
DA:82,0
DA:83,0
DA:90,0
DA:98,0
DA:99,0
DA:101,0
DA:104,0
DA:105,0
DA:106,0
DA:107,0
DA:108,0
DA:115,0
DA:117,0
DA:118,0
DA:122,0
DA:124,0
DA:132,0
DA:133,0
DA:135,0
DA:138,0
DA:141,0
DA:144,0
DA:145,0
DA:146,0
DA:147,0
DA:149,0
DA:157,0
DA:158,0
DA:160,0
DA:163,0
DA:166,0
DA:169,0
DA:172,0
DA:173,0
DA:176,0
DA:179,0
DA:182,0
DA:185,0
DA:188,0
DA:191,0
DA:192,0
DA:194,0
LF:65
LH:0
BRDA:11,0,0,0
BRDA:11,0,1,0
BRDA:11,1,0,0
BRDA:11,1,1,0
BRDA:51,2,0,0
BRDA:51,2,1,0
BRDA:51,3,0,0
BRDA:51,3,1,0
BRDA:76,4,0,0
BRDA:76,4,1,0
BRDA:76,5,0,0
BRDA:76,5,1,0
BRDA:84,6,0,0
BRDA:84,6,1,0
BRDA:99,7,0,0
BRDA:99,7,1,0
BRDA:99,8,0,0
BRDA:99,8,1,0
BRDA:104,9,0,0
BRDA:104,9,1,0
BRDA:104,10,0,0
BRDA:104,10,1,0
BRDA:115,11,0,0
BRDA:115,11,1,0
BRDA:115,12,0,0
BRDA:115,12,1,0
BRDA:115,12,2,0
BRDA:115,12,3,0
BRDA:115,12,4,0
BRDA:133,13,0,0
BRDA:133,13,1,0
BRDA:133,14,0,0
BRDA:133,14,1,0
BRDA:158,15,0,0
BRDA:158,15,1,0
BRDA:158,16,0,0
BRDA:158,16,1,0
BRF:37
BRH:0
end_of_record
TN:
SF:app/utils/newsUtils.js
FN:8,(anonymous_0)
FN:26,(anonymous_1)
FN:48,(anonymous_2)
FN:49,(anonymous_3)
FN:67,(anonymous_4)
FNF:5
FNH:0
FNDA:0,(anonymous_0)
FNDA:0,(anonymous_1)
FNDA:0,(anonymous_2)
FNDA:0,(anonymous_3)
FNDA:0,(anonymous_4)
DA:8,0
DA:10,0
DA:21,0
DA:22,0
DA:23,0
DA:26,0
DA:27,0
DA:33,0
DA:37,0
DA:42,0
DA:48,0
DA:49,0
DA:51,0
DA:52,0
DA:54,0
DA:55,0
DA:58,0
DA:59,0
DA:60,0
DA:67,0
DA:68,0
DA:70,0
DA:71,0
DA:72,0
DA:74,0
DA:75,0
DA:77,0
DA:78,0
DA:80,0
DA:81,0
LF:30
LH:0
BRDA:21,0,0,0
BRDA:21,0,1,0
BRDA:22,1,0,0
BRDA:22,1,1,0
BRDA:23,2,0,0
BRDA:23,2,1,0
BRDA:27,3,0,0
BRDA:27,3,1,0
BRDA:27,3,2,0
BRDA:33,4,0,0
BRDA:33,4,1,0
BRDA:42,5,0,0
BRDA:42,5,1,0
BRDA:42,5,2,0
BRDA:54,6,0,0
BRDA:54,6,1,0
BRDA:54,7,0,0
BRDA:54,7,1,0
BRDA:55,8,0,0
BRDA:55,8,1,0
BRDA:55,9,0,0
BRDA:55,9,1,0
BRDA:58,10,0,0
BRDA:58,10,1,0
BRDA:59,11,0,0
BRDA:59,11,1,0
BRDA:68,12,0,0
BRDA:68,12,1,0
BRDA:74,13,0,0
BRDA:74,13,1,0
BRDA:75,14,0,0
BRDA:75,14,1,0
BRDA:78,15,0,0
BRDA:78,15,1,0
BRF:34
BRH:0
end_of_record
TN:
SF:app/utils/optionalFeatures.ts
FN:36,(anonymous_0)
FN:40,(anonymous_1)
FN:44,(anonymous_2)
FN:48,(anonymous_3)
FN:53,(anonymous_4)
FN:73,(anonymous_5)
FN:94,(anonymous_6)
FN:107,(anonymous_7)
FN:125,(anonymous_8)
FNF:9
FNH:0
FNDA:0,(anonymous_0)
FNDA:0,(anonymous_1)
FNDA:0,(anonymous_2)
FNDA:0,(anonymous_3)
FNDA:0,(anonymous_4)
FNDA:0,(anonymous_5)
FNDA:0,(anonymous_6)
FNDA:0,(anonymous_7)
FNDA:0,(anonymous_8)
DA:5,0
DA:6,0
DA:7,0
DA:8,0
DA:11,0
DA:12,0
DA:14,0
DA:17,0
DA:18,0
DA:20,0
DA:23,0
DA:24,0
DA:26,0
DA:29,0
DA:30,0
DA:32,0
DA:36,0
DA:37,0
DA:40,0
DA:41,0
DA:44,0
DA:45,0
DA:48,0
DA:49,0
DA:53,0
DA:54,0
DA:55,0
DA:58,0
DA:62,0
DA:63,0
DA:70,0
DA:73,0
DA:74,0
DA:75,0
DA:78,0
DA:84,0
DA:85,0
DA:91,0
DA:94,0
DA:95,0
DA:96,0
DA:97,0
DA:100,0
DA:107,0
DA:108,0
DA:109,0
DA:112,0
DA:113,0
DA:118,0
DA:122,0
DA:125,0
DA:126,0
DA:128,0
DA:129,0
DA:130,0
LF:55
LH:0
BRDA:37,0,0,0
BRDA:37,0,1,0
BRDA:45,1,0,0
BRDA:45,1,1,0
BRDA:49,2,0,0
BRDA:49,2,1,0
BRDA:54,3,0,0
BRDA:54,3,1,0
BRDA:62,4,0,0
BRDA:62,4,1,0
BRDA:74,5,0,0
BRDA:74,5,1,0
BRDA:84,6,0,0
BRDA:84,6,1,0
BRDA:84,7,0,0
BRDA:84,7,1,0
BRDA:95,8,0,0
BRDA:95,8,1,0
BRDA:108,9,0,0
BRDA:108,9,1,0
BRDA:126,10,0,0
BRDA:126,10,1,0
BRF:22
BRH:0
end_of_record
TN:
SF:app/utils/supabaseConfig.ts
FN:27,(anonymous_0)
FNF:1
FNH:0
FNDA:0,(anonymous_0)
DA:6,0
DA:7,0
DA:10,0
DA:11,0
DA:14,0
DA:15,0
DA:17,0
DA:27,0
DA:28,0
DA:29,0
DA:31,0
LF:11
LH:0
BRDA:6,0,0,0
BRDA:6,0,1,0
BRDA:10,1,0,0
BRDA:10,1,1,0
BRDA:28,2,0,0
BRDA:28,2,1,0
BRF:6
BRH:0
end_of_record
TN:
SF:app/venv/lib/python3.13/site-packages/torch/utils/model_dump/code.js
FN:9,humanFileSize
FN:15,caret
FN:20,(anonymous_2)
FN:25,(anonymous_3)
FN:29,(anonymous_4)
FN:33,(anonymous_5)
FN:48,(anonymous_6)
FN:53,(anonymous_7)
FN:57,(anonymous_8)
FN:58,(anonymous_9)
FN:64,(anonymous_10)
FN:69,ModelSizeSection
FN:92,StructuredDataSection
FN:101,(anonymous_13)
FN:109,(anonymous_14)
FN:113,(anonymous_15)
FN:144,(anonymous_16)
FN:195,(anonymous_17)
FN:228,(anonymous_18)
FN:299,(anonymous_19)
FN:300,(anonymous_20)
FN:307,ZipContentsSection
FN:323,(anonymous_22)
FN:333,CodeSection
FN:337,(anonymous_24)
FN:343,(anonymous_25)
FN:348,(anonymous_26)
FN:353,(anonymous_27)
FN:356,(anonymous_28)
FN:364,(anonymous_29)
FN:368,(anonymous_30)
FN:370,(anonymous_31)
FN:375,ExtraJsonSection
FN:380,(anonymous_33)
FN:386,(anonymous_34)
FN:391,(anonymous_35)
FN:396,(anonymous_36)
FN:399,(anonymous_37)
FN:412,ExtraPicklesSection
FN:416,(anonymous_39)
FN:422,(anonymous_40)
FN:427,(anonymous_41)
FN:432,(anonymous_42)
FN:435,(anonymous_43)
FN:448,assertStorageAreEqual
FN:450,(anonymous_45)
FN:455,computeTensorMemory
FN:483,getTensorStorages
FN:536,getTensorMemoryByDevice
FN:553,(anonymous_49)
FN:568,(anonymous_50)
FN:578,TensorMemorySection
FN:585,(anonymous_52)
FN:592,(anonymous_53)
FN:596,(anonymous_54)
FN:614,(anonymous_55)
FN:622,(anonymous_56)
FN:630,(anonymous_57)
FN:635,(anonymous_58)
FN:640,(anonymous_59)
FN:642,(anonymous_60)
FN:648,(anonymous_61)
FN:653,(anonymous_62)
FN:669,(anonymous_63)
FN:683,(anonymous_64)
FNF:65
FNH:0
FNDA:0,humanFileSize
FNDA:0,caret
FNDA:0,(anonymous_2)
FNDA:0,(anonymous_3)
FNDA:0,(anonymous_4)
FNDA:0,(anonymous_5)
FNDA:0,(anonymous_6)
FNDA:0,(anonymous_7)
FNDA:0,(anonymous_8)
FNDA:0,(anonymous_9)
FNDA:0,(anonymous_10)
FNDA:0,ModelSizeSection
FNDA:0,StructuredDataSection
FNDA:0,(anonymous_13)
FNDA:0,(anonymous_14)
FNDA:0,(anonymous_15)
FNDA:0,(anonymous_16)
FNDA:0,(anonymous_17)
FNDA:0,(anonymous_18)
FNDA:0,(anonymous_19)
FNDA:0,(anonymous_20)
FNDA:0,ZipContentsSection
FNDA:0,(anonymous_22)
FNDA:0,CodeSection
FNDA:0,(anonymous_24)
FNDA:0,(anonymous_25)
FNDA:0,(anonymous_26)
FNDA:0,(anonymous_27)
FNDA:0,(anonymous_28)
FNDA:0,(anonymous_29)
FNDA:0,(anonymous_30)
FNDA:0,(anonymous_31)
FNDA:0,ExtraJsonSection
FNDA:0,(anonymous_33)
FNDA:0,(anonymous_34)
FNDA:0,(anonymous_35)
FNDA:0,(anonymous_36)
FNDA:0,(anonymous_37)
FNDA:0,ExtraPicklesSection
FNDA:0,(anonymous_39)
FNDA:0,(anonymous_40)
FNDA:0,(anonymous_41)
FNDA:0,(anonymous_42)
FNDA:0,(anonymous_43)
FNDA:0,assertStorageAreEqual
FNDA:0,(anonymous_45)
FNDA:0,computeTensorMemory
FNDA:0,getTensorStorages
FNDA:0,getTensorMemoryByDevice
FNDA:0,(anonymous_49)
FNDA:0,(anonymous_50)
FNDA:0,TensorMemorySection
FNDA:0,(anonymous_52)
FNDA:0,(anonymous_53)
FNDA:0,(anonymous_54)
FNDA:0,(anonymous_55)
FNDA:0,(anonymous_56)
FNDA:0,(anonymous_57)
FNDA:0,(anonymous_58)
FNDA:0,(anonymous_59)
FNDA:0,(anonymous_60)
FNDA:0,(anonymous_61)
FNDA:0,(anonymous_62)
FNDA:0,(anonymous_63)
FNDA:0,(anonymous_64)
DA:4,0
DA:6,0
DA:10,0
DA:11,0
DA:12,0
DA:16,0
DA:21,0
DA:22,0
DA:26,0
DA:30,0
DA:34,0
DA:35,0
DA:37,0
DA:38,0
DA:39,0
DA:41,0
DA:45,0
DA:49,0
DA:50,0
DA:54,0
DA:58,0
DA:59,0
DA:65,0
DA:70,0
DA:71,0
DA:72,0
DA:73,0
DA:75,0
DA:77,0
DA:80,0
DA:82,0
DA:93,0
DA:102,0
DA:103,0
DA:105,0
DA:106,0
DA:110,0
DA:114,0
DA:115,0
DA:117,0
DA:118,0
DA:120,0
DA:122,0
DA:124,0
DA:126,0
DA:128,0
DA:130,0
DA:132,0
DA:133,0
DA:135,0
DA:136,0
DA:138,0
DA:139,0
DA:141,0
DA:145,0
DA:146,0
DA:148,0
DA:149,0
DA:150,0
DA:152,0
DA:153,0
DA:155,0
DA:156,0
DA:158,0
DA:159,0
DA:161,0
DA:162,0
DA:164,0
DA:165,0
DA:167,0
DA:168,0
DA:170,0
DA:171,0
DA:173,0
DA:174,0
DA:175,0
DA:176,0
DA:179,0
DA:180,0
DA:181,0
DA:182,0
DA:183,0
DA:184,0
DA:185,0
DA:187,0
DA:189,0
DA:192,0
DA:206,0
DA:210,0
DA:211,0
DA:212,0
DA:214,0
DA:215,0
DA:221,0
DA:222,0
DA:223,0
DA:224,0
DA:225,0
DA:229,0
DA:230,0
DA:232,0
DA:233,0
DA:235,0
DA:236,0
DA:237,0
DA:238,0
DA:240,0
DA:242,0
DA:244,0
DA:246,0
DA:248,0
DA:249,0
DA:250,0
DA:251,0
DA:252,0
DA:253,0
DA:255,0
DA:258,0
DA:260,0
DA:261,0
DA:262,0
DA:263,0
DA:265,0
DA:266,0
DA:267,0
DA:269,0
DA:270,0
DA:271,0
DA:272,0
DA:275,0
DA:278,0
DA:279,0
DA:280,0
DA:284,0
DA:286,0
DA:288,0
DA:290,0
DA:291,0
DA:293,0
DA:294,0
DA:296,0
DA:300,0
DA:301,0
DA:302,0
DA:303,0
DA:311,0
DA:323,0
DA:334,0
DA:337,0
DA:344,0
DA:345,0
DA:349,0
DA:350,0
DA:354,0
DA:356,0
DA:359,0
DA:360,0
DA:362,0
DA:364,0
DA:369,0
DA:370,0
DA:376,0
DA:380,0
DA:387,0
DA:388,0
DA:392,0
DA:393,0
DA:397,0
DA:399,0
DA:402,0
DA:403,0
DA:405,0
DA:413,0
DA:416,0
DA:423,0
DA:424,0
DA:428,0
DA:429,0
DA:433,0
DA:435,0
DA:438,0
DA:439,0
DA:441,0
DA:449,0
DA:450,0
DA:451,0
DA:456,0
DA:474,0
DA:475,0
DA:476,0
DA:478,0
DA:484,0
DA:485,0
DA:487,0
DA:488,0
DA:490,0
DA:491,0
DA:493,0
DA:494,0
DA:496,0
DA:497,0
DA:499,0
DA:500,0
DA:501,0
DA:502,0
DA:503,0
DA:504,0
DA:505,0
DA:507,0
DA:508,0
DA:512,0
DA:514,0
DA:515,0
DA:517,0
DA:518,0
DA:520,0
DA:521,0
DA:523,0
DA:524,0
DA:525,0
DA:526,0
DA:528,0
DA:529,0
DA:530,0
DA:531,0
DA:533,0
DA:537,0
DA:538,0
DA:539,0
DA:540,0
DA:542,0
DA:543,0
DA:544,0
DA:545,0
DA:546,0
DA:548,0
DA:554,0
DA:558,0
DA:568,0
DA:579,0
DA:586,0
DA:587,0
DA:593,0
DA:597,0
DA:598,0
DA:599,0
DA:600,0
DA:601,0
DA:602,0
DA:603,0
DA:604,0
DA:605,0
DA:607,0
DA:613,0
DA:614,0
DA:623,0
DA:624,0
DA:631,0
DA:632,0
DA:633,0
DA:635,0
DA:636,0
DA:637,0
DA:639,0
DA:641,0
DA:643,0
DA:649,0
DA:650,0
DA:654,0
DA:655,0
DA:658,0
DA:660,0
DA:661,0
DA:662,0
DA:665,0
DA:669,0
DA:683,0
DA:689,0
LF:278
LH:0
BRDA:10,0,0,0
BRDA:10,0,1,0
BRDA:16,1,0,0
BRDA:16,1,1,0
BRDA:34,2,0,0
BRDA:34,2,1,0
BRDA:38,3,0,0
BRDA:38,3,1,0
BRDA:61,4,0,0
BRDA:61,4,1,0
BRDA:73,5,0,0
BRDA:73,5,1,0
BRDA:114,6,0,0
BRDA:114,6,1,0
BRDA:114,7,0,0
BRDA:114,7,1,0
BRDA:117,8,0,0
BRDA:117,8,1,0
BRDA:120,9,0,0
BRDA:120,9,1,0
BRDA:124,10,0,0
BRDA:124,10,1,0
BRDA:128,11,0,0
BRDA:128,11,1,0
BRDA:132,12,0,0
BRDA:132,12,1,0
BRDA:135,13,0,0
BRDA:135,13,1,0
BRDA:138,14,0,0
BRDA:138,14,1,0
BRDA:145,15,0,0
BRDA:145,15,1,0
BRDA:148,16,0,0
BRDA:148,16,1,0
BRDA:152,17,0,0
BRDA:152,17,1,0
BRDA:155,18,0,0
BRDA:155,18,1,0
BRDA:158,19,0,0
BRDA:158,19,1,0
BRDA:161,20,0,0
BRDA:161,20,1,0
BRDA:164,21,0,0
BRDA:164,21,1,0
BRDA:167,22,0,0
BRDA:167,22,1,0
BRDA:170,23,0,0
BRDA:170,23,1,0
BRDA:173,24,0,0
BRDA:173,24,1,0
BRDA:179,25,0,0
BRDA:179,25,1,0
BRDA:183,26,0,0
BRDA:183,26,1,0
BRDA:211,27,0,0
BRDA:211,27,1,0
BRDA:214,28,0,0
BRDA:214,28,1,0
BRDA:229,29,0,0
BRDA:229,29,1,0
BRDA:229,30,0,0
BRDA:229,30,1,0
BRDA:232,31,0,0
BRDA:232,31,1,0
BRDA:235,32,0,0
BRDA:235,32,1,0
BRDA:244,33,0,0
BRDA:244,33,1,0
BRDA:248,34,0,0
BRDA:248,34,1,0
BRDA:252,35,0,0
BRDA:252,35,1,0
BRDA:260,36,0,0
BRDA:260,36,1,0
BRDA:262,37,0,0
BRDA:262,37,1,0
BRDA:262,38,0,0
BRDA:262,38,1,0
BRDA:267,39,0,0
BRDA:267,39,1,0
BRDA:270,40,0,0
BRDA:270,40,1,0
BRDA:272,41,0,0
BRDA:272,41,1,0
BRDA:278,42,0,0
BRDA:278,42,1,0
BRDA:280,43,0,0
BRDA:280,43,1,0
BRDA:290,44,0,0
BRDA:290,44,1,0
BRDA:293,45,0,0
BRDA:293,45,1,0
BRDA:300,46,0,0
BRDA:300,46,1,0
BRDA:302,47,0,0
BRDA:302,47,1,0
BRDA:324,48,0,0
BRDA:324,48,1,0
BRDA:359,49,0,0
BRDA:359,49,1,0
BRDA:402,50,0,0
BRDA:402,50,1,0
BRDA:438,51,0,0
BRDA:438,51,1,0
BRDA:449,52,0,0
BRDA:449,52,1,0
BRDA:449,53,0,0
BRDA:449,53,1,0
BRDA:475,54,0,0
BRDA:475,54,1,0
BRDA:484,55,0,0
BRDA:484,55,1,0
BRDA:487,56,0,0
BRDA:487,56,1,0
BRDA:490,57,0,0
BRDA:490,57,1,0
BRDA:493,58,0,0
BRDA:493,58,1,0
BRDA:496,59,0,0
BRDA:496,59,1,0
BRDA:499,60,0,0
BRDA:499,60,1,0
BRDA:504,61,0,0
BRDA:504,61,1,0
BRDA:514,62,0,0
BRDA:514,62,1,0
BRDA:517,63,0,0
BRDA:517,63,1,0
BRDA:520,64,0,0
BRDA:520,64,1,0
BRDA:523,65,0,0
BRDA:523,65,1,0
BRDA:528,66,0,0
BRDA:528,66,1,0
BRDA:546,67,0,0
BRDA:546,67,1,0
BRDA:598,68,0,0
BRDA:598,68,1,0
BRDA:601,69,0,0
BRDA:601,69,1,0
BRDA:601,70,0,0
BRDA:601,70,1,0
BRDA:632,71,0,0
BRDA:632,71,1,0
BRDA:636,72,0,0
BRDA:636,72,1,0
BRDA:654,73,0,0
BRDA:654,73,1,0
BRDA:661,74,0,0
BRDA:661,74,1,0
BRF:150
BRH:0
end_of_record
TN:
SF:app/venv/lib/python3.13/site-packages/urllib3/contrib/emscripten/emscripten_fetch_worker.js
FN:12,(anonymous_0)
FNF:1
FNH:0
FNDA:0,(anonymous_0)
DA:1,0
DA:8,0
DA:9,0
DA:10,0
DA:12,0
DA:13,0
DA:14,0
DA:15,0
DA:16,0
DA:17,0
DA:18,0
DA:20,0
DA:22,0
DA:24,0
DA:25,0
DA:27,0
DA:29,0
DA:30,0
DA:31,0
DA:34,0
DA:36,0
DA:37,0
DA:38,0
DA:40,0
DA:41,0
DA:42,0
DA:43,0
DA:44,0
DA:45,0
DA:46,0
DA:51,0
DA:52,0
DA:53,0
DA:55,0
DA:57,0
DA:58,0
DA:59,0
DA:60,0
DA:62,0
DA:65,0
DA:66,0
DA:67,0
DA:68,0
DA:69,0
DA:70,0
DA:72,0
DA:73,0
DA:74,0
DA:76,0
DA:81,0
DA:82,0
DA:83,0
DA:84,0
DA:85,0
DA:87,0
DA:95,0
DA:96,0
DA:100,0
DA:101,0
DA:102,0
DA:103,0
DA:104,0
DA:105,0
DA:106,0
DA:110,0
LF:65
LH:0
BRDA:13,0,0,0
BRDA:13,0,1,0
BRDA:17,1,0,0
BRDA:17,1,1,0
BRDA:22,2,0,0
BRDA:22,2,1,0
BRDA:22,3,0,0
BRDA:22,3,1,0
BRDA:27,4,0,0
BRDA:27,4,1,0
BRDA:52,5,0,0
BRDA:52,5,1,0
BRF:12
BRH:0
end_of_record
