TN:
SF:app/App.desktop-integration.js
FN:18,App
FN:30,(anonymous_1)
FN:31,(anonymous_2)
FN:36,(anonymous_3)
FN:39,(anonymous_4)
FN:43,(anonymous_5)
FN:54,(anonymous_6)
FN:67,(anonymous_7)
FN:73,(anonymous_8)
FN:81,(anonymous_9)
FN:85,(anonymous_10)
FN:91,(anonymous_11)
FN:96,(anonymous_12)
FN:106,(anonymous_13)
FN:111,(anonymous_14)
FN:119,(anonymous_15)
FN:176,(anonymous_16)
FNF:17
FNH:0
FNDA:0,App
FNDA:0,(anonymous_1)
FNDA:0,(anonymous_2)
FNDA:0,(anonymous_3)
FNDA:0,(anonymous_4)
FNDA:0,(anonymous_5)
FNDA:0,(anonymous_6)
FNDA:0,(anonymous_7)
FNDA:0,(anonymous_8)
FNDA:0,(anonymous_9)
FNDA:0,(anonymous_10)
FNDA:0,(anonymous_11)
FNDA:0,(anonymous_12)
FNDA:0,(anonymous_13)
FNDA:0,(anonymous_14)
FNDA:0,(anonymous_15)
FNDA:0,(anonymous_16)
DA:19,0
DA:20,0
DA:21,0
DA:22,0
DA:23,0
DA:24,0
DA:25,0
DA:28,0
DA:30,0
DA:31,0
DA:32,0
DA:35,0
DA:36,0
DA:39,0
DA:40,0
DA:43,0
DA:44,0
DA:46,0
DA:47,0
DA:49,0
DA:50,0
DA:54,0
DA:55,0
DA:57,0
DA:58,0
DA:62,0
DA:63,0
DA:67,0
DA:70,0
DA:73,0
DA:74,0
DA:81,0
DA:82,0
DA:85,0
DA:86,0
DA:87,0
DA:88,0
DA:91,0
DA:92,0
DA:93,0
DA:96,0
DA:97,0
DA:98,0
DA:99,0
DA:100,0
DA:102,0
DA:103,0
DA:106,0
DA:107,0
DA:108,0
DA:111,0
DA:112,0
DA:113,0
DA:114,0
DA:116,0
DA:119,0
DA:120,0
DA:124,0
DA:125,0
DA:129,0
DA:130,0
DA:139,0
DA:140,0
DA:151,0
DA:152,0
DA:162,0
DA:163,0
DA:172,0
DA:176,0
LF:69
LH:0
BRDA:28,0,0,0
BRDA:28,0,1,0
BRDA:49,1,0,0
BRDA:49,1,1,0
BRDA:57,2,0,0
BRDA:57,2,1,0
BRDA:74,3,0,0
BRDA:74,3,1,0
BRDA:124,4,0,0
BRDA:124,4,1,0
BRDA:129,5,0,0
BRDA:129,5,1,0
BRDA:139,6,0,0
BRDA:139,6,1,0
BRDA:151,7,0,0
BRDA:151,7,1,0
BRDA:162,8,0,0
BRDA:162,8,1,0
BRDA:167,9,0,0
BRDA:167,9,1,0
BRF:20
BRH:0
end_of_record
TN:
SF:app/App.js
FN:121,(anonymous_0)
FN:149,(anonymous_1)
FN:199,(anonymous_2)
FN:216,(anonymous_3)
FN:222,(anonymous_4)
FN:235,(anonymous_5)
FN:255,(anonymous_6)
FN:288,(anonymous_7)
FN:288,(anonymous_8)
FN:308,(anonymous_9)
FN:427,(anonymous_10)
FN:450,(anonymous_11)
FN:452,(anonymous_12)
FN:462,(anonymous_13)
FN:505,(anonymous_14)
FN:513,(anonymous_15)
FN:513,(anonymous_16)
FN:514,(anonymous_17)
FN:515,(anonymous_18)
FN:526,(anonymous_19)
FN:533,(anonymous_20)
FN:544,(anonymous_21)
FN:554,(anonymous_22)
FN:557,(anonymous_23)
FN:572,(anonymous_24)
FN:581,(anonymous_25)
FN:609,(anonymous_26)
FN:612,(anonymous_27)
FN:644,(anonymous_28)
FN:733,(anonymous_29)
FN:829,(anonymous_30)
FN:835,(anonymous_31)
FN:896,(anonymous_32)
FN:901,(anonymous_33)
FN:945,(anonymous_34)
FN:958,(anonymous_35)
FN:977,(anonymous_36)
FN:994,(anonymous_37)
FN:1003,(anonymous_38)
FN:1012,(anonymous_39)
FN:1032,(anonymous_40)
FN:1041,(anonymous_41)
FN:1068,(anonymous_42)
FN:1077,(anonymous_43)
FN:1110,(anonymous_44)
FN:1115,(anonymous_45)
FN:1121,(anonymous_46)
FN:1125,(anonymous_47)
FN:1128,(anonymous_48)
FN:1136,(anonymous_49)
FN:1142,(anonymous_50)
FN:1153,(anonymous_51)
FN:1164,(anonymous_52)
FN:1176,(anonymous_53)
FN:1180,(anonymous_54)
FN:1194,(anonymous_55)
FN:1208,(anonymous_56)
FN:1245,(anonymous_57)
FN:1290,(anonymous_58)
FN:1294,(anonymous_59)
FN:1308,(anonymous_60)
FN:1311,(anonymous_61)
FN:1324,(anonymous_62)
FN:1334,(anonymous_63)
FN:1336,(anonymous_64)
FN:1341,(anonymous_65)
FN:1353,(anonymous_66)
FN:1360,(anonymous_67)
FN:1364,(anonymous_68)
FN:1368,(anonymous_69)
FN:1374,(anonymous_70)
FN:1375,(anonymous_71)
FN:1378,(anonymous_72)
FN:1385,(anonymous_73)
FN:1389,(anonymous_74)
FN:1395,(anonymous_75)
FN:1419,(anonymous_76)
FN:1431,(anonymous_77)
FN:1464,(anonymous_78)
FN:1469,(anonymous_79)
FN:1476,(anonymous_80)
FN:1481,(anonymous_81)
FN:1490,(anonymous_82)
FN:1495,(anonymous_83)
FN:1515,(anonymous_84)
FN:1525,(anonymous_85)
FN:1539,(anonymous_86)
FN:1540,(anonymous_87)
FN:1555,(anonymous_88)
FN:1603,(anonymous_89)
FN:1615,(anonymous_90)
FN:1620,(anonymous_91)
FN:1624,(anonymous_92)
FN:1632,(anonymous_93)
FN:1644,(anonymous_94)
FN:1660,(anonymous_95)
FNF:96
FNH:0
FNDA:0,(anonymous_0)
FNDA:0,(anonymous_1)
FNDA:0,(anonymous_2)
FNDA:0,(anonymous_3)
FNDA:0,(anonymous_4)
FNDA:0,(anonymous_5)
FNDA:0,(anonymous_6)
FNDA:0,(anonymous_7)
FNDA:0,(anonymous_8)
FNDA:0,(anonymous_9)
FNDA:0,(anonymous_10)
FNDA:0,(anonymous_11)
FNDA:0,(anonymous_12)
FNDA:0,(anonymous_13)
FNDA:0,(anonymous_14)
FNDA:0,(anonymous_15)
FNDA:0,(anonymous_16)
FNDA:0,(anonymous_17)
FNDA:0,(anonymous_18)
FNDA:0,(anonymous_19)
FNDA:0,(anonymous_20)
FNDA:0,(anonymous_21)
FNDA:0,(anonymous_22)
FNDA:0,(anonymous_23)
FNDA:0,(anonymous_24)
FNDA:0,(anonymous_25)
FNDA:0,(anonymous_26)
FNDA:0,(anonymous_27)
FNDA:0,(anonymous_28)
FNDA:0,(anonymous_29)
FNDA:0,(anonymous_30)
FNDA:0,(anonymous_31)
FNDA:0,(anonymous_32)
FNDA:0,(anonymous_33)
FNDA:0,(anonymous_34)
FNDA:0,(anonymous_35)
FNDA:0,(anonymous_36)
FNDA:0,(anonymous_37)
FNDA:0,(anonymous_38)
FNDA:0,(anonymous_39)
FNDA:0,(anonymous_40)
FNDA:0,(anonymous_41)
FNDA:0,(anonymous_42)
FNDA:0,(anonymous_43)
FNDA:0,(anonymous_44)
FNDA:0,(anonymous_45)
FNDA:0,(anonymous_46)
FNDA:0,(anonymous_47)
FNDA:0,(anonymous_48)
FNDA:0,(anonymous_49)
FNDA:0,(anonymous_50)
FNDA:0,(anonymous_51)
FNDA:0,(anonymous_52)
FNDA:0,(anonymous_53)
FNDA:0,(anonymous_54)
FNDA:0,(anonymous_55)
FNDA:0,(anonymous_56)
FNDA:0,(anonymous_57)
FNDA:0,(anonymous_58)
FNDA:0,(anonymous_59)
FNDA:0,(anonymous_60)
FNDA:0,(anonymous_61)
FNDA:0,(anonymous_62)
FNDA:0,(anonymous_63)
FNDA:0,(anonymous_64)
FNDA:0,(anonymous_65)
FNDA:0,(anonymous_66)
FNDA:0,(anonymous_67)
FNDA:0,(anonymous_68)
FNDA:0,(anonymous_69)
FNDA:0,(anonymous_70)
FNDA:0,(anonymous_71)
FNDA:0,(anonymous_72)
FNDA:0,(anonymous_73)
FNDA:0,(anonymous_74)
FNDA:0,(anonymous_75)
FNDA:0,(anonymous_76)
FNDA:0,(anonymous_77)
FNDA:0,(anonymous_78)
FNDA:0,(anonymous_79)
FNDA:0,(anonymous_80)
FNDA:0,(anonymous_81)
FNDA:0,(anonymous_82)
FNDA:0,(anonymous_83)
FNDA:0,(anonymous_84)
FNDA:0,(anonymous_85)
FNDA:0,(anonymous_86)
FNDA:0,(anonymous_87)
FNDA:0,(anonymous_88)
FNDA:0,(anonymous_89)
FNDA:0,(anonymous_90)
FNDA:0,(anonymous_91)
FNDA:0,(anonymous_92)
FNDA:0,(anonymous_93)
FNDA:0,(anonymous_94)
FNDA:0,(anonymous_95)
DA:25,0
DA:26,0
DA:27,0
DA:30,0
DA:31,0
DA:60,0
DA:75,0
DA:121,0
DA:122,0
DA:123,0
DA:124,0
DA:125,0
DA:126,0
DA:127,0
DA:128,0
DA:129,0
DA:130,0
DA:131,0
DA:132,0
DA:133,0
DA:134,0
DA:135,0
DA:136,0
DA:137,0
DA:138,0
DA:139,0
DA:140,0
DA:141,0
DA:142,0
DA:143,0
DA:144,0
DA:145,0
DA:146,0
DA:149,0
DA:150,0
DA:152,0
DA:153,0
DA:154,0
DA:156,0
DA:166,0
DA:167,0
DA:171,0
DA:172,0
DA:173,0
DA:174,0
DA:175,0
DA:185,0
DA:186,0
DA:187,0
DA:188,0
DA:191,0
DA:194,0
DA:196,0
DA:199,0
DA:200,0
DA:201,0
DA:202,0
DA:203,0
DA:204,0
DA:205,0
DA:206,0
DA:207,0
DA:208,0
DA:210,0
DA:212,0
DA:216,0
DA:217,0
DA:218,0
DA:222,0
DA:223,0
DA:225,0
DA:226,0
DA:227,0
DA:228,0
DA:229,0
DA:231,0
DA:232,0
DA:235,0
DA:236,0
DA:237,0
DA:238,0
DA:239,0
DA:240,0
DA:241,0
DA:242,0
DA:243,0
DA:244,0
DA:245,0
DA:246,0
DA:248,0
DA:249,0
DA:251,0
DA:255,0
DA:256,0
DA:258,0
DA:259,0
DA:260,0
DA:264,0
DA:265,0
DA:267,0
DA:269,0
DA:288,0
DA:289,0
DA:292,0
DA:295,0
DA:296,0
DA:299,0
DA:300,0
DA:301,0
DA:302,0
DA:304,0
DA:305,0
DA:308,0
DA:310,0
DA:311,0
DA:312,0
DA:316,0
DA:317,0
DA:318,0
DA:323,0
DA:324,0
DA:325,0
DA:326,0
DA:327,0
DA:328,0
DA:329,0
DA:332,0
DA:333,0
DA:334,0
DA:335,0
DA:338,0
DA:342,0
DA:343,0
DA:345,0
DA:346,0
DA:350,0
DA:351,0
DA:352,0
DA:353,0
DA:361,0
DA:366,0
DA:367,0
DA:370,0
DA:372,0
DA:373,0
DA:374,0
DA:375,0
DA:376,0
DA:387,0
DA:390,0
DA:392,0
DA:419,0
DA:420,0
DA:421,0
DA:422,0
DA:423,0
DA:427,0
DA:428,0
DA:429,0
DA:430,0
DA:433,0
DA:434,0
DA:438,0
DA:439,0
DA:442,0
DA:444,0
DA:445,0
DA:450,0
DA:451,0
DA:452,0
DA:453,0
DA:454,0
DA:455,0
DA:456,0
DA:457,0
DA:458,0
DA:459,0
DA:462,0
DA:463,0
DA:464,0
DA:465,0
DA:466,0
DA:467,0
DA:468,0
DA:470,0
DA:471,0
DA:472,0
DA:474,0
DA:475,0
DA:476,0
DA:478,0
DA:479,0
DA:480,0
DA:481,0
DA:483,0
DA:498,0
DA:501,0
DA:505,0
DA:506,0
DA:507,0
DA:508,0
DA:509,0
DA:510,0
DA:513,0
DA:514,0
DA:515,0
DA:516,0
DA:517,0
DA:518,0
DA:519,0
DA:520,0
DA:521,0
DA:526,0
DA:527,0
DA:528,0
DA:533,0
DA:534,0
DA:537,0
DA:538,0
DA:540,0
DA:544,0
DA:545,0
DA:546,0
DA:548,0
DA:554,0
DA:555,0
DA:557,0
DA:558,0
DA:559,0
DA:560,0
DA:561,0
DA:564,0
DA:567,0
DA:572,0
DA:573,0
DA:575,0
DA:576,0
DA:580,0
DA:581,0
DA:582,0
DA:583,0
DA:584,0
DA:585,0
DA:586,0
DA:587,0
DA:589,0
DA:592,0
DA:598,0
DA:601,0
DA:602,0
DA:608,0
DA:610,0
DA:613,0
DA:614,0
DA:615,0
DA:616,0
DA:618,0
DA:621,0
DA:631,0
DA:632,0
DA:635,0
DA:640,0
DA:644,0
DA:645,0
DA:646,0
DA:649,0
DA:650,0
DA:654,0
DA:656,0
DA:658,0
DA:659,0
DA:660,0
DA:664,0
DA:667,0
DA:668,0
DA:669,0
DA:670,0
DA:672,0
DA:673,0
DA:674,0
DA:675,0
DA:677,0
DA:683,0
DA:684,0
DA:685,0
DA:686,0
DA:687,0
DA:688,0
DA:689,0
DA:690,0
DA:702,0
DA:703,0
DA:704,0
DA:705,0
DA:707,0
DA:710,0
DA:714,0
DA:721,0
DA:724,0
DA:725,0
DA:726,0
DA:727,0
DA:728,0
DA:729,0
DA:730,0
DA:733,0
DA:734,0
DA:735,0
DA:736,0
DA:737,0
DA:738,0
DA:751,0
DA:752,0
DA:755,0
DA:760,0
DA:765,0
DA:766,0
DA:767,0
DA:768,0
DA:770,0
DA:771,0
DA:772,0
DA:773,0
DA:786,0
DA:787,0
DA:790,0
DA:791,0
DA:792,0
DA:793,0
DA:794,0
DA:797,0
DA:800,0
DA:805,0
DA:806,0
DA:807,0
DA:809,0
DA:810,0
DA:811,0
DA:812,0
DA:813,0
DA:814,0
DA:816,0
DA:817,0
DA:821,0
DA:822,0
DA:825,0
DA:829,0
DA:830,0
DA:831,0
DA:832,0
DA:835,0
DA:836,0
DA:839,0
DA:840,0
DA:841,0
DA:842,0
DA:843,0
DA:845,0
DA:846,0
DA:848,0
DA:849,0
DA:864,0
DA:867,0
DA:868,0
DA:869,0
DA:875,0
DA:877,0
DA:881,0
DA:882,0
DA:884,0
DA:885,0
DA:886,0
DA:887,0
DA:891,0
DA:892,0
DA:896,0
DA:897,0
DA:898,0
DA:901,0
DA:902,0
DA:903,0
DA:904,0
DA:905,0
DA:908,0
DA:911,0
DA:912,0
DA:913,0
DA:914,0
DA:915,0
DA:917,0
DA:922,0
DA:933,0
DA:935,0
DA:936,0
DA:938,0
DA:940,0
DA:941,0
DA:945,0
DA:946,0
DA:947,0
DA:948,0
DA:949,0
DA:951,0
DA:953,0
DA:954,0
DA:958,0
DA:959,0
DA:960,0
DA:961,0
DA:962,0
DA:968,0
DA:969,0
DA:977,0
DA:978,0
DA:979,0
DA:981,0
DA:982,0
DA:983,0
DA:985,0
DA:987,0
DA:988,0
DA:990,0
DA:994,0
DA:995,0
DA:996,0
DA:997,0
DA:999,0
DA:1003,0
DA:1004,0
DA:1013,0
DA:1014,0
DA:1015,0
DA:1016,0
DA:1017,0
DA:1018,0
DA:1024,0
DA:1032,0
DA:1033,0
DA:1042,0
DA:1045,0
DA:1046,0
DA:1047,0
DA:1048,0
DA:1049,0
DA:1055,0
DA:1056,0
DA:1068,0
DA:1069,0
DA:1078,0
DA:1081,0
DA:1082,0
DA:1083,0
DA:1086,0
DA:1087,0
DA:1088,0
DA:1090,0
DA:1093,0
DA:1094,0
DA:1095,0
DA:1097,0
DA:1098,0
DA:1110,0
DA:1111,0
DA:1112,0
DA:1115,0
DA:1116,0
DA:1117,0
DA:1118,0
DA:1121,0
DA:1122,0
DA:1125,0
DA:1128,0
DA:1129,0
DA:1130,0
DA:1131,0
DA:1132,0
DA:1134,0
DA:1136,0
DA:1137,0
DA:1138,0
DA:1139,0
DA:1141,0
DA:1142,0
DA:1143,0
DA:1144,0
DA:1147,0
DA:1149,0
DA:1153,0
DA:1154,0
DA:1156,0
DA:1157,0
DA:1158,0
DA:1159,0
DA:1160,0
DA:1164,0
DA:1165,0
DA:1167,0
DA:1168,0
DA:1169,0
DA:1170,0
DA:1171,0
DA:1176,0
DA:1177,0
DA:1180,0
DA:1194,0
DA:1208,0
DA:1223,0
DA:1224,0
DA:1228,0
DA:1229,0
DA:1238,0
DA:1239,0
DA:1247,0
DA:1248,0
DA:1251,0
DA:1264,0
DA:1265,0
DA:1266,0
DA:1268,0
DA:1272,0
DA:1273,0
DA:1283,0
DA:1284,0
DA:1291,0
DA:1292,0
DA:1295,0
DA:1296,0
DA:1304,0
DA:1305,0
DA:1308,0
DA:1312,0
DA:1313,0
DA:1314,0
DA:1315,0
DA:1316,0
DA:1317,0
DA:1318,0
DA:1319,0
DA:1324,0
DA:1328,0
DA:1329,0
DA:1330,0
DA:1334,0
DA:1337,0
DA:1338,0
DA:1339,0
DA:1340,0
DA:1341,0
DA:1342,0
DA:1344,0
DA:1354,0
DA:1355,0
DA:1360,0
DA:1364,0
DA:1368,0
DA:1375,0
DA:1376,0
DA:1378,0
DA:1386,0
DA:1387,0
DA:1389,0
DA:1396,0
DA:1397,0
DA:1415,0
DA:1416,0
DA:1419,0
DA:1432,0
DA:1433,0
DA:1452,0
DA:1465,0
DA:1469,0
DA:1476,0
DA:1481,0
DA:1491,0
DA:1496,0
DA:1497,0
DA:1498,0
DA:1516,0
DA:1525,0
DA:1539,0
DA:1541,0
DA:1556,0
DA:1604,0
DA:1605,0
DA:1616,0
DA:1617,0
DA:1621,0
DA:1625,0
DA:1626,0
DA:1632,0
DA:1639,0
DA:1644,0
DA:1645,0
DA:1647,0
DA:1650,0
DA:1660,0
DA:1661,0
DA:1671,0
DA:1694,0
LF:599
LH:0
BRDA:25,0,0,0
BRDA:25,0,1,0
BRDA:30,1,0,0
BRDA:30,1,1,0
BRDA:30,2,0,0
BRDA:30,2,1,0
BRDA:153,3,0,0
BRDA:153,3,1,0
BRDA:158,4,0,0
BRDA:158,4,1,0
BRDA:159,5,0,0
BRDA:159,5,1,0
BRDA:160,6,0,0
BRDA:160,6,1,0
BRDA:161,7,0,0
BRDA:161,7,1,0
BRDA:162,8,0,0
BRDA:162,8,1,0
BRDA:162,8,2,0
BRDA:162,8,3,0
BRDA:163,9,0,0
BRDA:163,9,1,0
BRDA:163,9,2,0
BRDA:164,10,0,0
BRDA:164,10,1,0
BRDA:164,10,2,0
BRDA:174,11,0,0
BRDA:174,11,1,0
BRDA:176,12,0,0
BRDA:176,12,1,0
BRDA:177,13,0,0
BRDA:177,13,1,0
BRDA:178,14,0,0
BRDA:178,14,1,0
BRDA:179,15,0,0
BRDA:179,15,1,0
BRDA:180,16,0,0
BRDA:180,16,1,0
BRDA:181,17,0,0
BRDA:181,17,1,0
BRDA:182,18,0,0
BRDA:182,18,1,0
BRDA:202,19,0,0
BRDA:202,19,1,0
BRDA:204,20,0,0
BRDA:204,20,1,0
BRDA:205,21,0,0
BRDA:205,21,1,0
BRDA:223,22,0,0
BRDA:223,22,1,0
BRDA:226,23,0,0
BRDA:226,23,1,0
BRDA:229,24,0,0
BRDA:229,24,1,0
BRDA:232,25,0,0
BRDA:232,25,1,0
BRDA:236,26,0,0
BRDA:236,26,1,0
BRDA:239,27,0,0
BRDA:239,27,1,0
BRDA:242,28,0,0
BRDA:242,28,1,0
BRDA:243,29,0,0
BRDA:243,29,1,0
BRDA:243,30,0,0
BRDA:243,30,1,0
BRDA:244,31,0,0
BRDA:244,31,1,0
BRDA:246,32,0,0
BRDA:246,32,1,0
BRDA:249,33,0,0
BRDA:249,33,1,0
BRDA:259,34,0,0
BRDA:259,34,1,0
BRDA:267,35,0,0
BRDA:267,35,1,0
BRDA:267,36,0,0
BRDA:267,36,1,0
BRDA:267,36,2,0
BRDA:288,37,0,0
BRDA:288,37,1,0
BRDA:289,38,0,0
BRDA:289,38,1,0
BRDA:295,39,0,0
BRDA:295,39,1,0
BRDA:295,39,2,0
BRDA:299,40,0,0
BRDA:299,40,1,0
BRDA:300,41,0,0
BRDA:300,41,1,0
BRDA:301,42,0,0
BRDA:301,42,1,0
BRDA:305,43,0,0
BRDA:305,43,1,0
BRDA:310,44,0,0
BRDA:310,44,1,0
BRDA:310,44,2,0
BRDA:311,45,0,0
BRDA:311,45,1,0
BRDA:316,46,0,0
BRDA:316,46,1,0
BRDA:316,46,2,0
BRDA:316,46,3,0
BRDA:317,47,0,0
BRDA:317,47,1,0
BRDA:317,48,0,0
BRDA:317,48,1,0
BRDA:323,49,0,0
BRDA:323,49,1,0
BRDA:323,49,2,0
BRDA:325,50,0,0
BRDA:325,50,1,0
BRDA:325,50,2,0
BRDA:326,51,0,0
BRDA:326,51,1,0
BRDA:326,52,0,0
BRDA:326,52,1,0
BRDA:329,53,0,0
BRDA:329,53,1,0
BRDA:332,54,0,0
BRDA:332,54,1,0
BRDA:335,55,0,0
BRDA:335,55,1,0
BRDA:342,56,0,0
BRDA:342,56,1,0
BRDA:345,57,0,0
BRDA:345,57,1,0
BRDA:350,58,0,0
BRDA:350,58,1,0
BRDA:350,58,2,0
BRDA:352,59,0,0
BRDA:352,59,1,0
BRDA:353,60,0,0
BRDA:353,60,1,0
BRDA:355,61,0,0
BRDA:355,61,1,0
BRDA:361,62,0,0
BRDA:361,62,1,0
BRDA:363,63,0,0
BRDA:363,63,1,0
BRDA:372,64,0,0
BRDA:372,64,1,0
BRDA:373,65,0,0
BRDA:373,65,1,0
BRDA:374,66,0,0
BRDA:374,66,1,0
BRDA:380,67,0,0
BRDA:380,67,1,0
BRDA:380,67,2,0
BRDA:381,68,0,0
BRDA:381,68,1,0
BRDA:382,69,0,0
BRDA:382,69,1,0
BRDA:387,70,0,0
BRDA:387,70,1,0
BRDA:387,70,2,0
BRDA:390,71,0,0
BRDA:390,71,1,0
BRDA:390,71,2,0
BRDA:390,71,3,0
BRDA:399,72,0,0
BRDA:399,72,1,0
BRDA:415,73,0,0
BRDA:415,73,1,0
BRDA:415,74,0,0
BRDA:415,74,1,0
BRDA:419,75,0,0
BRDA:419,75,1,0
BRDA:428,76,0,0
BRDA:428,76,1,0
BRDA:429,77,0,0
BRDA:429,77,1,0
BRDA:453,78,0,0
BRDA:453,78,1,0
BRDA:454,79,0,0
BRDA:454,79,1,0
BRDA:455,80,0,0
BRDA:455,80,1,0
BRDA:456,81,0,0
BRDA:456,81,1,0
BRDA:457,82,0,0
BRDA:457,82,1,0
BRDA:458,83,0,0
BRDA:458,83,1,0
BRDA:464,84,0,0
BRDA:464,84,1,0
BRDA:470,85,0,0
BRDA:470,85,1,0
BRDA:471,86,0,0
BRDA:471,86,1,0
BRDA:472,87,0,0
BRDA:472,87,1,0
BRDA:475,88,0,0
BRDA:475,88,1,0
BRDA:475,89,0,0
BRDA:475,89,1,0
BRDA:480,90,0,0
BRDA:480,90,1,0
BRDA:480,91,0,0
BRDA:480,91,1,0
BRDA:481,92,0,0
BRDA:481,92,1,0
BRDA:481,93,0,0
BRDA:481,93,1,0
BRDA:491,94,0,0
BRDA:491,94,1,0
BRDA:492,95,0,0
BRDA:492,95,1,0
BRDA:493,96,0,0
BRDA:493,96,1,0
BRDA:494,97,0,0
BRDA:494,97,1,0
BRDA:519,98,0,0
BRDA:519,98,1,0
BRDA:519,99,0,0
BRDA:519,99,1,0
BRDA:527,100,0,0
BRDA:527,100,1,0
BRDA:555,101,0,0
BRDA:555,101,1,0
BRDA:555,102,0,0
BRDA:555,102,1,0
BRDA:560,103,0,0
BRDA:560,103,1,0
BRDA:576,104,0,0
BRDA:576,104,1,0
BRDA:580,105,0,0
BRDA:580,105,1,0
BRDA:585,106,0,0
BRDA:585,106,1,0
BRDA:618,107,0,0
BRDA:618,107,1,0
BRDA:622,108,0,0
BRDA:622,108,1,0
BRDA:623,109,0,0
BRDA:623,109,1,0
BRDA:626,110,0,0
BRDA:626,110,1,0
BRDA:627,111,0,0
BRDA:627,111,1,0
BRDA:628,112,0,0
BRDA:628,112,1,0
BRDA:649,113,0,0
BRDA:649,113,1,0
BRDA:649,114,0,0
BRDA:649,114,1,0
BRDA:656,115,0,0
BRDA:656,115,1,0
BRDA:683,116,0,0
BRDA:683,116,1,0
BRDA:683,117,0,0
BRDA:683,117,1,0
BRDA:687,118,0,0
BRDA:687,118,1,0
BRDA:693,119,0,0
BRDA:693,119,1,0
BRDA:694,120,0,0
BRDA:694,120,1,0
BRDA:695,121,0,0
BRDA:695,121,1,0
BRDA:696,122,0,0
BRDA:696,122,1,0
BRDA:697,123,0,0
BRDA:697,123,1,0
BRDA:698,124,0,0
BRDA:698,124,1,0
BRDA:699,125,0,0
BRDA:699,125,1,0
BRDA:700,126,0,0
BRDA:700,126,1,0
BRDA:717,127,0,0
BRDA:717,127,1,0
BRDA:724,128,0,0
BRDA:724,128,1,0
BRDA:727,129,0,0
BRDA:727,129,1,0
BRDA:727,130,0,0
BRDA:727,130,1,0
BRDA:737,131,0,0
BRDA:737,131,1,0
BRDA:740,132,0,0
BRDA:740,132,1,0
BRDA:741,133,0,0
BRDA:741,133,1,0
BRDA:742,134,0,0
BRDA:742,134,1,0
BRDA:743,135,0,0
BRDA:743,135,1,0
BRDA:744,136,0,0
BRDA:744,136,1,0
BRDA:745,137,0,0
BRDA:745,137,1,0
BRDA:746,138,0,0
BRDA:746,138,1,0
BRDA:747,139,0,0
BRDA:747,139,1,0
BRDA:748,140,0,0
BRDA:748,140,1,0
BRDA:749,141,0,0
BRDA:749,141,1,0
BRDA:765,142,0,0
BRDA:765,142,1,0
BRDA:770,143,0,0
BRDA:770,143,1,0
BRDA:776,144,0,0
BRDA:776,144,1,0
BRDA:777,145,0,0
BRDA:777,145,1,0
BRDA:778,146,0,0
BRDA:778,146,1,0
BRDA:779,147,0,0
BRDA:779,147,1,0
BRDA:780,148,0,0
BRDA:780,148,1,0
BRDA:781,149,0,0
BRDA:781,149,1,0
BRDA:782,150,0,0
BRDA:782,150,1,0
BRDA:783,151,0,0
BRDA:783,151,1,0
BRDA:790,152,0,0
BRDA:790,152,1,0
BRDA:805,153,0,0
BRDA:805,153,1,0
BRDA:807,154,0,0
BRDA:807,154,1,0
BRDA:811,155,0,0
BRDA:811,155,1,0
BRDA:813,156,0,0
BRDA:813,156,1,0
BRDA:816,157,0,0
BRDA:816,157,1,0
BRDA:845,158,0,0
BRDA:845,158,1,0
BRDA:848,159,0,0
BRDA:848,159,1,0
BRDA:848,159,2,0
BRDA:851,160,0,0
BRDA:851,160,1,0
BRDA:852,161,0,0
BRDA:852,161,1,0
BRDA:853,162,0,0
BRDA:853,162,1,0
BRDA:854,163,0,0
BRDA:854,163,1,0
BRDA:855,164,0,0
BRDA:855,164,1,0
BRDA:856,165,0,0
BRDA:856,165,1,0
BRDA:857,166,0,0
BRDA:857,166,1,0
BRDA:858,167,0,0
BRDA:858,167,1,0
BRDA:859,168,0,0
BRDA:859,168,1,0
BRDA:860,169,0,0
BRDA:860,169,1,0
BRDA:877,170,0,0
BRDA:877,170,1,0
BRDA:877,170,2,0
BRDA:881,171,0,0
BRDA:881,171,1,0
BRDA:886,172,0,0
BRDA:886,172,1,0
BRDA:911,173,0,0
BRDA:911,173,1,0
BRDA:923,174,0,0
BRDA:923,174,1,0
BRDA:924,175,0,0
BRDA:924,175,1,0
BRDA:964,176,0,0
BRDA:964,176,1,0
BRDA:981,177,0,0
BRDA:981,177,1,0
BRDA:1122,178,0,0
BRDA:1122,178,1,0
BRDA:1129,179,0,0
BRDA:1129,179,1,0
BRDA:1154,180,0,0
BRDA:1154,180,1,0
BRDA:1156,181,0,0
BRDA:1156,181,1,0
BRDA:1156,181,2,0
BRDA:1156,181,3,0
BRDA:1165,182,0,0
BRDA:1165,182,1,0
BRDA:1167,183,0,0
BRDA:1167,183,1,0
BRDA:1167,183,2,0
BRDA:1167,183,3,0
BRDA:1185,184,0,0
BRDA:1185,184,1,0
BRDA:1187,185,0,0
BRDA:1187,185,1,0
BRDA:1199,186,0,0
BRDA:1199,186,1,0
BRDA:1201,187,0,0
BRDA:1201,187,1,0
BRDA:1213,188,0,0
BRDA:1213,188,1,0
BRDA:1215,189,0,0
BRDA:1215,189,1,0
BRDA:1223,190,0,0
BRDA:1223,190,1,0
BRDA:1228,191,0,0
BRDA:1228,191,1,0
BRDA:1238,192,0,0
BRDA:1238,192,1,0
BRDA:1283,193,0,0
BRDA:1283,193,1,0
BRDA:1304,194,0,0
BRDA:1304,194,1,0
BRDA:1312,195,0,0
BRDA:1312,195,1,0
BRDA:1313,196,0,0
BRDA:1313,196,1,0
BRDA:1314,197,0,0
BRDA:1314,197,1,0
BRDA:1315,198,0,0
BRDA:1315,198,1,0
BRDA:1316,199,0,0
BRDA:1316,199,1,0
BRDA:1317,200,0,0
BRDA:1317,200,1,0
BRDA:1317,201,0,0
BRDA:1317,201,1,0
BRDA:1318,202,0,0
BRDA:1318,202,1,0
BRDA:1328,203,0,0
BRDA:1328,203,1,0
BRDA:1370,204,0,0
BRDA:1370,204,1,0
BRDA:1375,205,0,0
BRDA:1375,205,1,0
BRDA:1381,206,0,0
BRDA:1381,206,1,0
BRDA:1386,207,0,0
BRDA:1386,207,1,0
BRDA:1392,208,0,0
BRDA:1392,208,1,0
BRDA:1392,208,2,0
BRDA:1401,209,0,0
BRDA:1401,209,1,0
BRDA:1402,210,0,0
BRDA:1402,210,1,0
BRDA:1402,210,2,0
BRDA:1403,211,0,0
BRDA:1403,211,1,0
BRDA:1403,211,2,0
BRDA:1404,212,0,0
BRDA:1404,212,1,0
BRDA:1405,213,0,0
BRDA:1405,213,1,0
BRDA:1406,214,0,0
BRDA:1406,214,1,0
BRDA:1406,214,2,0
BRDA:1415,215,0,0
BRDA:1415,215,1,0
BRDA:1428,216,0,0
BRDA:1428,216,1,0
BRDA:1428,216,2,0
BRDA:1437,217,0,0
BRDA:1437,217,1,0
BRDA:1438,218,0,0
BRDA:1438,218,1,0
BRDA:1438,218,2,0
BRDA:1439,219,0,0
BRDA:1439,219,1,0
BRDA:1439,219,2,0
BRDA:1440,220,0,0
BRDA:1440,220,1,0
BRDA:1441,221,0,0
BRDA:1441,221,1,0
BRDA:1442,222,0,0
BRDA:1442,222,1,0
BRDA:1442,222,2,0
BRDA:1460,223,0,0
BRDA:1460,223,1,0
BRDA:1460,223,2,0
BRDA:1527,224,0,0
BRDA:1527,224,1,0
BRDA:1527,225,0,0
BRDA:1527,225,1,0
BRDA:1528,226,0,0
BRDA:1528,226,1,0
BRDA:1528,227,0,0
BRDA:1528,227,1,0
BRDA:1529,228,0,0
BRDA:1529,228,1,0
BRDA:1529,229,0,0
BRDA:1529,229,1,0
BRDA:1530,230,0,0
BRDA:1530,230,1,0
BRDA:1539,231,0,0
BRDA:1539,231,1,0
BRDA:1539,231,2,0
BRDA:1557,232,0,0
BRDA:1557,232,1,0
BRDA:1559,233,0,0
BRDA:1559,233,1,0
BRDA:1563,234,0,0
BRDA:1563,234,1,0
BRDA:1591,235,0,0
BRDA:1591,235,1,0
BRDA:1591,235,2,0
BRDA:1595,236,0,0
BRDA:1595,236,1,0
BRDA:1596,237,0,0
BRDA:1596,237,1,0
BRDA:1596,237,2,0
BRDA:1597,238,0,0
BRDA:1597,238,1,0
BRDA:1597,238,2,0
BRDA:1598,239,0,0
BRDA:1598,239,1,0
BRDA:1599,240,0,0
BRDA:1599,240,1,0
BRDA:1600,241,0,0
BRDA:1600,241,1,0
BRDA:1600,241,2,0
BRDA:1625,242,0,0
BRDA:1625,242,1,0
BRDA:1645,243,0,0
BRDA:1645,243,1,0
BRDA:1698,244,0,0
BRDA:1698,244,1,0
BRDA:1706,245,0,0
BRDA:1706,245,1,0
BRF:528
BRH:0
end_of_record
TN:
SF:app/SafeAppWrapper.js
FN:5,SafeAppWrapper
FNF:1
FNH:0
FNDA:0,SafeAppWrapper
DA:6,0
DA:16,0
LF:2
LH:0
BRF:0
BRH:0
end_of_record
TN:
SF:app/debug_notifications.js
FN:5,debugNotificationPermissions
FN:43,testRequestPermissions
FNF:2
FNH:0
FNDA:0,debugNotificationPermissions
FNDA:0,testRequestPermissions
DA:6,0
DA:7,0
DA:9,0
DA:11,0
DA:12,0
DA:15,0
DA:16,0
DA:17,0
DA:18,0
DA:19,0
DA:21,0
DA:26,0
DA:27,0
DA:28,0
DA:29,0
DA:31,0
DA:36,0
DA:39,0
DA:44,0
DA:46,0
DA:47,0
DA:60,0
DA:61,0
DA:63,0
DA:64,0
LF:25
LH:0
BRDA:15,0,0,0
BRDA:15,0,1,0
BRDA:26,1,0,0
BRDA:26,1,1,0
BRF:4
BRH:0
end_of_record
TN:
SF:app/layout.tsx
FN:13,RootLayout
FNF:1
FNH:0
FNDA:0,RootLayout
DA:7,0
DA:18,0
LF:2
LH:0
BRF:0
BRH:0
end_of_record
TN:
SF:app/page.tsx
FN:5,Page
FNF:1
FNH:0
FNDA:0,Page
DA:6,0
LF:1
LH:0
BRF:0
BRH:0
end_of_record
TN:
SF:app/ai-analysis-preview/page.tsx
FN:46,NewsCard
FN:84,AIAnalysisOverlay
FN:167,(anonymous_2)
FN:196,(anonymous_3)
FN:217,AIAnalysisPreview
FN:264,(anonymous_5)
FN:286,(anonymous_6)
FNF:7
FNH:0
FNDA:0,NewsCard
FNDA:0,AIAnalysisOverlay
FNDA:0,(anonymous_2)
FNDA:0,(anonymous_3)
FNDA:0,AIAnalysisPreview
FNDA:0,(anonymous_5)
FNDA:0,(anonymous_6)
DA:7,0
DA:20,0
DA:47,0
DA:85,0
DA:87,0
DA:168,0
DA:197,0
DA:218,0
DA:220,0
DA:264,0
DA:286,0
LF:11
LH:0
BRDA:85,0,0,0
BRDA:85,0,1,0
BRF:2
BRH:0
end_of_record
TN:
SF:app/auth/callback/route.ts
FN:4,GET
FNF:1
FNH:0
FNDA:0,GET
DA:5,0
DA:6,0
DA:8,0
DA:10,0
DA:12,0
DA:15,0
DA:16,0
DA:17,0
DA:18,0
DA:19,0
DA:20,0
DA:21,0
DA:23,0
DA:24,0
DA:25,0
DA:27,0
DA:33,0
LF:17
LH:0
BRDA:8,0,0,0
BRDA:8,0,1,0
BRDA:10,1,0,0
BRDA:10,1,1,0
BRDA:15,2,0,0
BRDA:15,2,1,0
BRDA:18,3,0,0
BRDA:18,3,1,0
BRDA:21,4,0,0
BRDA:21,4,1,0
BRDA:24,5,0,0
BRDA:24,5,1,0
BRF:12
BRH:0
end_of_record
TN:
SF:app/components/AIAnalysisOverlay.tsx
FN:53,ProGate
FN:70,(anonymous_1)
FN:119,(anonymous_2)
FN:176,(anonymous_3)
FN:177,(anonymous_4)
FN:194,(anonymous_5)
FN:203,(anonymous_6)
FN:214,(anonymous_7)
FN:234,(anonymous_8)
FN:240,(anonymous_9)
FN:277,(anonymous_10)
FN:284,(anonymous_11)
FN:332,(anonymous_12)
FN:337,(anonymous_13)
FN:365,(anonymous_14)
FN:366,(anonymous_15)
FN:385,(anonymous_16)
FN:389,(anonymous_17)
FN:394,(anonymous_18)
FN:395,(anonymous_19)
FN:400,(anonymous_20)
FN:409,(anonymous_21)
FN:414,(anonymous_22)
FN:420,(anonymous_23)
FN:424,(anonymous_24)
FN:439,(anonymous_25)
FN:442,(anonymous_26)
FN:454,(anonymous_27)
FN:455,(anonymous_28)
FN:465,(anonymous_29)
FN:468,(anonymous_30)
FN:504,(anonymous_31)
FN:506,(anonymous_32)
FN:577,(anonymous_33)
FN:614,(anonymous_34)
FN:626,(anonymous_35)
FN:656,(anonymous_36)
FN:659,(anonymous_37)
FN:666,(anonymous_38)
FN:684,(anonymous_39)
FN:702,(anonymous_40)
FN:776,(anonymous_41)
FN:836,(anonymous_42)
FN:851,(anonymous_43)
FN:862,(anonymous_44)
FN:864,(anonymous_45)
FN:882,(anonymous_46)
FN:890,(anonymous_47)
FN:890,(anonymous_48)
FN:891,(anonymous_49)
FN:912,(anonymous_50)
FN:923,(anonymous_51)
FN:944,(anonymous_52)
FN:980,(anonymous_53)
FN:1068,(anonymous_54)
FN:1113,(anonymous_55)
FN:1123,(anonymous_56)
FN:1123,(anonymous_57)
FN:1139,(anonymous_58)
FN:1147,(anonymous_59)
FN:1153,(anonymous_60)
FN:1159,(anonymous_61)
FN:1169,(anonymous_62)
FN:1189,(anonymous_63)
FN:1221,(anonymous_64)
FN:1258,(anonymous_65)
FN:1305,(anonymous_66)
FNF:67
FNH:0
FNDA:0,ProGate
FNDA:0,(anonymous_1)
FNDA:0,(anonymous_2)
FNDA:0,(anonymous_3)
FNDA:0,(anonymous_4)
FNDA:0,(anonymous_5)
FNDA:0,(anonymous_6)
FNDA:0,(anonymous_7)
FNDA:0,(anonymous_8)
FNDA:0,(anonymous_9)
FNDA:0,(anonymous_10)
FNDA:0,(anonymous_11)
FNDA:0,(anonymous_12)
FNDA:0,(anonymous_13)
FNDA:0,(anonymous_14)
FNDA:0,(anonymous_15)
FNDA:0,(anonymous_16)
FNDA:0,(anonymous_17)
FNDA:0,(anonymous_18)
FNDA:0,(anonymous_19)
FNDA:0,(anonymous_20)
FNDA:0,(anonymous_21)
FNDA:0,(anonymous_22)
FNDA:0,(anonymous_23)
FNDA:0,(anonymous_24)
FNDA:0,(anonymous_25)
FNDA:0,(anonymous_26)
FNDA:0,(anonymous_27)
FNDA:0,(anonymous_28)
FNDA:0,(anonymous_29)
FNDA:0,(anonymous_30)
FNDA:0,(anonymous_31)
FNDA:0,(anonymous_32)
FNDA:0,(anonymous_33)
FNDA:0,(anonymous_34)
FNDA:0,(anonymous_35)
FNDA:0,(anonymous_36)
FNDA:0,(anonymous_37)
FNDA:0,(anonymous_38)
FNDA:0,(anonymous_39)
FNDA:0,(anonymous_40)
FNDA:0,(anonymous_41)
FNDA:0,(anonymous_42)
FNDA:0,(anonymous_43)
FNDA:0,(anonymous_44)
FNDA:0,(anonymous_45)
FNDA:0,(anonymous_46)
FNDA:0,(anonymous_47)
FNDA:0,(anonymous_48)
FNDA:0,(anonymous_49)
FNDA:0,(anonymous_50)
FNDA:0,(anonymous_51)
FNDA:0,(anonymous_52)
FNDA:0,(anonymous_53)
FNDA:0,(anonymous_54)
FNDA:0,(anonymous_55)
FNDA:0,(anonymous_56)
FNDA:0,(anonymous_57)
FNDA:0,(anonymous_58)
FNDA:0,(anonymous_59)
FNDA:0,(anonymous_60)
FNDA:0,(anonymous_61)
FNDA:0,(anonymous_62)
FNDA:0,(anonymous_63)
FNDA:0,(anonymous_64)
FNDA:0,(anonymous_65)
FNDA:0,(anonymous_66)
DA:54,0
DA:55,0
DA:70,0
DA:73,0
DA:74,0
DA:75,0
DA:83,0
DA:85,0
DA:89,0
DA:91,0
DA:92,0
DA:93,0
DA:94,0
DA:95,0
DA:96,0
DA:105,0
DA:106,0
DA:107,0
DA:108,0
DA:111,0
DA:112,0
DA:113,0
DA:114,0
DA:117,0
DA:119,0
DA:120,0
DA:121,0
DA:138,0
DA:142,0
DA:148,0
DA:176,0
DA:177,0
DA:178,0
DA:179,0
DA:180,0
DA:181,0
DA:182,0
DA:183,0
DA:186,0
DA:189,0
DA:190,0
DA:194,0
DA:195,0
DA:196,0
DA:199,0
DA:203,0
DA:204,0
DA:205,0
DA:206,0
DA:207,0
DA:209,0
DA:210,0
DA:214,0
DA:215,0
DA:216,0
DA:218,0
DA:223,0
DA:234,0
DA:235,0
DA:236,0
DA:240,0
DA:241,0
DA:243,0
DA:247,0
DA:249,0
DA:251,0
DA:252,0
DA:255,0
DA:257,0
DA:258,0
DA:259,0
DA:262,0
DA:273,0
DA:277,0
DA:278,0
DA:281,0
DA:282,0
DA:284,0
DA:285,0
DA:288,0
DA:289,0
DA:290,0
DA:291,0
DA:293,0
DA:297,0
DA:298,0
DA:299,0
DA:302,0
DA:303,0
DA:304,0
DA:305,0
DA:307,0
DA:310,0
DA:313,0
DA:315,0
DA:317,0
DA:319,0
DA:320,0
DA:325,0
DA:326,0
DA:327,0
DA:330,0
DA:332,0
DA:333,0
DA:335,0
DA:336,0
DA:337,0
DA:338,0
DA:339,0
DA:340,0
DA:343,0
DA:357,0
DA:360,0
DA:361,0
DA:365,0
DA:366,0
DA:367,0
DA:368,0
DA:369,0
DA:370,0
DA:371,0
DA:385,0
DA:386,0
DA:387,0
DA:388,0
DA:389,0
DA:390,0
DA:391,0
DA:394,0
DA:395,0
DA:400,0
DA:401,0
DA:402,0
DA:404,0
DA:405,0
DA:406,0
DA:407,0
DA:409,0
DA:411,0
DA:412,0
DA:414,0
DA:415,0
DA:416,0
DA:417,0
DA:418,0
DA:420,0
DA:421,0
DA:422,0
DA:423,0
DA:424,0
DA:426,0
DA:427,0
DA:428,0
DA:429,0
DA:430,0
DA:432,0
DA:433,0
DA:439,0
DA:440,0
DA:441,0
DA:442,0
DA:443,0
DA:444,0
DA:446,0
DA:447,0
DA:448,0
DA:449,0
DA:450,0
DA:451,0
DA:452,0
DA:453,0
DA:454,0
DA:455,0
DA:456,0
DA:457,0
DA:458,0
DA:459,0
DA:460,0
DA:465,0
DA:466,0
DA:467,0
DA:468,0
DA:469,0
DA:470,0
DA:472,0
DA:476,0
DA:504,0
DA:506,0
DA:507,0
DA:508,0
DA:510,0
DA:512,0
DA:514,0
DA:515,0
DA:516,0
DA:517,0
DA:518,0
DA:521,0
DA:522,0
DA:523,0
DA:527,0
DA:530,0
DA:534,0
DA:537,0
DA:538,0
DA:539,0
DA:540,0
DA:541,0
DA:542,0
DA:543,0
DA:545,0
DA:550,0
DA:551,0
DA:552,0
DA:564,0
DA:565,0
DA:566,0
DA:567,0
DA:569,0
DA:573,0
DA:577,0
DA:578,0
DA:579,0
DA:580,0
DA:581,0
DA:582,0
DA:583,0
DA:584,0
DA:585,0
DA:586,0
DA:587,0
DA:588,0
DA:590,0
DA:591,0
DA:593,0
DA:594,0
DA:595,0
DA:596,0
DA:597,0
DA:598,0
DA:599,0
DA:601,0
DA:602,0
DA:605,0
DA:606,0
DA:608,0
DA:609,0
DA:612,0
DA:613,0
DA:614,0
DA:615,0
DA:616,0
DA:617,0
DA:618,0
DA:619,0
DA:620,0
DA:621,0
DA:623,0
DA:626,0
DA:628,0
DA:629,0
DA:637,0
DA:638,0
DA:640,0
DA:641,0
DA:642,0
DA:643,0
DA:644,0
DA:645,0
DA:646,0
DA:647,0
DA:649,0
DA:653,0
DA:656,0
DA:658,0
DA:659,0
DA:665,0
DA:666,0
DA:671,0
DA:675,0
DA:678,0
DA:679,0
DA:681,0
DA:684,0
DA:689,0
DA:690,0
DA:691,0
DA:692,0
DA:693,0
DA:695,0
DA:696,0
DA:697,0
DA:698,0
DA:699,0
DA:700,0
DA:701,0
DA:702,0
DA:705,0
DA:709,0
DA:718,0
DA:722,0
DA:723,0
DA:724,0
DA:727,0
DA:728,0
DA:729,0
DA:730,0
DA:731,0
DA:732,0
DA:733,0
DA:734,0
DA:737,0
DA:739,0
DA:740,0
DA:741,0
DA:744,0
DA:745,0
DA:749,0
DA:750,0
DA:751,0
DA:752,0
DA:753,0
DA:754,0
DA:755,0
DA:756,0
DA:757,0
DA:758,0
DA:760,0
DA:764,0
DA:765,0
DA:766,0
DA:767,0
DA:768,0
DA:769,0
DA:770,0
DA:771,0
DA:772,0
DA:775,0
DA:776,0
DA:777,0
DA:781,0
DA:785,0
DA:795,0
DA:797,0
DA:798,0
DA:799,0
DA:801,0
DA:802,0
DA:803,0
DA:805,0
DA:806,0
DA:807,0
DA:808,0
DA:809,0
DA:810,0
DA:811,0
DA:812,0
DA:814,0
DA:815,0
DA:816,0
DA:819,0
DA:829,0
DA:832,0
DA:836,0
DA:837,0
DA:838,0
DA:839,0
DA:840,0
DA:841,0
DA:844,0
DA:845,0
DA:846,0
DA:849,0
DA:851,0
DA:854,0
DA:855,0
DA:856,0
DA:858,0
DA:862,0
DA:863,0
DA:864,0
DA:865,0
DA:868,0
DA:882,0
DA:883,0
DA:890,0
DA:891,0
DA:892,0
DA:897,0
DA:913,0
DA:914,0
DA:915,0
DA:923,0
DA:946,0
DA:947,0
DA:948,0
DA:949,0
DA:950,0
DA:951,0
DA:952,0
DA:954,0
DA:956,0
DA:957,0
DA:960,0
DA:981,0
DA:982,0
DA:983,0
DA:984,0
DA:985,0
DA:986,0
DA:987,0
DA:988,0
DA:989,0
DA:991,0
DA:994,0
DA:996,0
DA:1068,0
DA:1114,0
DA:1115,0
DA:1116,0
DA:1123,0
DA:1139,0
DA:1147,0
DA:1153,0
DA:1159,0
DA:1170,0
DA:1175,0
DA:1190,0
DA:1222,0
DA:1259,0
DA:1305,0
DA:1318,0
LF:432
LH:0
BRDA:54,0,0,0
BRDA:54,0,1,0
BRDA:73,1,0,0
BRDA:73,1,1,0
BRDA:74,2,0,0
BRDA:74,2,1,0
BRDA:78,3,0,0
BRDA:78,3,1,0
BRDA:79,4,0,0
BRDA:79,4,1,0
BRDA:79,4,2,0
BRDA:80,5,0,0
BRDA:80,5,1,0
BRDA:85,6,0,0
BRDA:85,6,1,0
BRDA:87,7,0,0
BRDA:87,7,1,0
BRDA:87,7,2,0
BRDA:95,8,0,0
BRDA:95,8,1,0
BRDA:120,9,0,0
BRDA:120,9,1,0
BRDA:180,10,0,0
BRDA:180,10,1,0
BRDA:180,11,0,0
BRDA:180,11,1,0
BRDA:189,12,0,0
BRDA:189,12,1,0
BRDA:195,13,0,0
BRDA:195,13,1,0
BRDA:215,14,0,0
BRDA:215,14,1,0
BRDA:235,15,0,0
BRDA:235,15,1,0
BRDA:235,16,0,0
BRDA:235,16,1,0
BRDA:241,17,0,0
BRDA:241,17,1,0
BRDA:243,18,0,0
BRDA:243,18,1,0
BRDA:252,19,0,0
BRDA:252,19,1,0
BRDA:257,20,0,0
BRDA:257,20,1,0
BRDA:257,21,0,0
BRDA:257,21,1,0
BRDA:259,22,0,0
BRDA:259,22,1,0
BRDA:267,23,0,0
BRDA:267,23,1,0
BRDA:268,24,0,0
BRDA:268,24,1,0
BRDA:269,25,0,0
BRDA:269,25,1,0
BRDA:278,26,0,0
BRDA:278,26,1,0
BRDA:288,27,0,0
BRDA:288,27,1,0
BRDA:289,28,0,0
BRDA:289,28,1,0
BRDA:290,29,0,0
BRDA:290,29,1,0
BRDA:291,30,0,0
BRDA:291,30,1,0
BRDA:297,31,0,0
BRDA:297,31,1,0
BRDA:298,32,0,0
BRDA:298,32,1,0
BRDA:299,33,0,0
BRDA:299,33,1,0
BRDA:302,34,0,0
BRDA:302,34,1,0
BRDA:315,35,0,0
BRDA:315,35,1,0
BRDA:319,36,0,0
BRDA:319,36,1,0
BRDA:325,37,0,0
BRDA:325,37,1,0
BRDA:325,38,0,0
BRDA:325,38,1,0
BRDA:326,39,0,0
BRDA:326,39,1,0
BRDA:326,40,0,0
BRDA:326,40,1,0
BRDA:327,41,0,0
BRDA:327,41,1,0
BRDA:327,42,0,0
BRDA:327,42,1,0
BRDA:330,43,0,0
BRDA:330,43,1,0
BRDA:330,44,0,0
BRDA:330,44,1,0
BRDA:333,45,0,0
BRDA:333,45,1,0
BRDA:333,46,0,0
BRDA:333,46,1,0
BRDA:336,47,0,0
BRDA:336,47,1,0
BRDA:337,48,0,0
BRDA:337,48,1,0
BRDA:338,49,0,0
BRDA:338,49,1,0
BRDA:344,50,0,0
BRDA:344,50,1,0
BRDA:347,51,0,0
BRDA:347,51,1,0
BRDA:348,52,0,0
BRDA:348,52,1,0
BRDA:349,53,0,0
BRDA:349,53,1,0
BRDA:350,54,0,0
BRDA:350,54,1,0
BRDA:367,55,0,0
BRDA:367,55,1,0
BRDA:367,56,0,0
BRDA:367,56,1,0
BRDA:386,57,0,0
BRDA:386,57,1,0
BRDA:387,58,0,0
BRDA:387,58,1,0
BRDA:390,59,0,0
BRDA:390,59,1,0
BRDA:390,60,0,0
BRDA:390,60,1,0
BRDA:391,61,0,0
BRDA:391,61,1,0
BRDA:402,62,0,0
BRDA:402,62,1,0
BRDA:404,63,0,0
BRDA:404,63,1,0
BRDA:405,64,0,0
BRDA:405,64,1,0
BRDA:407,65,0,0
BRDA:407,65,1,0
BRDA:409,66,0,0
BRDA:409,66,1,0
BRDA:411,67,0,0
BRDA:411,67,1,0
BRDA:416,68,0,0
BRDA:416,68,1,0
BRDA:417,69,0,0
BRDA:417,69,1,0
BRDA:421,70,0,0
BRDA:421,70,1,0
BRDA:424,71,0,0
BRDA:424,71,1,0
BRDA:429,72,0,0
BRDA:429,72,1,0
BRDA:429,73,0,0
BRDA:429,73,1,0
BRDA:432,74,0,0
BRDA:432,74,1,0
BRDA:442,75,0,0
BRDA:442,75,1,0
BRDA:443,76,0,0
BRDA:443,76,1,0
BRDA:449,77,0,0
BRDA:449,77,1,0
BRDA:453,78,0,0
BRDA:453,78,1,0
BRDA:454,79,0,0
BRDA:454,79,1,0
BRDA:456,80,0,0
BRDA:456,80,1,0
BRDA:458,81,0,0
BRDA:458,81,1,0
BRDA:468,82,0,0
BRDA:468,82,1,0
BRDA:470,83,0,0
BRDA:470,83,1,0
BRDA:515,84,0,0
BRDA:515,84,1,0
BRDA:516,85,0,0
BRDA:516,85,1,0
BRDA:517,86,0,0
BRDA:517,86,1,0
BRDA:518,87,0,0
BRDA:518,87,1,0
BRDA:521,88,0,0
BRDA:521,88,1,0
BRDA:527,89,0,0
BRDA:527,89,1,0
BRDA:530,90,0,0
BRDA:530,90,1,0
BRDA:534,91,0,0
BRDA:534,91,1,0
BRDA:537,92,0,0
BRDA:537,92,1,0
BRDA:541,93,0,0
BRDA:541,93,1,0
BRDA:541,94,0,0
BRDA:541,94,1,0
BRDA:545,95,0,0
BRDA:545,95,1,0
BRDA:550,96,0,0
BRDA:550,96,1,0
BRDA:550,97,0,0
BRDA:550,97,1,0
BRDA:565,98,0,0
BRDA:565,98,1,0
BRDA:565,99,0,0
BRDA:565,99,1,0
BRDA:569,100,0,0
BRDA:569,100,1,0
BRDA:579,101,0,0
BRDA:579,101,1,0
BRDA:579,102,0,0
BRDA:579,102,1,0
BRDA:580,103,0,0
BRDA:580,103,1,0
BRDA:583,104,0,0
BRDA:583,104,1,0
BRDA:586,105,0,0
BRDA:586,105,1,0
BRDA:593,106,0,0
BRDA:593,106,1,0
BRDA:593,107,0,0
BRDA:593,107,1,0
BRDA:594,108,0,0
BRDA:594,108,1,0
BRDA:597,109,0,0
BRDA:597,109,1,0
BRDA:612,110,0,0
BRDA:612,110,1,0
BRDA:612,110,2,0
BRDA:616,111,0,0
BRDA:616,111,1,0
BRDA:617,112,0,0
BRDA:617,112,1,0
BRDA:618,113,0,0
BRDA:618,113,1,0
BRDA:619,114,0,0
BRDA:619,114,1,0
BRDA:620,115,0,0
BRDA:620,115,1,0
BRDA:628,116,0,0
BRDA:628,116,1,0
BRDA:628,117,0,0
BRDA:628,117,1,0
BRDA:632,118,0,0
BRDA:632,118,1,0
BRDA:637,119,0,0
BRDA:637,119,1,0
BRDA:638,120,0,0
BRDA:638,120,1,0
BRDA:640,121,0,0
BRDA:640,121,1,0
BRDA:644,122,0,0
BRDA:644,122,1,0
BRDA:658,123,0,0
BRDA:658,123,1,0
BRDA:658,124,0,0
BRDA:658,124,1,0
BRDA:661,125,0,0
BRDA:661,125,1,0
BRDA:665,126,0,0
BRDA:665,126,1,0
BRDA:665,127,0,0
BRDA:665,127,1,0
BRDA:668,128,0,0
BRDA:668,128,1,0
BRDA:678,129,0,0
BRDA:678,129,1,0
BRDA:678,130,0,0
BRDA:678,130,1,0
BRDA:681,131,0,0
BRDA:681,131,1,0
BRDA:684,132,0,0
BRDA:684,132,1,0
BRDA:684,133,0,0
BRDA:684,133,1,0
BRDA:692,134,0,0
BRDA:692,134,1,0
BRDA:693,135,0,0
BRDA:693,135,1,0
BRDA:697,136,0,0
BRDA:697,136,1,0
BRDA:697,137,0,0
BRDA:697,137,1,0
BRDA:698,138,0,0
BRDA:698,138,1,0
BRDA:698,139,0,0
BRDA:698,139,1,0
BRDA:699,140,0,0
BRDA:699,140,1,0
BRDA:699,141,0,0
BRDA:699,141,1,0
BRDA:701,142,0,0
BRDA:701,142,1,0
BRDA:702,143,0,0
BRDA:702,143,1,0
BRDA:705,144,0,0
BRDA:705,144,1,0
BRDA:705,145,0,0
BRDA:705,145,1,0
BRDA:710,146,0,0
BRDA:710,146,1,0
BRDA:728,147,0,0
BRDA:728,147,1,0
BRDA:731,148,0,0
BRDA:731,148,1,0
BRDA:733,149,0,0
BRDA:733,149,1,0
BRDA:733,150,0,0
BRDA:733,150,1,0
BRDA:737,151,0,0
BRDA:737,151,1,0
BRDA:739,152,0,0
BRDA:739,152,1,0
BRDA:739,153,0,0
BRDA:739,153,1,0
BRDA:740,154,0,0
BRDA:740,154,1,0
BRDA:744,155,0,0
BRDA:744,155,1,0
BRDA:750,156,0,0
BRDA:750,156,1,0
BRDA:750,157,0,0
BRDA:750,157,1,0
BRDA:753,158,0,0
BRDA:753,158,1,0
BRDA:753,159,0,0
BRDA:753,159,1,0
BRDA:756,160,0,0
BRDA:756,160,1,0
BRDA:756,161,0,0
BRDA:756,161,1,0
BRDA:765,162,0,0
BRDA:765,162,1,0
BRDA:767,163,0,0
BRDA:767,163,1,0
BRDA:769,164,0,0
BRDA:769,164,1,0
BRDA:771,165,0,0
BRDA:771,165,1,0
BRDA:775,166,0,0
BRDA:775,166,1,0
BRDA:781,167,0,0
BRDA:781,167,1,0
BRDA:781,168,0,0
BRDA:781,168,1,0
BRDA:786,169,0,0
BRDA:786,169,1,0
BRDA:797,170,0,0
BRDA:797,170,1,0
BRDA:798,171,0,0
BRDA:798,171,1,0
BRDA:805,172,0,0
BRDA:805,172,1,0
BRDA:809,173,0,0
BRDA:809,173,1,0
BRDA:820,174,0,0
BRDA:820,174,1,0
BRDA:823,175,0,0
BRDA:823,175,1,0
BRDA:837,176,0,0
BRDA:837,176,1,0
BRDA:849,177,0,0
BRDA:849,177,1,0
BRDA:854,178,0,0
BRDA:854,178,1,0
BRDA:854,179,0,0
BRDA:854,179,1,0
BRDA:868,180,0,0
BRDA:868,180,1,0
BRDA:869,181,0,0
BRDA:869,181,1,0
BRDA:871,182,0,0
BRDA:871,182,1,0
BRDA:872,183,0,0
BRDA:872,183,1,0
BRDA:873,184,0,0
BRDA:873,184,1,0
BRDA:929,185,0,0
BRDA:929,185,1,0
BRDA:931,186,0,0
BRDA:931,186,1,0
BRDA:946,187,0,0
BRDA:946,187,1,0
BRDA:946,187,2,0
BRDA:946,187,3,0
BRDA:948,188,0,0
BRDA:948,188,1,0
BRDA:948,189,0,0
BRDA:948,189,1,0
BRDA:951,190,0,0
BRDA:951,190,1,0
BRDA:951,191,0,0
BRDA:951,191,1,0
BRDA:960,192,0,0
BRDA:960,192,1,0
BRDA:974,193,0,0
BRDA:974,193,1,0
BRDA:979,194,0,0
BRDA:979,194,1,0
BRDA:979,194,2,0
BRDA:979,195,0,0
BRDA:979,195,1,0
BRDA:981,196,0,0
BRDA:981,196,1,0
BRDA:981,196,2,0
BRDA:982,197,0,0
BRDA:982,197,1,0
BRDA:986,198,0,0
BRDA:986,198,1,0
BRDA:988,199,0,0
BRDA:988,199,1,0
BRDA:1000,200,0,0
BRDA:1000,200,1,0
BRDA:1002,201,0,0
BRDA:1002,201,1,0
BRDA:1046,202,0,0
BRDA:1046,202,1,0
BRDA:1046,202,2,0
BRDA:1046,202,3,0
BRDA:1053,203,0,0
BRDA:1053,203,1,0
BRDA:1059,204,0,0
BRDA:1059,204,1,0
BRDA:1060,205,0,0
BRDA:1060,205,1,0
BRDA:1076,206,0,0
BRDA:1076,206,1,0
BRDA:1094,207,0,0
BRDA:1094,207,1,0
BRDA:1121,208,0,0
BRDA:1121,208,1,0
BRDA:1128,209,0,0
BRDA:1128,209,1,0
BRDA:1138,210,0,0
BRDA:1138,210,1,0
BRDA:1138,211,0,0
BRDA:1138,211,1,0
BRDA:1143,212,0,0
BRDA:1143,212,1,0
BRDA:1170,213,0,0
BRDA:1170,213,1,0
BRDA:1170,214,0,0
BRDA:1170,214,1,0
BRDA:1172,215,0,0
BRDA:1172,215,1,0
BRDA:1172,216,0,0
BRDA:1172,216,1,0
BRDA:1194,217,0,0
BRDA:1194,217,1,0
BRDA:1199,218,0,0
BRDA:1199,218,1,0
BRDA:1255,219,0,0
BRDA:1255,219,1,0
BRDA:1263,220,0,0
BRDA:1263,220,1,0
BRDA:1264,221,0,0
BRDA:1264,221,1,0
BRDA:1280,222,0,0
BRDA:1280,222,1,0
BRDA:1287,223,0,0
BRDA:1287,223,1,0
BRDA:1291,224,0,0
BRDA:1291,224,1,0
BRDA:1368,225,0,0
BRDA:1368,225,1,0
BRDA:1374,226,0,0
BRDA:1374,226,1,0
BRDA:1390,227,0,0
BRDA:1390,227,1,0
BRF:465
BRH:0
end_of_record
TN:
SF:app/components/AIChatInterface.backup.js
FN:20,(anonymous_0)
FN:32,(anonymous_1)
FN:36,(anonymous_2)
FN:67,(anonymous_3)
FN:70,(anonymous_4)
FN:88,(anonymous_5)
FN:103,(anonymous_6)
FN:140,AIChatInterface
FN:183,(anonymous_8)
FN:200,(anonymous_9)
FN:211,(anonymous_10)
FN:229,(anonymous_11)
FN:248,(anonymous_12)
FN:262,(anonymous_13)
FN:263,(anonymous_14)
FN:277,(anonymous_15)
FN:278,(anonymous_16)
FN:290,(anonymous_17)
FN:306,(anonymous_18)
FN:317,(anonymous_19)
FN:330,(anonymous_20)
FN:331,(anonymous_21)
FN:333,(anonymous_22)
FN:352,(anonymous_23)
FN:362,(anonymous_24)
FN:384,(anonymous_25)
FN:406,(anonymous_26)
FN:410,(anonymous_27)
FN:443,(anonymous_28)
FNF:29
FNH:0
FNDA:0,(anonymous_0)
FNDA:0,(anonymous_1)
FNDA:0,(anonymous_2)
FNDA:0,(anonymous_3)
FNDA:0,(anonymous_4)
FNDA:0,(anonymous_5)
FNDA:0,(anonymous_6)
FNDA:0,AIChatInterface
FNDA:0,(anonymous_8)
FNDA:0,(anonymous_9)
FNDA:0,(anonymous_10)
FNDA:0,(anonymous_11)
FNDA:0,(anonymous_12)
FNDA:0,(anonymous_13)
FNDA:0,(anonymous_14)
FNDA:0,(anonymous_15)
FNDA:0,(anonymous_16)
FNDA:0,(anonymous_17)
FNDA:0,(anonymous_18)
FNDA:0,(anonymous_19)
FNDA:0,(anonymous_20)
FNDA:0,(anonymous_21)
FNDA:0,(anonymous_22)
FNDA:0,(anonymous_23)
FNDA:0,(anonymous_24)
FNDA:0,(anonymous_25)
FNDA:0,(anonymous_26)
FNDA:0,(anonymous_27)
FNDA:0,(anonymous_28)
DA:20,0
DA:21,0
DA:33,0
DA:36,0
DA:67,0
DA:68,0
DA:70,0
DA:71,0
DA:72,0
DA:75,0
DA:76,0
DA:89,0
DA:101,0
DA:102,0
DA:103,0
DA:124,0
DA:127,0
DA:141,0
DA:142,0
DA:143,0
DA:144,0
DA:145,0
DA:146,0
DA:147,0
DA:148,0
DA:150,0
DA:183,0
DA:185,0
DA:193,0
DA:200,0
DA:201,0
DA:203,0
DA:211,0
DA:212,0
DA:213,0
DA:215,0
DA:218,0
DA:220,0
DA:228,0
DA:229,0
DA:239,0
DA:248,0
DA:251,0
DA:252,0
DA:259,0
DA:261,0
DA:262,0
DA:263,0
DA:268,0
DA:270,0
DA:276,0
DA:277,0
DA:278,0
DA:290,0
DA:300,0
DA:306,0
DA:316,0
DA:317,0
DA:325,0
DA:326,0
DA:330,0
DA:331,0
DA:332,0
DA:333,0
DA:338,0
DA:345,0
DA:352,0
DA:363,0
DA:364,0
DA:365,0
DA:385,0
DA:407,0
DA:410,0
DA:443,0
DA:452,0
LF:75
LH:0
BRDA:42,0,0,0
BRDA:42,0,1,0
BRDA:50,1,0,0
BRDA:50,1,1,0
BRDA:52,2,0,0
BRDA:52,2,1,0
BRDA:71,3,0,0
BRDA:71,3,1,0
BRDA:75,4,0,0
BRDA:75,4,1,0
BRDA:79,5,0,0
BRDA:79,5,1,0
BRDA:85,6,0,0
BRDA:85,6,1,0
BRDA:101,7,0,0
BRDA:101,7,1,0
BRDA:108,8,0,0
BRDA:108,8,1,0
BRDA:113,9,0,0
BRDA:113,9,1,0
BRDA:130,10,0,0
BRDA:130,10,1,0
BRDA:140,11,0,0
BRDA:188,12,0,0
BRDA:188,12,1,0
BRDA:201,13,0,0
BRDA:201,13,1,0
BRDA:218,14,0,0
BRDA:218,14,1,0
BRDA:228,15,0,0
BRDA:228,15,1,0
BRDA:242,16,0,0
BRDA:242,16,1,0
BRDA:251,17,0,0
BRDA:251,17,1,0
BRDA:251,18,0,0
BRDA:251,18,1,0
BRDA:259,19,0,0
BRDA:259,19,1,0
BRDA:264,20,0,0
BRDA:264,20,1,0
BRDA:276,21,0,0
BRDA:276,21,1,0
BRDA:276,22,0,0
BRDA:276,22,1,0
BRDA:309,23,0,0
BRDA:309,23,1,0
BRDA:332,24,0,0
BRDA:332,24,1,0
BRDA:339,25,0,0
BRDA:339,25,1,0
BRDA:340,26,0,0
BRDA:340,26,1,0
BRDA:341,27,0,0
BRDA:341,27,1,0
BRDA:342,28,0,0
BRDA:342,28,1,0
BRDA:369,29,0,0
BRDA:369,29,1,0
BRDA:369,30,0,0
BRDA:369,30,1,0
BRDA:392,31,0,0
BRDA:392,31,1,0
BRDA:400,32,0,0
BRDA:400,32,1,0
BRDA:419,33,0,0
BRDA:419,33,1,0
BRDA:433,34,0,0
BRDA:433,34,1,0
BRDA:575,35,0,0
BRDA:575,35,1,0
BRF:71
BRH:0
end_of_record
TN:
SF:app/components/AILoadingText.js
FN:12,(anonymous_0)
FN:22,(anonymous_1)
FN:23,(anonymous_2)
FN:24,(anonymous_3)
FN:27,(anonymous_4)
FN:30,(anonymous_5)
FNF:6
FNH:0
FNDA:0,(anonymous_0)
FNDA:0,(anonymous_1)
FNDA:0,(anonymous_2)
FNDA:0,(anonymous_3)
FNDA:0,(anonymous_4)
FNDA:0,(anonymous_5)
DA:4,0
DA:12,0
DA:18,0
DA:19,0
DA:20,0
DA:22,0
DA:23,0
DA:24,0
DA:27,0
DA:30,0
DA:31,0
DA:32,0
DA:34,0
DA:48,0
LF:14
LH:0
BRDA:13,0,0,0
BRDA:14,1,0,0
BRF:2
BRH:0
end_of_record
TN:
SF:app/components/AIResponseFormatter.tsx
FN:11,(anonymous_0)
FN:32,(anonymous_1)
FN:43,(anonymous_2)
FN:107,(anonymous_3)
FN:114,(anonymous_4)
FN:128,(anonymous_5)
FN:219,(anonymous_6)
FN:251,(anonymous_7)
FN:271,(anonymous_8)
FN:281,(anonymous_9)
FN:297,(anonymous_10)
FN:308,(anonymous_11)
FN:330,(anonymous_12)
FN:365,(anonymous_13)
FN:379,(anonymous_14)
FN:400,(anonymous_15)
FN:411,(anonymous_16)
FN:422,(anonymous_17)
FN:464,(anonymous_18)
FN:486,(anonymous_19)
FNF:20
FNH:0
FNDA:0,(anonymous_0)
FNDA:0,(anonymous_1)
FNDA:0,(anonymous_2)
FNDA:0,(anonymous_3)
FNDA:0,(anonymous_4)
FNDA:0,(anonymous_5)
FNDA:0,(anonymous_6)
FNDA:0,(anonymous_7)
FNDA:0,(anonymous_8)
FNDA:0,(anonymous_9)
FNDA:0,(anonymous_10)
FNDA:0,(anonymous_11)
FNDA:0,(anonymous_12)
FNDA:0,(anonymous_13)
FNDA:0,(anonymous_14)
FNDA:0,(anonymous_15)
FNDA:0,(anonymous_16)
FNDA:0,(anonymous_17)
FNDA:0,(anonymous_18)
FNDA:0,(anonymous_19)
DA:11,0
DA:17,0
DA:20,0
DA:21,0
DA:25,0
DA:27,0
DA:29,0
DA:32,0
DA:33,0
DA:34,0
DA:37,0
DA:43,0
DA:45,0
DA:46,0
DA:49,0
DA:50,0
DA:54,0
DA:57,0
DA:58,0
DA:61,0
DA:67,0
DA:68,0
DA:74,0
DA:75,0
DA:79,0
DA:81,0
DA:82,0
DA:84,0
DA:89,0
DA:90,0
DA:93,0
DA:96,0
DA:97,0
DA:105,0
DA:108,0
DA:115,0
DA:129,0
DA:149,0
DA:219,0
DA:220,0
DA:231,0
DA:252,0
DA:272,0
DA:282,0
DA:298,0
DA:309,0
DA:330,0
DA:331,0
DA:345,0
DA:366,0
DA:380,0
DA:401,0
DA:412,0
DA:423,0
DA:465,0
DA:487,0
LF:56
LH:0
BRDA:13,0,0,0
BRDA:14,1,0,0
BRDA:17,2,0,0
BRDA:17,2,1,0
BRDA:17,2,2,0
BRDA:20,3,0,0
BRDA:20,3,1,0
BRDA:25,4,0,0
BRDA:25,4,1,0
BRDA:27,5,0,0
BRDA:27,5,1,0
BRDA:49,6,0,0
BRDA:49,6,1,0
BRDA:49,7,0,0
BRDA:49,7,1,0
BRDA:54,8,0,0
BRDA:54,8,1,0
BRDA:54,9,0,0
BRDA:54,9,1,0
BRDA:57,10,0,0
BRDA:57,10,1,0
BRDA:57,11,0,0
BRDA:57,11,1,0
BRDA:67,12,0,0
BRDA:67,12,1,0
BRDA:67,13,0,0
BRDA:67,13,1,0
BRDA:74,14,0,0
BRDA:74,14,1,0
BRDA:79,15,0,0
BRDA:79,15,1,0
BRDA:79,16,0,0
BRDA:79,16,1,0
BRDA:81,17,0,0
BRDA:81,17,1,0
BRDA:81,18,0,0
BRDA:81,18,1,0
BRDA:89,19,0,0
BRDA:89,19,1,0
BRDA:89,20,0,0
BRDA:89,20,1,0
BRDA:98,21,0,0
BRDA:98,21,1,0
BRDA:99,22,0,0
BRDA:99,22,1,0
BRDA:100,23,0,0
BRDA:100,23,1,0
BRDA:101,24,0,0
BRDA:101,24,1,0
BRDA:102,25,0,0
BRDA:102,25,1,0
BRDA:109,26,0,0
BRDA:109,26,1,0
BRDA:126,27,0,0
BRDA:126,27,1,0
BRDA:221,28,0,0
BRDA:221,28,1,0
BRDA:222,29,0,0
BRDA:222,29,1,0
BRDA:223,30,0,0
BRDA:223,30,1,0
BRDA:224,31,0,0
BRDA:224,31,1,0
BRDA:225,32,0,0
BRDA:225,32,1,0
BRDA:234,33,0,0
BRDA:234,33,1,0
BRDA:246,34,0,0
BRDA:246,34,1,0
BRDA:246,34,2,0
BRDA:263,35,0,0
BRDA:263,35,1,0
BRDA:268,36,0,0
BRDA:268,36,1,0
BRDA:278,37,0,0
BRDA:278,37,1,0
BRDA:292,38,0,0
BRDA:292,38,1,0
BRDA:292,38,2,0
BRDA:306,39,0,0
BRDA:306,39,1,0
BRDA:332,40,0,0
BRDA:332,40,1,0
BRDA:333,41,0,0
BRDA:333,41,1,0
BRDA:334,42,0,0
BRDA:334,42,1,0
BRDA:335,43,0,0
BRDA:335,43,1,0
BRDA:336,44,0,0
BRDA:336,44,1,0
BRDA:337,45,0,0
BRDA:337,45,1,0
BRDA:338,46,0,0
BRDA:338,46,1,0
BRDA:342,47,0,0
BRDA:342,47,1,0
BRDA:348,48,0,0
BRDA:348,48,1,0
BRDA:360,49,0,0
BRDA:360,49,1,0
BRDA:360,49,2,0
BRDA:377,50,0,0
BRDA:377,50,1,0
BRDA:377,50,2,0
BRDA:391,51,0,0
BRDA:391,51,1,0
BRDA:397,52,0,0
BRDA:397,52,1,0
BRDA:408,53,0,0
BRDA:408,53,1,0
BRDA:419,54,0,0
BRDA:419,54,1,0
BRDA:433,55,0,0
BRDA:433,55,1,0
BRDA:442,56,0,0
BRDA:442,56,1,0
BRDA:443,57,0,0
BRDA:443,57,1,0
BRDA:449,58,0,0
BRDA:449,58,1,0
BRDA:459,59,0,0
BRDA:459,59,1,0
BRDA:459,59,2,0
BRDA:473,60,0,0
BRDA:473,60,1,0
BRDA:484,61,0,0
BRDA:484,61,1,0
BRF:128
BRH:0
end_of_record
TN:
SF:app/components/About.js
FN:29,(anonymous_0)
FN:30,(anonymous_1)
FNF:2
FNH:0
FNDA:0,(anonymous_0)
FNDA:0,(anonymous_1)
DA:16,0
DA:18,0
DA:29,0
DA:30,0
DA:31,0
DA:34,0
DA:126,0
LF:7
LH:0
BRF:0
BRH:0
end_of_record
TN:
SF:app/components/AboutModal.js
FN:14,(anonymous_0)
FN:18,(anonymous_1)
FN:38,(anonymous_2)
FN:50,(anonymous_3)
FNF:4
FNH:0
FNDA:0,(anonymous_0)
FNDA:0,(anonymous_1)
FNDA:0,(anonymous_2)
FNDA:0,(anonymous_3)
DA:12,0
DA:14,0
DA:15,0
DA:16,0
DA:18,0
DA:19,0
DA:20,0
DA:33,0
DA:34,0
DA:38,0
DA:39,0
DA:51,0
DA:55,0
DA:84,0
LF:14
LH:0
BRDA:19,0,0,0
BRDA:19,0,1,0
BRDA:95,1,0,0
BRDA:95,1,1,0
BRF:4
BRH:0
end_of_record
TN:
SF:app/components/AlertPreferencesForm.js
FN:28,(anonymous_0)
FN:46,(anonymous_1)
FN:52,(anonymous_2)
FN:97,(anonymous_3)
FN:98,(anonymous_4)
FN:98,(anonymous_5)
FN:101,(anonymous_6)
FN:103,(anonymous_7)
FN:107,(anonymous_8)
FN:109,(anonymous_9)
FN:115,(anonymous_10)
FN:116,(anonymous_11)
FN:116,(anonymous_12)
FN:119,(anonymous_13)
FN:121,(anonymous_14)
FN:125,(anonymous_15)
FN:127,(anonymous_16)
FN:133,(anonymous_17)
FN:134,(anonymous_18)
FN:134,(anonymous_19)
FN:137,(anonymous_20)
FN:139,(anonymous_21)
FN:143,(anonymous_22)
FN:145,(anonymous_23)
FN:151,(anonymous_24)
FN:152,(anonymous_25)
FN:152,(anonymous_26)
FN:155,(anonymous_27)
FN:157,(anonymous_28)
FN:161,(anonymous_29)
FN:163,(anonymous_30)
FN:169,(anonymous_31)
FN:170,(anonymous_32)
FN:170,(anonymous_33)
FN:173,(anonymous_34)
FN:178,(anonymous_35)
FN:186,(anonymous_36)
FN:227,(anonymous_37)
FN:233,(anonymous_38)
FN:246,(anonymous_39)
FN:256,(anonymous_40)
FN:262,(anonymous_41)
FN:265,(anonymous_42)
FN:292,(anonymous_43)
FN:299,(anonymous_44)
FN:319,(anonymous_45)
FN:325,(anonymous_46)
FN:328,(anonymous_47)
FN:355,(anonymous_48)
FN:362,(anonymous_49)
FN:382,(anonymous_50)
FN:388,(anonymous_51)
FN:391,(anonymous_52)
FN:418,(anonymous_53)
FN:425,(anonymous_54)
FN:445,(anonymous_55)
FN:451,(anonymous_56)
FN:454,(anonymous_57)
FN:484,(anonymous_58)
FN:491,(anonymous_59)
FN:494,(anonymous_60)
FN:501,(anonymous_61)
FN:501,(anonymous_62)
FN:516,(anonymous_63)
FN:522,(anonymous_64)
FN:525,(anonymous_65)
FN:555,(anonymous_66)
FN:604,(anonymous_67)
FN:608,(anonymous_68)
FN:645,(anonymous_69)
FN:649,(anonymous_70)
FN:665,(anonymous_71)
FN:675,(anonymous_72)
FN:684,(anonymous_73)
FN:688,(anonymous_74)
FNF:75
FNH:0
FNDA:0,(anonymous_0)
FNDA:0,(anonymous_1)
FNDA:0,(anonymous_2)
FNDA:0,(anonymous_3)
FNDA:0,(anonymous_4)
FNDA:0,(anonymous_5)
FNDA:0,(anonymous_6)
FNDA:0,(anonymous_7)
FNDA:0,(anonymous_8)
FNDA:0,(anonymous_9)
FNDA:0,(anonymous_10)
FNDA:0,(anonymous_11)
FNDA:0,(anonymous_12)
FNDA:0,(anonymous_13)
FNDA:0,(anonymous_14)
FNDA:0,(anonymous_15)
FNDA:0,(anonymous_16)
FNDA:0,(anonymous_17)
FNDA:0,(anonymous_18)
FNDA:0,(anonymous_19)
FNDA:0,(anonymous_20)
FNDA:0,(anonymous_21)
FNDA:0,(anonymous_22)
FNDA:0,(anonymous_23)
FNDA:0,(anonymous_24)
FNDA:0,(anonymous_25)
FNDA:0,(anonymous_26)
FNDA:0,(anonymous_27)
FNDA:0,(anonymous_28)
FNDA:0,(anonymous_29)
FNDA:0,(anonymous_30)
FNDA:0,(anonymous_31)
FNDA:0,(anonymous_32)
FNDA:0,(anonymous_33)
FNDA:0,(anonymous_34)
FNDA:0,(anonymous_35)
FNDA:0,(anonymous_36)
FNDA:0,(anonymous_37)
FNDA:0,(anonymous_38)
FNDA:0,(anonymous_39)
FNDA:0,(anonymous_40)
FNDA:0,(anonymous_41)
FNDA:0,(anonymous_42)
FNDA:0,(anonymous_43)
FNDA:0,(anonymous_44)
FNDA:0,(anonymous_45)
FNDA:0,(anonymous_46)
FNDA:0,(anonymous_47)
FNDA:0,(anonymous_48)
FNDA:0,(anonymous_49)
FNDA:0,(anonymous_50)
FNDA:0,(anonymous_51)
FNDA:0,(anonymous_52)
FNDA:0,(anonymous_53)
FNDA:0,(anonymous_54)
FNDA:0,(anonymous_55)
FNDA:0,(anonymous_56)
FNDA:0,(anonymous_57)
FNDA:0,(anonymous_58)
FNDA:0,(anonymous_59)
FNDA:0,(anonymous_60)
FNDA:0,(anonymous_61)
FNDA:0,(anonymous_62)
FNDA:0,(anonymous_63)
FNDA:0,(anonymous_64)
FNDA:0,(anonymous_65)
FNDA:0,(anonymous_66)
FNDA:0,(anonymous_67)
FNDA:0,(anonymous_68)
FNDA:0,(anonymous_69)
FNDA:0,(anonymous_70)
FNDA:0,(anonymous_71)
FNDA:0,(anonymous_72)
FNDA:0,(anonymous_73)
FNDA:0,(anonymous_74)
DA:18,0
DA:28,0
DA:29,0
DA:30,0
DA:31,0
DA:32,0
DA:33,0
DA:34,0
DA:35,0
DA:36,0
DA:37,0
DA:38,0
DA:39,0
DA:40,0
DA:41,0
DA:42,0
DA:43,0
DA:46,0
DA:47,0
DA:48,0
DA:52,0
DA:53,0
DA:54,0
DA:55,0
DA:56,0
DA:57,0
DA:60,0
DA:61,0
DA:62,0
DA:63,0
DA:64,0
DA:65,0
DA:66,0
DA:67,0
DA:68,0
DA:71,0
DA:75,0
DA:76,0
DA:77,0
DA:79,0
DA:84,0
DA:89,0
DA:94,0
DA:97,0
DA:98,0
DA:101,0
DA:102,0
DA:103,0
DA:107,0
DA:108,0
DA:109,0
DA:110,0
DA:115,0
DA:116,0
DA:119,0
DA:120,0
DA:121,0
DA:125,0
DA:126,0
DA:127,0
DA:128,0
DA:133,0
DA:134,0
DA:137,0
DA:138,0
DA:139,0
DA:143,0
DA:144,0
DA:145,0
DA:146,0
DA:151,0
DA:152,0
DA:155,0
DA:156,0
DA:157,0
DA:161,0
DA:162,0
DA:163,0
DA:164,0
DA:169,0
DA:170,0
DA:173,0
DA:174,0
DA:176,0
DA:177,0
DA:178,0
DA:179,0
DA:181,0
DA:186,0
DA:187,0
DA:201,0
DA:212,0
DA:213,0
DA:214,0
DA:216,0
DA:219,0
DA:221,0
DA:227,0
DA:233,0
DA:234,0
DA:236,0
DA:239,0
DA:247,0
DA:248,0
DA:256,0
DA:257,0
DA:263,0
DA:265,0
DA:293,0
DA:300,0
DA:301,0
DA:303,0
DA:319,0
DA:320,0
DA:326,0
DA:328,0
DA:356,0
DA:363,0
DA:364,0
DA:366,0
DA:382,0
DA:383,0
DA:389,0
DA:391,0
DA:419,0
DA:426,0
DA:427,0
DA:429,0
DA:445,0
DA:446,0
DA:452,0
DA:454,0
DA:485,0
DA:492,0
DA:493,0
DA:494,0
DA:495,0
DA:496,0
DA:497,0
DA:500,0
DA:501,0
DA:516,0
DA:517,0
DA:523,0
DA:525,0
DA:555,0
DA:556,0
DA:566,0
DA:605,0
DA:609,0
DA:616,0
DA:646,0
DA:649,0
DA:665,0
DA:675,0
DA:685,0
DA:688,0
DA:718,0
LF:158
LH:0
BRDA:28,0,0,0
BRDA:28,1,0,0
BRDA:47,2,0,0
BRDA:47,2,1,0
BRDA:55,3,0,0
BRDA:55,3,1,0
BRDA:60,4,0,0
BRDA:60,4,1,0
BRDA:61,5,0,0
BRDA:61,5,1,0
BRDA:62,6,0,0
BRDA:62,6,1,0
BRDA:63,7,0,0
BRDA:63,7,1,0
BRDA:64,8,0,0
BRDA:64,8,1,0
BRDA:65,9,0,0
BRDA:65,9,1,0
BRDA:66,10,0,0
BRDA:66,10,1,0
BRDA:67,11,0,0
BRDA:67,11,1,0
BRDA:68,12,0,0
BRDA:68,12,1,0
BRDA:102,13,0,0
BRDA:102,13,1,0
BRDA:108,14,0,0
BRDA:108,14,1,0
BRDA:108,15,0,0
BRDA:108,15,1,0
BRDA:120,16,0,0
BRDA:120,16,1,0
BRDA:126,17,0,0
BRDA:126,17,1,0
BRDA:126,18,0,0
BRDA:126,18,1,0
BRDA:138,19,0,0
BRDA:138,19,1,0
BRDA:144,20,0,0
BRDA:144,20,1,0
BRDA:144,21,0,0
BRDA:144,21,1,0
BRDA:156,22,0,0
BRDA:156,22,1,0
BRDA:162,23,0,0
BRDA:162,23,1,0
BRDA:162,24,0,0
BRDA:162,24,1,0
BRDA:174,25,0,0
BRDA:174,25,1,0
BRDA:174,26,0,0
BRDA:174,26,1,0
BRDA:177,27,0,0
BRDA:177,27,1,0
BRDA:234,28,0,0
BRDA:234,28,1,0
BRDA:236,29,0,0
BRDA:236,29,1,0
BRDA:248,30,0,0
BRDA:248,30,1,0
BRDA:260,31,0,0
BRDA:260,31,1,0
BRDA:297,32,0,0
BRDA:297,32,1,0
BRDA:300,33,0,0
BRDA:300,33,1,0
BRDA:309,34,0,0
BRDA:309,34,1,0
BRDA:323,35,0,0
BRDA:323,35,1,0
BRDA:360,36,0,0
BRDA:360,36,1,0
BRDA:363,37,0,0
BRDA:363,37,1,0
BRDA:372,38,0,0
BRDA:372,38,1,0
BRDA:386,39,0,0
BRDA:386,39,1,0
BRDA:423,40,0,0
BRDA:423,40,1,0
BRDA:426,41,0,0
BRDA:426,41,1,0
BRDA:435,42,0,0
BRDA:435,42,1,0
BRDA:449,43,0,0
BRDA:449,43,1,0
BRDA:489,44,0,0
BRDA:489,44,1,0
BRDA:492,45,0,0
BRDA:492,45,1,0
BRDA:507,46,0,0
BRDA:507,46,1,0
BRDA:520,47,0,0
BRDA:520,47,1,0
BRDA:572,48,0,0
BRDA:572,48,1,0
BRDA:575,49,0,0
BRDA:575,49,1,0
BRDA:576,50,0,0
BRDA:576,50,1,0
BRDA:576,50,2,0
BRDA:607,51,0,0
BRDA:607,51,1,0
BRDA:619,52,0,0
BRDA:619,52,1,0
BRDA:628,53,0,0
BRDA:628,53,1,0
BRDA:630,54,0,0
BRDA:630,54,1,0
BRDA:632,55,0,0
BRDA:632,55,1,0
BRDA:634,56,0,0
BRDA:634,56,1,0
BRDA:636,57,0,0
BRDA:636,57,1,0
BRDA:638,58,0,0
BRDA:638,58,1,0
BRDA:648,59,0,0
BRDA:648,59,1,0
BRDA:651,60,0,0
BRDA:651,60,1,0
BRDA:664,61,0,0
BRDA:664,61,1,0
BRDA:667,62,0,0
BRDA:667,62,1,0
BRDA:674,63,0,0
BRDA:674,63,1,0
BRDA:677,64,0,0
BRDA:677,64,1,0
BRDA:687,65,0,0
BRDA:687,65,1,0
BRDA:690,66,0,0
BRDA:690,66,1,0
BRDA:704,67,0,0
BRDA:704,67,1,0
BRDA:707,68,0,0
BRDA:707,68,1,0
BRDA:707,68,2,0
BRF:138
BRH:0
end_of_record
TN:
SF:app/components/AlertSettings.js
FN:14,(anonymous_0)
FN:22,(anonymous_1)
FN:28,(anonymous_2)
FN:43,(anonymous_3)
FN:49,(anonymous_4)
FN:94,(anonymous_5)
FNF:6
FNH:0
FNDA:0,(anonymous_0)
FNDA:0,(anonymous_1)
FNDA:0,(anonymous_2)
FNDA:0,(anonymous_3)
FNDA:0,(anonymous_4)
FNDA:0,(anonymous_5)
DA:12,0
DA:14,0
DA:19,0
DA:22,0
DA:23,0
DA:28,0
DA:43,0
DA:44,0
DA:49,0
DA:63,0
DA:95,0
DA:103,0
LF:12
LH:0
BRDA:26,0,0,0
BRDA:26,0,1,0
BRDA:32,1,0,0
BRDA:32,1,1,0
BRDA:36,2,0,0
BRDA:36,2,1,0
BRDA:47,3,0,0
BRDA:47,3,1,0
BRDA:53,4,0,0
BRDA:53,4,1,0
BRDA:57,5,0,0
BRDA:57,5,1,0
BRF:12
BRH:0
end_of_record
TN:
SF:app/components/AlertsScreen.js
FN:46,(anonymous_0)
FN:74,(anonymous_1)
FN:84,(anonymous_2)
FN:88,(anonymous_3)
FN:95,(anonymous_4)
FN:97,(anonymous_5)
FN:102,(anonymous_6)
FN:106,(anonymous_7)
FN:129,(anonymous_8)
FN:140,(anonymous_9)
FN:153,(anonymous_10)
FN:158,(anonymous_11)
FN:167,(anonymous_12)
FN:180,(anonymous_13)
FN:196,(anonymous_14)
FN:205,(anonymous_15)
FN:214,(anonymous_16)
FN:223,(anonymous_17)
FN:237,(anonymous_18)
FN:246,(anonymous_19)
FN:277,(anonymous_20)
FN:288,(anonymous_21)
FN:417,(anonymous_22)
FN:427,(anonymous_23)
FN:437,(anonymous_24)
FN:449,(anonymous_25)
FN:460,(anonymous_26)
FN:467,(anonymous_27)
FN:507,(anonymous_28)
FN:511,(anonymous_29)
FN:530,(anonymous_30)
FNF:31
FNH:0
FNDA:0,(anonymous_0)
FNDA:0,(anonymous_1)
FNDA:0,(anonymous_2)
FNDA:0,(anonymous_3)
FNDA:0,(anonymous_4)
FNDA:0,(anonymous_5)
FNDA:0,(anonymous_6)
FNDA:0,(anonymous_7)
FNDA:0,(anonymous_8)
FNDA:0,(anonymous_9)
FNDA:0,(anonymous_10)
FNDA:0,(anonymous_11)
FNDA:0,(anonymous_12)
FNDA:0,(anonymous_13)
FNDA:0,(anonymous_14)
FNDA:0,(anonymous_15)
FNDA:0,(anonymous_16)
FNDA:0,(anonymous_17)
FNDA:0,(anonymous_18)
FNDA:0,(anonymous_19)
FNDA:0,(anonymous_20)
FNDA:0,(anonymous_21)
FNDA:0,(anonymous_22)
FNDA:0,(anonymous_23)
FNDA:0,(anonymous_24)
FNDA:0,(anonymous_25)
FNDA:0,(anonymous_26)
FNDA:0,(anonymous_27)
FNDA:0,(anonymous_28)
FNDA:0,(anonymous_29)
FNDA:0,(anonymous_30)
DA:32,0
DA:46,0
DA:47,0
DA:48,0
DA:49,0
DA:59,0
DA:60,0
DA:61,0
DA:62,0
DA:67,0
DA:68,0
DA:69,0
DA:70,0
DA:71,0
DA:72,0
DA:74,0
DA:75,0
DA:76,0
DA:77,0
DA:78,0
DA:81,0
DA:84,0
DA:85,0
DA:88,0
DA:89,0
DA:95,0
DA:96,0
DA:97,0
DA:98,0
DA:99,0
DA:102,0
DA:106,0
DA:107,0
DA:108,0
DA:109,0
DA:110,0
DA:111,0
DA:116,0
DA:117,0
DA:118,0
DA:119,0
DA:120,0
DA:123,0
DA:125,0
DA:129,0
DA:130,0
DA:131,0
DA:132,0
DA:134,0
DA:136,0
DA:140,0
DA:141,0
DA:142,0
DA:143,0
DA:145,0
DA:146,0
DA:147,0
DA:148,0
DA:150,0
DA:153,0
DA:154,0
DA:155,0
DA:158,0
DA:159,0
DA:160,0
DA:162,0
DA:164,0
DA:167,0
DA:168,0
DA:170,0
DA:172,0
DA:174,0
DA:176,0
DA:180,0
DA:181,0
DA:183,0
DA:185,0
DA:187,0
DA:190,0
DA:192,0
DA:196,0
DA:197,0
DA:198,0
DA:199,0
DA:201,0
DA:205,0
DA:206,0
DA:215,0
DA:216,0
DA:223,0
DA:224,0
DA:225,0
DA:226,0
DA:229,0
DA:238,0
DA:239,0
DA:246,0
DA:247,0
DA:249,0
DA:250,0
DA:252,0
DA:253,0
DA:255,0
DA:256,0
DA:259,0
DA:260,0
DA:261,0
DA:263,0
DA:264,0
DA:265,0
DA:267,0
DA:268,0
DA:269,0
DA:277,0
DA:278,0
DA:279,0
DA:284,0
DA:288,0
DA:289,0
DA:290,0
DA:298,0
DA:308,0
DA:417,0
DA:427,0
DA:437,0
DA:449,0
DA:461,0
DA:467,0
DA:508,0
DA:511,0
DA:530,0
DA:573,0
LF:132
LH:0
BRDA:96,0,0,0
BRDA:96,0,1,0
BRDA:96,1,0,0
BRDA:96,1,1,0
BRDA:109,2,0,0
BRDA:109,2,1,0
BRDA:117,3,0,0
BRDA:117,3,1,0
BRDA:119,4,0,0
BRDA:119,4,1,0
BRDA:120,5,0,0
BRDA:120,5,1,0
BRDA:146,6,0,0
BRDA:146,6,1,0
BRDA:146,7,0,0
BRDA:146,7,1,0
BRDA:159,8,0,0
BRDA:159,8,1,0
BRDA:168,9,0,0
BRDA:168,9,1,0
BRDA:168,9,2,0
BRDA:168,9,3,0
BRDA:181,10,0,0
BRDA:181,10,1,0
BRDA:181,10,2,0
BRDA:181,10,3,0
BRDA:181,10,4,0
BRDA:181,10,5,0
BRDA:224,11,0,0
BRDA:224,11,1,0
BRDA:247,12,0,0
BRDA:247,12,1,0
BRDA:247,12,2,0
BRDA:247,12,3,0
BRDA:247,12,4,0
BRDA:259,13,0,0
BRDA:259,13,1,0
BRDA:259,14,0,0
BRDA:259,14,1,0
BRDA:289,15,0,0
BRDA:289,15,1,0
BRDA:302,16,0,0
BRDA:302,16,1,0
BRDA:302,17,0,0
BRDA:302,17,1,0
BRDA:362,18,0,0
BRDA:362,18,1,0
BRDA:369,19,0,0
BRDA:369,19,1,0
BRDA:391,20,0,0
BRDA:391,20,1,0
BRDA:394,21,0,0
BRDA:394,21,1,0
BRDA:400,22,0,0
BRDA:400,22,1,0
BRDA:406,23,0,0
BRDA:406,23,1,0
BRDA:408,24,0,0
BRDA:408,24,1,0
BRDA:419,25,0,0
BRDA:419,25,1,0
BRDA:429,26,0,0
BRDA:429,26,1,0
BRDA:439,27,0,0
BRDA:439,27,1,0
BRDA:451,28,0,0
BRDA:451,28,1,0
BRDA:454,29,0,0
BRDA:454,29,1,0
BRDA:465,30,0,0
BRDA:465,30,1,0
BRDA:471,31,0,0
BRDA:471,31,1,0
BRDA:484,32,0,0
BRDA:484,32,1,0
BRDA:494,33,0,0
BRDA:494,33,1,0
BRDA:498,34,0,0
BRDA:498,34,1,0
BRDA:510,35,0,0
BRDA:510,35,1,0
BRDA:527,36,0,0
BRDA:527,36,1,0
BRF:83
BRH:0
end_of_record
TN:
SF:app/components/AuthLoadingScreen.js
FN:38,(anonymous_0)
FN:41,(anonymous_1)
FN:75,(anonymous_2)
FN:88,(anonymous_3)
FN:90,(anonymous_4)
FN:93,(anonymous_5)
FN:98,(anonymous_6)
FN:100,(anonymous_7)
FN:103,(anonymous_8)
FN:105,(anonymous_9)
FN:109,(anonymous_10)
FN:111,(anonymous_11)
FN:112,(anonymous_12)
FN:116,(anonymous_13)
FN:124,(anonymous_14)
FN:196,(anonymous_15)
FN:219,(anonymous_16)
FN:243,(anonymous_17)
FN:267,(anonymous_18)
FN:275,(anonymous_19)
FN:400,(anonymous_20)
FN:409,(anonymous_21)
FN:453,(anonymous_22)
FN:537,(anonymous_23)
FN:550,(anonymous_24)
FNF:25
FNH:0
FNDA:0,(anonymous_0)
FNDA:0,(anonymous_1)
FNDA:0,(anonymous_2)
FNDA:0,(anonymous_3)
FNDA:0,(anonymous_4)
FNDA:0,(anonymous_5)
FNDA:0,(anonymous_6)
FNDA:0,(anonymous_7)
FNDA:0,(anonymous_8)
FNDA:0,(anonymous_9)
FNDA:0,(anonymous_10)
FNDA:0,(anonymous_11)
FNDA:0,(anonymous_12)
FNDA:0,(anonymous_13)
FNDA:0,(anonymous_14)
FNDA:0,(anonymous_15)
FNDA:0,(anonymous_16)
FNDA:0,(anonymous_17)
FNDA:0,(anonymous_18)
FNDA:0,(anonymous_19)
FNDA:0,(anonymous_20)
FNDA:0,(anonymous_21)
FNDA:0,(anonymous_22)
FNDA:0,(anonymous_23)
FNDA:0,(anonymous_24)
DA:24,0
DA:38,0
DA:39,0
DA:41,0
DA:42,0
DA:43,0
DA:53,0
DA:54,0
DA:57,0
DA:75,0
DA:76,0
DA:77,0
DA:78,0
DA:79,0
DA:80,0
DA:81,0
DA:82,0
DA:83,0
DA:84,0
DA:88,0
DA:89,0
DA:90,0
DA:91,0
DA:93,0
DA:94,0
DA:98,0
DA:99,0
DA:100,0
DA:103,0
DA:105,0
DA:109,0
DA:110,0
DA:111,0
DA:112,0
DA:116,0
DA:117,0
DA:124,0
DA:125,0
DA:126,0
DA:127,0
DA:130,0
DA:131,0
DA:132,0
DA:135,0
DA:136,0
DA:137,0
DA:138,0
DA:140,0
DA:141,0
DA:142,0
DA:144,0
DA:145,0
DA:146,0
DA:150,0
DA:152,0
DA:155,0
DA:156,0
DA:158,0
DA:161,0
DA:163,0
DA:166,0
DA:167,0
DA:172,0
DA:177,0
DA:178,0
DA:179,0
DA:181,0
DA:189,0
DA:190,0
DA:192,0
DA:196,0
DA:202,0
DA:209,0
DA:210,0
DA:211,0
DA:219,0
DA:220,0
DA:221,0
DA:222,0
DA:223,0
DA:224,0
DA:225,0
DA:233,0
DA:234,0
DA:237,0
DA:238,0
DA:239,0
DA:243,0
DA:244,0
DA:245,0
DA:246,0
DA:247,0
DA:248,0
DA:249,0
DA:257,0
DA:258,0
DA:261,0
DA:262,0
DA:263,0
DA:267,0
DA:268,0
DA:276,0
DA:283,0
DA:290,0
DA:291,0
DA:343,0
DA:344,0
DA:400,0
DA:409,0
DA:440,0
DA:441,0
DA:443,0
DA:453,0
DA:537,0
DA:550,0
DA:566,0
DA:569,0
LF:117
LH:0
BRDA:38,0,0,0
BRDA:38,1,0,0
BRDA:38,2,0,0
BRDA:42,3,0,0
BRDA:42,3,1,0
BRDA:53,4,0,0
BRDA:53,4,1,0
BRDA:91,5,0,0
BRDA:91,5,1,0
BRDA:99,6,0,0
BRDA:99,6,1,0
BRDA:103,7,0,0
BRDA:103,7,1,0
BRDA:110,8,0,0
BRDA:110,8,1,0
BRDA:110,9,0,0
BRDA:110,9,1,0
BRDA:125,10,0,0
BRDA:125,10,1,0
BRDA:130,11,0,0
BRDA:130,11,1,0
BRDA:135,12,0,0
BRDA:135,12,1,0
BRDA:136,13,0,0
BRDA:136,13,1,0
BRDA:140,14,0,0
BRDA:140,14,1,0
BRDA:144,15,0,0
BRDA:144,15,1,0
BRDA:155,16,0,0
BRDA:155,16,1,0
BRDA:163,17,0,0
BRDA:163,17,1,0
BRDA:166,18,0,0
BRDA:166,18,1,0
BRDA:177,19,0,0
BRDA:177,19,1,0
BRDA:183,20,0,0
BRDA:183,20,1,0
BRDA:184,21,0,0
BRDA:184,21,1,0
BRDA:184,22,0,0
BRDA:184,22,1,0
BRDA:185,23,0,0
BRDA:185,23,1,0
BRDA:190,24,0,0
BRDA:190,24,1,0
BRDA:204,25,0,0
BRDA:204,25,1,0
BRDA:204,26,0,0
BRDA:204,26,1,0
BRDA:224,27,0,0
BRDA:224,27,1,0
BRDA:227,28,0,0
BRDA:227,28,1,0
BRDA:228,29,0,0
BRDA:228,29,1,0
BRDA:229,30,0,0
BRDA:229,30,1,0
BRDA:233,31,0,0
BRDA:233,31,1,0
BRDA:233,32,0,0
BRDA:233,32,1,0
BRDA:248,33,0,0
BRDA:248,33,1,0
BRDA:251,34,0,0
BRDA:251,34,1,0
BRDA:252,35,0,0
BRDA:252,35,1,0
BRDA:253,36,0,0
BRDA:253,36,1,0
BRDA:257,37,0,0
BRDA:257,37,1,0
BRDA:290,38,0,0
BRDA:290,38,1,0
BRDA:320,39,0,0
BRDA:320,39,1,0
BRDA:343,40,0,0
BRDA:343,40,1,0
BRDA:373,41,0,0
BRDA:373,41,1,0
BRDA:429,42,0,0
BRDA:429,42,1,0
BRDA:440,43,0,0
BRDA:440,43,1,0
BRDA:440,44,0,0
BRDA:440,44,1,0
BRDA:446,45,0,0
BRDA:446,45,1,0
BRDA:460,46,0,0
BRDA:460,46,1,0
BRDA:463,47,0,0
BRDA:463,47,1,0
BRDA:471,48,0,0
BRDA:471,48,1,0
BRDA:517,49,0,0
BRDA:517,49,1,0
BRDA:536,50,0,0
BRDA:536,50,1,0
BRDA:541,51,0,0
BRDA:541,51,1,0
BRDA:542,52,0,0
BRDA:542,52,1,0
BRDA:543,53,0,0
BRDA:543,53,1,0
BRDA:550,54,0,0
BRDA:550,54,1,0
BRDA:554,55,0,0
BRDA:554,55,1,0
BRF:109
BRH:0
end_of_record
TN:
SF:app/components/BookmarksScreen.js
FN:32,BookmarksScreen
FN:48,(anonymous_1)
FN:65,(anonymous_2)
FN:74,(anonymous_3)
FN:83,(anonymous_4)
FN:89,(anonymous_5)
FN:101,(anonymous_6)
FN:104,(anonymous_7)
FN:137,(anonymous_8)
FN:148,(anonymous_9)
FN:159,(anonymous_10)
FN:162,(anonymous_11)
FN:199,(anonymous_12)
FN:207,(anonymous_13)
FN:218,(anonymous_14)
FN:224,(anonymous_15)
FN:272,(anonymous_16)
FN:282,(anonymous_17)
FN:290,(anonymous_18)
FN:298,(anonymous_19)
FN:311,(anonymous_20)
FN:319,(anonymous_21)
FN:336,(anonymous_22)
FNF:23
FNH:0
FNDA:0,BookmarksScreen
FNDA:0,(anonymous_1)
FNDA:0,(anonymous_2)
FNDA:0,(anonymous_3)
FNDA:0,(anonymous_4)
FNDA:0,(anonymous_5)
FNDA:0,(anonymous_6)
FNDA:0,(anonymous_7)
FNDA:0,(anonymous_8)
FNDA:0,(anonymous_9)
FNDA:0,(anonymous_10)
FNDA:0,(anonymous_11)
FNDA:0,(anonymous_12)
FNDA:0,(anonymous_13)
FNDA:0,(anonymous_14)
FNDA:0,(anonymous_15)
FNDA:0,(anonymous_16)
FNDA:0,(anonymous_17)
FNDA:0,(anonymous_18)
FNDA:0,(anonymous_19)
FNDA:0,(anonymous_20)
FNDA:0,(anonymous_21)
FNDA:0,(anonymous_22)
DA:18,0
DA:41,0
DA:43,0
DA:44,0
DA:45,0
DA:48,0
DA:49,0
DA:51,0
DA:52,0
DA:53,0
DA:54,0
DA:55,0
DA:56,0
DA:60,0
DA:61,0
DA:65,0
DA:66,0
DA:67,0
DA:69,0
DA:74,0
DA:75,0
DA:83,0
DA:89,0
DA:90,0
DA:91,0
DA:92,0
DA:93,0
DA:95,0
DA:96,0
DA:97,0
DA:98,0
DA:101,0
DA:102,0
DA:104,0
DA:138,0
DA:149,0
DA:150,0
DA:159,0
DA:160,0
DA:162,0
DA:200,0
DA:208,0
DA:209,0
DA:218,0
DA:219,0
DA:224,0
DA:225,0
DA:238,0
DA:272,0
DA:282,0
DA:290,0
DA:298,0
DA:311,0
DA:319,0
DA:336,0
DA:349,0
LF:56
LH:0
BRDA:51,0,0,0
BRDA:51,0,1,0
BRDA:53,1,0,0
BRDA:53,1,1,0
BRDA:55,2,0,0
BRDA:55,2,1,0
BRDA:60,3,0,0
BRDA:60,3,1,0
BRDA:66,4,0,0
BRDA:66,4,1,0
BRDA:95,5,0,0
BRDA:95,5,1,0
BRDA:96,6,0,0
BRDA:96,6,1,0
BRDA:97,7,0,0
BRDA:97,7,1,0
BRDA:120,8,0,0
BRDA:120,8,1,0
BRDA:124,9,0,0
BRDA:124,9,1,0
BRDA:127,10,0,0
BRDA:127,10,1,0
BRDA:128,11,0,0
BRDA:128,11,1,0
BRDA:129,12,0,0
BRDA:129,12,1,0
BRDA:135,13,0,0
BRDA:135,13,1,0
BRDA:135,13,2,0
BRDA:140,14,0,0
BRDA:140,14,1,0
BRDA:188,15,0,0
BRDA:188,15,1,0
BRDA:188,15,2,0
BRDA:192,16,0,0
BRDA:192,16,1,0
BRDA:197,17,0,0
BRDA:197,17,1,0
BRDA:197,17,2,0
BRDA:219,18,0,0
BRDA:219,18,1,0
BRDA:229,19,0,0
BRDA:229,19,1,0
BRDA:231,20,0,0
BRDA:231,20,1,0
BRDA:256,21,0,0
BRDA:256,21,1,0
BRDA:271,22,0,0
BRDA:271,22,1,0
BRDA:281,23,0,0
BRDA:281,23,1,0
BRDA:284,24,0,0
BRDA:284,24,1,0
BRDA:289,25,0,0
BRDA:289,25,1,0
BRDA:292,26,0,0
BRDA:292,26,1,0
BRDA:297,27,0,0
BRDA:297,27,1,0
BRDA:300,28,0,0
BRDA:300,28,1,0
BRDA:310,29,0,0
BRDA:310,29,1,0
BRDA:313,30,0,0
BRDA:313,30,1,0
BRDA:318,31,0,0
BRDA:318,31,1,0
BRDA:321,32,0,0
BRDA:321,32,1,0
BRDA:328,33,0,0
BRDA:328,33,1,0
BRDA:339,34,0,0
BRDA:339,34,1,0
BRF:73
BRH:0
end_of_record
TN:
SF:app/components/BrandedLoading.js
FN:10,BrandedLoading
FN:13,(anonymous_1)
FN:14,(anonymous_2)
FN:15,(anonymous_3)
FN:17,(anonymous_4)
FNF:5
FNH:0
FNDA:0,BrandedLoading
FNDA:0,(anonymous_1)
FNDA:0,(anonymous_2)
FNDA:0,(anonymous_3)
FNDA:0,(anonymous_4)
DA:11,0
DA:13,0
DA:14,0
DA:15,0
DA:17,0
DA:20,0
LF:6
LH:0
BRDA:10,0,0,0
BRDA:15,1,0,0
BRDA:15,1,1,0
BRF:3
BRH:0
end_of_record
TN:
SF:app/components/BreakingNewsIndicator.js
FN:9,(anonymous_0)
FN:13,(anonymous_1)
FN:31,(anonymous_2)
FNF:3
FNH:0
FNDA:0,(anonymous_0)
FNDA:0,(anonymous_1)
FNDA:0,(anonymous_2)
DA:9,0
DA:11,0
DA:13,0
DA:15,0
DA:29,0
DA:31,0
DA:34,0
DA:48,0
LF:8
LH:0
BRF:0
BRH:0
end_of_record
TN:
SF:app/components/ChatComponent.backup.js
FN:5,(anonymous_0)
FN:10,(anonymous_1)
FN:14,(anonymous_2)
FN:26,(anonymous_3)
FN:37,(anonymous_4)
FNF:5
FNH:0
FNDA:0,(anonymous_0)
FNDA:0,(anonymous_1)
FNDA:0,(anonymous_2)
FNDA:0,(anonymous_3)
FNDA:0,(anonymous_4)
DA:5,0
DA:6,0
DA:7,0
DA:8,0
DA:10,0
DA:11,0
DA:13,0
DA:14,0
DA:15,0
DA:16,0
DA:18,0
DA:19,0
DA:24,0
DA:25,0
DA:26,0
DA:28,0
DA:30,0
DA:34,0
DA:38,0
DA:59,0
LF:20
LH:0
BRDA:11,0,0,0
BRDA:11,0,1,0
BRDA:11,1,0,0
BRDA:11,1,1,0
BRDA:38,2,0,0
BRDA:38,2,1,0
BRDA:52,3,0,0
BRDA:52,3,1,0
BRF:8
BRH:0
end_of_record
TN:
SF:app/components/CustomStarIcon.tsx
FN:10,(anonymous_0)
FN:27,(anonymous_1)
FNF:2
FNH:0
FNDA:0,(anonymous_0)
FNDA:0,(anonymous_1)
DA:10,0
DA:15,0
DA:27,0
DA:32,0
LF:4
LH:0
BRDA:11,0,0,0
BRDA:12,1,0,0
BRDA:28,2,0,0
BRDA:29,3,0,0
BRF:4
BRH:0
end_of_record
TN:
SF:app/components/DeleteAccountModal.tsx
FN:41,DeleteAccountModal
FN:48,(anonymous_1)
FN:64,(anonymous_2)
FNF:3
FNH:0
FNDA:0,DeleteAccountModal
FNDA:0,(anonymous_1)
FNDA:0,(anonymous_2)
DA:14,0
DA:16,0
DA:42,0
DA:43,0
DA:44,0
DA:46,0
DA:48,0
DA:49,0
DA:50,0
DA:52,0
DA:53,0
DA:55,0
DA:56,0
DA:57,0
DA:60,0
DA:61,0
DA:64,0
DA:65,0
DA:66,0
DA:67,0
DA:68,0
DA:71,0
DA:135,0
LF:23
LH:0
BRDA:46,0,0,0
BRDA:46,0,1,0
BRDA:55,1,0,0
BRDA:55,1,1,0
BRDA:65,2,0,0
BRDA:65,2,1,0
BRDA:107,3,0,0
BRDA:107,3,1,0
BRDA:118,4,0,0
BRDA:118,4,1,0
BRDA:122,5,0,0
BRDA:122,5,1,0
BRF:12
BRH:0
end_of_record
TN:
SF:app/components/DesktopLayout.tsx
FN:17,(anonymous_0)
FN:26,(anonymous_1)
FN:27,(anonymous_2)
FN:32,(anonymous_3)
FN:42,(anonymous_4)
FN:50,(anonymous_5)
FN:73,(anonymous_6)
FN:97,(anonymous_7)
FN:132,(anonymous_8)
FNF:9
FNH:0
FNDA:0,(anonymous_0)
FNDA:0,(anonymous_1)
FNDA:0,(anonymous_2)
FNDA:0,(anonymous_3)
FNDA:0,(anonymous_4)
FNDA:0,(anonymous_5)
FNDA:0,(anonymous_6)
FNDA:0,(anonymous_7)
FNDA:0,(anonymous_8)
DA:17,0
DA:22,0
DA:23,0
DA:24,0
DA:26,0
DA:27,0
DA:28,0
DA:31,0
DA:32,0
DA:35,0
DA:37,0
DA:39,0
DA:42,0
DA:43,0
DA:44,0
DA:47,0
DA:50,0
DA:52,0
DA:67,0
DA:73,0
DA:99,0
DA:132,0
DA:140,0
LF:23
LH:0
BRDA:37,0,0,0
BRDA:37,0,1,0
BRDA:86,1,0,0
BRDA:86,1,1,0
BRDA:114,2,0,0
BRDA:114,2,1,0
BRF:6
BRH:0
end_of_record
TN:
SF:app/components/DesktopUserProfile.tsx
FN:26,(anonymous_0)
FN:37,(anonymous_1)
FN:48,(anonymous_2)
FN:53,(anonymous_3)
FN:63,(anonymous_4)
FN:81,(anonymous_5)
FN:88,(anonymous_6)
FN:150,(anonymous_7)
FN:205,(anonymous_8)
FN:266,(anonymous_9)
FN:270,(anonymous_10)
FNF:11
FNH:0
FNDA:0,(anonymous_0)
FNDA:0,(anonymous_1)
FNDA:0,(anonymous_2)
FNDA:0,(anonymous_3)
FNDA:0,(anonymous_4)
FNDA:0,(anonymous_5)
FNDA:0,(anonymous_6)
FNDA:0,(anonymous_7)
FNDA:0,(anonymous_8)
FNDA:0,(anonymous_9)
FNDA:0,(anonymous_10)
DA:26,0
DA:33,0
DA:34,0
DA:35,0
DA:37,0
DA:38,0
DA:45,0
DA:48,0
DA:49,0
DA:50,0
DA:53,0
DA:54,0
DA:55,0
DA:56,0
DA:57,0
DA:59,0
DA:63,0
DA:64,0
DA:81,0
DA:88,0
DA:150,0
DA:151,0
DA:205,0
DA:206,0
DA:245,0
DA:247,0
DA:267,0
DA:270,0
DA:291,0
LF:29
LH:0
BRDA:39,0,0,0
BRDA:39,0,1,0
BRDA:40,1,0,0
BRDA:40,1,1,0
BRDA:41,2,0,0
BRDA:41,2,1,0
BRDA:42,3,0,0
BRDA:42,3,1,0
BRDA:43,4,0,0
BRDA:43,4,1,0
BRDA:67,5,0,0
BRDA:67,5,1,0
BRDA:76,6,0,0
BRDA:76,6,1,0
BRDA:95,7,0,0
BRDA:95,7,1,0
BRDA:96,8,0,0
BRDA:96,8,1,0
BRDA:97,9,0,0
BRDA:97,9,1,0
BRDA:103,10,0,0
BRDA:103,10,1,0
BRDA:106,11,0,0
BRDA:106,11,1,0
BRDA:116,12,0,0
BRDA:116,12,1,0
BRDA:120,13,0,0
BRDA:120,13,1,0
BRDA:124,14,0,0
BRDA:124,14,1,0
BRDA:245,15,0,0
BRDA:245,15,1,0
BRDA:245,16,0,0
BRDA:245,16,1,0
BRDA:269,17,0,0
BRDA:269,17,1,0
BRDA:272,18,0,0
BRDA:272,18,1,0
BRDA:281,19,0,0
BRDA:281,19,1,0
BRDA:282,20,0,0
BRDA:282,20,1,0
BRDA:283,21,0,0
BRDA:283,21,1,0
BRF:44
BRH:0
end_of_record
TN:
SF:app/components/DevMenuTrigger.js
FN:5,DevMenuTrigger
FN:6,(anonymous_1)
FN:16,(anonymous_2)
FNF:3
FNH:0
FNDA:0,DevMenuTrigger
FNDA:0,(anonymous_1)
FNDA:0,(anonymous_2)
DA:6,0
DA:7,0
DA:9,0
DA:16,0
DA:17,0
DA:19,0
DA:20,0
DA:24,0
DA:28,0
DA:30,0
DA:42,0
LF:11
LH:0
BRDA:7,0,0,0
BRDA:7,0,1,0
BRDA:17,1,0,0
BRDA:17,1,1,0
BRDA:19,2,0,0
BRDA:19,2,1,0
BRDA:24,3,0,0
BRDA:24,3,1,0
BRDA:28,4,0,0
BRDA:28,4,1,0
BRF:10
BRH:0
end_of_record
TN:
SF:app/components/DevTestScreen.js
FN:30,(anonymous_0)
FN:35,(anonymous_1)
FN:55,(anonymous_2)
FN:71,(anonymous_3)
FN:75,(anonymous_4)
FN:79,(anonymous_5)
FN:80,(anonymous_6)
FN:81,(anonymous_7)
FN:174,(anonymous_8)
FNF:9
FNH:0
FNDA:0,(anonymous_0)
FNDA:0,(anonymous_1)
FNDA:0,(anonymous_2)
FNDA:0,(anonymous_3)
FNDA:0,(anonymous_4)
FNDA:0,(anonymous_5)
FNDA:0,(anonymous_6)
FNDA:0,(anonymous_7)
FNDA:0,(anonymous_8)
DA:16,0
DA:30,0
DA:31,0
DA:32,0
DA:33,0
DA:35,0
DA:36,0
DA:37,0
DA:38,0
DA:40,0
DA:42,0
DA:45,0
DA:46,0
DA:48,0
DA:49,0
DA:51,0
DA:55,0
DA:56,0
DA:57,0
DA:59,0
DA:60,0
DA:61,0
DA:62,0
DA:64,0
DA:65,0
DA:67,0
DA:71,0
DA:72,0
DA:75,0
DA:76,0
DA:79,0
DA:80,0
DA:81,0
DA:82,0
DA:83,0
DA:85,0
DA:88,0
DA:90,0
DA:175,0
DA:202,0
LF:40
LH:0
BRDA:72,0,0,0
BRDA:72,0,1,0
BRDA:76,1,0,0
BRDA:76,1,1,0
BRDA:83,2,0,0
BRDA:83,2,1,0
BRDA:114,3,0,0
BRDA:114,3,1,0
BRDA:142,4,0,0
BRDA:142,4,1,0
BRDA:144,5,0,0
BRDA:144,5,1,0
BRDA:190,6,0,0
BRDA:190,6,1,0
BRF:14
BRH:0
end_of_record
TN:
SF:app/components/EditAlertsModal.js
FN:38,(anonymous_0)
FN:47,(anonymous_1)
FN:52,(anonymous_2)
FN:79,(anonymous_3)
FN:108,(anonymous_4)
FN:111,(anonymous_5)
FN:126,(anonymous_6)
FN:131,(anonymous_7)
FN:134,(anonymous_8)
FN:151,(anonymous_9)
FN:151,(anonymous_10)
FN:152,(anonymous_11)
FN:155,(anonymous_12)
FN:157,(anonymous_13)
FN:197,(anonymous_14)
FN:201,(anonymous_15)
FN:215,(anonymous_16)
FN:219,(anonymous_17)
FN:232,EditAlertsModal
FN:250,(anonymous_19)
FN:257,(anonymous_20)
FN:259,(anonymous_21)
FN:261,(anonymous_22)
FN:263,(anonymous_23)
FN:266,(anonymous_24)
FN:280,(anonymous_25)
FN:281,(anonymous_26)
FN:284,(anonymous_27)
FN:291,(anonymous_28)
FN:293,(anonymous_29)
FN:298,(anonymous_30)
FN:299,(anonymous_31)
FN:299,(anonymous_32)
FN:302,(anonymous_33)
FN:309,(anonymous_34)
FN:314,(anonymous_35)
FN:322,(anonymous_36)
FN:330,(anonymous_37)
FN:361,(anonymous_38)
FN:370,(anonymous_39)
FN:380,(anonymous_40)
FN:390,(anonymous_41)
FN:397,(anonymous_42)
FN:398,(anonymous_43)
FNF:44
FNH:0
FNDA:0,(anonymous_0)
FNDA:0,(anonymous_1)
FNDA:0,(anonymous_2)
FNDA:0,(anonymous_3)
FNDA:0,(anonymous_4)
FNDA:0,(anonymous_5)
FNDA:0,(anonymous_6)
FNDA:0,(anonymous_7)
FNDA:0,(anonymous_8)
FNDA:0,(anonymous_9)
FNDA:0,(anonymous_10)
FNDA:0,(anonymous_11)
FNDA:0,(anonymous_12)
FNDA:0,(anonymous_13)
FNDA:0,(anonymous_14)
FNDA:0,(anonymous_15)
FNDA:0,(anonymous_16)
FNDA:0,(anonymous_17)
FNDA:0,EditAlertsModal
FNDA:0,(anonymous_19)
FNDA:0,(anonymous_20)
FNDA:0,(anonymous_21)
FNDA:0,(anonymous_22)
FNDA:0,(anonymous_23)
FNDA:0,(anonymous_24)
FNDA:0,(anonymous_25)
FNDA:0,(anonymous_26)
FNDA:0,(anonymous_27)
FNDA:0,(anonymous_28)
FNDA:0,(anonymous_29)
FNDA:0,(anonymous_30)
FNDA:0,(anonymous_31)
FNDA:0,(anonymous_32)
FNDA:0,(anonymous_33)
FNDA:0,(anonymous_34)
FNDA:0,(anonymous_35)
FNDA:0,(anonymous_36)
FNDA:0,(anonymous_37)
FNDA:0,(anonymous_38)
FNDA:0,(anonymous_39)
FNDA:0,(anonymous_40)
FNDA:0,(anonymous_41)
FNDA:0,(anonymous_42)
FNDA:0,(anonymous_43)
DA:8,0
DA:11,0
DA:16,0
DA:21,0
DA:28,0
DA:38,0
DA:39,0
DA:48,0
DA:49,0
DA:52,0
DA:79,0
DA:80,0
DA:109,0
DA:111,0
DA:127,0
DA:128,0
DA:132,0
DA:133,0
DA:134,0
DA:136,0
DA:151,0
DA:153,0
DA:156,0
DA:157,0
DA:158,0
DA:198,0
DA:201,0
DA:216,0
DA:219,0
DA:233,0
DA:234,0
DA:243,0
DA:244,0
DA:245,0
DA:247,0
DA:250,0
DA:251,0
DA:252,0
DA:257,0
DA:258,0
DA:259,0
DA:261,0
DA:262,0
DA:263,0
DA:266,0
DA:267,0
DA:268,0
DA:280,0
DA:281,0
DA:282,0
DA:283,0
DA:284,0
DA:286,0
DA:291,0
DA:292,0
DA:293,0
DA:294,0
DA:298,0
DA:299,0
DA:302,0
DA:303,0
DA:304,0
DA:305,0
DA:306,0
DA:308,0
DA:309,0
DA:311,0
DA:314,0
DA:315,0
DA:316,0
DA:318,0
DA:322,0
DA:323,0
DA:324,0
DA:326,0
DA:330,0
DA:331,0
DA:332,0
DA:333,0
DA:345,0
DA:347,0
DA:348,0
DA:349,0
DA:351,0
DA:354,0
DA:355,0
DA:357,0
DA:361,0
DA:362,0
DA:364,0
DA:370,0
DA:374,0
DA:380,0
DA:384,0
DA:390,0
DA:394,0
DA:398,0
DA:410,0
DA:415,0
DA:468,0
DA:469,0
DA:477,0
DA:478,0
DA:481,0
LF:104
LH:0
BRDA:28,0,0,0
BRDA:28,0,1,0
BRDA:55,1,0,0
BRDA:55,1,1,0
BRDA:60,2,0,0
BRDA:60,2,1,0
BRDA:64,3,0,0
BRDA:64,3,1,0
BRDA:72,4,0,0
BRDA:72,4,1,0
BRDA:100,5,0,0
BRDA:100,5,1,0
BRDA:116,6,0,0
BRDA:116,6,1,0
BRDA:133,7,0,0
BRDA:133,7,1,0
BRDA:138,8,0,0
BRDA:138,8,1,0
BRDA:140,9,0,0
BRDA:140,9,1,0
BRDA:143,10,0,0
BRDA:143,10,1,0
BRDA:184,11,0,0
BRDA:184,11,1,0
BRDA:200,12,0,0
BRDA:200,12,1,0
BRDA:203,13,0,0
BRDA:203,13,1,0
BRDA:218,14,0,0
BRDA:218,14,1,0
BRDA:221,15,0,0
BRDA:221,15,1,0
BRDA:232,16,0,0
BRDA:251,17,0,0
BRDA:251,17,1,0
BRDA:257,18,0,0
BRDA:257,19,0,0
BRDA:258,20,0,0
BRDA:258,20,1,0
BRDA:262,21,0,0
BRDA:262,21,1,0
BRDA:267,22,0,0
BRDA:267,22,1,0
BRDA:272,23,0,0
BRDA:272,23,1,0
BRDA:273,24,0,0
BRDA:273,24,1,0
BRDA:273,24,2,0
BRDA:274,25,0,0
BRDA:274,25,1,0
BRDA:274,25,2,0
BRDA:275,26,0,0
BRDA:275,26,1,0
BRDA:275,26,2,0
BRDA:282,27,0,0
BRDA:282,27,1,0
BRDA:283,28,0,0
BRDA:283,28,1,0
BRDA:292,29,0,0
BRDA:292,29,1,0
BRDA:292,30,0,0
BRDA:292,30,1,0
BRDA:303,31,0,0
BRDA:303,31,1,0
BRDA:305,32,0,0
BRDA:305,32,1,0
BRDA:308,33,0,0
BRDA:308,33,1,0
BRDA:315,34,0,0
BRDA:315,34,1,0
BRDA:323,35,0,0
BRDA:323,35,1,0
BRDA:342,36,0,0
BRDA:342,36,1,0
BRDA:347,37,0,0
BRDA:347,37,1,0
BRDA:348,38,0,0
BRDA:348,38,1,0
BRDA:351,39,0,0
BRDA:351,39,1,0
BRDA:362,40,0,0
BRDA:362,40,1,0
BRDA:362,40,2,0
BRDA:362,40,3,0
BRDA:362,40,4,0
BRDA:448,41,0,0
BRDA:448,41,1,0
BRDA:453,42,0,0
BRDA:453,42,1,0
BRDA:455,43,0,0
BRDA:455,43,1,0
BRDA:468,44,0,0
BRDA:468,44,1,0
BRDA:477,45,0,0
BRDA:477,45,1,0
BRF:95
BRH:0
end_of_record
TN:
SF:app/components/EditProfileModal.js
FN:7,EditProfileModal
FN:22,(anonymous_1)
FN:28,(anonymous_2)
FN:43,(anonymous_3)
FN:44,(anonymous_4)
FN:47,(anonymous_5)
FN:48,(anonymous_6)
FN:51,(anonymous_7)
FN:58,(anonymous_8)
FN:66,(anonymous_9)
FN:74,(anonymous_10)
FN:116,(anonymous_11)
FN:124,(anonymous_12)
FN:133,(anonymous_13)
FN:139,(anonymous_14)
FN:146,(anonymous_15)
FNF:16
FNH:0
FNDA:0,EditProfileModal
FNDA:0,(anonymous_1)
FNDA:0,(anonymous_2)
FNDA:0,(anonymous_3)
FNDA:0,(anonymous_4)
FNDA:0,(anonymous_5)
FNDA:0,(anonymous_6)
FNDA:0,(anonymous_7)
FNDA:0,(anonymous_8)
FNDA:0,(anonymous_9)
FNDA:0,(anonymous_10)
FNDA:0,(anonymous_11)
FNDA:0,(anonymous_12)
FNDA:0,(anonymous_13)
FNDA:0,(anonymous_14)
FNDA:0,(anonymous_15)
DA:8,0
DA:9,0
DA:19,0
DA:22,0
DA:23,0
DA:24,0
DA:28,0
DA:29,0
DA:30,0
DA:43,0
DA:44,0
DA:47,0
DA:48,0
DA:49,0
DA:50,0
DA:51,0
DA:53,0
DA:58,0
DA:59,0
DA:60,0
DA:62,0
DA:66,0
DA:67,0
DA:68,0
DA:70,0
DA:74,0
DA:75,0
DA:76,0
DA:77,0
DA:80,0
DA:81,0
DA:82,0
DA:83,0
DA:85,0
DA:89,0
DA:100,0
DA:102,0
DA:103,0
DA:104,0
DA:106,0
DA:109,0
DA:110,0
DA:112,0
DA:116,0
DA:117,0
DA:125,0
DA:126,0
DA:133,0
DA:134,0
DA:136,0
DA:139,0
DA:143,0
DA:146,0
DA:151,0
DA:158,0
DA:165,0
DA:169,0
DA:232,0
LF:58
LH:0
BRDA:7,0,0,0
BRDA:23,1,0,0
BRDA:23,1,1,0
BRDA:29,2,0,0
BRDA:29,2,1,0
BRDA:31,3,0,0
BRDA:31,3,1,0
BRDA:32,4,0,0
BRDA:32,4,1,0
BRDA:32,4,2,0
BRDA:33,5,0,0
BRDA:33,5,1,0
BRDA:34,6,0,0
BRDA:34,6,1,0
BRDA:35,7,0,0
BRDA:35,7,1,0
BRDA:36,8,0,0
BRDA:36,8,1,0
BRDA:36,8,2,0
BRDA:37,9,0,0
BRDA:37,9,1,0
BRDA:38,10,0,0
BRDA:38,10,1,0
BRDA:49,11,0,0
BRDA:49,11,1,0
BRDA:50,12,0,0
BRDA:50,12,1,0
BRDA:59,13,0,0
BRDA:59,13,1,0
BRDA:67,14,0,0
BRDA:67,14,1,0
BRDA:80,15,0,0
BRDA:80,15,1,0
BRDA:80,16,0,0
BRDA:80,16,1,0
BRDA:80,16,2,0
BRDA:82,17,0,0
BRDA:82,17,1,0
BRDA:102,18,0,0
BRDA:102,18,1,0
BRDA:103,19,0,0
BRDA:103,19,1,0
BRDA:104,20,0,0
BRDA:104,20,1,0
BRDA:106,21,0,0
BRDA:106,21,1,0
BRDA:125,22,0,0
BRDA:125,22,1,0
BRDA:134,23,0,0
BRDA:134,23,1,0
BRDA:134,23,2,0
BRDA:134,23,3,0
BRDA:134,23,4,0
BRDA:153,24,0,0
BRDA:153,24,1,0
BRDA:178,25,0,0
BRDA:178,25,1,0
BRDA:179,26,0,0
BRDA:179,26,1,0
BRDA:210,27,0,0
BRDA:210,27,1,0
BRDA:215,28,0,0
BRDA:215,28,1,0
BRDA:215,29,0,0
BRDA:215,29,1,0
BRDA:217,30,0,0
BRDA:217,30,1,0
BRF:67
BRH:0
end_of_record
TN:
SF:app/components/EnhancedNewsExample.js
FN:19,(anonymous_0)
FN:25,(anonymous_1)
FN:40,(anonymous_2)
FN:41,(anonymous_3)
FN:59,(anonymous_4)
FN:63,(anonymous_5)
FN:104,(anonymous_6)
FN:163,(anonymous_7)
FNF:8
FNH:0
FNDA:0,(anonymous_0)
FNDA:0,(anonymous_1)
FNDA:0,(anonymous_2)
FNDA:0,(anonymous_3)
FNDA:0,(anonymous_4)
FNDA:0,(anonymous_5)
FNDA:0,(anonymous_6)
FNDA:0,(anonymous_7)
DA:19,0
DA:20,0
DA:21,0
DA:22,0
DA:23,0
DA:25,0
DA:26,0
DA:27,0
DA:29,0
DA:37,0
DA:40,0
DA:41,0
DA:42,0
DA:43,0
DA:46,0
DA:53,0
DA:55,0
DA:59,0
DA:60,0
DA:63,0
DA:64,0
DA:70,0
DA:105,0
DA:115,0
DA:163,0
DA:177,0
LF:26
LH:0
BRDA:42,0,0,0
BRDA:42,0,1,0
BRDA:64,1,0,0
BRDA:64,1,1,0
BRDA:72,2,0,0
BRDA:72,2,1,0
BRDA:95,3,0,0
BRDA:95,3,1,0
BRDA:102,4,0,0
BRDA:102,4,1,0
BRDA:102,4,2,0
BRDA:126,5,0,0
BRDA:126,5,1,0
BRDA:131,6,0,0
BRDA:131,6,1,0
BRDA:136,7,0,0
BRDA:136,7,1,0
BRDA:142,8,0,0
BRDA:142,8,1,0
BRDA:145,9,0,0
BRDA:145,9,1,0
BRDA:150,10,0,0
BRDA:150,10,1,0
BRDA:154,11,0,0
BRDA:154,11,1,0
BRDA:163,12,0,0
BRDA:163,12,1,0
BRF:27
BRH:0
end_of_record
TN:
SF:app/components/ErrorBoundary.js
FN:6,(anonymous_0)
FN:11,(anonymous_1)
FN:16,(anonymous_2)
FN:31,(anonymous_3)
FN:35,(anonymous_4)
FNF:5
FNH:0
FNDA:0,(anonymous_0)
FNDA:0,(anonymous_1)
FNDA:0,(anonymous_2)
FNDA:0,(anonymous_3)
FNDA:0,(anonymous_4)
DA:7,0
DA:8,0
DA:13,0
DA:18,0
DA:20,0
DA:26,0
DA:31,0
DA:32,0
DA:36,0
DA:37,0
DA:65,0
DA:69,0
LF:12
LH:0
BRDA:26,0,0,0
BRDA:26,0,1,0
BRDA:36,1,0,0
BRDA:36,1,1,0
BRDA:46,2,0,0
BRDA:46,2,1,0
BRDA:46,2,2,0
BRDA:50,3,0,0
BRDA:50,3,1,0
BRF:9
BRH:0
end_of_record
TN:
SF:app/components/FastRefreshTest.js
FN:4,FastRefreshTest
FNF:1
FNH:0
FNDA:0,FastRefreshTest
DA:5,0
DA:17,0
LF:2
LH:0
BRF:0
BRH:0
end_of_record
TN:
SF:app/components/FeaturedAIAnalysis.tsx
FN:20,(anonymous_0)
FN:21,(anonymous_1)
FN:27,(anonymous_2)
FN:42,(anonymous_3)
FN:63,(anonymous_4)
FN:67,(anonymous_5)
FN:88,(anonymous_6)
FN:116,(anonymous_7)
FN:126,(anonymous_8)
FN:130,(anonymous_9)
FNF:10
FNH:0
FNDA:0,(anonymous_0)
FNDA:0,(anonymous_1)
FNDA:0,(anonymous_2)
FNDA:0,(anonymous_3)
FNDA:0,(anonymous_4)
FNDA:0,(anonymous_5)
FNDA:0,(anonymous_6)
FNDA:0,(anonymous_7)
FNDA:0,(anonymous_8)
FNDA:0,(anonymous_9)
DA:20,0
DA:21,0
DA:22,0
DA:23,0
DA:24,0
DA:27,0
DA:28,0
DA:29,0
DA:30,0
DA:33,0
DA:42,0
DA:46,0
DA:48,0
DA:49,0
DA:64,0
DA:67,0
DA:79,0
DA:88,0
DA:117,0
DA:127,0
DA:130,0
DA:161,0
LF:22
LH:0
BRDA:22,0,0,0
BRDA:22,0,1,0
BRDA:23,1,0,0
BRDA:23,1,1,0
BRDA:28,2,0,0
BRDA:28,2,1,0
BRDA:29,3,0,0
BRDA:29,3,1,0
BRDA:48,4,0,0
BRDA:48,4,1,0
BRDA:92,5,0,0
BRDA:92,5,1,0
BRDA:99,6,0,0
BRDA:99,6,1,0
BRF:14
BRH:0
end_of_record
TN:
SF:app/components/HollowCircularIcon.js
FN:7,(anonymous_0)
FNF:1
FNH:0
FNDA:0,(anonymous_0)
DA:7,0
DA:14,0
DA:15,0
DA:17,0
DA:37,0
LF:5
LH:0
BRDA:9,0,0,0
BRDA:10,1,0,0
BRDA:11,2,0,0
BRDA:12,3,0,0
BRF:4
BRH:0
end_of_record
TN:
SF:app/components/IntegraIcon.js
FN:4,(anonymous_0)
FN:7,(anonymous_1)
FN:26,(anonymous_2)
FNF:3
FNH:0
FNDA:0,(anonymous_0)
FNDA:0,(anonymous_1)
FNDA:0,(anonymous_2)
DA:4,0
DA:5,0
DA:7,0
DA:8,0
DA:9,0
DA:22,0
DA:26,0
DA:27,0
DA:29,0
DA:31,0
DA:33,0
DA:36,0
DA:40,0
DA:41,0
DA:42,0
DA:43,0
DA:45,0
DA:132,0
LF:18
LH:0
BRDA:4,0,0,0
BRDA:4,1,0,0
BRDA:4,2,0,0
BRDA:8,3,0,0
BRDA:8,3,1,0
BRDA:27,4,0,0
BRDA:27,4,1,0
BRDA:27,4,2,0
BRDA:27,4,3,0
BRDA:27,4,4,0
BRF:10
BRH:0
end_of_record
TN:
SF:app/components/IntegraLoadingPage.js
FN:24,(anonymous_0)
FN:27,(anonymous_1)
FN:61,(anonymous_2)
FN:65,(anonymous_3)
FN:66,(anonymous_4)
FN:69,(anonymous_5)
FN:72,(anonymous_6)
FN:75,(anonymous_7)
FN:78,(anonymous_8)
FN:79,(anonymous_9)
FN:83,(anonymous_10)
FNF:11
FNH:0
FNDA:0,(anonymous_0)
FNDA:0,(anonymous_1)
FNDA:0,(anonymous_2)
FNDA:0,(anonymous_3)
FNDA:0,(anonymous_4)
FNDA:0,(anonymous_5)
FNDA:0,(anonymous_6)
FNDA:0,(anonymous_7)
FNDA:0,(anonymous_8)
FNDA:0,(anonymous_9)
FNDA:0,(anonymous_10)
DA:12,0
DA:15,0
DA:24,0
DA:25,0
DA:27,0
DA:28,0
DA:29,0
DA:39,0
DA:40,0
DA:43,0
DA:61,0
DA:62,0
DA:63,0
DA:65,0
DA:66,0
DA:69,0
DA:72,0
DA:75,0
DA:76,0
DA:78,0
DA:79,0
DA:83,0
DA:84,0
DA:91,0
DA:139,0
LF:25
LH:0
BRDA:24,0,0,0
BRDA:24,1,0,0
BRDA:24,2,0,0
BRDA:28,3,0,0
BRDA:28,3,1,0
BRDA:39,4,0,0
BRDA:39,4,1,0
BRDA:69,5,0,0
BRDA:69,5,1,0
BRDA:76,6,0,0
BRDA:76,6,1,0
BRF:11
BRH:0
end_of_record
TN:
SF:app/components/KalshiIcon.js
FN:10,(anonymous_0)
FNF:1
FNH:0
FNDA:0,(anonymous_0)
DA:8,0
DA:10,0
DA:11,0
DA:29,0
LF:4
LH:0
BRDA:10,0,0,0
BRDA:10,1,0,0
BRDA:10,2,0,0
BRDA:18,3,0,0
BRDA:18,3,1,0
BRF:5
BRH:0
end_of_record
TN:
SF:app/components/NewsCard.tsx
FN:47,NewsCard
FN:59,(anonymous_1)
FN:69,(anonymous_2)
FN:78,(anonymous_3)
FN:82,(anonymous_4)
FN:109,(anonymous_5)
FN:145,(anonymous_6)
FN:167,(anonymous_7)
FN:195,(anonymous_8)
FN:213,(anonymous_9)
FN:229,(anonymous_10)
FN:246,(anonymous_11)
FN:269,(anonymous_12)
FN:321,(anonymous_13)
FN:327,(anonymous_14)
FN:388,(anonymous_15)
FN:390,(anonymous_16)
FN:396,(anonymous_17)
FN:402,(anonymous_18)
FNF:19
FNH:0
FNDA:0,NewsCard
FNDA:0,(anonymous_1)
FNDA:0,(anonymous_2)
FNDA:0,(anonymous_3)
FNDA:0,(anonymous_4)
FNDA:0,(anonymous_5)
FNDA:0,(anonymous_6)
FNDA:0,(anonymous_7)
FNDA:0,(anonymous_8)
FNDA:0,(anonymous_9)
FNDA:0,(anonymous_10)
FNDA:0,(anonymous_11)
FNDA:0,(anonymous_12)
FNDA:0,(anonymous_13)
FNDA:0,(anonymous_14)
[...]
DA:12,0
DA:19,0
DA:20,0
DA:27,0
DA:29,0
DA:30,0
DA:31,0
DA:32,0
DA:33,0
DA:36,0
DA:38,0
DA:50,0
DA:51,0
DA:52,0
DA:53,0
DA:54,0
DA:57,0
DA:63,0
DA:64,0
DA:65,0
DA:68,0
DA:69,0
DA:71,0
DA:72,0
DA:80,0
DA:81,0
DA:82,0
DA:83,0
DA:84,0
DA:87,0
DA:97,0
DA:98,0
DA:99,0
DA:102,0
DA:103,0
DA:105,0
DA:106,0
DA:114,0
DA:115,0
DA:116,0
DA:117,0
DA:121,0
DA:122,0
DA:126,0
DA:127,0
DA:128,0
DA:131,0
DA:134,0
DA:138,0
DA:139,0
DA:140,0
DA:142,0
DA:144,0
DA:151,0
DA:152,0
DA:153,0
DA:157,0
DA:162,0
DA:164,0
DA:165,0
DA:167,0
DA:168,0
DA:180,0
DA:181,0
DA:182,0
DA:184,0
DA:185,0
DA:188,0
DA:194,0
DA:195,0
DA:196,0
DA:199,0
DA:200,0
DA:202,0
DA:203,0
DA:211,0
DA:212,0
DA:215,0
DA:217,0
DA:218,0
DA:219,0
DA:222,0
DA:244,0
DA:245,0
DA:246,0
DA:249,0
DA:250,0
DA:252,0
DA:253,0
DA:265,0
DA:266,0
DA:267,0
DA:269,0
DA:270,0
DA:271,0
DA:274,0
DA:286,0
DA:287,0
DA:288,0
DA:291,0
DA:292,0
DA:294,0
DA:295,0
DA:303,0
DA:305,0
DA:308,0
DA:309,0
DA:310,0
DA:313,0
DA:314,0
DA:315,0
DA:316,0
DA:327,0
DA:337,0
DA:338,0
DA:346,0
DA:347,0
DA:348,0
DA:350,0
DA:351,0
DA:354,0
DA:361,0
DA:362,0
DA:363,0
DA:366,0
DA:368,0
DA:369,0
DA:381,0
DA:382,0
DA:383,0
DA:385,0
DA:386,0
DA:387,0
DA:388,0
DA:389,0
DA:392,0
DA:407,0
DA:408,0
DA:409,0
DA:412,0
DA:413,0
DA:415,0
DA:416,0
DA:424,0
DA:425,0
DA:426,0
DA:427,0
DA:428,0
DA:431,0
DA:438,0
DA:439,0
DA:440,0
DA:443,0
DA:445,0
DA:446,0
DA:454,0
DA:455,0
DA:456,0
DA:457,0
DA:458,0
DA:459,0
DA:460,0
DA:461,0
DA:464,0
DA:470,0
DA:471,0
DA:472,0
DA:475,0
DA:477,0
DA:478,0
DA:490,0
DA:491,0
DA:492,0
DA:494,0
DA:495,0
DA:498,0
DA:511,0
DA:512,0
DA:513,0
DA:516,0
DA:517,0
DA:519,0
DA:520,0
DA:528,0
DA:529,0
DA:530,0
DA:531,0
DA:532,0
DA:534,0
DA:535,0
DA:536,0
DA:538,0
DA:539,0
DA:545,0
LF:195
LH:0
BRDA:27,0,0,0
BRDA:27,0,1,0
BRDA:31,1,0,0
BRDA:31,1,1,0
BRDA:49,2,0,0
BRDA:51,3,0,0
BRDA:51,3,1,0
BRDA:52,4,0,0
BRDA:52,4,1,0
BRDA:63,5,0,0
BRDA:63,5,1,0
BRDA:82,6,0,0
BRDA:82,6,1,0
BRDA:97,7,0,0
BRDA:97,7,1,0
BRDA:116,8,0,0
BRDA:116,8,1,0
BRDA:126,9,0,0
BRDA:126,9,1,0
BRDA:126,10,0,0
BRDA:126,10,1,0
BRDA:151,11,0,0
BRDA:151,11,1,0
BRDA:182,12,0,0
BRDA:182,12,1,0
BRDA:185,13,0,0
BRDA:185,13,1,0
BRDA:194,14,0,0
BRDA:194,14,1,0
BRDA:194,15,0,0
BRDA:194,15,1,0
BRDA:217,16,0,0
BRDA:217,16,1,0
BRDA:226,17,0,0
BRDA:226,17,1,0
BRDA:227,18,0,0
BRDA:227,18,1,0
BRDA:228,19,0,0
BRDA:228,19,1,0
BRDA:229,20,0,0
BRDA:229,20,1,0
BRDA:230,21,0,0
BRDA:230,21,1,0
BRDA:231,22,0,0
BRDA:231,22,1,0
BRDA:232,23,0,0
BRDA:232,23,1,0
BRDA:234,24,0,0
BRDA:234,24,1,0
BRDA:244,25,0,0
BRDA:244,25,1,0
BRDA:267,26,0,0
BRDA:267,26,1,0
BRDA:286,27,0,0
BRDA:286,27,1,0
BRDA:308,28,0,0
BRDA:308,28,1,0
BRDA:313,29,0,0
BRDA:313,29,1,0
BRDA:313,30,0,0
BRDA:313,30,1,0
BRDA:315,31,0,0
BRDA:315,31,1,0
BRDA:317,32,0,0
BRDA:317,32,1,0
BRDA:318,33,0,0
BRDA:318,33,1,0
BRDA:319,34,0,0
BRDA:319,34,1,0
BRDA:321,35,0,0
BRDA:321,35,1,0
BRDA:322,36,0,0
BRDA:322,36,1,0
BRDA:323,37,0,0
BRDA:323,37,1,0
BRDA:348,38,0,0
BRDA:348,38,1,0
BRDA:361,39,0,0
BRDA:361,39,1,0
BRDA:361,40,0,0
BRDA:361,40,1,0
BRDA:366,41,0,0
BRDA:366,41,1,0
BRDA:383,42,0,0
BRDA:383,42,1,0
BRDA:386,43,0,0
BRDA:386,43,1,0
BRDA:407,44,0,0
BRDA:407,44,1,0
BRDA:426,45,0,0
BRDA:426,45,1,0
BRDA:428,46,0,0
BRDA:428,46,1,0
BRDA:438,47,0,0
BRDA:438,47,1,0
BRDA:443,48,0,0
BRDA:443,48,1,0
BRDA:456,49,0,0
BRDA:456,49,1,0
BRDA:458,50,0,0
BRDA:458,50,1,0
BRDA:470,51,0,0
BRDA:470,51,1,0
BRDA:492,52,0,0
BRDA:492,52,1,0
BRDA:511,53,0,0
BRDA:511,53,1,0
BRDA:530,54,0,0
BRDA:530,54,1,0
BRF:109
BRH:0
end_of_record
TN:
SF:app/services/useSentimentAnalysis.js
FN:11,(anonymous_0)
FN:16,(anonymous_1)
FN:78,(anonymous_2)
FN:87,(anonymous_3)
FNF:4
FNH:0
FNDA:0,(anonymous_0)
FNDA:0,(anonymous_1)
FNDA:0,(anonymous_2)
FNDA:0,(anonymous_3)
DA:8,0
DA:9,0
DA:11,0
DA:12,0
DA:13,0
DA:14,0
DA:16,0
DA:21,0
DA:23,0
DA:24,0
DA:26,0
DA:27,0
DA:31,0
DA:42,0
DA:50,0
DA:51,0
DA:54,0
DA:55,0
DA:56,0
DA:59,0
DA:60,0
DA:63,0
DA:74,0
DA:78,0
DA:79,0
DA:80,0
DA:81,0
DA:83,0
DA:87,0
DA:88,0
DA:89,0
DA:90,0
DA:91,0
DA:93,0
DA:95,0
DA:99,0
LF:36
LH:0
BRDA:8,0,0,0
BRDA:8,0,1,0
BRDA:16,1,0,0
BRDA:18,2,0,0
BRDA:19,3,0,0
BRDA:20,4,0,0
BRDA:27,5,0,0
BRDA:27,5,1,0
BRDA:31,6,0,0
BRDA:31,6,1,0
BRDA:50,7,0,0
BRDA:50,7,1,0
BRDA:90,8,0,0
BRDA:90,8,1,0
BRF:14
BRH:0
end_of_record
TN:
SF:app/services/userService.ts
FN:21,(anonymous_0)
FN:61,(anonymous_1)
FN:106,(anonymous_2)
FN:119,(anonymous_3)
FN:132,(anonymous_4)
FN:142,(anonymous_5)
FNF:6
FNH:0
FNDA:0,(anonymous_0)
FNDA:0,(anonymous_1)
FNDA:0,(anonymous_2)
FNDA:0,(anonymous_3)
FNDA:0,(anonymous_4)
FNDA:0,(anonymous_5)
DA:18,0
DA:19,0
DA:22,0
DA:24,0
DA:25,0
DA:26,0
DA:27,0
DA:31,0
DA:37,0
DA:38,0
DA:39,0
DA:43,0
DA:56,0
DA:57,0
DA:62,0
DA:63,0
DA:64,0
DA:65,0
DA:70,0
DA:80,0
DA:81,0
DA:82,0
DA:85,0
DA:93,0
DA:94,0
DA:98,0
DA:99,0
DA:101,0
DA:102,0
DA:107,0
DA:108,0
DA:109,0
DA:110,0
DA:112,0
DA:114,0
DA:115,0
DA:120,0
DA:121,0
DA:122,0
DA:123,0
DA:128,0
DA:133,0
DA:134,0
DA:135,0
DA:137,0
DA:138,0
DA:143,0
DA:144,0
DA:145,0
DA:147,0
DA:148,0
DA:153,0
LF:52
LH:0
BRDA:25,0,0,0
BRDA:25,0,1,0
BRDA:25,1,0,0
BRDA:25,1,1,0
BRDA:37,2,0,0
BRDA:37,2,1,0
BRDA:46,3,0,0
BRDA:46,3,1,0
BRDA:47,4,0,0
BRDA:47,4,1,0
BRDA:64,5,0,0
BRDA:64,5,1,0
BRDA:64,6,0,0
BRDA:64,6,1,0
BRDA:82,7,0,0
BRDA:82,7,1,0
BRDA:82,8,0,0
BRDA:82,8,1,0
BRDA:93,9,0,0
BRDA:93,9,1,0
BRDA:109,10,0,0
BRDA:109,10,1,0
BRDA:135,11,0,0
BRDA:135,11,1,0
BRF:24
BRH:0
end_of_record
TN:
SF:app/services/webAuthHandler.ts
FN:19,(anonymous_0)
FN:29,(anonymous_1)
FN:86,(anonymous_2)
FN:109,(anonymous_3)
FN:147,(anonymous_4)
FN:176,(anonymous_5)
FN:188,(anonymous_6)
FN:205,(anonymous_7)
FN:224,(anonymous_8)
FN:252,(anonymous_9)
FN:259,(anonymous_10)
FNF:11
FNH:0
FNDA:0,(anonymous_0)
FNDA:0,(anonymous_1)
FNDA:0,(anonymous_2)
FNDA:0,(anonymous_3)
FNDA:0,(anonymous_4)
FNDA:0,(anonymous_5)
FNDA:0,(anonymous_6)
FNDA:0,(anonymous_7)
FNDA:0,(anonymous_8)
FNDA:0,(anonymous_9)
FNDA:0,(anonymous_10)
DA:20,0
DA:21,0
DA:23,0
DA:30,0
DA:32,0
DA:33,0
DA:34,0
DA:36,0
DA:39,0
DA:40,0
DA:41,0
DA:43,0
DA:44,0
DA:46,0
DA:47,0
DA:51,0
DA:52,0
DA:53,0
DA:57,0
DA:58,0
DA:61,0
DA:63,0
DA:70,0
DA:71,0
DA:72,0
DA:76,0
DA:78,0
DA:79,0
DA:87,0
DA:89,0
DA:90,0
DA:93,0
DA:94,0
DA:98,0
DA:99,0
DA:103,0
DA:113,0
DA:114,0
DA:117,0
DA:118,0
DA:120,0
DA:132,0
DA:133,0
DA:137,0
DA:139,0
DA:140,0
DA:148,0
DA:149,0
DA:152,0
DA:154,0
DA:156,0
DA:157,0
DA:160,0
DA:162,0
DA:163,0
DA:166,0
DA:168,0
DA:169,0
DA:177,0
DA:179,0
DA:180,0
DA:183,0
DA:188,0
DA:189,0
DA:193,0
DA:196,0
DA:198,0
DA:206,0
DA:207,0
DA:212,0
DA:214,0
DA:216,0
DA:217,0
DA:225,0
DA:226,0
DA:235,0
DA:237,0
DA:244,0
DA:245,0
DA:253,0
DA:260,0
DA:261,0
DA:262,0
DA:264,0
DA:265,0
DA:267,0
DA:268,0
DA:274,0
LF:88
LH:0
BRDA:20,0,0,0
BRDA:20,0,1,0
BRDA:30,1,0,0
BRDA:30,1,1,0
BRDA:33,2,0,0
BRDA:33,2,1,0
BRDA:40,3,0,0
BRDA:40,3,1,0
BRDA:43,4,0,0
BRDA:43,4,1,0
BRDA:46,5,0,0
BRDA:46,5,1,0
BRDA:51,6,0,0
BRDA:51,6,1,0
BRDA:52,7,0,0
BRDA:52,7,1,0
BRDA:53,8,0,0
BRDA:53,8,1,0
BRDA:57,9,0,0
BRDA:57,9,1,0
BRDA:61,10,0,0
BRDA:61,10,1,0
BRDA:70,11,0,0
BRDA:70,11,1,0
BRDA:71,12,0,0
BRDA:71,12,1,0
BRDA:72,13,0,0
BRDA:72,13,1,0
BRDA:87,14,0,0
BRDA:87,14,1,0
BRDA:90,15,0,0
BRDA:90,15,1,0
BRDA:93,16,0,0
BRDA:93,16,1,0
BRDA:98,17,0,0
BRDA:98,17,1,0
BRDA:109,18,0,0
BRDA:113,19,0,0
BRDA:113,19,1,0
BRDA:118,20,0,0
BRDA:118,20,1,0
BRDA:132,21,0,0
BRDA:132,21,1,0
BRDA:148,22,0,0
BRDA:148,22,1,0
BRDA:156,23,0,0
BRDA:156,23,1,0
BRDA:160,24,0,0
BRDA:160,24,1,0
BRDA:177,25,0,0
BRDA:177,25,1,0
BRDA:177,26,0,0
BRDA:177,26,1,0
BRDA:212,27,0,0
BRDA:212,27,1,0
BRDA:230,28,0,0
BRDA:230,28,1,0
BRDA:235,29,0,0
BRDA:235,29,1,0
BRDA:241,30,0,0
BRDA:241,30,1,0
BRDA:262,31,0,0
BRDA:262,31,1,0
BRF:63
BRH:0
end_of_record
TN:
SF:app/services/yahooFinanceService.js
FN:33,(anonymous_0)
FN:62,(anonymous_1)
FN:78,(anonymous_2)
FN:91,(anonymous_3)
FN:119,(anonymous_4)
FN:149,(anonymous_5)
FN:158,(anonymous_6)
FN:165,(anonymous_7)
FN:187,(anonymous_8)
FN:196,(anonymous_9)
FN:199,(anonymous_10)
FN:200,(anonymous_11)
FN:204,(anonymous_12)
FN:205,(anonymous_13)
FN:218,(anonymous_14)
FN:231,(anonymous_15)
FN:242,(anonymous_16)
FN:256,(anonymous_17)
FNF:18
FNH:0
FNDA:0,(anonymous_0)
FNDA:0,(anonymous_1)
FNDA:0,(anonymous_2)
FNDA:0,(anonymous_3)
FNDA:0,(anonymous_4)
FNDA:0,(anonymous_5)
FNDA:0,(anonymous_6)
FNDA:0,(anonymous_7)
FNDA:0,(anonymous_8)
FNDA:0,(anonymous_9)
FNDA:0,(anonymous_10)
FNDA:0,(anonymous_11)
FNDA:0,(anonymous_12)
FNDA:0,(anonymous_13)
FNDA:0,(anonymous_14)
FNDA:0,(anonymous_15)
FNDA:0,(anonymous_16)
FNDA:0,(anonymous_17)
DA:8,0
DA:9,0
DA:12,0
DA:17,0
DA:34,0
DA:35,0
DA:36,0
DA:40,0
DA:41,0
DA:44,0
DA:48,0
DA:49,0
DA:52,0
DA:54,0
DA:55,0
DA:63,0
DA:64,0
DA:65,0
DA:66,0
DA:70,0
DA:71,0
DA:73,0
DA:77,0
DA:78,0
DA:81,0
DA:83,0
DA:84,0
DA:92,0
DA:93,0
DA:94,0
DA:98,0
DA:99,0
DA:101,0
DA:105,0
DA:106,0
DA:109,0
DA:111,0
DA:112,0
DA:120,0
DA:126,0
DA:150,0
DA:151,0
DA:152,0
DA:154,0
DA:155,0
DA:158,0
DA:165,0
DA:167,0
DA:188,0
DA:189,0
DA:190,0
DA:192,0
DA:193,0
DA:196,0
DA:198,0
DA:199,0
DA:200,0
DA:203,0
DA:204,0
DA:205,0
DA:208,0
DA:210,0
DA:211,0
DA:219,0
DA:220,0
DA:221,0
DA:222,0
DA:225,0
DA:232,0
DA:243,0
DA:245,0
DA:257,0
DA:259,0
DA:260,0
LF:74
LH:0
BRDA:12,0,0,0
BRDA:12,0,1,0
BRDA:36,1,0,0
BRDA:36,1,1,0
BRDA:44,2,0,0
BRDA:44,2,1,0
BRDA:48,3,0,0
BRDA:48,3,1,0
BRDA:66,4,0,0
BRDA:66,4,1,0
BRDA:73,5,0,0
BRDA:73,5,1,0
BRDA:77,6,0,0
BRDA:77,6,1,0
BRDA:91,7,0,0
BRDA:91,8,0,0
BRDA:94,9,0,0
BRDA:94,9,1,0
BRDA:101,10,0,0
BRDA:101,10,1,0
BRDA:105,11,0,0
BRDA:105,11,1,0
BRDA:120,12,0,0
BRDA:120,12,1,0
BRDA:121,13,0,0
BRDA:121,13,1,0
BRDA:131,14,0,0
BRDA:131,14,1,0
BRDA:132,15,0,0
BRDA:132,15,1,0
BRDA:133,16,0,0
BRDA:133,16,1,0
BRDA:134,17,0,0
BRDA:134,17,1,0
BRDA:135,18,0,0
BRDA:135,18,1,0
BRDA:136,19,0,0
BRDA:136,19,1,0
BRDA:137,20,0,0
BRDA:137,20,1,0
BRDA:138,21,0,0
BRDA:138,21,1,0
BRDA:139,22,0,0
BRDA:139,22,1,0
BRDA:140,23,0,0
BRDA:140,23,1,0
BRDA:151,24,0,0
BRDA:151,24,1,0
BRDA:154,25,0,0
BRDA:154,25,1,0
BRDA:165,26,0,0
BRDA:165,26,1,0
BRDA:192,27,0,0
BRDA:192,27,1,0
BRDA:192,28,0,0
BRDA:192,28,1,0
BRDA:196,29,0,0
BRDA:196,29,1,0
BRDA:225,30,0,0
BRDA:225,30,1,0
BRDA:225,30,2,0
BRDA:225,30,3,0
BRDA:232,31,0,0
BRDA:232,31,1,0
BRDA:242,32,0,0
BRDA:243,33,0,0
BRDA:243,33,1,0
BRDA:243,34,0,0
BRDA:243,34,1,0
BRDA:257,35,0,0
BRDA:257,35,1,0
BRDA:257,36,0,0
BRDA:257,36,1,0
BRDA:259,37,0,0
BRDA:259,37,1,0
BRF:75
BRH:0
end_of_record
TN:
SF:app/test-supabase/page.tsx
FN:5,TestSupabasePage
FNF:1
FNH:0
FNDA:0,TestSupabasePage
DA:6,0
LF:1
LH:0
BRF:0
BRH:0
end_of_record
TN:
SF:app/tests/notificationTestSprite.js
FN:19,(anonymous_0)
FN:25,(anonymous_1)
FN:56,(anonymous_2)
FN:89,(anonymous_3)
FN:108,(anonymous_4)
FN:135,(anonymous_5)
FN:143,(anonymous_6)
FN:156,(anonymous_7)
FN:173,(anonymous_8)
FN:199,(anonymous_9)
FN:238,(anonymous_10)
FN:248,(anonymous_11)
FN:273,(anonymous_12)
FN:305,(anonymous_13)
FN:314,(anonymous_14)
FN:323,(anonymous_15)
FN:328,(anonymous_16)
FN:329,(anonymous_17)
FN:339,(anonymous_18)
FN:339,(anonymous_19)
FN:348,(anonymous_20)
FNF:21
FNH:0
FNDA:0,(anonymous_0)
FNDA:0,(anonymous_1)
FNDA:0,(anonymous_2)
FNDA:0,(anonymous_3)
FNDA:0,(anonymous_4)
FNDA:0,(anonymous_5)
FNDA:0,(anonymous_6)
FNDA:0,(anonymous_7)
FNDA:0,(anonymous_8)
FNDA:0,(anonymous_9)
FNDA:0,(anonymous_10)
FNDA:0,(anonymous_11)
FNDA:0,(anonymous_12)
FNDA:0,(anonymous_13)
FNDA:0,(anonymous_14)
FNDA:0,(anonymous_15)
FNDA:0,(anonymous_16)
FNDA:0,(anonymous_17)
FNDA:0,(anonymous_18)
FNDA:0,(anonymous_19)
FNDA:0,(anonymous_20)
DA:20,0
DA:21,0
DA:26,0
DA:27,0
DA:28,0
DA:31,0
DA:32,0
DA:33,0
DA:35,0
DA:37,0
DA:38,0
DA:39,0
DA:40,0
DA:41,0
DA:42,0
DA:43,0
DA:44,0
DA:47,0
DA:49,0
DA:51,0
DA:57,0
DA:58,0
DA:60,0
DA:62,0
DA:64,0
DA:65,0
DA:69,0
DA:78,0
DA:79,0
DA:81,0
DA:84,0
DA:90,0
DA:91,0
DA:93,0
DA:95,0
DA:97,0
DA:98,0
DA:100,0
DA:103,0
DA:109,0
DA:110,0
DA:112,0
DA:114,0
DA:115,0
DA:118,0
DA:121,0
DA:122,0
DA:124,0
DA:125,0
DA:127,0
DA:130,0
DA:136,0
DA:137,0
DA:139,0
DA:140,0
DA:143,0
DA:144,0
DA:145,0
DA:150,0
DA:153,0
DA:156,0
DA:159,0
DA:160,0
DA:162,0
DA:163,0
DA:165,0
DA:168,0
DA:174,0
DA:175,0
DA:177,0
DA:179,0
DA:180,0
DA:183,0
DA:186,0
DA:188,0
DA:189,0
DA:191,0
DA:194,0
DA:200,0
DA:201,0
DA:203,0
DA:205,0
DA:211,0
DA:214,0
DA:216,0
DA:217,0
DA:219,0
DA:223,0
DA:227,0
DA:229,0
DA:230,0
DA:233,0
DA:239,0
DA:240,0
DA:242,0
DA:244,0
DA:245,0
DA:248,0
DA:250,0
DA:251,0
DA:255,0
DA:257,0
DA:259,0
DA:262,0
DA:263,0
DA:265,0
DA:268,0
DA:274,0
DA:275,0
DA:277,0
DA:279,0
DA:286,0
DA:288,0
DA:289,0
DA:291,0
DA:292,0
DA:294,0
DA:297,0
DA:300,0
DA:306,0
DA:311,0
DA:315,0
DA:320,0
DA:324,0
DA:325,0
DA:326,0
DA:328,0
DA:329,0
DA:330,0
DA:332,0
DA:333,0
DA:334,0
DA:335,0
DA:337,0
DA:338,0
DA:339,0
DA:340,0
DA:344,0
DA:349,0
DA:350,0
DA:352,0
DA:355,0
DA:357,0
DA:359,0
DA:365,0
LF:145
LH:0
BRDA:26,0,0,0
BRDA:26,0,1,0
BRDA:64,1,0,0
BRDA:64,1,1,0
BRDA:78,2,0,0
BRDA:78,2,1,0
BRDA:97,3,0,0
BRDA:97,3,1,0
BRDA:97,4,0,0
BRDA:97,4,1,0
BRDA:124,5,0,0
BRDA:124,5,1,0
BRDA:144,6,0,0
BRDA:144,6,1,0
BRDA:162,7,0,0
BRDA:162,7,1,0
BRDA:188,8,0,0
BRDA:188,8,1,0
BRDA:216,9,0,0
BRDA:216,9,1,0
BRDA:216,10,0,0
BRDA:216,10,1,0
BRDA:229,11,0,0
BRDA:229,11,1,0
BRDA:250,12,0,0
BRDA:250,12,1,0
BRDA:257,13,0,0
BRDA:257,13,1,0
BRDA:286,14,0,0
BRDA:286,14,1,0
BRDA:291,15,0,0
BRDA:291,15,1,0
BRDA:291,16,0,0
BRDA:291,16,1,0
BRDA:337,17,0,0
BRDA:337,17,1,0
BRF:36
BRH:0
end_of_record
TN:
SF:app/tests/testNotification.js
FN:3,testNotification
FNF:1
FNH:0
FNDA:0,testNotification
DA:1,0
DA:4,0
DA:6,0
DA:7,0
DA:8,0
DA:9,0
DA:13,0
DA:19,0
DA:20,0
DA:21,0
DA:23,0
DA:26,0
DA:30,0
LF:13
LH:0
BRDA:7,0,0,0
BRDA:7,0,1,0
BRDA:19,1,0,0
BRDA:19,1,1,0
BRF:4
BRH:0
end_of_record
TN:
SF:app/utils/cleanSummary.js
FN:4,cleanSummaryText
FNF:1
FNH:0
FNDA:0,cleanSummaryText
DA:5,0
DA:6,0
DA:7,0
DA:8,0
DA:9,0
DA:10,0
DA:11,0
DA:12,0
LF:8
LH:0
BRDA:5,0,0,0
BRDA:5,0,1,0
BRDA:5,1,0,0
BRDA:5,1,1,0
BRDA:10,2,0,0
BRDA:10,2,1,0
BRDA:11,3,0,0
BRDA:11,3,1,0
BRF:8
BRH:0
end_of_record
TN:
SF:app/utils/markdownUtils.js
FN:10,(anonymous_0)
FN:37,(anonymous_1)
FN:50,(anonymous_2)
FN:67,(anonymous_3)
FN:75,(anonymous_4)
FN:98,(anonymous_5)
FN:132,(anonymous_6)
FN:157,(anonymous_7)
FNF:8
FNH:0
FNDA:0,(anonymous_0)
FNDA:0,(anonymous_1)
FNDA:0,(anonymous_2)
FNDA:0,(anonymous_3)
FNDA:0,(anonymous_4)
FNDA:0,(anonymous_5)
FNDA:0,(anonymous_6)
FNDA:0,(anonymous_7)
DA:10,0
DA:11,0
DA:13,0
DA:16,0
DA:19,0
DA:20,0
DA:21,0
DA:24,0
DA:25,0
DA:28,0
DA:31,0
DA:34,0
DA:37,0
DA:40,0
DA:42,0
DA:50,0
DA:51,0
DA:53,0
DA:67,0
DA:75,0
DA:76,0
DA:78,0
DA:79,0
DA:82,0
DA:83,0
DA:90,0
DA:98,0
DA:99,0
DA:101,0
DA:104,0
DA:105,0
DA:106,0
DA:107,0
DA:108,0
DA:115,0
DA:117,0
DA:118,0
DA:122,0
DA:124,0
DA:132,0
DA:133,0
DA:135,0
DA:138,0
DA:141,0
DA:144,0
DA:145,0
DA:146,0
DA:147,0
DA:149,0
DA:157,0
DA:158,0
DA:160,0
DA:163,0
DA:166,0
DA:169,0
DA:172,0
DA:173,0
DA:176,0
DA:179,0
DA:182,0
DA:185,0
DA:188,0
DA:191,0
DA:192,0
DA:194,0
LF:65
LH:0
BRDA:11,0,0,0
BRDA:11,0,1,0
BRDA:11,1,0,0
BRDA:11,1,1,0
BRDA:51,2,0,0
BRDA:51,2,1,0
BRDA:51,3,0,0
BRDA:51,3,1,0
BRDA:76,4,0,0
BRDA:76,4,1,0
BRDA:76,5,0,0
BRDA:76,5,1,0
BRDA:84,6,0,0
BRDA:84,6,1,0
BRDA:99,7,0,0
BRDA:99,7,1,0
BRDA:99,8,0,0
BRDA:99,8,1,0
BRDA:104,9,0,0
BRDA:104,9,1,0
BRDA:104,10,0,0
BRDA:104,10,1,0
BRDA:115,11,0,0
BRDA:115,11,1,0
BRDA:115,12,0,0
BRDA:115,12,1,0
BRDA:115,12,2,0
BRDA:115,12,3,0
BRDA:115,12,4,0
BRDA:133,13,0,0
BRDA:133,13,1,0
BRDA:133,14,0,0
BRDA:133,14,1,0
BRDA:158,15,0,0
BRDA:158,15,1,0
BRDA:158,16,0,0
BRDA:158,16,1,0
BRF:37
BRH:0
end_of_record
TN:
SF:app/utils/newsUtils.js
FN:8,(anonymous_0)
FN:26,(anonymous_1)
FN:48,(anonymous_2)
FN:49,(anonymous_3)
FN:67,(anonymous_4)
FNF:5
FNH:0
FNDA:0,(anonymous_0)
FNDA:0,(anonymous_1)
FNDA:0,(anonymous_2)
FNDA:0,(anonymous_3)
FNDA:0,(anonymous_4)
DA:8,0
DA:10,0
DA:21,0
DA:22,0
DA:23,0
DA:26,0
DA:27,0
DA:33,0
DA:37,0
DA:42,0
DA:48,0
DA:49,0
DA:51,0
DA:52,0
DA:54,0
DA:55,0
DA:58,0
DA:59,0
DA:60,0
DA:67,0
DA:68,0
DA:70,0
DA:71,0
DA:72,0
DA:74,0
DA:75,0
DA:77,0
DA:78,0
DA:80,0
DA:81,0
LF:30
LH:0
BRDA:21,0,0,0
BRDA:21,0,1,0
BRDA:22,1,0,0
BRDA:22,1,1,0
BRDA:23,2,0,0
BRDA:23,2,1,0
BRDA:27,3,0,0
BRDA:27,3,1,0
BRDA:27,3,2,0
BRDA:33,4,0,0
BRDA:33,4,1,0
BRDA:42,5,0,0
BRDA:42,5,1,0
BRDA:42,5,2,0
BRDA:54,6,0,0
BRDA:54,6,1,0
BRDA:54,7,0,0
BRDA:54,7,1,0
BRDA:55,8,0,0
BRDA:55,8,1,0
BRDA:55,9,0,0
BRDA:55,9,1,0
BRDA:58,10,0,0
BRDA:58,10,1,0
BRDA:59,11,0,0
BRDA:59,11,1,0
BRDA:68,12,0,0
BRDA:68,12,1,0
BRDA:74,13,0,0
BRDA:74,13,1,0
BRDA:75,14,0,0
BRDA:75,14,1,0
BRDA:78,15,0,0
BRDA:78,15,1,0
BRF:34
BRH:0
end_of_record
TN:
SF:app/utils/optionalFeatures.ts
FN:36,(anonymous_0)
FN:40,(anonymous_1)
FN:44,(anonymous_2)
FN:48,(anonymous_3)
FN:53,(anonymous_4)
FN:73,(anonymous_5)
FN:94,(anonymous_6)
FN:107,(anonymous_7)
FN:125,(anonymous_8)
FNF:9
FNH:0
FNDA:0,(anonymous_0)
FNDA:0,(anonymous_1)
FNDA:0,(anonymous_2)
FNDA:0,(anonymous_3)
FNDA:0,(anonymous_4)
FNDA:0,(anonymous_5)
FNDA:0,(anonymous_6)
FNDA:0,(anonymous_7)
FNDA:0,(anonymous_8)
DA:5,0
DA:6,0
DA:7,0
DA:8,0
DA:11,0
DA:12,0
DA:14,0
DA:17,0
DA:18,0
DA:20,0
DA:23,0
DA:24,0
DA:26,0
DA:29,0
DA:30,0
DA:32,0
DA:36,0
DA:37,0
DA:40,0
DA:41,0
DA:44,0
DA:45,0
DA:48,0
DA:49,0
DA:53,0
DA:54,0
DA:55,0
DA:58,0
DA:62,0
DA:63,0
DA:70,0
DA:73,0
DA:74,0
DA:75,0
DA:78,0
DA:84,0
DA:85,0
DA:91,0
DA:94,0
DA:95,0
DA:96,0
DA:97,0
DA:100,0
DA:107,0
DA:108,0
DA:109,0
DA:112,0
DA:113,0
DA:118,0
DA:122,0
DA:125,0
DA:126,0
DA:128,0
DA:129,0
DA:130,0
LF:55
LH:0
BRDA:37,0,0,0
BRDA:37,0,1,0
BRDA:45,1,0,0
BRDA:45,1,1,0
BRDA:49,2,0,0
BRDA:49,2,1,0
BRDA:54,3,0,0
BRDA:54,3,1,0
BRDA:62,4,0,0
BRDA:62,4,1,0
BRDA:74,5,0,0
BRDA:74,5,1,0
BRDA:84,6,0,0
BRDA:84,6,1,0
BRDA:84,7,0,0
BRDA:84,7,1,0
BRDA:95,8,0,0
BRDA:95,8,1,0
BRDA:108,9,0,0
BRDA:108,9,1,0
BRDA:126,10,0,0
BRDA:126,10,1,0
BRF:22
BRH:0
end_of_record
TN:
SF:app/utils/polymarketLinks.js
FN:8,(anonymous_0)
FN:18,(anonymous_1)
FN:25,(anonymous_2)
FN:39,(anonymous_3)
FN:79,(anonymous_4)
FNF:5
FNH:0
FNDA:0,(anonymous_0)
FNDA:0,(anonymous_1)
FNDA:0,(anonymous_2)
FNDA:0,(anonymous_3)
FNDA:0,(anonymous_4)
DA:1,0
DA:3,0
DA:8,0
DA:9,0
DA:11,0
DA:12,0
DA:14,0
DA:18,0
DA:19,0
DA:20,0
DA:22,0
DA:25,0
DA:26,0
DA:28,0
DA:34,0
DA:36,0
DA:39,0
DA:40,0
DA:50,0
DA:51,0
DA:52,0
DA:56,0
DA:66,0
DA:67,0
DA:68,0
DA:69,0
DA:70,0
DA:72,0
DA:73,0
DA:76,0
DA:79,0
DA:80,0
DA:82,0
DA:83,0
DA:93,0
DA:94,0
DA:95,0
DA:99,0
DA:100,0
DA:101,0
DA:104,0
DA:107,0
DA:108,0
LF:43
LH:0
BRDA:9,0,0,0
BRDA:9,0,1,0
BRDA:9,1,0,0
BRDA:9,1,1,0
BRDA:20,2,0,0
BRDA:20,2,1,0
BRDA:22,3,0,0
BRDA:22,3,1,0
BRDA:26,4,0,0
BRDA:26,4,1,0
BRDA:26,5,0,0
BRDA:26,5,1,0
BRDA:34,6,0,0
BRDA:34,6,1,0
BRDA:39,7,0,0
BRDA:51,8,0,0
BRDA:51,8,1,0
BRDA:51,9,0,0
BRDA:51,9,1,0
BRDA:51,9,2,0
BRDA:68,10,0,0
BRDA:68,10,1,0
BRDA:69,11,0,0
BRDA:69,11,1,0
BRDA:70,12,0,0
BRDA:70,12,1,0
BRDA:73,13,0,0
BRDA:73,13,1,0
BRDA:79,14,0,0
BRDA:82,15,0,0
BRDA:82,15,1,0
BRDA:94,16,0,0
BRDA:94,16,1,0
BRDA:100,17,0,0
BRDA:100,17,1,0
BRDA:107,18,0,0
BRDA:107,18,1,0
BRDA:107,18,2,0
BRDA:107,18,3,0
BRDA:108,19,0,0
BRDA:108,19,1,0
BRDA:108,20,0,0
BRDA:108,20,1,0
BRF:43
BRH:0
end_of_record
TN:
SF:app/utils/supabaseConfig.ts
FN:30,makeStubClient
FN:31,(anonymous_1)
FN:34,(anonymous_2)
FN:35,(anonymous_3)
FN:36,(anonymous_4)
FN:38,(anonymous_5)
FN:39,(anonymous_6)
FN:40,(anonymous_7)
FN:44,(anonymous_8)
FN:45,(anonymous_9)
FN:48,(anonymous_10)
FN:48,(anonymous_11)
FN:49,(anonymous_12)
FN:49,(anonymous_13)
FN:51,(anonymous_14)
FN:53,(anonymous_15)
FN:53,(anonymous_16)
FN:70,(anonymous_17)
FNF:18
FNH:0
FNDA:0,makeStubClient
FNDA:0,(anonymous_1)
FNDA:0,(anonymous_2)
FNDA:0,(anonymous_3)
FNDA:0,(anonymous_4)
FNDA:0,(anonymous_5)
FNDA:0,(anonymous_6)
FNDA:0,(anonymous_7)
FNDA:0,(anonymous_8)
FNDA:0,(anonymous_9)
FNDA:0,(anonymous_10)
FNDA:0,(anonymous_11)
FNDA:0,(anonymous_12)
FNDA:0,(anonymous_13)
FNDA:0,(anonymous_14)
FNDA:0,(anonymous_15)
FNDA:0,(anonymous_16)
FNDA:0,(anonymous_17)
DA:8,0
DA:9,0
DA:14,0
DA:15,0
DA:18,0
DA:19,0
DA:22,0
DA:23,0
DA:31,0
DA:34,0
DA:35,0
DA:37,0
DA:38,0
DA:39,0
DA:40,0
DA:42,0
DA:44,0
DA:45,0
DA:48,0
DA:51,0
DA:53,0
DA:58,0
DA:70,0
DA:71,0
DA:72,0
DA:74,0
LF:26
LH:0
BRDA:14,0,0,0
BRDA:14,0,1,0
BRDA:18,1,0,0
BRDA:18,1,1,0
BRDA:37,2,0,0
BRDA:37,2,1,0
BRDA:58,3,0,0
BRDA:58,3,1,0
BRDA:58,4,0,0
BRDA:58,4,1,0
BRDA:71,5,0,0
BRDA:71,5,1,0
BRF:12
BRH:0
end_of_record
